Log file open, 02/02/23 00:01:30
LogWindows: Failed to load 'aqProf.dll' (GetLastError=126)
LogWindows: File 'aqProf.dll' does not exist
LogWindows: Failed to load 'VtuneApi.dll' (GetLastError=126)
LogWindows: File 'VtuneApi.dll' does not exist
LogWindows: Failed to load 'VtuneApi32e.dll' (GetLastError=126)
LogWindows: File 'VtuneApi32e.dll' does not exist
LogConsoleResponse: Display: Failed to find resolution value strings in scalability ini. Falling back to default.
LogConsoleResponse: Display: Failed to find resolution value strings in scalability ini. Falling back to default.
LogInit: Display: Running engine for game: GGJ2023
LogPlatformFile: Not using cached read wrapper
LogTaskGraph: Started task graph with 5 named threads and 83 total threads with 3 sets of task threads.
LogStats: Stats thread started at 0.138376
LogICUInternationalization: ICU TimeZone Detection - Raw Offset: -5:00, Platform Override: ''
LogInit: Display: Loading text-based GConfig....
LogPluginManager: Mounting plugin MeshPainting
LogPluginManager: Mounting plugin XGEController
LogPluginManager: Mounting plugin Paper2D
LogPluginManager: Mounting plugin AISupport
LogPluginManager: Mounting plugin EnvironmentQueryEditor
LogPluginManager: Mounting plugin LiveLink
LogPluginManager: Mounting plugin LightPropagationVolume
LogPluginManager: Mounting plugin CameraShakePreviewer
LogPluginManager: Mounting plugin GameplayCameras
LogPluginManager: Mounting plugin OodleData
LogPluginManager: Mounting plugin OodleNetwork
LogPluginManager: Mounting plugin AnimationSharing
LogPluginManager: Mounting plugin CLionSourceCodeAccess
LogPluginManager: Mounting plugin CodeLiteSourceCodeAccess
LogPluginManager: Mounting plugin GitSourceControl
LogPluginManager: Mounting plugin KDevelopSourceCodeAccess
LogPluginManager: Mounting plugin NullSourceCodeAccess
LogPluginManager: Mounting plugin PerforceSourceControl
LogPluginManager: Mounting plugin PlasticSourceControl
LogPluginManager: Mounting plugin PluginUtils
LogPluginManager: Mounting plugin PropertyAccessNode
LogPluginManager: Mounting plugin RiderSourceCodeAccess
LogPluginManager: Mounting plugin SubversionSourceControl
LogPluginManager: Mounting plugin TextureFormatOodle
LogPluginManager: Mounting plugin UObjectPlugin
LogPluginManager: Mounting plugin VisualStudioCodeSourceCodeAccess
LogPluginManager: Mounting plugin VisualStudioSourceCodeAccess
LogPluginManager: Mounting plugin XCodeSourceCodeAccess
LogPluginManager: Mounting plugin DatasmithContent
LogPluginManager: Mounting plugin VariantManagerContent
LogPluginManager: Mounting plugin AlembicImporter
LogPluginManager: Mounting plugin AutomationUtils
LogPluginManager: Mounting plugin BackChannel
LogPluginManager: Mounting plugin ChaosCloth
LogPluginManager: Mounting plugin ChaosClothEditor
LogPluginManager: Mounting plugin ChaosEditor
LogPluginManager: Mounting plugin ChaosNiagara
LogPluginManager: Mounting plugin ChaosSolverPlugin
LogPluginManager: Mounting plugin CharacterAI
LogPluginManager: Mounting plugin GeometryCache
LogPluginManager: Mounting plugin AssetManagerEditor
LogPluginManager: Mounting plugin GeometryCollectionPlugin
LogPluginManager: Mounting plugin GeometryProcessing
LogPluginManager: Mounting plugin MotoSynth
LogPluginManager: Mounting plugin OpenImageDenoise
LogPluginManager: Mounting plugin CryptoKeys
LogPluginManager: Mounting plugin PlanarCut
LogPluginManager: Mounting plugin Niagara
LogPluginManager: Mounting plugin PlatformCrypto
LogPluginManager: Mounting plugin ProxyLODPlugin
LogPluginManager: Mounting plugin CurveEditorTools
LogPluginManager: Mounting plugin PythonScriptPlugin
LogPluginManager: Mounting plugin DataValidation
LogPluginManager: Mounting plugin GameplayTagsEditor
LogPluginManager: Mounting plugin GeometryMode
LogPluginManager: Mounting plugin MacGraphicsSwitching
LogPluginManager: Mounting plugin PixWinPlugin
LogPluginManager: Mounting plugin MaterialAnalyzer
LogPluginManager: Mounting plugin MobileLauncherProfileWizard
LogPluginManager: Mounting plugin PluginBrowser
LogPluginManager: Mounting plugin FacialAnimation
LogPluginManager: Mounting plugin SpeedTreeImporter
LogPluginManager: Mounting plugin SkeletalReduction
LogPluginManager: Mounting plugin LuminPlatformFeatures
LogPluginManager: Mounting plugin MagicLeap
LogPluginManager: Mounting plugin MagicLeapLightEstimation
LogPluginManager: Mounting plugin MagicLeapMedia
LogPluginManager: Mounting plugin MagicLeapPassableWorld
LogPluginManager: Mounting plugin MLSDK
LogPluginManager: Mounting plugin AndroidMedia
LogPluginManager: Mounting plugin AvfMedia
LogPluginManager: Mounting plugin ImgMedia
LogPluginManager: Mounting plugin MediaCompositing
LogPluginManager: Mounting plugin MediaPlayerEditor
LogPluginManager: Mounting plugin WmfMedia
LogPluginManager: Mounting plugin WebMMedia
LogPluginManager: Mounting plugin ActorSequence
LogPluginManager: Mounting plugin LevelSequenceEditor
LogPluginManager: Mounting plugin MatineeToLevelSequence
LogPluginManager: Mounting plugin TemplateSequence
LogPluginManager: Mounting plugin OnlineSubsystemNull
LogPluginManager: Mounting plugin TcpMessaging
LogPluginManager: Mounting plugin UdpMessaging
LogPluginManager: Mounting plugin OnlineSubsystem
LogPluginManager: Mounting plugin OnlineSubsystemUtils
LogPluginManager: Mounting plugin LauncherChunkInstaller
LogPluginManager: Mounting plugin ActorLayerUtilities
LogPluginManager: Mounting plugin AndroidDeviceProfileSelector
LogPluginManager: Mounting plugin AndroidMoviePlayer
LogPluginManager: Mounting plugin AndroidPermission
LogPluginManager: Mounting plugin AppleImageUtils
LogPluginManager: Mounting plugin AppleMoviePlayer
LogPluginManager: Mounting plugin ArchVisCharacter
LogPluginManager: Mounting plugin AssetTags
LogPluginManager: Mounting plugin AudioCapture
LogPluginManager: Mounting plugin AudioSynesthesia
LogPluginManager: Mounting plugin CableComponent
LogPluginManager: Mounting plugin ChunkDownloader
LogPluginManager: Mounting plugin CustomMeshComponent
LogPluginManager: Mounting plugin EditableMesh
LogPluginManager: Mounting plugin ExampleDeviceProfileSelector
LogPluginManager: Mounting plugin GoogleCloudMessaging
LogPluginManager: Mounting plugin GooglePAD
LogPluginManager: Mounting plugin IOSDeviceProfileSelector
LogPluginManager: Mounting plugin LinuxDeviceProfileSelector
LogPluginManager: Mounting plugin LocationServicesBPLibrary
LogPluginManager: Mounting plugin MobilePatchingUtils
LogPluginManager: Mounting plugin OpenXR
LogPluginManager: Mounting plugin OpenXREyeTracker
LogPluginManager: Mounting plugin OpenXRHandTracking
LogPluginManager: Mounting plugin PostSplashScreen
LogPluginManager: Mounting plugin PhysXVehicles
LogPluginManager: Mounting plugin PropertyAccessEditor
LogPluginManager: Mounting plugin ProceduralMeshComponent
LogPluginManager: Mounting plugin RuntimePhysXCooking
LogPluginManager: Mounting plugin SoundFields
LogPluginManager: Mounting plugin SignificanceManager
LogPluginManager: Mounting plugin WebMMoviePlayer
LogPluginManager: Mounting plugin WindowsMoviePlayer
LogPluginManager: Mounting plugin Synthesis
LogPluginManager: Mounting plugin ScreenshotTools
LogPluginManager: Mounting plugin Takes
LogPluginManager: Mounting plugin ContentBrowserAssetDataSource
LogPluginManager: Mounting plugin ContentBrowserClassDataSource
LogPluginManager: Mounting plugin ContentBrowserFileDataSource
LogPluginManager: Mounting plugin OnlineSubsystemIOS
LogPluginManager: Mounting plugin OnlineSubsystemGooglePlay
LogPluginManager: Mounting plugin OculusVR
LogPluginManager: Mounting plugin SteamVR
PixWinPlugin: PIX capture plugin failed to initialize! Check that the process is launched from PIX.
LogInit: Using libcurl 7.55.1-DEV
LogInit:  - built for x86_64-pc-win32
LogInit:  - supports SSL with OpenSSL/1.1.1
LogInit:  - supports HTTP deflate (compression) using libz 1.2.8
LogInit:  - other features:
LogInit:      CURL_VERSION_SSL
LogInit:      CURL_VERSION_LIBZ
LogInit:      CURL_VERSION_IPV6
LogInit:      CURL_VERSION_ASYNCHDNS
LogInit:      CURL_VERSION_LARGEFILE
LogInit:      CURL_VERSION_IDN
LogInit:  CurlRequestOptions (configurable via config and command line):
LogInit:  - bVerifyPeer = true  - Libcurl will verify peer certificate
LogInit:  - bUseHttpProxy = false  - Libcurl will NOT use HTTP proxy
LogInit:  - bDontReuseConnections = false  - Libcurl will reuse connections
LogInit:  - MaxHostConnections = 16  - Libcurl will limit the number of connections to a host
LogInit:  - LocalHostAddr = Default
LogInit:  - BufferSize = 65536
LogOnline: OSS: Creating online subsystem instance for: NULL
LogInit: WinSock: version 1.1 (2.2), MaxSocks=32767, MaxUdp=65467
LogOnline: OSS: TryLoadSubsystemAndSetDefault: Loaded subsystem for module [NULL]
LogOculusPluginWrapper: OculusPlugin initialized successfully
LogHMD: Failed initializing OVRPlugin 1.59.0
LogInit: Build: ++UE4+Release-4.27-CL-18319896
LogInit: Engine Version: 4.27.2-18319896+++UE4+Release-4.27
LogInit: Compatible Engine Version: 4.27.0-17155196+++UE4+Release-4.27
LogInit: Net CL: 17155196
LogInit: OS: Windows 10 (Release 2009) (), CPU: 13th Gen Intel(R) Core(TM) i9-13900K, GPU: NVIDIA GeForce RTX 3080
LogInit: Compiled (64-bit): Nov 30 2021 07:12:08
LogInit: Compiled with Visual C++: 19.24.28315.00
LogInit: Build Configuration: Development
LogInit: Branch Name: ++UE4+Release-4.27
LogInit: Command Line:  /Game/Maps/Main -game -PIEVIACONSOLE -Multiprocess GameUserSettingsINI=B:/GGJ2023/GGJ2023/Saved/Config/Windows/PIEGameUserSettings0.ini -MultiprocessSaveConfig -forcepassthrough -messaging -SessionName="Play in Standalone Game" -windowed -WinX=1080 -WinY=384 SAVEWINPOS=1 -ResX=1280 -ResY=720
LogInit: Base Directory: B:/UE_4.27/Engine/Binaries/Win64/
LogInit: Allocator: TBB
LogInit: Installed Engine Build: 1
LogDevObjectVersion: Number of dev versions registered: 29
LogDevObjectVersion:   Dev-Blueprints (B0D832E4-1F89-4F0D-ACCF-7EB736FD4AA2): 10
LogDevObjectVersion:   Dev-Build (E1C64328-A22C-4D53-A36C-8E866417BD8C): 0
LogDevObjectVersion:   Dev-Core (375EC13C-06E4-48FB-B500-84F0262A717E): 4
LogDevObjectVersion:   Dev-Editor (E4B068ED-F494-42E9-A231-DA0B2E46BB41): 40
LogDevObjectVersion:   Dev-Framework (CFFC743F-43B0-4480-9391-14DF171D2073): 37
LogDevObjectVersion:   Dev-Mobile (B02B49B5-BB20-44E9-A304-32B752E40360): 3
LogDevObjectVersion:   Dev-Networking (A4E4105C-59A1-49B5-A7C5-40C4547EDFEE): 0
LogDevObjectVersion:   Dev-Online (39C831C9-5AE6-47DC-9A44-9C173E1C8E7C): 0
LogDevObjectVersion:   Dev-Physics (78F01B33-EBEA-4F98-B9B4-84EACCB95AA2): 14
LogDevObjectVersion:   Dev-Platform (6631380F-2D4D-43E0-8009-CF276956A95A): 0
LogDevObjectVersion:   Dev-Rendering (12F88B9F-8875-4AFC-A67C-D90C383ABD29): 45
LogDevObjectVersion:   Dev-Sequencer (7B5AE74C-D270-4C10-A958-57980B212A5A): 13
LogDevObjectVersion:   Dev-VR (D7296918-1DD6-4BDD-9DE2-64A83CC13884): 3
LogDevObjectVersion:   Dev-LoadTimes (C2A15278-BFE7-4AFE-6C17-90FF531DF755): 1
LogDevObjectVersion:   Private-Geometry (6EACA3D4-40EC-4CC1-B786-8BED09428FC5): 3
LogDevObjectVersion:   Dev-AnimPhys (29E575DD-E0A3-4627-9D10-D276232CDCEA): 17
LogDevObjectVersion:   Dev-Anim (AF43A65D-7FD3-4947-9873-3E8ED9C1BB05): 15
LogDevObjectVersion:   Dev-ReflectionCapture (6B266CEC-1EC7-4B8F-A30B-E4D90942FC07): 1
LogDevObjectVersion:   Dev-Automation (0DF73D61-A23F-47EA-B727-89E90C41499A): 1
LogDevObjectVersion:   FortniteMain (601D1886-AC64-4F84-AA16-D3DE0DEAC7D6): 47
LogDevObjectVersion:   FortniteRelease (E7086368-6B23-4C58-8439-1B7016265E91): 1
LogDevObjectVersion:   Dev-Enterprise (9DFFBCD6-494F-0158-E221-12823C92A888): 10
LogDevObjectVersion:   Dev-Niagara (F2AED0AC-9AFE-416F-8664-AA7FFA26D6FC): 1
LogDevObjectVersion:   Dev-Destruction (174F1F0B-B4C6-45A5-B13F-2EE8D0FB917D): 10
LogDevObjectVersion:   Dev-Physics-Ext (35F94A83-E258-406C-A318-09F59610247C): 41
LogDevObjectVersion:   Dev-PhysicsMaterial-Chaos (B68FC16E-8B1B-42E2-B453-215C058844FE): 1
LogDevObjectVersion:   Dev-CineCamera (B2E18506-4273-CFC2-A54E-F4BB758BBA07): 1
LogDevObjectVersion:   Dev-VirtualProduction (64F58936-FD1B-42BA-BA96-7289D5D0FA4E): 1
LogDevObjectVersion:   Dev-MediaFramework (6F0ED827-A609-4895-9C91-998D90180EA4): 2
LogInit: Presizing for max 25165824 objects, including 0 objects not considered by GC, pre-allocating 0 bytes for permanent pool.
LogConfig: Applying CVar settings from Section [/Script/Engine.StreamingSettings] File [B:/GGJ2023/GGJ2023/Saved/Config/Windows/Engine.ini]
LogConfig: Setting CVar [[s.MinBulkDataSizeForAsyncLoading:131072]]
LogConfig: Setting CVar [[s.AsyncLoadingThreadEnabled:0]]
LogConfig: Setting CVar [[s.EventDrivenLoaderEnabled:1]]
LogConfig: Setting CVar [[s.WarnIfTimeLimitExceeded:0]]
LogConfig: Setting CVar [[s.TimeLimitExceededMultiplier:1.5]]
LogConfig: Setting CVar [[s.TimeLimitExceededMinTime:0.005]]
LogConfig: Setting CVar [[s.UseBackgroundLevelStreaming:1]]
LogConfig: Setting CVar [[s.PriorityAsyncLoadingExtraTime:15.0]]
LogConfig: Setting CVar [[s.LevelStreamingActorsUpdateTimeLimit:5.0]]
LogConfig: Setting CVar [[s.PriorityLevelStreamingActorsUpdateExtraTime:5.0]]
LogConfig: Setting CVar [[s.LevelStreamingComponentsRegistrationGranularity:10]]
LogConfig: Setting CVar [[s.UnregisterComponentsTimeLimit:1.0]]
LogConfig: Setting CVar [[s.LevelStreamingComponentsUnregistrationGranularity:5]]
LogConfig: Setting CVar [[s.FlushStreamingOnExit:1]]
LogInit: Object subsystem initialized
LogConfig: Setting CVar [[con.DebugEarlyDefault:1]]
LogConfig: Setting CVar [[r.setres:1280x720]]
[2023.02.02-05.01.30:555][  0]LogConfig: Setting CVar [[con.DebugEarlyDefault:1]]
[2023.02.02-05.01.30:555][  0]LogConfig: Setting CVar [[r.setres:1280x720]]
[2023.02.02-05.01.30:555][  0]LogConfig: Applying CVar settings from Section [/Script/Engine.RendererSettings] File [B:/GGJ2023/GGJ2023/Saved/Config/Windows/Engine.ini]
[2023.02.02-05.01.30:555][  0]LogConfig: Setting CVar [[r.GPUCrashDebugging:0]]
[2023.02.02-05.01.30:555][  0]LogConfig: Applying CVar settings from Section [/Script/Engine.RendererOverrideSettings] File [B:/GGJ2023/GGJ2023/Saved/Config/Windows/Engine.ini]
[2023.02.02-05.01.30:555][  0]LogConfig: Applying CVar settings from Section [/Script/Engine.StreamingSettings] File [B:/GGJ2023/GGJ2023/Saved/Config/Windows/Engine.ini]
[2023.02.02-05.01.30:555][  0]LogConfig: Setting CVar [[s.MinBulkDataSizeForAsyncLoading:131072]]
[2023.02.02-05.01.30:555][  0]LogConfig: Setting CVar [[s.AsyncLoadingThreadEnabled:0]]
[2023.02.02-05.01.30:555][  0]LogConfig: Setting CVar [[s.EventDrivenLoaderEnabled:1]]
[2023.02.02-05.01.30:555][  0]LogConfig: Setting CVar [[s.WarnIfTimeLimitExceeded:0]]
[2023.02.02-05.01.30:555][  0]LogConfig: Setting CVar [[s.TimeLimitExceededMultiplier:1.5]]
[2023.02.02-05.01.30:555][  0]LogConfig: Setting CVar [[s.TimeLimitExceededMinTime:0.005]]
[2023.02.02-05.01.30:555][  0]LogConfig: Setting CVar [[s.UseBackgroundLevelStreaming:1]]
[2023.02.02-05.01.30:555][  0]LogConfig: Setting CVar [[s.PriorityAsyncLoadingExtraTime:15.0]]
[2023.02.02-05.01.30:555][  0]LogConfig: Setting CVar [[s.LevelStreamingActorsUpdateTimeLimit:5.0]]
[2023.02.02-05.01.30:555][  0]LogConfig: Setting CVar [[s.PriorityLevelStreamingActorsUpdateExtraTime:5.0]]
[2023.02.02-05.01.30:555][  0]LogConfig: Setting CVar [[s.LevelStreamingComponentsRegistrationGranularity:10]]
[2023.02.02-05.01.30:555][  0]LogConfig: Setting CVar [[s.UnregisterComponentsTimeLimit:1.0]]
[2023.02.02-05.01.30:555][  0]LogConfig: Setting CVar [[s.LevelStreamingComponentsUnregistrationGranularity:5]]
[2023.02.02-05.01.30:555][  0]LogConfig: Setting CVar [[s.FlushStreamingOnExit:1]]
[2023.02.02-05.01.30:555][  0]LogConfig: Applying CVar settings from Section [/Script/Engine.GarbageCollectionSettings] File [B:/GGJ2023/GGJ2023/Saved/Config/Windows/Engine.ini]
[2023.02.02-05.01.30:555][  0]LogConfig: Setting CVar [[gc.MaxObjectsNotConsideredByGC:1]]
[2023.02.02-05.01.30:555][  0]LogConfig: Setting CVar [[gc.SizeOfPermanentObjectPool:0]]
[2023.02.02-05.01.30:555][  0]LogConfig: Setting CVar [[gc.FlushStreamingOnGC:0]]
[2023.02.02-05.01.30:555][  0]LogConfig: Setting CVar [[gc.NumRetriesBeforeForcingGC:10]]
[2023.02.02-05.01.30:555][  0]LogConfig: Setting CVar [[gc.AllowParallelGC:1]]
[2023.02.02-05.01.30:555][  0]LogConfig: Setting CVar [[gc.TimeBetweenPurgingPendingKillObjects:61.1]]
[2023.02.02-05.01.30:555][  0]LogConfig: Setting CVar [[gc.MaxObjectsInEditor:25165824]]
[2023.02.02-05.01.30:555][  0]LogConfig: Setting CVar [[gc.IncrementalBeginDestroyEnabled:1]]
[2023.02.02-05.01.30:555][  0]LogConfig: Setting CVar [[gc.CreateGCClusters:1]]
[2023.02.02-05.01.30:555][  0]LogConfig: Setting CVar [[gc.MinGCClusterSize:5]]
[2023.02.02-05.01.30:555][  0]LogConfig: Setting CVar [[gc.ActorClusteringEnabled:0]]
[2023.02.02-05.01.30:555][  0]LogConfig: Setting CVar [[gc.BlueprintClusteringEnabled:0]]
[2023.02.02-05.01.30:555][  0]LogConfig: Setting CVar [[gc.UseDisregardForGCOnDedicatedServers:0]]
[2023.02.02-05.01.30:555][  0]LogConfig: Setting CVar [[gc.MultithreadedDestructionEnabled:1]]
[2023.02.02-05.01.30:555][  0]LogConfig: Applying CVar settings from Section [/Script/Engine.NetworkSettings] File [B:/GGJ2023/GGJ2023/Saved/Config/Windows/Engine.ini]
[2023.02.02-05.01.30:555][  0]LogConfig: Applying CVar settings from Section [/Script/UnrealEd.CookerSettings] File [B:/GGJ2023/GGJ2023/Saved/Config/Windows/Engine.ini]
[2023.02.02-05.01.30:573][  0]LogConfig: Applying CVar settings from Section [ViewDistanceQuality@3] File [B:/GGJ2023/GGJ2023/Saved/Config/Windows/Scalability.ini]
[2023.02.02-05.01.30:573][  0]LogConfig: Setting CVar [[r.SkeletalMeshLODBias:0]]
[2023.02.02-05.01.30:573][  0]LogConfig: Setting CVar [[r.ViewDistanceScale:1.0]]
[2023.02.02-05.01.30:573][  0]LogConfig: Applying CVar settings from Section [AntiAliasingQuality@3] File [B:/GGJ2023/GGJ2023/Saved/Config/Windows/Scalability.ini]
[2023.02.02-05.01.30:573][  0]LogConfig: Setting CVar [[r.PostProcessAAQuality:4]]
[2023.02.02-05.01.30:573][  0]LogConfig: Applying CVar settings from Section [ShadowQuality@3] File [B:/GGJ2023/GGJ2023/Saved/Config/Windows/Scalability.ini]
[2023.02.02-05.01.30:573][  0]LogConfig: Setting CVar [[r.LightFunctionQuality:1]]
[2023.02.02-05.01.30:573][  0]LogConfig: Setting CVar [[r.ShadowQuality:5]]
[2023.02.02-05.01.30:573][  0]LogConfig: Setting CVar [[r.Shadow.CSM.MaxCascades:10]]
[2023.02.02-05.01.30:573][  0]LogConfig: Setting CVar [[r.Shadow.MaxResolution:2048]]
[2023.02.02-05.01.30:573][  0]LogConfig: Setting CVar [[r.Shadow.MaxCSMResolution:2048]]
[2023.02.02-05.01.30:573][  0]LogConfig: Setting CVar [[r.Shadow.RadiusThreshold:0.01]]
[2023.02.02-05.01.30:573][  0]LogConfig: Setting CVar [[r.Shadow.DistanceScale:1.0]]
[2023.02.02-05.01.30:573][  0]LogConfig: Setting CVar [[r.Shadow.CSM.TransitionScale:1.0]]
[2023.02.02-05.01.30:573][  0]LogConfig: Setting CVar [[r.Shadow.PreShadowResolutionFactor:1.0]]
[2023.02.02-05.01.30:573][  0]LogConfig: Setting CVar [[r.DistanceFieldShadowing:1]]
[2023.02.02-05.01.30:573][  0]LogConfig: Setting CVar [[r.DistanceFieldAO:1]]
[2023.02.02-05.01.30:573][  0]LogConfig: Setting CVar [[r.AOQuality:2]]
[2023.02.02-05.01.30:573][  0]LogConfig: Setting CVar [[r.VolumetricFog:1]]
[2023.02.02-05.01.30:573][  0]LogConfig: Setting CVar [[r.VolumetricFog.GridPixelSize:8]]
[2023.02.02-05.01.30:573][  0]LogConfig: Setting CVar [[r.VolumetricFog.GridSizeZ:128]]
[2023.02.02-05.01.30:573][  0]LogConfig: Setting CVar [[r.VolumetricFog.HistoryMissSupersampleCount:4]]
[2023.02.02-05.01.30:573][  0]LogConfig: Setting CVar [[r.LightMaxDrawDistanceScale:1]]
[2023.02.02-05.01.30:573][  0]LogConfig: Setting CVar [[r.CapsuleShadows:1]]
[2023.02.02-05.01.30:573][  0]LogConfig: Applying CVar settings from Section [PostProcessQuality@3] File [B:/GGJ2023/GGJ2023/Saved/Config/Windows/Scalability.ini]
[2023.02.02-05.01.30:573][  0]LogConfig: Setting CVar [[r.MotionBlurQuality:4]]
[2023.02.02-05.01.30:573][  0]LogConfig: Setting CVar [[r.AmbientOcclusionMipLevelFactor:0.4]]
[2023.02.02-05.01.30:573][  0]LogConfig: Setting CVar [[r.AmbientOcclusionMaxQuality:100]]
[2023.02.02-05.01.30:573][  0]LogConfig: Setting CVar [[r.AmbientOcclusionLevels:-1]]
[2023.02.02-05.01.30:573][  0]LogConfig: Setting CVar [[r.AmbientOcclusionRadiusScale:1.0]]
[2023.02.02-05.01.30:573][  0]LogConfig: Setting CVar [[r.DepthOfFieldQuality:2]]
[2023.02.02-05.01.30:573][  0]LogConfig: Setting CVar [[r.RenderTargetPoolMin:400]]
[2023.02.02-05.01.30:573][  0]LogConfig: Setting CVar [[r.LensFlareQuality:2]]
[2023.02.02-05.01.30:573][  0]LogConfig: Setting CVar [[r.SceneColorFringeQuality:1]]
[2023.02.02-05.01.30:573][  0]LogConfig: Setting CVar [[r.EyeAdaptationQuality:2]]
[2023.02.02-05.01.30:573][  0]LogConfig: Setting CVar [[r.BloomQuality:5]]
[2023.02.02-05.01.30:573][  0]LogConfig: Setting CVar [[r.FastBlurThreshold:100]]
[2023.02.02-05.01.30:573][  0]LogConfig: Setting CVar [[r.Upscale.Quality:3]]
[2023.02.02-05.01.30:573][  0]LogConfig: Setting CVar [[r.Tonemapper.GrainQuantization:1]]
[2023.02.02-05.01.30:573][  0]LogConfig: Setting CVar [[r.LightShaftQuality:1]]
[2023.02.02-05.01.30:573][  0]LogConfig: Setting CVar [[r.Filter.SizeScale:1]]
[2023.02.02-05.01.30:573][  0]LogConfig: Setting CVar [[r.Tonemapper.Quality:5]]
[2023.02.02-05.01.30:573][  0]LogConfig: Setting CVar [[r.DOF.Gather.AccumulatorQuality:1        ; higher gathering accumulator quality]]
[2023.02.02-05.01.30:573][  0]LogConfig: Setting CVar [[r.DOF.Gather.PostfilterMethod:1          ; Median3x3 postfilering method]]
[2023.02.02-05.01.30:573][  0]LogConfig: Setting CVar [[r.DOF.Gather.EnableBokehSettings:0       ; no bokeh simulation when gathering]]
[2023.02.02-05.01.30:573][  0]LogConfig: Setting CVar [[r.DOF.Gather.RingCount:4                 ; medium number of samples when gathering]]
[2023.02.02-05.01.30:573][  0]LogConfig: Setting CVar [[r.DOF.Scatter.ForegroundCompositing:1    ; additive foreground scattering]]
[2023.02.02-05.01.30:573][  0]LogConfig: Setting CVar [[r.DOF.Scatter.BackgroundCompositing:2    ; additive background scattering]]
[2023.02.02-05.01.30:573][  0]LogConfig: Setting CVar [[r.DOF.Scatter.EnableBokehSettings:1      ; bokeh simulation when scattering]]
[2023.02.02-05.01.30:573][  0]LogConfig: Setting CVar [[r.DOF.Scatter.MaxSpriteRatio:0.1         ; only a maximum of 10% of scattered bokeh]]
[2023.02.02-05.01.30:573][  0]LogConfig: Setting CVar [[r.DOF.Recombine.Quality:1                ; cheap slight out of focus]]
[2023.02.02-05.01.30:573][  0]LogConfig: Setting CVar [[r.DOF.Recombine.EnableBokehSettings:0    ; no bokeh simulation on slight out of focus]]
[2023.02.02-05.01.30:573][  0]LogConfig: Setting CVar [[r.DOF.TemporalAAQuality:1                ; more stable temporal accumulation]]
[2023.02.02-05.01.30:573][  0]LogConfig: Setting CVar [[r.DOF.Kernel.MaxForegroundRadius:0.025]]
[2023.02.02-05.01.30:573][  0]LogConfig: Setting CVar [[r.DOF.Kernel.MaxBackgroundRadius:0.025]]
[2023.02.02-05.01.30:573][  0]LogConfig: Applying CVar settings from Section [TextureQuality@3] File [B:/GGJ2023/GGJ2023/Saved/Config/Windows/Scalability.ini]
[2023.02.02-05.01.30:573][  0]LogConfig: Setting CVar [[r.Streaming.MipBias:0]]
[2023.02.02-05.01.30:573][  0]LogConfig: Setting CVar [[r.Streaming.AmortizeCPUToGPUCopy:0]]
[2023.02.02-05.01.30:573][  0]LogConfig: Setting CVar [[r.Streaming.MaxNumTexturesToStreamPerFrame:0]]
[2023.02.02-05.01.30:573][  0]LogConfig: Setting CVar [[r.Streaming.Boost:1]]
[2023.02.02-05.01.30:573][  0]LogConfig: Setting CVar [[r.MaxAnisotropy:8]]
[2023.02.02-05.01.30:573][  0]LogConfig: Setting CVar [[r.VT.MaxAnisotropy:8]]
[2023.02.02-05.01.30:573][  0]LogConfig: Setting CVar [[r.Streaming.LimitPoolSizeToVRAM:0]]
[2023.02.02-05.01.30:573][  0]LogConfig: Setting CVar [[r.Streaming.PoolSize:1000]]
[2023.02.02-05.01.30:573][  0]LogConfig: Setting CVar [[r.Streaming.MaxEffectiveScreenSize:0]]
[2023.02.02-05.01.30:573][  0]LogConfig: Applying CVar settings from Section [EffectsQuality@3] File [B:/GGJ2023/GGJ2023/Saved/Config/Windows/Scalability.ini]
[2023.02.02-05.01.30:573][  0]LogConfig: Setting CVar [[r.TranslucencyLightingVolumeDim:64]]
[2023.02.02-05.01.30:573][  0]LogConfig: Setting CVar [[r.RefractionQuality:2]]
[2023.02.02-05.01.30:573][  0]LogConfig: Setting CVar [[r.SSR.Quality:3]]
[2023.02.02-05.01.30:573][  0]LogConfig: Setting CVar [[r.SSR.HalfResSceneColor:0]]
[2023.02.02-05.01.30:573][  0]LogConfig: Setting CVar [[r.SceneColorFormat:4]]
[2023.02.02-05.01.30:573][  0]LogConfig: Setting CVar [[r.DetailMode:2]]
[2023.02.02-05.01.30:573][  0]LogConfig: Setting CVar [[r.TranslucencyVolumeBlur:1]]
[2023.02.02-05.01.30:573][  0]LogConfig: Setting CVar [[r.MaterialQualityLevel:1 ; High quality]]
[2023.02.02-05.01.30:573][  0]LogConfig: Setting CVar [[r.AnisotropicMaterials:1]]
[2023.02.02-05.01.30:573][  0]LogConfig: Setting CVar [[r.SSS.Scale:1]]
[2023.02.02-05.01.30:573][  0]LogConfig: Setting CVar [[r.SSS.SampleSet:2]]
[2023.02.02-05.01.30:573][  0]LogConfig: Setting CVar [[r.SSS.Quality:1]]
[2023.02.02-05.01.30:573][  0]LogConfig: Setting CVar [[r.SSS.HalfRes:0]]
[2023.02.02-05.01.30:573][  0]LogConfig: Setting CVar [[r.SSGI.Quality:3]]
[2023.02.02-05.01.30:573][  0]LogConfig: Setting CVar [[r.EmitterSpawnRateScale:1.0]]
[2023.02.02-05.01.30:573][  0]LogConfig: Setting CVar [[r.ParticleLightQuality:2]]
[2023.02.02-05.01.30:573][  0]LogConfig: Setting CVar [[r.SkyAtmosphere.AerialPerspectiveLUT.FastApplyOnOpaque:1 ; Always have FastSkyLUT 1 in this case to avoid wrong sky]]
[2023.02.02-05.01.30:573][  0]LogConfig: Setting CVar [[r.SkyAtmosphere.AerialPerspectiveLUT.SampleCountMaxPerSlice:4]]
[2023.02.02-05.01.30:573][  0]LogConfig: Setting CVar [[r.SkyAtmosphere.AerialPerspectiveLUT.DepthResolution:16.0]]
[2023.02.02-05.01.30:573][  0]LogConfig: Setting CVar [[r.SkyAtmosphere.FastSkyLUT:1]]
[2023.02.02-05.01.30:573][  0]LogConfig: Setting CVar [[r.SkyAtmosphere.FastSkyLUT.SampleCountMin:4.0]]
[2023.02.02-05.01.30:573][  0]LogConfig: Setting CVar [[r.SkyAtmosphere.FastSkyLUT.SampleCountMax:128.0]]
[2023.02.02-05.01.30:573][  0]LogConfig: Setting CVar [[r.SkyAtmosphere.SampleCountMin:4.0]]
[2023.02.02-05.01.30:573][  0]LogConfig: Setting CVar [[r.SkyAtmosphere.SampleCountMax:128.0]]
[2023.02.02-05.01.30:573][  0]LogConfig: Setting CVar [[r.SkyAtmosphere.TransmittanceLUT.UseSmallFormat:0]]
[2023.02.02-05.01.30:573][  0]LogConfig: Setting CVar [[r.SkyAtmosphere.TransmittanceLUT.SampleCount:10.0]]
[2023.02.02-05.01.30:573][  0]LogConfig: Setting CVar [[r.SkyAtmosphere.MultiScatteringLUT.SampleCount:15.0]]
[2023.02.02-05.01.30:573][  0]LogConfig: Setting CVar [[r.SkyLight.RealTimeReflectionCapture:1]]
[2023.02.02-05.01.30:573][  0]LogConfig: Applying CVar settings from Section [FoliageQuality@3] File [B:/GGJ2023/GGJ2023/Saved/Config/Windows/Scalability.ini]
[2023.02.02-05.01.30:573][  0]LogConfig: Setting CVar [[foliage.DensityScale:1.0]]
[2023.02.02-05.01.30:573][  0]LogConfig: Setting CVar [[grass.DensityScale:1.0]]
[2023.02.02-05.01.30:573][  0]LogConfig: Applying CVar settings from Section [ShadingQuality@3] File [B:/GGJ2023/GGJ2023/Saved/Config/Windows/Scalability.ini]
[2023.02.02-05.01.30:573][  0]LogConfig: Setting CVar [[r.HairStrands.SkyLighting.IntegrationType:2]]
[2023.02.02-05.01.30:573][  0]LogConfig: Setting CVar [[r.HairStrands.SkyAO.SampleCount:4]]
[2023.02.02-05.01.30:573][  0]LogConfig: Setting CVar [[r.HairStrands.Visibility.MSAA.SamplePerPixel:4]]
[2023.02.02-05.01.30:574][  0]LogInit: Selected Device Profile: [Windows]
[2023.02.02-05.01.30:574][  0]LogInit: Applying CVar settings loaded from the selected device profile: [Windows]
[2023.02.02-05.01.30:574][  0]LogHAL: Display: Platform has ~ 64 GB [68464984064 / 68719476736 / 64], which maps to Largest [LargestMinGB=32, LargerMinGB=12, DefaultMinGB=8, SmallerMinGB=6, SmallestMinGB=0)
[2023.02.02-05.01.30:574][  0]LogInit: Going up to parent DeviceProfile []
[2023.02.02-05.01.30:574][  0]LogConfig: Applying CVar settings from Section [ViewDistanceQuality@3] File [B:/GGJ2023/GGJ2023/Saved/Config/Windows/Scalability.ini]
[2023.02.02-05.01.30:574][  0]LogConfig: Setting CVar [[r.SkeletalMeshLODBias:0]]
[2023.02.02-05.01.30:574][  0]LogConfig: Setting CVar [[r.ViewDistanceScale:1.0]]
[2023.02.02-05.01.30:574][  0]LogConfig: Applying CVar settings from Section [AntiAliasingQuality@3] File [B:/GGJ2023/GGJ2023/Saved/Config/Windows/Scalability.ini]
[2023.02.02-05.01.30:574][  0]LogConfig: Setting CVar [[r.PostProcessAAQuality:4]]
[2023.02.02-05.01.30:574][  0]LogConfig: Applying CVar settings from Section [ShadowQuality@3] File [B:/GGJ2023/GGJ2023/Saved/Config/Windows/Scalability.ini]
[2023.02.02-05.01.30:574][  0]LogConfig: Setting CVar [[r.LightFunctionQuality:1]]
[2023.02.02-05.01.30:574][  0]LogConfig: Setting CVar [[r.ShadowQuality:5]]
[2023.02.02-05.01.30:574][  0]LogConfig: Setting CVar [[r.Shadow.CSM.MaxCascades:10]]
[2023.02.02-05.01.30:574][  0]LogConfig: Setting CVar [[r.Shadow.MaxResolution:2048]]
[2023.02.02-05.01.30:574][  0]LogConfig: Setting CVar [[r.Shadow.MaxCSMResolution:2048]]
[2023.02.02-05.01.30:574][  0]LogConfig: Setting CVar [[r.Shadow.RadiusThreshold:0.01]]
[2023.02.02-05.01.30:574][  0]LogConfig: Setting CVar [[r.Shadow.DistanceScale:1.0]]
[2023.02.02-05.01.30:574][  0]LogConfig: Setting CVar [[r.Shadow.CSM.TransitionScale:1.0]]
[2023.02.02-05.01.30:574][  0]LogConfig: Setting CVar [[r.Shadow.PreShadowResolutionFactor:1.0]]
[2023.02.02-05.01.30:574][  0]LogConfig: Setting CVar [[r.DistanceFieldShadowing:1]]
[2023.02.02-05.01.30:574][  0]LogConfig: Setting CVar [[r.DistanceFieldAO:1]]
[2023.02.02-05.01.30:574][  0]LogConfig: Setting CVar [[r.AOQuality:2]]
[2023.02.02-05.01.30:574][  0]LogConfig: Setting CVar [[r.VolumetricFog:1]]
[2023.02.02-05.01.30:574][  0]LogConfig: Setting CVar [[r.VolumetricFog.GridPixelSize:8]]
[2023.02.02-05.01.30:574][  0]LogConfig: Setting CVar [[r.VolumetricFog.GridSizeZ:128]]
[2023.02.02-05.01.30:574][  0]LogConfig: Setting CVar [[r.VolumetricFog.HistoryMissSupersampleCount:4]]
[2023.02.02-05.01.30:574][  0]LogConfig: Setting CVar [[r.LightMaxDrawDistanceScale:1]]
[2023.02.02-05.01.30:574][  0]LogConfig: Setting CVar [[r.CapsuleShadows:1]]
[2023.02.02-05.01.30:574][  0]LogConfig: Applying CVar settings from Section [PostProcessQuality@3] File [B:/GGJ2023/GGJ2023/Saved/Config/Windows/Scalability.ini]
[2023.02.02-05.01.30:574][  0]LogConfig: Setting CVar [[r.MotionBlurQuality:4]]
[2023.02.02-05.01.30:574][  0]LogConfig: Setting CVar [[r.AmbientOcclusionMipLevelFactor:0.4]]
[2023.02.02-05.01.30:574][  0]LogConfig: Setting CVar [[r.AmbientOcclusionMaxQuality:100]]
[2023.02.02-05.01.30:574][  0]LogConfig: Setting CVar [[r.AmbientOcclusionLevels:-1]]
[2023.02.02-05.01.30:574][  0]LogConfig: Setting CVar [[r.AmbientOcclusionRadiusScale:1.0]]
[2023.02.02-05.01.30:574][  0]LogConfig: Setting CVar [[r.DepthOfFieldQuality:2]]
[2023.02.02-05.01.30:574][  0]LogConfig: Setting CVar [[r.RenderTargetPoolMin:400]]
[2023.02.02-05.01.30:574][  0]LogConfig: Setting CVar [[r.LensFlareQuality:2]]
[2023.02.02-05.01.30:574][  0]LogConfig: Setting CVar [[r.SceneColorFringeQuality:1]]
[2023.02.02-05.01.30:574][  0]LogConfig: Setting CVar [[r.EyeAdaptationQuality:2]]
[2023.02.02-05.01.30:574][  0]LogConfig: Setting CVar [[r.BloomQuality:5]]
[2023.02.02-05.01.30:574][  0]LogConfig: Setting CVar [[r.FastBlurThreshold:100]]
[2023.02.02-05.01.30:574][  0]LogConfig: Setting CVar [[r.Upscale.Quality:3]]
[2023.02.02-05.01.30:574][  0]LogConfig: Setting CVar [[r.Tonemapper.GrainQuantization:1]]
[2023.02.02-05.01.30:574][  0]LogConfig: Setting CVar [[r.LightShaftQuality:1]]
[2023.02.02-05.01.30:574][  0]LogConfig: Setting CVar [[r.Filter.SizeScale:1]]
[2023.02.02-05.01.30:574][  0]LogConfig: Setting CVar [[r.Tonemapper.Quality:5]]
[2023.02.02-05.01.30:574][  0]LogConfig: Setting CVar [[r.DOF.Gather.AccumulatorQuality:1        ; higher gathering accumulator quality]]
[2023.02.02-05.01.30:574][  0]LogConfig: Setting CVar [[r.DOF.Gather.PostfilterMethod:1          ; Median3x3 postfilering method]]
[2023.02.02-05.01.30:574][  0]LogConfig: Setting CVar [[r.DOF.Gather.EnableBokehSettings:0       ; no bokeh simulation when gathering]]
[2023.02.02-05.01.30:574][  0]LogConfig: Setting CVar [[r.DOF.Gather.RingCount:4                 ; medium number of samples when gathering]]
[2023.02.02-05.01.30:574][  0]LogConfig: Setting CVar [[r.DOF.Scatter.ForegroundCompositing:1    ; additive foreground scattering]]
[2023.02.02-05.01.30:574][  0]LogConfig: Setting CVar [[r.DOF.Scatter.BackgroundCompositing:2    ; additive background scattering]]
[2023.02.02-05.01.30:574][  0]LogConfig: Setting CVar [[r.DOF.Scatter.EnableBokehSettings:1      ; bokeh simulation when scattering]]
[2023.02.02-05.01.30:574][  0]LogConfig: Setting CVar [[r.DOF.Scatter.MaxSpriteRatio:0.1         ; only a maximum of 10% of scattered bokeh]]
[2023.02.02-05.01.30:574][  0]LogConfig: Setting CVar [[r.DOF.Recombine.Quality:1                ; cheap slight out of focus]]
[2023.02.02-05.01.30:574][  0]LogConfig: Setting CVar [[r.DOF.Recombine.EnableBokehSettings:0    ; no bokeh simulation on slight out of focus]]
[2023.02.02-05.01.30:574][  0]LogConfig: Setting CVar [[r.DOF.TemporalAAQuality:1                ; more stable temporal accumulation]]
[2023.02.02-05.01.30:574][  0]LogConfig: Setting CVar [[r.DOF.Kernel.MaxForegroundRadius:0.025]]
[2023.02.02-05.01.30:574][  0]LogConfig: Setting CVar [[r.DOF.Kernel.MaxBackgroundRadius:0.025]]
[2023.02.02-05.01.30:574][  0]LogConfig: Applying CVar settings from Section [TextureQuality@3] File [B:/GGJ2023/GGJ2023/Saved/Config/Windows/Scalability.ini]
[2023.02.02-05.01.30:574][  0]LogConfig: Setting CVar [[r.Streaming.MipBias:0]]
[2023.02.02-05.01.30:574][  0]LogConfig: Setting CVar [[r.Streaming.AmortizeCPUToGPUCopy:0]]
[2023.02.02-05.01.30:574][  0]LogConfig: Setting CVar [[r.Streaming.MaxNumTexturesToStreamPerFrame:0]]
[2023.02.02-05.01.30:574][  0]LogConfig: Setting CVar [[r.Streaming.Boost:1]]
[2023.02.02-05.01.30:574][  0]LogConfig: Setting CVar [[r.MaxAnisotropy:8]]
[2023.02.02-05.01.30:574][  0]LogConfig: Setting CVar [[r.VT.MaxAnisotropy:8]]
[2023.02.02-05.01.30:574][  0]LogConfig: Setting CVar [[r.Streaming.LimitPoolSizeToVRAM:0]]
[2023.02.02-05.01.30:574][  0]LogConfig: Setting CVar [[r.Streaming.PoolSize:1000]]
[2023.02.02-05.01.30:574][  0]LogConfig: Setting CVar [[r.Streaming.MaxEffectiveScreenSize:0]]
[2023.02.02-05.01.30:574][  0]LogConfig: Applying CVar settings from Section [EffectsQuality@3] File [B:/GGJ2023/GGJ2023/Saved/Config/Windows/Scalability.ini]
[2023.02.02-05.01.30:574][  0]LogConfig: Setting CVar [[r.TranslucencyLightingVolumeDim:64]]
[2023.02.02-05.01.30:574][  0]LogConfig: Setting CVar [[r.RefractionQuality:2]]
[2023.02.02-05.01.30:574][  0]LogConfig: Setting CVar [[r.SSR.Quality:3]]
[2023.02.02-05.01.30:574][  0]LogConfig: Setting CVar [[r.SSR.HalfResSceneColor:0]]
[2023.02.02-05.01.30:574][  0]LogConfig: Setting CVar [[r.SceneColorFormat:4]]
[2023.02.02-05.01.30:574][  0]LogConfig: Setting CVar [[r.DetailMode:2]]
[2023.02.02-05.01.30:574][  0]LogConfig: Setting CVar [[r.TranslucencyVolumeBlur:1]]
[2023.02.02-05.01.30:574][  0]LogConfig: Setting CVar [[r.MaterialQualityLevel:1 ; High quality]]
[2023.02.02-05.01.30:574][  0]LogConfig: Setting CVar [[r.AnisotropicMaterials:1]]
[2023.02.02-05.01.30:574][  0]LogConfig: Setting CVar [[r.SSS.Scale:1]]
[2023.02.02-05.01.30:574][  0]LogConfig: Setting CVar [[r.SSS.SampleSet:2]]
[2023.02.02-05.01.30:574][  0]LogConfig: Setting CVar [[r.SSS.Quality:1]]
[2023.02.02-05.01.30:574][  0]LogConfig: Setting CVar [[r.SSS.HalfRes:0]]
[2023.02.02-05.01.30:574][  0]LogConfig: Setting CVar [[r.SSGI.Quality:3]]
[2023.02.02-05.01.30:574][  0]LogConfig: Setting CVar [[r.EmitterSpawnRateScale:1.0]]
[2023.02.02-05.01.30:574][  0]LogConfig: Setting CVar [[r.ParticleLightQuality:2]]
[2023.02.02-05.01.30:574][  0]LogConfig: Setting CVar [[r.SkyAtmosphere.AerialPerspectiveLUT.FastApplyOnOpaque:1 ; Always have FastSkyLUT 1 in this case to avoid wrong sky]]
[2023.02.02-05.01.30:574][  0]LogConfig: Setting CVar [[r.SkyAtmosphere.AerialPerspectiveLUT.SampleCountMaxPerSlice:4]]
[2023.02.02-05.01.30:574][  0]LogConfig: Setting CVar [[r.SkyAtmosphere.AerialPerspectiveLUT.DepthResolution:16.0]]
[2023.02.02-05.01.30:574][  0]LogConfig: Setting CVar [[r.SkyAtmosphere.FastSkyLUT:1]]
[2023.02.02-05.01.30:574][  0]LogConfig: Setting CVar [[r.SkyAtmosphere.FastSkyLUT.SampleCountMin:4.0]]
[2023.02.02-05.01.30:574][  0]LogConfig: Setting CVar [[r.SkyAtmosphere.FastSkyLUT.SampleCountMax:128.0]]
[2023.02.02-05.01.30:574][  0]LogConfig: Setting CVar [[r.SkyAtmosphere.SampleCountMin:4.0]]
[2023.02.02-05.01.30:574][  0]LogConfig: Setting CVar [[r.SkyAtmosphere.SampleCountMax:128.0]]
[2023.02.02-05.01.30:574][  0]LogConfig: Setting CVar [[r.SkyAtmosphere.TransmittanceLUT.UseSmallFormat:0]]
[2023.02.02-05.01.30:574][  0]LogConfig: Setting CVar [[r.SkyAtmosphere.TransmittanceLUT.SampleCount:10.0]]
[2023.02.02-05.01.30:574][  0]LogConfig: Setting CVar [[r.SkyAtmosphere.MultiScatteringLUT.SampleCount:15.0]]
[2023.02.02-05.01.30:574][  0]LogConfig: Setting CVar [[r.SkyLight.RealTimeReflectionCapture:1]]
[2023.02.02-05.01.30:574][  0]LogConfig: Applying CVar settings from Section [FoliageQuality@3] File [B:/GGJ2023/GGJ2023/Saved/Config/Windows/Scalability.ini]
[2023.02.02-05.01.30:574][  0]LogConfig: Setting CVar [[foliage.DensityScale:1.0]]
[2023.02.02-05.01.30:574][  0]LogConfig: Setting CVar [[grass.DensityScale:1.0]]
[2023.02.02-05.01.30:574][  0]LogConfig: Applying CVar settings from Section [ShadingQuality@3] File [B:/GGJ2023/GGJ2023/Saved/Config/Windows/Scalability.ini]
[2023.02.02-05.01.30:574][  0]LogConfig: Setting CVar [[r.HairStrands.SkyLighting.IntegrationType:2]]
[2023.02.02-05.01.30:574][  0]LogConfig: Setting CVar [[r.HairStrands.SkyAO.SampleCount:4]]
[2023.02.02-05.01.30:574][  0]LogConfig: Setting CVar [[r.HairStrands.Visibility.MSAA.SamplePerPixel:4]]
[2023.02.02-05.01.30:574][  0]LogConfig: Applying CVar settings from Section [Startup] File [../../../Engine/Config/ConsoleVariables.ini]
[2023.02.02-05.01.30:574][  0]LogConfig: Setting CVar [[net.UseAdaptiveNetUpdateFrequency:0]]
[2023.02.02-05.01.30:574][  0]LogConfig: Setting CVar [[p.chaos.AllowCreatePhysxBodies:1]]
[2023.02.02-05.01.30:574][  0]LogConfig: Setting CVar [[fx.SkipVectorVMBackendOptimizations:1]]
[2023.02.02-05.01.30:574][  0]LogConfig: Applying CVar settings from Section [ConsoleVariables] File [B:/GGJ2023/GGJ2023/Saved/Config/Windows/Engine.ini]
[2023.02.02-05.01.30:574][  0]LogConfig: Applying CVar settings from Section [ConsoleVariables] File [B:/GGJ2023/GGJ2023/Saved/Config/Windows/Editor.ini]
[2023.02.02-05.01.30:574][  0]LogInit: Computer: DESKTOP-BHS21GR
[2023.02.02-05.01.30:574][  0]LogInit: User: Orlando
[2023.02.02-05.01.30:574][  0]LogInit: CPU Page size=4096, Cores=24
[2023.02.02-05.01.30:574][  0]LogInit: High frequency timer resolution =10.000000 MHz
[2023.02.02-05.01.30:574][  0]LogMemory: Memory total: Physical=63.8GB (64GB approx)
[2023.02.02-05.01.30:574][  0]LogMemory: Platform Memory Stats for Windows
[2023.02.02-05.01.30:574][  0]LogMemory: Process Physical Memory: 153.86 MB used, 153.86 MB peak
[2023.02.02-05.01.30:574][  0]LogMemory: Process Virtual Memory: 136.47 MB used, 136.47 MB peak
[2023.02.02-05.01.30:574][  0]LogMemory: Physical Memory: 13086.94 MB used,  52206.36 MB free, 65293.30 MB total
[2023.02.02-05.01.30:574][  0]LogMemory: Virtual Memory: 134167552.00 MB used,  50174.93 MB free, 134217728.00 MB total
[2023.02.02-05.01.30:577][  0]LogWindows: WindowsPlatformFeatures enabled
[2023.02.02-05.01.30:597][  0]LogInit: Physics initialised using underlying interface: PhysX
[2023.02.02-05.01.30:597][  0]LogInit: Using OS detected language (en-US).
[2023.02.02-05.01.30:597][  0]LogInit: Using OS detected locale (en-US).
[2023.02.02-05.01.30:598][  0]LogTextLocalizationManager: No specific localization for 'en-US' exists, so the 'en' localization will be used.
[2023.02.02-05.01.30:683][  0]LogWindowsTextInputMethodSystem: Display: IME system deactivated.
[2023.02.02-05.01.30:713][  0]LogSlate: New Slate User Created.  User Index 0, Is Virtual User: 0
[2023.02.02-05.01.30:713][  0]LogSlate: Slate User Registered.  User Index 0, Is Virtual User: 0
[2023.02.02-05.01.30:732][  0]LogD3D11RHI: Loaded GFSDK_Aftermath_Lib.x64.dll
[2023.02.02-05.01.30:734][  0]LogHMD: Failed to initialize OpenVR with code 110
[2023.02.02-05.01.30:734][  0]LogD3D11RHI: D3D11 min allowed feature level: 11_0
[2023.02.02-05.01.30:734][  0]LogD3D11RHI: D3D11 max allowed feature level: 11_0
[2023.02.02-05.01.30:734][  0]LogD3D11RHI: D3D11 adapters:
[2023.02.02-05.01.30:794][  0]LogD3D11RHI:    0. 'NVIDIA GeForce RTX 3080' (Feature Level 11_0)
[2023.02.02-05.01.30:794][  0]LogD3D11RHI:       10067/0/32646 MB DedicatedVideo/DedicatedSystem/SharedSystem, Outputs:2, VendorId:0x10de
[2023.02.02-05.01.30:830][  0]LogD3D11RHI:    1. 'Intel(R) UHD Graphics 770' (Feature Level 11_0)
[2023.02.02-05.01.30:830][  0]LogD3D11RHI:       128/0/32646 MB DedicatedVideo/DedicatedSystem/SharedSystem, Outputs:0, VendorId:0x8086
[2023.02.02-05.01.30:831][  0]LogD3D11RHI:    2. 'Microsoft Basic Render Driver' (Feature Level 11_0)
[2023.02.02-05.01.30:831][  0]LogD3D11RHI:       0/0/32646 MB DedicatedVideo/DedicatedSystem/SharedSystem, Outputs:0, VendorId:0x1414
[2023.02.02-05.01.30:831][  0]LogD3D11RHI: Chosen D3D11 Adapter:
[2023.02.02-05.01.30:831][  0]LogD3D11RHI:     Description : NVIDIA GeForce RTX 3080
[2023.02.02-05.01.30:831][  0]LogD3D11RHI:     VendorId    : 10de
[2023.02.02-05.01.30:831][  0]LogD3D11RHI:     DeviceId    : 2206
[2023.02.02-05.01.30:831][  0]LogD3D11RHI:     SubSysId    : 40381458
[2023.02.02-05.01.30:831][  0]LogD3D11RHI:     Revision    : 00a1
[2023.02.02-05.01.30:831][  0]LogD3D11RHI:     DedicatedVideoMemory : 10556014592 bytes
[2023.02.02-05.01.30:831][  0]LogD3D11RHI:     DedicatedSystemMemory : 0 bytes
[2023.02.02-05.01.30:831][  0]LogD3D11RHI:     SharedSystemMemory : 34232492032 bytes
[2023.02.02-05.01.30:831][  0]LogD3D11RHI:     AdapterLuid : 0 90918
[2023.02.02-05.01.30:835][  0]LogD3D11RHI: Creating new Direct3DDevice
[2023.02.02-05.01.30:835][  0]LogD3D11RHI:     GPU DeviceId: 0x2206 (for the marketing name, search the web for "GPU Device Id")
[2023.02.02-05.01.30:835][  0]LogWindows: EnumDisplayDevices:
[2023.02.02-05.01.30:835][  0]LogWindows:    0. 'NVIDIA GeForce RTX 3080' (P:1 D:1)
[2023.02.02-05.01.30:836][  0]LogWindows:    1. 'NVIDIA GeForce RTX 3080' (P:0 D:1)
[2023.02.02-05.01.30:836][  0]LogWindows:    2. 'NVIDIA GeForce RTX 3080' (P:0 D:0)
[2023.02.02-05.01.30:836][  0]LogWindows:    3. 'NVIDIA GeForce RTX 3080' (P:0 D:0)
[2023.02.02-05.01.30:836][  0]LogWindows:    4. 'Intel(R) UHD Graphics 770' (P:0 D:0)
[2023.02.02-05.01.30:836][  0]LogWindows:    5. 'Intel(R) UHD Graphics 770' (P:0 D:0)
[2023.02.02-05.01.30:836][  0]LogWindows:    6. 'Intel(R) UHD Graphics 770' (P:0 D:0)
[2023.02.02-05.01.30:837][  0]LogWindows:    7. 'Intel(R) UHD Graphics 770' (P:0 D:0)
[2023.02.02-05.01.30:837][  0]LogWindows: DebugString: PrimaryIsNotTheChoosenAdapter PrimaryIsNotTheChoosenAdapter PrimaryIsNotTheChoosenAdapter PrimaryIsNotTheChoosenAdapter FoundDriverCount:4 
[2023.02.02-05.01.30:837][  0]LogD3D11RHI:     Adapter Name: NVIDIA GeForce RTX 3080
[2023.02.02-05.01.30:837][  0]LogD3D11RHI:   Driver Version: 528.02 (internal:31.0.15.2802, unified:528.02)
[2023.02.02-05.01.30:837][  0]LogD3D11RHI:      Driver Date: 12-22-2022
[2023.02.02-05.01.30:837][  0]LogRHI: Texture pool is 7046 MB (70% of 10067 MB)
[2023.02.02-05.01.30:837][  0]LogD3D11RHI: Creating D3DDevice using adapter:
[2023.02.02-05.01.30:837][  0]LogD3D11RHI:     Description : NVIDIA GeForce RTX 3080
[2023.02.02-05.01.30:837][  0]LogD3D11RHI:     VendorId    : 10de
[2023.02.02-05.01.30:837][  0]LogD3D11RHI:     DeviceId    : 2206
[2023.02.02-05.01.30:837][  0]LogD3D11RHI:     SubSysId    : 40381458
[2023.02.02-05.01.30:837][  0]LogD3D11RHI:     Revision    : 00a1
[2023.02.02-05.01.30:837][  0]LogD3D11RHI:     DedicatedVideoMemory : 10556014592 bytes
[2023.02.02-05.01.30:837][  0]LogD3D11RHI:     DedicatedSystemMemory : 0 bytes
[2023.02.02-05.01.30:837][  0]LogD3D11RHI:     SharedSystemMemory : 34232492032 bytes
[2023.02.02-05.01.30:837][  0]LogD3D11RHI:     AdapterLuid : 0 90918
[2023.02.02-05.01.30:866][  0]LogD3D11RHI: RHI has support for 64 bit atomics
[2023.02.02-05.01.30:867][  0]LogD3D11RHI: Async texture creation enabled
[2023.02.02-05.01.30:867][  0]LogD3D11RHI: Array index from any shader is supported
[2023.02.02-05.01.30:867][  0]LogD3D11RHI: HDR output is supported on display 0 (NvId: 0x80061084).
[2023.02.02-05.01.30:885][  0]LogD3D11RHI: GPU Timing Frequency: 1000.000000 (Debug: 2 2)
[2023.02.02-05.01.30:897][  0]LogRHI: GeForceNow SDK initialized: 1
[2023.02.02-05.01.31:060][  0]LogTargetPlatformManager: Display: Loaded TargetPlatform 'WindowsNoEditor'
[2023.02.02-05.01.31:062][  0]LogTargetPlatformManager: Display: Loaded TargetPlatform 'Windows'
[2023.02.02-05.01.31:064][  0]LogTargetPlatformManager: Display: Loaded TargetPlatform 'WindowsClient'
[2023.02.02-05.01.31:066][  0]LogTargetPlatformManager: Display: Loaded TargetPlatform 'WindowsServer'
[2023.02.02-05.01.31:066][  0]LogTargetPlatformManager: Display: Building Assets For Windows
[2023.02.02-05.01.31:069][  0]LogAudioDebug: Display: Lib vorbis DLL was dynamically loaded.
[2023.02.02-05.01.31:082][  0]LogTextureFormatOodle: Display: Oodle Texture 2.9.0 init RDO Off
[2023.02.02-05.01.31:096][  0]LogRendererCore: Ray tracing is disabled. Reason: r.RayTracing=0.
[2023.02.02-05.01.31:096][  0]LogShaderCompilers: Guid format shader working directory is 20 characters bigger than the processId version (../../../../GGJ2023/GGJ2023/Intermediate/Shaders/WorkingDirectory/28520/).
[2023.02.02-05.01.31:096][  0]LogShaderCompilers: Cleaned the shader compiler working directory 'C:/Users/Orlando/AppData/Local/Temp/UnrealShaderWorkingDir/9657A1B545C18A387080A293C11D7BD8/'.
[2023.02.02-05.01.31:096][  0]LogXGEController: Cannot use XGE Controller as Incredibuild is not installed on this machine.
[2023.02.02-05.01.31:096][  0]LogShaderCompilers: Cannot use XGE Shader Compiler as Incredibuild is not installed on this machine.
[2023.02.02-05.01.31:096][  0]LogShaderCompilers: Display: Using Local Shader Compiler.
[2023.02.02-05.01.31:492][  0]LogDerivedDataCache: Display: Max Cache Size: 512 MB
[2023.02.02-05.01.31:526][  0]LogDerivedDataCache: Loaded boot cache 0.03s 94MB C:/Users/Orlando/AppData/Local/UnrealEngine/4.27/DerivedDataCache/Boot.ddc.
[2023.02.02-05.01.31:526][  0]LogDerivedDataCache: Display: Loaded Boot cache: C:/Users/Orlando/AppData/Local/UnrealEngine/4.27/DerivedDataCache/Boot.ddc
[2023.02.02-05.01.31:526][  0]LogDerivedDataCache: FDerivedDataBackendGraph:  Pak pak cache file ../../../../GGJ2023/GGJ2023/DerivedDataCache/DDC.ddp not found, will not use a pak cache.
[2023.02.02-05.01.31:526][  0]LogDerivedDataCache: Unable to find inner node Pak for hierarchical cache Hierarchy.
[2023.02.02-05.01.31:526][  0]LogDerivedDataCache: FDerivedDataBackendGraph:  CompressedPak pak cache file ../../../../GGJ2023/GGJ2023/DerivedDataCache/Compressed.ddp not found, will not use a pak cache.
[2023.02.02-05.01.31:526][  0]LogDerivedDataCache: Unable to find inner node CompressedPak for hierarchical cache Hierarchy.
[2023.02.02-05.01.31:536][  0]LogDerivedDataCache: Display: Pak cache opened for reading ../../../Engine/DerivedDataCache/Compressed.ddp.
[2023.02.02-05.01.31:536][  0]LogDerivedDataCache: FDerivedDataBackendGraph:  EnterprisePak pak cache file ../../../Enterprise/DerivedDataCache/Compressed.ddp not found, will not use a pak cache.
[2023.02.02-05.01.31:536][  0]LogDerivedDataCache: Unable to find inner node EnterprisePak for hierarchical cache Hierarchy.
[2023.02.02-05.01.31:539][  0]LogDerivedDataCache: Speed tests for C:/Users/Orlando/AppData/Local/UnrealEngine/Common/DerivedDataCache took 0.00 seconds
[2023.02.02-05.01.31:539][  0]LogDerivedDataCache: Display: Performance to C:/Users/Orlando/AppData/Local/UnrealEngine/Common/DerivedDataCache: Latency=0.01ms. RandomReadSpeed=2704.94MBs, RandomWriteSpeed=335.17MBs. Assigned SpeedClass 'Local'
[2023.02.02-05.01.31:540][  0]LogDerivedDataCache: Using Local data cache path C:/Users/Orlando/AppData/Local/UnrealEngine/Common/DerivedDataCache: Writable
[2023.02.02-05.01.31:540][  0]LogDerivedDataCache: Shared data cache path not found in *engine.ini, will not use an Shared cache.
[2023.02.02-05.01.31:540][  0]LogDerivedDataCache: Unable to find inner node Shared for hierarchical cache Hierarchy.
[2023.02.02-05.01.31:557][  0]LogSlate: Using FreeType 2.10.0
[2023.02.02-05.01.31:557][  0]LogSlate: SlateFontServices - WITH_FREETYPE: 1, WITH_HARFBUZZ: 1
[2023.02.02-05.01.31:597][  0]LogInit: Using OS detected language (en-US).
[2023.02.02-05.01.31:597][  0]LogInit: Using OS detected locale (en-US).
[2023.02.02-05.01.31:597][  0]LogTextLocalizationManager: No localization for 'en-US' exists, so 'en' will be used for the language.
[2023.02.02-05.01.31:597][  0]LogTextLocalizationManager: No localization for 'en-US' exists, so 'en' will be used for the locale.
[2023.02.02-05.01.31:598][  0]LogSlate: FontCache flush requested. Reason: Culture for localization was changed
[2023.02.02-05.01.31:598][  0]LogSlate: FontCache flush requested. Reason: Culture for localization was changed
[2023.02.02-05.01.31:599][  0]LogTextLocalizationManager: Compacting localization data took   0.00ms
[2023.02.02-05.01.31:599][  0]LogAssetRegistry: FAssetRegistry took 0.0008 seconds to start up
[2023.02.02-05.01.31:672][  0]LogPackageLocalizationCache: Processed 27 localized package path(s) for 1 prioritized culture(s) in 0.000364 seconds
[2023.02.02-05.01.31:698][  0]LogInit: Selected Device Profile: [Windows]
[2023.02.02-05.01.31:698][  0]LogInit: Active device profile: [0000021CD9FE9300][0000021CD0376680 49] Windows
[2023.02.02-05.01.31:698][  0]LogInit: Profiles: [0000021CD9FE9300][0000021CD0376680 49] Windows, [0000021CD9F9EF00][0000021CD037E800 49] WindowsNoEditor, [0000021CD9FEA400][0000021CD4D90980 49] WindowsServer, [0000021CD9F9FE00][0000021CD4D94B00 49] WindowsClient, [0000021CD9FEB300][0000021CD4D98C80 49] IOS, [0000021CD9F9D200][0000021CD4D9CE00 49] iPadAir, [0000021CD9FEBE00][0000021CD4DA0F80 49] iPadAir2, [0000021CD9F52100][0000021CD4DA9240 49] IPadPro, [0000021CD9F52200][0000021CD4DA5280 49] iPadAir3, [0000021CD9F9DB00][0000021CD037B3C0 49] iPadAir4, [0000021CD9F53100][0000021CD4DAD500 49] iPadMini2, [0000021CD9F9F200][0000021CD4DB1640 49] iPadMini3, [0000021CD9F53D00][0000021CD4DB97C0 49] iPadMini4, [0000021CD9F9E300][0000021CD4DBD940 49] iPadMini5, [0000021CD9F69A00][0000021CD4DC5C00 49] iPhone6, [0000021CD9F69B00][0000021CD4DC00C0 49] iPodTouch6, [0000021CD9FEAF00][0000021CD4DCC380 49] iPhone7, [0000021CD9FEB000][0000021CD4DC83C0 49] iPodTouch7, [0000021CD9F51C00][0000021CD4DD0540 49] iPhone5S, [0000021CD9FE9100][0000021CD4DD46C0 49] iPhone6Plus, [0000021CD9F51800][0000021CD4DD8840 49] iPhone6S, [0000021CD9FE8400][0000021CD539A9C0 49] iPhone6SPlus, [0000021CD9F50E00][0000021CD539EB40 49] iPhone7Plus, [0000021CD9FE9700][0000021CD53A2CC0 49] iPhoneSE, [0000021CD9F50A00][0000021CD53A6E40 49] iPhone8, [0000021CD9FE8800][0000021CD53AAFC0 49] iPhone8Plus, [0000021CD9F51A00][0000021CD53AF140 49] iPhoneX, [0000021CD9FEBD00][0000021CD53B32C0 49] iPhoneXS, [0000021CD9F68200][0000021CD53B7440 49] iPhoneXSMax, [0000021CD9F50D00][0000021CD4DB5580 49] iPhoneXR, [0000021CD9F68C00][0000021CD53BB6C0 49] iPhone11, [0000021CD9F52E00][0000021CD53BF800 49] iPhone11Pro, [0000021CD9F69500][0000021CD53C3940 49] iPhone11ProMax, [0000021CD9F53A00][0000021CD53CBAC0 49] iPhoneSE2, [0000021CD9F68400][0000021CD53CE0C0 49] iPhone12Mini, [0000021CD9F51200][0000021CD53D2240 49] iPhone12, [0000021CD9F6BC00][0000021CD53D63C0 49] iPhone12Pro, [0000021CD9F52000][0000021CD53DA540 49] iPhone12ProMax, [0000021CD9F6AC00][0000021CD53DE6C0 49] iPadPro105, [0000021CD9FEA100][0000021CD53E2840 49] iPadPro129, [0000021CD9F69100][0000021CD53E69C0 49] iPadPro97, [0000021CD9FE9000][0000021CD53EAB40 49] iPadPro2_129, [0000021CD9F68D00][0000021CD53EECC0 49] iPad5, [0000021CD9FE9D00][0000021CD53F2E40 49] iPad6, [0000021CD9F68600][0000021CD53F6FC0 49] iPad7, [0000021CD9FEAE00][0000021CD53FB140 49] iPad8, [0000021CD9F6B100][0000021CD53FF2C0 49] iPadPro11, [0000021CD9FE9B00][0000021CD5403440 49] iPadPro2_11, [0000021CD9F68A00][0000021CD54075C0 49] iPadPro3_129, [0000021CD9FEA200][0000021CD53C7700 49] iPadPro4_129, [0000021CD9F6AD00][0000021CD540B840 49] AppleTV, [0000021CD9FE8100][0000021CD540F980 49] AppleTV4K, [0000021CD9F6A600][0000021CD5413AC0 49] TVOS, [0000021CD9FE9500][0000021CD541A0C0 49] Mac, [0000021CD9F6B600][0000021CD541E240 49] MacClient, [0000021CD9FE9F00][0000021CD54223C0 49] MacNoEditor, [0000021CD9F6BF00][0000021CD5426540 49] MacServer, [0000021CD9FEBA00][0000021CD542A6C0 49] Linux, [0000021CD9F69C00][0000021CD542E840 49] LinuxAArch64, [0000021CD9FEB800][0000021CD54329C0 49] LinuxNoEditor, [0000021CD9F6A400][0000021CD5436B40 49] LinuxAArch64NoEditor, [0000021CD9FEB500][0000021CD543ACC0 49] LinuxClient, [0000021CD9F69300][0000021CD543EE40 49] LinuxAArch64Client, [0000021CD9FE8900][0000021CD5442FC0 49] LinuxServer, [0000021CD9F69200][0000021CD5447140 49] LinuxAArch64Server, [0000021CD9FEB600][0000021CD544B2C0 49] Android, [0000021CD9F69900][0000021CD544F440 49] Android_Low, [0000021CD9FEA700][0000021CD54535C0 49] Android_Mid, [0000021CD9F6AE00][0000021CD5457740 49] Android_High, [0000021CD9FEA000][0000021CD545B8C0 49] Android_Default, [0000021CD9F6A800][0000021CD5417A00 49] Android_Adreno4xx, [0000021CD9FE8B00][0000021CD545FB40 49] Android_Adreno5xx_Low, [0000021CD9F6AF00][0000021CD5462100 49] Android_Adreno5xx, [0000021CD9FE8300][0000021CD546A280 49] Android_Adreno6xx, [0000021CD9F6B200][0000021CD546E400 49] Android_Adreno6xx_Vulkan, [0000021CD9FE8500][0000021CD5472580 49] Android_Mali_T6xx, [0000021CD9F6AB00][0000021CD5476700 49] Android_Mali_T7xx, [0000021CD9FE8600][0000021CD547A880 49] Android_Mali_T8xx, [0000021CD9F68700][0000021CD59A2A00 49] Android_Mali_G71, [0000021CD9FEBC00][0000021CD59A6B80 49] Android_Mali_G72, [0000021CD9F69F00][0000021CD59AAD00 49] Android_Mali_G72_Vulkan, [0000021CD9FEB100][0000021CD59AEE80 49] Android_Mali_G76, [0000021CD9F69E00][0000021CD59B3000 49] Android_Mali_G76_Vulkan, [0000021CD9FE8A00][0000021CD59B7180 49] Android_Mali_G77, [0000021CD9F68900][0000021CD59BB300 49] Android_Mali_G77_Vulkan, [0000021CD9FE9800][0000021CD59BF480 49] Android_Mali_G78, [0000021CD9F6BD00][0000021CD59C3600 49] Android_Mali_G78_Vulkan, [0000021CD9F9E600][0000021CD59C7780 49] Android_Mali_G710, [0000021CD9F52F00][0000021CD59CB900 49] Android_Mali_G710_Vulkan, [0000021CD9F9FB00][0000021CD59CFA80 49] Android_Vulkan_SM5, [0000021CD9F52B00][0000021CD5467BC0 49] Android_PowerVR_G6xxx, [0000021CD9F9C400][0000021CD59D2180 49] Android_PowerVR_GT7xxx, [0000021CD9F52700][0000021CD59D62C0 49] Android_PowerVR_GE8xxx, [0000021CD9F9C600][0000021CD59DE440 49] Android_PowerVR_GM9xxx, [0000021CD9F52800][0000021CD59E25C0 49] Android_PowerVR_GM9xxx_Vulkan, [0000021CD9F9D700][0000021CD59E6740 49] Android_TegraK1, [0000021CD9F53400][0000021CD59EA8C0 49] Android_Unknown_Vulkan, [0000021CD9F9C700][0000021CD59EEA40 49] Lumin, [0000021CD9F52D00][0000021CD59F2BC0 49] Lumin_Desktop, [0000021CD9F9DF00][0000021CD59F6D40 49] HoloLens, 
[2023.02.02-05.01.31:716][  0]LogMeshReduction: Using QuadricMeshReduction for automatic static mesh reduction
[2023.02.02-05.01.31:716][  0]LogMeshReduction: Using SimplygonMeshReduction for automatic skeletal mesh reduction
[2023.02.02-05.01.31:716][  0]LogMeshReduction: Using ProxyLODMeshReduction for automatic mesh merging
[2023.02.02-05.01.31:716][  0]LogMeshReduction: No distributed automatic mesh merging module available
[2023.02.02-05.01.31:716][  0]LogMeshMerging: No distributed automatic mesh merging module available
[2023.02.02-05.01.31:777][  0]LogNetVersion: GGJ2023 1.0.0, NetCL: 17155196, EngineNetVer: 17, GameNetVer: 0 (Checksum: 2262209438)
[2023.02.02-05.01.31:882][  0]LogTexture: Default maximum texture size for cubemaps generated from long-lat sources has been changed from 512 to unlimited. In order to preserve old behaiour for '/Engine/MapTemplates/Sky/DaylightAmbientCubemap.DaylightAmbientCubemap', its maximum texture size has been explicitly set to 512.
[2023.02.02-05.01.31:908][  0]LogHMD: PokeAHoleMaterial loaded successfully
[2023.02.02-05.01.31:951][  0]LogMoviePlayer: Initializing movie player
[2023.02.02-05.01.32:020][  0]LogNiagaraDebuggerClient: Niagara Debugger Client Initialized | Session: 5728AD524059658581A000A005B13096 | Instance: C3AEA1844EF118A41B057A9FF6808323 (DESKTOP-BHS21GR-28520).
[2023.02.02-05.01.32:030][  0]LogCollectionManager: Loaded 0 collections in 0.000325 seconds
[2023.02.02-05.01.32:031][  0]LogFileCache: Scanning file cache for directory 'B:/GGJ2023/GGJ2023/Saved/Collections/' took 0.00s
[2023.02.02-05.01.32:031][  0]LogFileCache: Scanning file cache for directory 'B:/GGJ2023/GGJ2023/Content/Developers/Orlando/Collections/' took 0.00s
[2023.02.02-05.01.32:031][  0]LogFileCache: Scanning file cache for directory 'B:/GGJ2023/GGJ2023/Content/Collections/' took 0.00s
[2023.02.02-05.01.32:031][  0]LogCollectionManager: Fixed up redirectors for 0 collections in 0.000001 seconds (updated 0 objects)
[2023.02.02-05.01.32:040][  0]LogPython: Using Python 3.7.7
[2023.02.02-05.01.32:279][  0]LogTcpMessaging: Initializing TcpMessaging bridge
[2023.02.02-05.01.32:281][  0]LogUdpMessaging: Initializing bridge on interface 0.0.0.0:0 to multicast group 230.0.0.1:6666.
[2023.02.02-05.01.32:316][  0]SourceControl: Source control is disabled
[2023.02.02-05.01.32:316][  0]SourceControl: Source control is disabled
[2023.02.02-05.01.32:317][  0]SourceControl: Source control is disabled
[2023.02.02-05.01.32:319][  0]LogUProjectInfo: Found projects:
[2023.02.02-05.01.32:354][  0]LogOpenImageDenoise: OIDN starting up
[2023.02.02-05.01.32:369][  0]LogAndroidPermission: UAndroidPermissionCallbackProxy::GetInstance
[2023.02.02-05.01.32:379][  0]LogAudioCaptureCore: Display: No Audio Capture implementations found. Audio input will be silent.
[2023.02.02-05.01.32:379][  0]LogAudioCaptureCore: Display: No Audio Capture implementations found. Audio input will be silent.
[2023.02.02-05.01.32:409][  0]LogOcInput: OculusInput pre-init called
[2023.02.02-05.01.32:413][  0]LogUObjectArray: 22121 objects as part of root set at end of initial load.
[2023.02.02-05.01.32:413][  0]LogUObjectAllocator: 5975632 out of 0 bytes used by permanent object pool.
[2023.02.02-05.01.32:413][  0]LogUObjectArray: CloseDisregardForGC: 0/0 objects in disregard for GC pool
[2023.02.02-05.01.32:440][  0]LogEngine: Initializing Engine...
[2023.02.02-05.01.32:441][  0]LogHMD: Failed to enumerate extensions. Please check that you have a valid OpenXR runtime installed.
[2023.02.02-05.01.32:442][  0]LogHMD: Failed to initialize OpenVR with code 110
[2023.02.02-05.01.32:442][  0]LogMagicLeap: Warning: VR disabled because ZI is not enabled.  To enable, in the editor, Edit -> Project Settings -> Plugins -> Magic Leap Plugin -> Enable Zero Iteration
[2023.02.02-05.01.32:442][  0]LogStats: UGameplayTagsManager::InitializeManager -  0.000 s
[2023.02.02-05.01.32:487][  0]LogInit: Initializing FReadOnlyCVARCache
[2023.02.02-05.01.32:487][  0]LogAudio: Display: Initializing Audio Device Manager...
[2023.02.02-05.01.32:489][  0]LogAudio: Display: Loading Default Audio Settings Objects...
[2023.02.02-05.01.32:489][  0]LogAudio: Display: No default SoundConcurrencyObject specified (or failed to load).
[2023.02.02-05.01.32:490][  0]LogAudio: Display: Audio Device Manager Initialized
[2023.02.02-05.01.32:490][  0]LogAudio: Display: Creating Audio Device:                 Id: 1, Scope: Shared, Realtime: True
[2023.02.02-05.01.32:490][  0]LogAudioMixer: Display: Audio Mixer Platform Settings:
[2023.02.02-05.01.32:490][  0]LogAudioMixer: Display: 	Sample Rate:						  48000
[2023.02.02-05.01.32:490][  0]LogAudioMixer: Display: 	Callback Buffer Frame Size Requested: 1024
[2023.02.02-05.01.32:490][  0]LogAudioMixer: Display: 	Callback Buffer Frame Size To Use:	  1024
[2023.02.02-05.01.32:490][  0]LogAudioMixer: Display: 	Number of buffers to queue:			  2
[2023.02.02-05.01.32:490][  0]LogAudioMixer: Display: 	Max Channels (voices):				  32
[2023.02.02-05.01.32:490][  0]LogAudioMixer: Display: 	Number of Async Source Workers:		  0
[2023.02.02-05.01.32:490][  0]LogAudio: Display: AudioDevice MaxSources: 32
[2023.02.02-05.01.32:490][  0]LogAudio: Display: Audio Spatialization Plugin: None (built-in).
[2023.02.02-05.01.32:490][  0]LogAudio: Display: Audio Reverb Plugin: None (built-in).
[2023.02.02-05.01.32:490][  0]LogAudio: Display: Audio Occlusion Plugin: None (built-in).
[2023.02.02-05.01.32:490][  0]LogAudioMixer: Display: Initializing audio mixer.
[2023.02.02-05.01.32:496][  0]LogAudioMixer: Display: 0: FrontLeft
[2023.02.02-05.01.32:496][  0]LogAudioMixer: Display: 1: FrontRight
[2023.02.02-05.01.32:496][  0]LogAudioMixer: Display: 2: FrontCenter
[2023.02.02-05.01.32:496][  0]LogAudioMixer: Display: 3: LowFrequency
[2023.02.02-05.01.32:496][  0]LogAudioMixer: Display: 4: BackLeft
[2023.02.02-05.01.32:496][  0]LogAudioMixer: Display: 5: BackRight
[2023.02.02-05.01.32:496][  0]LogAudioMixer: Display: 6: SideLeft
[2023.02.02-05.01.32:496][  0]LogAudioMixer: Display: 7: SideRight
[2023.02.02-05.01.32:502][  0]LogAudioMixer: Display: Using Audio Device Speakers (Logitech G560 Gaming Speaker)
[2023.02.02-05.01.32:504][  0]LogAudioMixer: Display: Initializing Sound Submixes...
[2023.02.02-05.01.32:505][  0]LogAudioMixer: Display: Creating Master Submix 'MasterSubmixDefault'
[2023.02.02-05.01.32:505][  0]LogAudioMixer: Display: Creating Master Submix 'MasterReverbSubmixDefault'
[2023.02.02-05.01.32:505][  0]LogAudioMixer: Display: Creating Master Submix 'MasterEQSubmixDefault'
[2023.02.02-05.01.32:505][  0]LogAudioMixer: FMixerPlatformXAudio2::StartAudioStream() called
[2023.02.02-05.01.32:505][  0]LogAudioMixer: Display: Output buffers initialized: Frames=1024, Channels=8, Samples=8192
[2023.02.02-05.01.32:506][  0]LogAudioMixer: Display: Starting AudioMixerPlatformInterface::RunInternal()
[2023.02.02-05.01.32:506][  0]LogAudioMixer: Display: FMixerPlatformXAudio2::SubmitBuffer() called for the first time
[2023.02.02-05.01.32:506][  0]LogInit: FAudioDevice initialized.
[2023.02.02-05.01.32:506][  0]LogNetVersion: Set ProjectVersion to 1.0.0.0. Version Checksum will be recalculated on next use.
[2023.02.02-05.01.32:506][  0]LogInit: Texture streaming: Enabled
[2023.02.02-05.01.32:536][  0]LogAudio: Display: Audio Device (ID: 1) registered with world 'Untitled'.
[2023.02.02-05.01.32:536][  0]LogSlate: Updating window title bar state: overlay mode, drag disabled, window buttons hidden, title bar hidden
[2023.02.02-05.01.32:536][  0]LogInit: Display: Game Engine Initialized.
[2023.02.02-05.01.32:536][  0]LogNiagaraEditor: GEditor isn't valid! Particle reset commands will not work for Niagara components!
[2023.02.02-05.01.32:589][  0]LogInit: Display: Starting Game.
[2023.02.02-05.01.32:589][  0]LogNet: Browse: /Game/Maps/Main?Name=Player
[2023.02.02-05.01.32:589][  0]LogLoad: LoadMap: /Game/Maps/Main?Name=Player
[2023.02.02-05.01.32:589][  0]LogWorld: BeginTearingDown for /Temp/Untitled_0
[2023.02.02-05.01.32:590][  0]LogWorld: UWorld::CleanupWorld for Untitled, bSessionEnded=true, bCleanupResources=true
[2023.02.02-05.01.32:590][  0]LogSlate: InvalidateAllWidgets triggered.  All widgets were invalidated
[2023.02.02-05.01.32:598][  0]LogAudio: Display: Audio Device unregistered from world 'None'.
[2023.02.02-05.01.32:599][  0]LogUObjectHash: Compacting FUObjectHashTables data took   0.36ms
[2023.02.02-05.01.32:606][  0]LogAudio: Display: Audio Device (ID: 1) registered with world 'Main'.
[2023.02.02-05.01.32:609][  0]LogAIModule: Creating AISystem for world Main
[2023.02.02-05.01.32:610][  0]LogLoad: Game class is 'SideScrollerGameMode_C'
[2023.02.02-05.01.32:610][  0]LogWorld: Bringing World /Game/Maps/Main.Main up for play (max tick rate 0) at 2023.02.02-00.01.32
[2023.02.02-05.01.32:610][  0]LogWorld: Bringing up level for play took: 0.000234
[2023.02.02-05.01.32:611][  0]LogGameMode: FindPlayerStart: PATHS NOT DEFINED or NO PLAYERSTART with positive rating
[2023.02.02-05.01.32:612][  0]LogLoad: Took 0.022269 seconds to LoadMap(/Game/Maps/Main)
[2023.02.02-05.01.32:702][  0]LogSlate: Took 0.000088 seconds to synchronously load lazily loaded font '../../../Engine/Content/Slate/Fonts/Roboto-Regular.ttf' (155K)
[2023.02.02-05.01.32:743][  0]LogRenderer: Reallocating scene render targets to support 1280x720 Format 10 NumSamples 1 (Frame:1).
[2023.02.02-05.01.32:743][  0]LogInit: Display: Engine is initialized. Leaving FEngineLoop::Init()
[2023.02.02-05.01.32:743][  0]LogLoad: (Engine Initialization) Total time: 2.75 seconds
[2023.02.02-05.01.32:743][  0]LogLoad: (Engine Initialization) Total Blueprint compile time: 0.00 seconds
[2023.02.02-05.01.32:744][  0]LogContentStreaming: Texture pool size now 1000 MB
[2023.02.02-05.01.32:746][  0]LogSlate: InvalidateAllWidgets triggered.  All widgets were invalidated
[2023.02.02-05.01.32:753][  1]LogSlate: Took 0.000056 seconds to synchronously load lazily loaded font '../../../Engine/Content/Slate/Fonts/Roboto-Regular.ttf' (155K)
[2023.02.02-05.01.48:005][981]r.SetRes = "640x480"
[2023.02.02-05.01.48:128][982]LogRenderer: Reallocating scene render targets to support 640x480 Format 10 NumSamples 1 (Frame:15983).
[2023.02.02-05.01.49:435][446]r.SetRes = "1280x720"
[2023.02.02-05.01.49:561][447]LogRenderer: Reallocating scene render targets to support 1280x720 Format 10 NumSamples 1 (Frame:17449).
[2023.02.02-05.01.50:502][398]r.SetRes = "1920x1080"
[2023.02.02-05.01.50:630][399]LogRenderer: Reallocating scene render targets to support 1920x1080 Format 10 NumSamples 1 (Frame:18402).
[2023.02.02-05.01.58:566][ 43]Closing by request
[2023.02.02-05.01.58:566][ 43]LogWindows: FPlatformMisc::RequestExit(0)
[2023.02.02-05.01.58:566][ 43]LogWindows: FPlatformMisc::RequestExitWithStatus(0, 0)
[2023.02.02-05.01.58:566][ 43]LogCore: Engine exit requested (reason: Win RequestExit)
[2023.02.02-05.01.58:566][ 44]LogCore: Engine exit requested (reason: EngineExit() was called; note: exit was already requested)
[2023.02.02-05.01.58:567][ 44]LogInit: Display: PreExit Game.
[2023.02.02-05.01.58:567][ 44]LogWorld: BeginTearingDown for /Game/Maps/Main
[2023.02.02-05.01.58:567][ 44]LogWorld: UWorld::CleanupWorld for Main, bSessionEnded=true, bCleanupResources=true
[2023.02.02-05.01.58:567][ 44]LogSlate: InvalidateAllWidgets triggered.  All widgets were invalidated
[2023.02.02-05.01.59:455][ 44]LogAudio: Display: Beginning Audio Device Manager Shutdown (Module: AudioMixerXAudio2)...
[2023.02.02-05.01.59:455][ 44]LogAudio: Display: Destroying 1 Remaining Audio Device(s)...
[2023.02.02-05.01.59:455][ 44]LogAudio: Display: Audio Device unregistered from world 'Main'.
[2023.02.02-05.01.59:486][ 44]LogAudioMixer: FMixerPlatformXAudio2::StopAudioStream() called
[2023.02.02-05.01.59:487][ 44]LogAudioMixer: FMixerPlatformXAudio2::StopAudioStream() called
[2023.02.02-05.01.59:490][ 44]LogAudio: Display: Audio Device Manager Shutdown
[2023.02.02-05.01.59:493][ 44]LogSlate: Window 'GGJ2023 (64-bit Development PCD3D_SM5) ' being destroyed
[2023.02.02-05.01.59:493][ 44]LogWindowsTextInputMethodSystem: Display: IME system deactivated.
[2023.02.02-05.01.59:495][ 44]LogWindowsTextInputMethodSystem: Display: IME system deactivated.
[2023.02.02-05.01.59:498][ 44]LogExit: Preparing to exit.
[2023.02.02-05.02.00:300][ 44]LogUObjectHash: Compacting FUObjectHashTables data took   0.36ms
[2023.02.02-05.02.00:322][ 44]LogMoviePlayer: Shutting down movie player
[2023.02.02-05.02.00:405][ 44]LogSlate: Updating window title bar state: overlay mode, drag disabled, window buttons hidden, title bar hidden
[2023.02.02-05.02.00:408][ 44]LogDemo: Cleaned up 0 splitscreen connections with owner deletion
[2023.02.02-05.02.00:410][ 44]LogExit: Game engine shut down
[2023.02.02-05.02.00:427][ 44]LogExit: Object subsystem successfully closed.
[2023.02.02-05.02.00:436][ 44]LogShaderCompilers: Display: === FShaderJobCache stats ===
[2023.02.02-05.02.00:436][ 44]LogShaderCompilers: Display: Total job queries 0, among them cache hits 0 (0.00%)
[2023.02.02-05.02.00:436][ 44]LogShaderCompilers: Display: Tracking 0 distinct input hashes that result in 0 distinct outputs (0.00%)
[2023.02.02-05.02.00:436][ 44]LogShaderCompilers: Display: RAM used: 0.00 MB (0.00 GB) of 3276.80 MB (3.20 GB) budget. Usage: 0.00%
[2023.02.02-05.02.00:436][ 44]LogShaderCompilers: Display: ================================================
[2023.02.02-05.02.00:449][ 44]LogShaderCompilers: Display: Shaders left to compile 0
[2023.02.02-05.02.00:452][ 44]LogModuleManager: Shutting down and abandoning module SequenceRecorderSections (558)
[2023.02.02-05.02.00:452][ 44]LogModuleManager: Shutting down and abandoning module SequenceRecorder (556)
[2023.02.02-05.02.00:452][ 44]LogModuleManager: Shutting down and abandoning module AutomationController (554)
[2023.02.02-05.02.00:452][ 44]LogModuleManager: Shutting down and abandoning module AutomationWorker (552)
[2023.02.02-05.02.00:452][ 44]LogModuleManager: Shutting down and abandoning module Voice (550)
[2023.02.02-05.02.00:452][ 44]LogModuleManager: Shutting down and abandoning module AIModule (548)
[2023.02.02-05.02.00:452][ 44]LogModuleManager: Shutting down and abandoning module GameplayDebugger (547)
[2023.02.02-05.02.00:452][ 44]LogModuleManager: Shutting down and abandoning module AITestSuite (545)
[2023.02.02-05.02.00:452][ 44]LogModuleManager: Shutting down and abandoning module NavigationSystem (543)
[2023.02.02-05.02.00:452][ 44]LogModuleManager: Shutting down and abandoning module SteamVREditor (540)
[2023.02.02-05.02.00:452][ 44]LogModuleManager: Shutting down and abandoning module ToolMenus (539)
[2023.02.02-05.02.00:452][ 44]LogModuleManager: Shutting down and abandoning module OculusMR (536)
[2023.02.02-05.02.00:452][ 44]LogModuleManager: Shutting down and abandoning module TakeRecorderSources (534)
[2023.02.02-05.02.00:452][ 44]LogModuleManager: Shutting down and abandoning module TakeRecorder (533)
[2023.02.02-05.02.00:452][ 44]LogModuleManager: Shutting down and abandoning module TakeTrackRecorders (530)
[2023.02.02-05.02.00:452][ 44]LogModuleManager: Shutting down and abandoning module TakesCore (528)
[2023.02.02-05.02.00:452][ 44]LogModuleManager: Shutting down and abandoning module OpenXRInput (526)
[2023.02.02-05.02.00:452][ 44]LogModuleManager: Shutting down and abandoning module WebMMediaFactory (524)
[2023.02.02-05.02.00:452][ 44]LogModuleManager: Shutting down and abandoning module WebMMedia (522)
[2023.02.02-05.02.00:452][ 44]LogModuleManager: Shutting down and abandoning module WmfMediaFactory (520)
[2023.02.02-05.02.00:452][ 44]LogModuleManager: Shutting down and abandoning module OpenExrWrapper (518)
[2023.02.02-05.02.00:452][ 44]LogModuleManager: Shutting down and abandoning module ImgMediaFactory (516)
[2023.02.02-05.02.00:452][ 44]LogModuleManager: Shutting down and abandoning module AvfMediaFactory (514)
[2023.02.02-05.02.00:452][ 44]LogModuleManager: Shutting down and abandoning module MagicLeapMediaCodecFactory (512)
[2023.02.02-05.02.00:452][ 44]LogModuleManager: Shutting down and abandoning module MagicLeapMediaFactory (510)
[2023.02.02-05.02.00:452][ 44]LogModuleManager: Shutting down and abandoning module PlanarCut (508)
[2023.02.02-05.02.00:452][ 44]LogModuleManager: Shutting down and abandoning module CharacterAI (506)
[2023.02.02-05.02.00:452][ 44]LogModuleManager: Shutting down and abandoning module SessionServices (504)
[2023.02.02-05.02.00:452][ 44]LogModuleManager: Shutting down and abandoning module MovieSceneCapture (502)
[2023.02.02-05.02.00:452][ 44]LogModuleManager: Shutting down and abandoning module LiveCoding (500)
[2023.02.02-05.02.00:452][ 44]LogModuleManager: Shutting down and abandoning module LevelSequence (498)
[2023.02.02-05.02.00:452][ 44]LogModuleManager: Shutting down and abandoning module MovieSceneTracks (496)
[2023.02.02-05.02.00:452][ 44]LogModuleManager: Shutting down and abandoning module MovieScene (494)
[2023.02.02-05.02.00:452][ 44]LogModuleManager: Shutting down and abandoning module StreamingPauseRendering (492)
[2023.02.02-05.02.00:452][ 44]LogModuleManager: Shutting down and abandoning module PortalServices (490)
[2023.02.02-05.02.00:452][ 44]LogModuleManager: Shutting down and abandoning module PortalRpc (488)
[2023.02.02-05.02.00:452][ 44]LogModuleManager: Shutting down and abandoning module MessagingRpc (486)
[2023.02.02-05.02.00:452][ 44]LogModuleManager: Shutting down and abandoning module AudioMixerXAudio2 (484)
[2023.02.02-05.02.00:452][ 44]LogModuleManager: Shutting down and abandoning module AudioMixerCore (483)
[2023.02.02-05.02.00:452][ 44]LogModuleManager: Shutting down and abandoning module ImageWriteQueue (480)
[2023.02.02-05.02.00:456][ 44]LogModuleManager: Shutting down and abandoning module ProfilerService (478)
[2023.02.02-05.02.00:480][ 44]LogModuleManager: Shutting down and abandoning module TaskGraph (476)
[2023.02.02-05.02.00:480][ 44]LogModuleManager: Shutting down and abandoning module OculusInput (474)
[2023.02.02-05.02.00:480][ 44]LogModuleManager: Shutting down and abandoning module TakeMovieScene (472)
[2023.02.02-05.02.00:480][ 44]LogModuleManager: Shutting down and abandoning module Synthesis (470)
[2023.02.02-05.02.00:480][ 44]LogModuleManager: Shutting down and abandoning module ProceduralMeshComponent (468)
[2023.02.02-05.02.00:480][ 44]LogModuleManager: Shutting down and abandoning module MobilePatchingUtils (466)
[2023.02.02-05.02.00:480][ 44]LogModuleManager: Shutting down and abandoning module GooglePAD (464)
[2023.02.02-05.02.00:480][ 44]LogModuleManager: Shutting down and abandoning module EditableMesh (462)
[2023.02.02-05.02.00:480][ 44]LogModuleManager: Shutting down and abandoning module CustomMeshComponent (460)
[2023.02.02-05.02.00:480][ 44]LogModuleManager: Shutting down and abandoning module CableComponent (458)
[2023.02.02-05.02.00:480][ 44]LogModuleManager: Shutting down and abandoning module AudioCapture (456)
[2023.02.02-05.02.00:480][ 44]LogModuleManager: Shutting down and abandoning module AudioCaptureRtAudio (455)
[2023.02.02-05.02.00:480][ 44]LogModuleManager: Shutting down and abandoning module AssetTags (452)
[2023.02.02-05.02.00:480][ 44]LogModuleManager: Shutting down and abandoning module ArchVisCharacter (450)
[2023.02.02-05.02.00:480][ 44]LogModuleManager: Shutting down and abandoning module AppleImageUtilsBlueprintSupport (448)
[2023.02.02-05.02.00:480][ 44]LogModuleManager: Shutting down and abandoning module AppleImageUtils (446)
[2023.02.02-05.02.00:480][ 44]LogModuleManager: Shutting down and abandoning module AndroidPermission (444)
[2023.02.02-05.02.00:480][ 44]LogModuleManager: Shutting down and abandoning module ActorLayerUtilities (442)
[2023.02.02-05.02.00:480][ 44]LogModuleManager: Shutting down and abandoning module TemplateSequence (440)
[2023.02.02-05.02.00:480][ 44]LogModuleManager: Shutting down and abandoning module MediaCompositing (438)
[2023.02.02-05.02.00:480][ 44]LogModuleManager: Shutting down and abandoning module ImgMedia (436)
[2023.02.02-05.02.00:480][ 44]LogModuleManager: Shutting down and abandoning module MagicLeapSharedWorld (434)
[2023.02.02-05.02.00:480][ 44]LogModuleManager: Shutting down and abandoning module MagicLeapLightEstimation (432)
[2023.02.02-05.02.00:480][ 44]LogModuleManager: Shutting down and abandoning module MagicLeapHelperVulkan (430)
[2023.02.02-05.02.00:480][ 44]LogModuleManager: Shutting down and abandoning module MagicLeapHelperOpenGL (428)
[2023.02.02-05.02.00:480][ 44]LogModuleManager: Shutting down and abandoning module MagicLeapAudio (426)
[2023.02.02-05.02.00:480][ 44]LogModuleManager: Shutting down and abandoning module OpenImageDenoise (424)
[2023.02.02-05.02.00:480][ 44]LogOpenImageDenoise: OIDN shutting down
[2023.02.02-05.02.00:480][ 44]LogModuleManager: Shutting down and abandoning module MotoSynth (422)
[2023.02.02-05.02.00:480][ 44]LogModuleManager: Shutting down and abandoning module MeshConversion (420)
[2023.02.02-05.02.00:480][ 44]LogModuleManager: Shutting down and abandoning module DynamicMesh (418)
[2023.02.02-05.02.00:480][ 44]LogModuleManager: Shutting down and abandoning module GeometryAlgorithms (416)
[2023.02.02-05.02.00:480][ 44]LogModuleManager: Shutting down and abandoning module GeometricObjects (414)
[2023.02.02-05.02.00:480][ 44]LogModuleManager: Shutting down and abandoning module GeometryCollectionTracks (412)
[2023.02.02-05.02.00:480][ 44]LogModuleManager: Shutting down and abandoning module GeometryCollectionSequencer (411)
[2023.02.02-05.02.00:480][ 44]LogModuleManager: Shutting down and abandoning module GeometryCacheTracks (408)
[2023.02.02-05.02.00:480][ 44]LogModuleManager: Shutting down and abandoning module GeometryCacheSequencer (407)
[2023.02.02-05.02.00:480][ 44]LogModuleManager: Shutting down and abandoning module GeometryCache (404)
[2023.02.02-05.02.00:480][ 44]LogModuleManager: Shutting down and abandoning module GeometryCacheEd (403)
[2023.02.02-05.02.00:480][ 44]LogModuleManager: Shutting down and abandoning module ChaosNiagara (400)
[2023.02.02-05.02.00:480][ 44]LogModuleManager: Shutting down and abandoning module FieldSystemEngine (399)
[2023.02.02-05.02.00:480][ 44]LogModuleManager: Shutting down and abandoning module BackChannel (396)
[2023.02.02-05.02.00:480][ 44]LogModuleManager: Shutting down and abandoning module AutomationUtils (394)
[2023.02.02-05.02.00:480][ 44]LogModuleManager: Shutting down and abandoning module VisualStudioSourceCodeAccess (392)
[2023.02.02-05.02.00:480][ 44]LogModuleManager: Shutting down and abandoning module HotReload (391)
[2023.02.02-05.02.00:480][ 44]LogModuleManager: Shutting down and abandoning module VisualStudioCodeSourceCodeAccess (388)
[2023.02.02-05.02.00:480][ 44]LogModuleManager: Shutting down and abandoning module UObjectPlugin (386)
[2023.02.02-05.02.00:480][ 44]LogModuleManager: Shutting down and abandoning module SubversionSourceControl (384)
[2023.02.02-05.02.00:480][ 44]LogModuleManager: Shutting down and abandoning module PerforceSourceControl (382)
[2023.02.02-05.02.00:480][ 44]LogModuleManager: Shutting down and abandoning module SourceControl (381)
[2023.02.02-05.02.00:480][ 44]LogModuleManager: Shutting down and abandoning module CLionSourceCodeAccess (378)
[2023.02.02-05.02.00:480][ 44]LogModuleManager: Shutting down and abandoning module OodleNetworkHandlerComponent (376)
[2023.02.02-05.02.00:480][ 44]LogModuleManager: Shutting down and abandoning module LiveLinkSequencer (374)
[2023.02.02-05.02.00:480][ 44]LogModuleManager: Shutting down and abandoning module LiveLinkMovieScene (372)
[2023.02.02-05.02.00:480][ 44]LogModuleManager: Shutting down and abandoning module LiveLinkGraphNode (370)
[2023.02.02-05.02.00:480][ 44]LogModuleManager: Shutting down and abandoning module LiveLinkComponents (368)
[2023.02.02-05.02.00:480][ 44]LogModuleManager: Shutting down and abandoning module LiveLink (366)
