Log file open, 01/31/23 20:09:23
LogWindows: Failed to load 'aqProf.dll' (GetLastError=126)
LogWindows: File 'aqProf.dll' does not exist
LogWindows: Failed to load 'VtuneApi.dll' (GetLastError=126)
LogWindows: File 'VtuneApi.dll' does not exist
LogWindows: Failed to load 'VtuneApi32e.dll' (GetLastError=126)
LogWindows: File 'VtuneApi32e.dll' does not exist
LogConsoleResponse: Display: Failed to find resolution value strings in scalability ini. Falling back to default.
LogConsoleResponse: Display: Failed to find resolution value strings in scalability ini. Falling back to default.
LogInit: Display: Running engine for game: GGJ2023
LogPlatformFile: Not using cached read wrapper
LogTaskGraph: Started task graph with 5 named threads and 35 total threads with 3 sets of task threads.
LogStats: Stats thread started at 0.223247
LogICUInternationalization: ICU TimeZone Detection - Raw Offset: -6:00, Platform Override: ''
LogInit: Display: Loading text-based GConfig....
LogPluginManager: Mounting plugin MeshPainting
LogPluginManager: Mounting plugin XGEController
LogPluginManager: Mounting plugin Paper2D
LogPluginManager: Mounting plugin LightPropagationVolume
LogPluginManager: Mounting plugin LiveLink
LogPluginManager: Mounting plugin AISupport
LogPluginManager: Mounting plugin EnvironmentQueryEditor
LogPluginManager: Mounting plugin CameraShakePreviewer
LogPluginManager: Mounting plugin GameplayCameras
LogPluginManager: Mounting plugin OodleData
LogPluginManager: Mounting plugin OodleNetwork
LogPluginManager: Mounting plugin AnimationSharing
LogPluginManager: Mounting plugin CLionSourceCodeAccess
LogPluginManager: Mounting plugin CodeLiteSourceCodeAccess
LogPluginManager: Mounting plugin GitSourceControl
LogPluginManager: Mounting plugin KDevelopSourceCodeAccess
LogPluginManager: Mounting plugin NullSourceCodeAccess
LogPluginManager: Mounting plugin PerforceSourceControl
LogPluginManager: Mounting plugin PixWinPlugin
LogPluginManager: Mounting plugin PlasticSourceControl
LogPluginManager: Mounting plugin PluginUtils
LogPluginManager: Mounting plugin PropertyAccessNode
LogPluginManager: Mounting plugin RiderSourceCodeAccess
LogPluginManager: Mounting plugin AssetManagerEditor
LogPluginManager: Mounting plugin SubversionSourceControl
LogPluginManager: Mounting plugin TextureFormatOodle
LogPluginManager: Mounting plugin UObjectPlugin
LogPluginManager: Mounting plugin VisualStudioSourceCodeAccess
LogPluginManager: Mounting plugin XCodeSourceCodeAccess
LogPluginManager: Mounting plugin VisualStudioCodeSourceCodeAccess
LogPluginManager: Mounting plugin CryptoKeys
LogPluginManager: Mounting plugin DataValidation
LogPluginManager: Mounting plugin CurveEditorTools
LogPluginManager: Mounting plugin DatasmithContent
LogPluginManager: Mounting plugin FacialAnimation
LogPluginManager: Mounting plugin GameplayTagsEditor
LogPluginManager: Mounting plugin GeometryMode
LogPluginManager: Mounting plugin MacGraphicsSwitching
LogPluginManager: Mounting plugin MobileLauncherProfileWizard
LogPluginManager: Mounting plugin MaterialAnalyzer
LogPluginManager: Mounting plugin PluginBrowser
LogPluginManager: Mounting plugin SpeedTreeImporter
LogPluginManager: Mounting plugin VariantManagerContent
LogPluginManager: Mounting plugin AlembicImporter
LogPluginManager: Mounting plugin AutomationUtils
LogPluginManager: Mounting plugin BackChannel
LogPluginManager: Mounting plugin Niagara
LogPluginManager: Mounting plugin ChaosCloth
LogPluginManager: Mounting plugin ChaosClothEditor
LogPluginManager: Mounting plugin ChaosEditor
LogPluginManager: Mounting plugin ChaosNiagara
LogPluginManager: Mounting plugin ChaosSolverPlugin
LogPluginManager: Mounting plugin CharacterAI
LogPluginManager: Mounting plugin GeometryCollectionPlugin
LogPluginManager: Mounting plugin GeometryCache
LogPluginManager: Mounting plugin GeometryProcessing
LogPluginManager: Mounting plugin MotoSynth
LogPluginManager: Mounting plugin OpenImageDenoise
LogPluginManager: Mounting plugin PlanarCut
LogPluginManager: Mounting plugin PlatformCrypto
LogPluginManager: Mounting plugin ProxyLODPlugin
LogPluginManager: Mounting plugin PythonScriptPlugin
LogPluginManager: Mounting plugin SkeletalReduction
LogPluginManager: Mounting plugin LuminPlatformFeatures
LogPluginManager: Mounting plugin MagicLeap
LogPluginManager: Mounting plugin MagicLeapLightEstimation
LogPluginManager: Mounting plugin MagicLeapMedia
LogPluginManager: Mounting plugin MagicLeapPassableWorld
LogPluginManager: Mounting plugin MLSDK
LogPluginManager: Mounting plugin AndroidMedia
LogPluginManager: Mounting plugin AvfMedia
LogPluginManager: Mounting plugin ImgMedia
LogPluginManager: Mounting plugin MediaCompositing
LogPluginManager: Mounting plugin MediaPlayerEditor
LogPluginManager: Mounting plugin WebMMedia
LogPluginManager: Mounting plugin WmfMedia
LogPluginManager: Mounting plugin ActorSequence
LogPluginManager: Mounting plugin UdpMessaging
LogPluginManager: Mounting plugin TcpMessaging
LogPluginManager: Mounting plugin LevelSequenceEditor
LogPluginManager: Mounting plugin MatineeToLevelSequence
LogPluginManager: Mounting plugin TemplateSequence
LogPluginManager: Mounting plugin OnlineSubsystem
LogPluginManager: Mounting plugin OnlineSubsystemNull
LogPluginManager: Mounting plugin ActorLayerUtilities
LogPluginManager: Mounting plugin LauncherChunkInstaller
LogPluginManager: Mounting plugin OnlineSubsystemUtils
LogPluginManager: Mounting plugin AndroidMoviePlayer
LogPluginManager: Mounting plugin AndroidDeviceProfileSelector
LogPluginManager: Mounting plugin AndroidPermission
LogPluginManager: Mounting plugin AppleImageUtils
LogPluginManager: Mounting plugin AppleMoviePlayer
LogPluginManager: Mounting plugin ArchVisCharacter
LogPluginManager: Mounting plugin AssetTags
LogPluginManager: Mounting plugin AudioCapture
LogPluginManager: Mounting plugin AudioSynesthesia
LogPluginManager: Mounting plugin CableComponent
LogPluginManager: Mounting plugin ChunkDownloader
LogPluginManager: Mounting plugin CustomMeshComponent
LogPluginManager: Mounting plugin EditableMesh
LogPluginManager: Mounting plugin ExampleDeviceProfileSelector
LogPluginManager: Mounting plugin GoogleCloudMessaging
LogPluginManager: Mounting plugin GooglePAD
LogPluginManager: Mounting plugin IOSDeviceProfileSelector
LogPluginManager: Mounting plugin LinuxDeviceProfileSelector
LogPluginManager: Mounting plugin LocationServicesBPLibrary
LogPluginManager: Mounting plugin MobilePatchingUtils
LogPluginManager: Mounting plugin OpenXR
LogPluginManager: Mounting plugin OpenXREyeTracker
LogPluginManager: Mounting plugin OpenXRHandTracking
LogPluginManager: Mounting plugin PhysXVehicles
LogPluginManager: Mounting plugin PostSplashScreen
LogPluginManager: Mounting plugin ProceduralMeshComponent
LogPluginManager: Mounting plugin PropertyAccessEditor
LogPluginManager: Mounting plugin RuntimePhysXCooking
LogPluginManager: Mounting plugin SignificanceManager
LogPluginManager: Mounting plugin SoundFields
LogPluginManager: Mounting plugin Synthesis
LogPluginManager: Mounting plugin WebMMoviePlayer
LogPluginManager: Mounting plugin WindowsMoviePlayer
LogPluginManager: Mounting plugin ScreenshotTools
LogPluginManager: Mounting plugin Takes
LogPluginManager: Mounting plugin ContentBrowserAssetDataSource
LogPluginManager: Mounting plugin ContentBrowserClassDataSource
LogPluginManager: Mounting plugin ContentBrowserFileDataSource
LogPluginManager: Mounting plugin OnlineSubsystemGooglePlay
LogPluginManager: Mounting plugin OnlineSubsystemIOS
LogPluginManager: Mounting plugin OculusVR
LogPluginManager: Mounting plugin SteamVR
PixWinPlugin: PIX capture plugin failed to initialize! Check that the process is launched from PIX.
LogInit: Using libcurl 7.55.1-DEV
LogInit:  - built for x86_64-pc-win32
LogInit:  - supports SSL with OpenSSL/1.1.1
LogInit:  - supports HTTP deflate (compression) using libz 1.2.8
LogInit:  - other features:
LogInit:      CURL_VERSION_SSL
LogInit:      CURL_VERSION_LIBZ
LogInit:      CURL_VERSION_IPV6
LogInit:      CURL_VERSION_ASYNCHDNS
LogInit:      CURL_VERSION_LARGEFILE
LogInit:      CURL_VERSION_IDN
LogInit:  CurlRequestOptions (configurable via config and command line):
LogInit:  - bVerifyPeer = true  - Libcurl will verify peer certificate
LogInit:  - bUseHttpProxy = false  - Libcurl will NOT use HTTP proxy
LogInit:  - bDontReuseConnections = false  - Libcurl will reuse connections
LogInit:  - MaxHostConnections = 16  - Libcurl will limit the number of connections to a host
LogInit:  - LocalHostAddr = Default
LogInit:  - BufferSize = 65536
LogOnline: OSS: Creating online subsystem instance for: NULL
LogInit: WinSock: version 1.1 (2.2), MaxSocks=32767, MaxUdp=65467
LogOnline: OSS: TryLoadSubsystemAndSetDefault: Loaded subsystem for module [NULL]
LogOculusPluginWrapper: OculusPlugin initialized successfully
LogHMD: Failed initializing OVRPlugin 1.59.0
LogInit: Build: ++UE4+Release-4.27-CL-18319896
LogInit: Engine Version: 4.27.2-18319896+++UE4+Release-4.27
LogInit: Compatible Engine Version: 4.27.0-17155196+++UE4+Release-4.27
LogInit: Net CL: 17155196
LogInit: OS: Windows 10 (Release 2009) (), CPU: AMD Ryzen 5 3600 6-Core Processor              , GPU: Radeon RX 580 Series
LogInit: Compiled (64-bit): Nov 30 2021 07:12:08
LogInit: Compiled with Visual C++: 19.24.28315.00
LogInit: Build Configuration: Development
LogInit: Branch Name: ++UE4+Release-4.27
LogInit: Command Line: 
LogInit: Base Directory: D:/epic games/UE_4.27/Engine/Binaries/Win64/
LogInit: Allocator: TBB
LogInit: Installed Engine Build: 1
LogDevObjectVersion: Number of dev versions registered: 29
LogDevObjectVersion:   Dev-Blueprints (B0D832E4-1F89-4F0D-ACCF-7EB736FD4AA2): 10
LogDevObjectVersion:   Dev-Build (E1C64328-A22C-4D53-A36C-8E866417BD8C): 0
LogDevObjectVersion:   Dev-Core (375EC13C-06E4-48FB-B500-84F0262A717E): 4
LogDevObjectVersion:   Dev-Editor (E4B068ED-F494-42E9-A231-DA0B2E46BB41): 40
LogDevObjectVersion:   Dev-Framework (CFFC743F-43B0-4480-9391-14DF171D2073): 37
LogDevObjectVersion:   Dev-Mobile (B02B49B5-BB20-44E9-A304-32B752E40360): 3
LogDevObjectVersion:   Dev-Networking (A4E4105C-59A1-49B5-A7C5-40C4547EDFEE): 0
LogDevObjectVersion:   Dev-Online (39C831C9-5AE6-47DC-9A44-9C173E1C8E7C): 0
LogDevObjectVersion:   Dev-Physics (78F01B33-EBEA-4F98-B9B4-84EACCB95AA2): 14
LogDevObjectVersion:   Dev-Platform (6631380F-2D4D-43E0-8009-CF276956A95A): 0
LogDevObjectVersion:   Dev-Rendering (12F88B9F-8875-4AFC-A67C-D90C383ABD29): 45
LogDevObjectVersion:   Dev-Sequencer (7B5AE74C-D270-4C10-A958-57980B212A5A): 13
LogDevObjectVersion:   Dev-VR (D7296918-1DD6-4BDD-9DE2-64A83CC13884): 3
LogDevObjectVersion:   Dev-LoadTimes (C2A15278-BFE7-4AFE-6C17-90FF531DF755): 1
LogDevObjectVersion:   Private-Geometry (6EACA3D4-40EC-4CC1-B786-8BED09428FC5): 3
LogDevObjectVersion:   Dev-AnimPhys (29E575DD-E0A3-4627-9D10-D276232CDCEA): 17
LogDevObjectVersion:   Dev-Anim (AF43A65D-7FD3-4947-9873-3E8ED9C1BB05): 15
LogDevObjectVersion:   Dev-ReflectionCapture (6B266CEC-1EC7-4B8F-A30B-E4D90942FC07): 1
LogDevObjectVersion:   Dev-Automation (0DF73D61-A23F-47EA-B727-89E90C41499A): 1
LogDevObjectVersion:   FortniteMain (601D1886-AC64-4F84-AA16-D3DE0DEAC7D6): 47
LogDevObjectVersion:   FortniteRelease (E7086368-6B23-4C58-8439-1B7016265E91): 1
LogDevObjectVersion:   Dev-Enterprise (9DFFBCD6-494F-0158-E221-12823C92A888): 10
LogDevObjectVersion:   Dev-Niagara (F2AED0AC-9AFE-416F-8664-AA7FFA26D6FC): 1
LogDevObjectVersion:   Dev-Destruction (174F1F0B-B4C6-45A5-B13F-2EE8D0FB917D): 10
LogDevObjectVersion:   Dev-Physics-Ext (35F94A83-E258-406C-A318-09F59610247C): 41
LogDevObjectVersion:   Dev-PhysicsMaterial-Chaos (B68FC16E-8B1B-42E2-B453-215C058844FE): 1
LogDevObjectVersion:   Dev-CineCamera (B2E18506-4273-CFC2-A54E-F4BB758BBA07): 1
LogDevObjectVersion:   Dev-VirtualProduction (64F58936-FD1B-42BA-BA96-7289D5D0FA4E): 1
LogDevObjectVersion:   Dev-MediaFramework (6F0ED827-A609-4895-9C91-998D90180EA4): 2
LogInit: Presizing for max 25165824 objects, including 0 objects not considered by GC, pre-allocating 0 bytes for permanent pool.
LogConfig: Applying CVar settings from Section [/Script/Engine.StreamingSettings] File [D:/Courtlands Personal Games/GitHubRep/GGJ2023/GGJ2023/Saved/Config/Windows/Engine.ini]
LogConfig: Setting CVar [[s.MinBulkDataSizeForAsyncLoading:131072]]
LogConfig: Setting CVar [[s.AsyncLoadingThreadEnabled:0]]
LogConfig: Setting CVar [[s.EventDrivenLoaderEnabled:1]]
LogConfig: Setting CVar [[s.WarnIfTimeLimitExceeded:0]]
LogConfig: Setting CVar [[s.TimeLimitExceededMultiplier:1.5]]
LogConfig: Setting CVar [[s.TimeLimitExceededMinTime:0.005]]
LogConfig: Setting CVar [[s.UseBackgroundLevelStreaming:1]]
LogConfig: Setting CVar [[s.PriorityAsyncLoadingExtraTime:15.0]]
LogConfig: Setting CVar [[s.LevelStreamingActorsUpdateTimeLimit:5.0]]
LogConfig: Setting CVar [[s.PriorityLevelStreamingActorsUpdateExtraTime:5.0]]
LogConfig: Setting CVar [[s.LevelStreamingComponentsRegistrationGranularity:10]]
LogConfig: Setting CVar [[s.UnregisterComponentsTimeLimit:1.0]]
LogConfig: Setting CVar [[s.LevelStreamingComponentsUnregistrationGranularity:5]]
LogConfig: Setting CVar [[s.FlushStreamingOnExit:1]]
LogInit: Object subsystem initialized
LogConfig: Setting CVar [[con.DebugEarlyDefault:1]]
LogConfig: Setting CVar [[r.setres:1280x720]]
[2023.02.01-02.09.23:679][  0]LogConfig: Setting CVar [[r.VSync:0]]
[2023.02.01-02.09.23:679][  0]LogConfig: Setting CVar [[r.RHICmdBypass:0]]
[2023.02.01-02.09.23:679][  0]LogConfig: Applying CVar settings from Section [/Script/Engine.RendererSettings] File [D:/Courtlands Personal Games/GitHubRep/GGJ2023/GGJ2023/Saved/Config/Windows/Engine.ini]
[2023.02.01-02.09.23:679][  0]LogConfig: Setting CVar [[r.GPUCrashDebugging:0]]
[2023.02.01-02.09.23:679][  0]LogConfig: Applying CVar settings from Section [/Script/Engine.RendererOverrideSettings] File [D:/Courtlands Personal Games/GitHubRep/GGJ2023/GGJ2023/Saved/Config/Windows/Engine.ini]
[2023.02.01-02.09.23:679][  0]LogConfig: Applying CVar settings from Section [/Script/Engine.StreamingSettings] File [D:/Courtlands Personal Games/GitHubRep/GGJ2023/GGJ2023/Saved/Config/Windows/Engine.ini]
[2023.02.01-02.09.23:679][  0]LogConfig: Setting CVar [[s.MinBulkDataSizeForAsyncLoading:131072]]
[2023.02.01-02.09.23:679][  0]LogConfig: Setting CVar [[s.AsyncLoadingThreadEnabled:0]]
[2023.02.01-02.09.23:679][  0]LogConfig: Setting CVar [[s.EventDrivenLoaderEnabled:1]]
[2023.02.01-02.09.23:679][  0]LogConfig: Setting CVar [[s.WarnIfTimeLimitExceeded:0]]
[2023.02.01-02.09.23:679][  0]LogConfig: Setting CVar [[s.TimeLimitExceededMultiplier:1.5]]
[2023.02.01-02.09.23:679][  0]LogConfig: Setting CVar [[s.TimeLimitExceededMinTime:0.005]]
[2023.02.01-02.09.23:679][  0]LogConfig: Setting CVar [[s.UseBackgroundLevelStreaming:1]]
[2023.02.01-02.09.23:679][  0]LogConfig: Setting CVar [[s.PriorityAsyncLoadingExtraTime:15.0]]
[2023.02.01-02.09.23:679][  0]LogConfig: Setting CVar [[s.LevelStreamingActorsUpdateTimeLimit:5.0]]
[2023.02.01-02.09.23:679][  0]LogConfig: Setting CVar [[s.PriorityLevelStreamingActorsUpdateExtraTime:5.0]]
[2023.02.01-02.09.23:679][  0]LogConfig: Setting CVar [[s.LevelStreamingComponentsRegistrationGranularity:10]]
[2023.02.01-02.09.23:679][  0]LogConfig: Setting CVar [[s.UnregisterComponentsTimeLimit:1.0]]
[2023.02.01-02.09.23:679][  0]LogConfig: Setting CVar [[s.LevelStreamingComponentsUnregistrationGranularity:5]]
[2023.02.01-02.09.23:679][  0]LogConfig: Setting CVar [[s.FlushStreamingOnExit:1]]
[2023.02.01-02.09.23:679][  0]LogConfig: Applying CVar settings from Section [/Script/Engine.GarbageCollectionSettings] File [D:/Courtlands Personal Games/GitHubRep/GGJ2023/GGJ2023/Saved/Config/Windows/Engine.ini]
[2023.02.01-02.09.23:679][  0]LogConfig: Setting CVar [[gc.MaxObjectsNotConsideredByGC:1]]
[2023.02.01-02.09.23:679][  0]LogConfig: Setting CVar [[gc.SizeOfPermanentObjectPool:0]]
[2023.02.01-02.09.23:679][  0]LogConfig: Setting CVar [[gc.FlushStreamingOnGC:0]]
[2023.02.01-02.09.23:679][  0]LogConfig: Setting CVar [[gc.NumRetriesBeforeForcingGC:10]]
[2023.02.01-02.09.23:679][  0]LogConfig: Setting CVar [[gc.AllowParallelGC:1]]
[2023.02.01-02.09.23:679][  0]LogConfig: Setting CVar [[gc.TimeBetweenPurgingPendingKillObjects:61.1]]
[2023.02.01-02.09.23:679][  0]LogConfig: Setting CVar [[gc.MaxObjectsInEditor:25165824]]
[2023.02.01-02.09.23:679][  0]LogConfig: Setting CVar [[gc.IncrementalBeginDestroyEnabled:1]]
[2023.02.01-02.09.23:679][  0]LogConfig: Setting CVar [[gc.CreateGCClusters:1]]
[2023.02.01-02.09.23:679][  0]LogConfig: Setting CVar [[gc.MinGCClusterSize:5]]
[2023.02.01-02.09.23:679][  0]LogConfig: Setting CVar [[gc.ActorClusteringEnabled:0]]
[2023.02.01-02.09.23:679][  0]LogConfig: Setting CVar [[gc.BlueprintClusteringEnabled:0]]
[2023.02.01-02.09.23:679][  0]LogConfig: Setting CVar [[gc.UseDisregardForGCOnDedicatedServers:0]]
[2023.02.01-02.09.23:679][  0]LogConfig: Setting CVar [[gc.MultithreadedDestructionEnabled:1]]
[2023.02.01-02.09.23:679][  0]LogConfig: Applying CVar settings from Section [/Script/Engine.NetworkSettings] File [D:/Courtlands Personal Games/GitHubRep/GGJ2023/GGJ2023/Saved/Config/Windows/Engine.ini]
[2023.02.01-02.09.23:679][  0]LogConfig: Applying CVar settings from Section [/Script/UnrealEd.CookerSettings] File [D:/Courtlands Personal Games/GitHubRep/GGJ2023/GGJ2023/Saved/Config/Windows/Engine.ini]
[2023.02.01-02.09.23:695][  0]LogConfig: Applying CVar settings from Section [ViewDistanceQuality@3] File [D:/Courtlands Personal Games/GitHubRep/GGJ2023/GGJ2023/Saved/Config/Windows/Scalability.ini]
[2023.02.01-02.09.23:695][  0]LogConfig: Setting CVar [[r.SkeletalMeshLODBias:0]]
[2023.02.01-02.09.23:695][  0]LogConfig: Setting CVar [[r.ViewDistanceScale:1.0]]
[2023.02.01-02.09.23:695][  0]LogConfig: Applying CVar settings from Section [AntiAliasingQuality@3] File [D:/Courtlands Personal Games/GitHubRep/GGJ2023/GGJ2023/Saved/Config/Windows/Scalability.ini]
[2023.02.01-02.09.23:695][  0]LogConfig: Setting CVar [[r.PostProcessAAQuality:4]]
[2023.02.01-02.09.23:695][  0]LogConfig: Applying CVar settings from Section [ShadowQuality@3] File [D:/Courtlands Personal Games/GitHubRep/GGJ2023/GGJ2023/Saved/Config/Windows/Scalability.ini]
[2023.02.01-02.09.23:695][  0]LogConfig: Setting CVar [[r.LightFunctionQuality:1]]
[2023.02.01-02.09.23:695][  0]LogConfig: Setting CVar [[r.ShadowQuality:5]]
[2023.02.01-02.09.23:695][  0]LogConfig: Setting CVar [[r.Shadow.CSM.MaxCascades:10]]
[2023.02.01-02.09.23:695][  0]LogConfig: Setting CVar [[r.Shadow.MaxResolution:2048]]
[2023.02.01-02.09.23:695][  0]LogConfig: Setting CVar [[r.Shadow.MaxCSMResolution:2048]]
[2023.02.01-02.09.23:695][  0]LogConfig: Setting CVar [[r.Shadow.RadiusThreshold:0.01]]
[2023.02.01-02.09.23:695][  0]LogConfig: Setting CVar [[r.Shadow.DistanceScale:1.0]]
[2023.02.01-02.09.23:695][  0]LogConfig: Setting CVar [[r.Shadow.CSM.TransitionScale:1.0]]
[2023.02.01-02.09.23:695][  0]LogConfig: Setting CVar [[r.Shadow.PreShadowResolutionFactor:1.0]]
[2023.02.01-02.09.23:695][  0]LogConfig: Setting CVar [[r.DistanceFieldShadowing:1]]
[2023.02.01-02.09.23:695][  0]LogConfig: Setting CVar [[r.DistanceFieldAO:1]]
[2023.02.01-02.09.23:696][  0]LogConfig: Setting CVar [[r.AOQuality:2]]
[2023.02.01-02.09.23:696][  0]LogConfig: Setting CVar [[r.VolumetricFog:1]]
[2023.02.01-02.09.23:696][  0]LogConfig: Setting CVar [[r.VolumetricFog.GridPixelSize:8]]
[2023.02.01-02.09.23:696][  0]LogConfig: Setting CVar [[r.VolumetricFog.GridSizeZ:128]]
[2023.02.01-02.09.23:696][  0]LogConfig: Setting CVar [[r.VolumetricFog.HistoryMissSupersampleCount:4]]
[2023.02.01-02.09.23:696][  0]LogConfig: Setting CVar [[r.LightMaxDrawDistanceScale:1]]
[2023.02.01-02.09.23:696][  0]LogConfig: Setting CVar [[r.CapsuleShadows:1]]
[2023.02.01-02.09.23:696][  0]LogConfig: Applying CVar settings from Section [PostProcessQuality@3] File [D:/Courtlands Personal Games/GitHubRep/GGJ2023/GGJ2023/Saved/Config/Windows/Scalability.ini]
[2023.02.01-02.09.23:696][  0]LogConfig: Setting CVar [[r.MotionBlurQuality:4]]
[2023.02.01-02.09.23:696][  0]LogConfig: Setting CVar [[r.AmbientOcclusionMipLevelFactor:0.4]]
[2023.02.01-02.09.23:696][  0]LogConfig: Setting CVar [[r.AmbientOcclusionMaxQuality:100]]
[2023.02.01-02.09.23:696][  0]LogConfig: Setting CVar [[r.AmbientOcclusionLevels:-1]]
[2023.02.01-02.09.23:696][  0]LogConfig: Setting CVar [[r.AmbientOcclusionRadiusScale:1.0]]
[2023.02.01-02.09.23:696][  0]LogConfig: Setting CVar [[r.DepthOfFieldQuality:2]]
[2023.02.01-02.09.23:696][  0]LogConfig: Setting CVar [[r.RenderTargetPoolMin:400]]
[2023.02.01-02.09.23:696][  0]LogConfig: Setting CVar [[r.LensFlareQuality:2]]
[2023.02.01-02.09.23:696][  0]LogConfig: Setting CVar [[r.SceneColorFringeQuality:1]]
[2023.02.01-02.09.23:696][  0]LogConfig: Setting CVar [[r.EyeAdaptationQuality:2]]
[2023.02.01-02.09.23:696][  0]LogConfig: Setting CVar [[r.BloomQuality:5]]
[2023.02.01-02.09.23:696][  0]LogConfig: Setting CVar [[r.FastBlurThreshold:100]]
[2023.02.01-02.09.23:696][  0]LogConfig: Setting CVar [[r.Upscale.Quality:3]]
[2023.02.01-02.09.23:696][  0]LogConfig: Setting CVar [[r.Tonemapper.GrainQuantization:1]]
[2023.02.01-02.09.23:696][  0]LogConfig: Setting CVar [[r.LightShaftQuality:1]]
[2023.02.01-02.09.23:696][  0]LogConfig: Setting CVar [[r.Filter.SizeScale:1]]
[2023.02.01-02.09.23:696][  0]LogConfig: Setting CVar [[r.Tonemapper.Quality:5]]
[2023.02.01-02.09.23:696][  0]LogConfig: Setting CVar [[r.DOF.Gather.AccumulatorQuality:1        ; higher gathering accumulator quality]]
[2023.02.01-02.09.23:696][  0]LogConfig: Setting CVar [[r.DOF.Gather.PostfilterMethod:1          ; Median3x3 postfilering method]]
[2023.02.01-02.09.23:696][  0]LogConfig: Setting CVar [[r.DOF.Gather.EnableBokehSettings:0       ; no bokeh simulation when gathering]]
[2023.02.01-02.09.23:696][  0]LogConfig: Setting CVar [[r.DOF.Gather.RingCount:4                 ; medium number of samples when gathering]]
[2023.02.01-02.09.23:696][  0]LogConfig: Setting CVar [[r.DOF.Scatter.ForegroundCompositing:1    ; additive foreground scattering]]
[2023.02.01-02.09.23:696][  0]LogConfig: Setting CVar [[r.DOF.Scatter.BackgroundCompositing:2    ; additive background scattering]]
[2023.02.01-02.09.23:696][  0]LogConfig: Setting CVar [[r.DOF.Scatter.EnableBokehSettings:1      ; bokeh simulation when scattering]]
[2023.02.01-02.09.23:696][  0]LogConfig: Setting CVar [[r.DOF.Scatter.MaxSpriteRatio:0.1         ; only a maximum of 10% of scattered bokeh]]
[2023.02.01-02.09.23:696][  0]LogConfig: Setting CVar [[r.DOF.Recombine.Quality:1                ; cheap slight out of focus]]
[2023.02.01-02.09.23:696][  0]LogConfig: Setting CVar [[r.DOF.Recombine.EnableBokehSettings:0    ; no bokeh simulation on slight out of focus]]
[2023.02.01-02.09.23:696][  0]LogConfig: Setting CVar [[r.DOF.TemporalAAQuality:1                ; more stable temporal accumulation]]
[2023.02.01-02.09.23:696][  0]LogConfig: Setting CVar [[r.DOF.Kernel.MaxForegroundRadius:0.025]]
[2023.02.01-02.09.23:696][  0]LogConfig: Setting CVar [[r.DOF.Kernel.MaxBackgroundRadius:0.025]]
[2023.02.01-02.09.23:696][  0]LogConfig: Applying CVar settings from Section [TextureQuality@3] File [D:/Courtlands Personal Games/GitHubRep/GGJ2023/GGJ2023/Saved/Config/Windows/Scalability.ini]
[2023.02.01-02.09.23:696][  0]LogConfig: Setting CVar [[r.Streaming.MipBias:0]]
[2023.02.01-02.09.23:696][  0]LogConfig: Setting CVar [[r.Streaming.AmortizeCPUToGPUCopy:0]]
[2023.02.01-02.09.23:696][  0]LogConfig: Setting CVar [[r.Streaming.MaxNumTexturesToStreamPerFrame:0]]
[2023.02.01-02.09.23:696][  0]LogConfig: Setting CVar [[r.Streaming.Boost:1]]
[2023.02.01-02.09.23:696][  0]LogConfig: Setting CVar [[r.MaxAnisotropy:8]]
[2023.02.01-02.09.23:696][  0]LogConfig: Setting CVar [[r.VT.MaxAnisotropy:8]]
[2023.02.01-02.09.23:696][  0]LogConfig: Setting CVar [[r.Streaming.LimitPoolSizeToVRAM:0]]
[2023.02.01-02.09.23:696][  0]LogConfig: Setting CVar [[r.Streaming.PoolSize:1000]]
[2023.02.01-02.09.23:696][  0]LogConfig: Setting CVar [[r.Streaming.MaxEffectiveScreenSize:0]]
[2023.02.01-02.09.23:696][  0]LogConfig: Applying CVar settings from Section [EffectsQuality@3] File [D:/Courtlands Personal Games/GitHubRep/GGJ2023/GGJ2023/Saved/Config/Windows/Scalability.ini]
[2023.02.01-02.09.23:696][  0]LogConfig: Setting CVar [[r.TranslucencyLightingVolumeDim:64]]
[2023.02.01-02.09.23:696][  0]LogConfig: Setting CVar [[r.RefractionQuality:2]]
[2023.02.01-02.09.23:696][  0]LogConfig: Setting CVar [[r.SSR.Quality:3]]
[2023.02.01-02.09.23:696][  0]LogConfig: Setting CVar [[r.SSR.HalfResSceneColor:0]]
[2023.02.01-02.09.23:696][  0]LogConfig: Setting CVar [[r.SceneColorFormat:4]]
[2023.02.01-02.09.23:696][  0]LogConfig: Setting CVar [[r.DetailMode:2]]
[2023.02.01-02.09.23:696][  0]LogConfig: Setting CVar [[r.TranslucencyVolumeBlur:1]]
[2023.02.01-02.09.23:696][  0]LogConfig: Setting CVar [[r.MaterialQualityLevel:1 ; High quality]]
[2023.02.01-02.09.23:696][  0]LogConfig: Setting CVar [[r.AnisotropicMaterials:1]]
[2023.02.01-02.09.23:696][  0]LogConfig: Setting CVar [[r.SSS.Scale:1]]
[2023.02.01-02.09.23:696][  0]LogConfig: Setting CVar [[r.SSS.SampleSet:2]]
[2023.02.01-02.09.23:696][  0]LogConfig: Setting CVar [[r.SSS.Quality:1]]
[2023.02.01-02.09.23:696][  0]LogConfig: Setting CVar [[r.SSS.HalfRes:0]]
[2023.02.01-02.09.23:696][  0]LogConfig: Setting CVar [[r.SSGI.Quality:3]]
[2023.02.01-02.09.23:696][  0]LogConfig: Setting CVar [[r.EmitterSpawnRateScale:1.0]]
[2023.02.01-02.09.23:696][  0]LogConfig: Setting CVar [[r.ParticleLightQuality:2]]
[2023.02.01-02.09.23:696][  0]LogConfig: Setting CVar [[r.SkyAtmosphere.AerialPerspectiveLUT.FastApplyOnOpaque:1 ; Always have FastSkyLUT 1 in this case to avoid wrong sky]]
[2023.02.01-02.09.23:696][  0]LogConfig: Setting CVar [[r.SkyAtmosphere.AerialPerspectiveLUT.SampleCountMaxPerSlice:4]]
[2023.02.01-02.09.23:696][  0]LogConfig: Setting CVar [[r.SkyAtmosphere.AerialPerspectiveLUT.DepthResolution:16.0]]
[2023.02.01-02.09.23:696][  0]LogConfig: Setting CVar [[r.SkyAtmosphere.FastSkyLUT:1]]
[2023.02.01-02.09.23:696][  0]LogConfig: Setting CVar [[r.SkyAtmosphere.FastSkyLUT.SampleCountMin:4.0]]
[2023.02.01-02.09.23:696][  0]LogConfig: Setting CVar [[r.SkyAtmosphere.FastSkyLUT.SampleCountMax:128.0]]
[2023.02.01-02.09.23:696][  0]LogConfig: Setting CVar [[r.SkyAtmosphere.SampleCountMin:4.0]]
[2023.02.01-02.09.23:696][  0]LogConfig: Setting CVar [[r.SkyAtmosphere.SampleCountMax:128.0]]
[2023.02.01-02.09.23:696][  0]LogConfig: Setting CVar [[r.SkyAtmosphere.TransmittanceLUT.UseSmallFormat:0]]
[2023.02.01-02.09.23:696][  0]LogConfig: Setting CVar [[r.SkyAtmosphere.TransmittanceLUT.SampleCount:10.0]]
[2023.02.01-02.09.23:696][  0]LogConfig: Setting CVar [[r.SkyAtmosphere.MultiScatteringLUT.SampleCount:15.0]]
[2023.02.01-02.09.23:696][  0]LogConfig: Setting CVar [[r.SkyLight.RealTimeReflectionCapture:1]]
[2023.02.01-02.09.23:696][  0]LogConfig: Applying CVar settings from Section [FoliageQuality@3] File [D:/Courtlands Personal Games/GitHubRep/GGJ2023/GGJ2023/Saved/Config/Windows/Scalability.ini]
[2023.02.01-02.09.23:696][  0]LogConfig: Setting CVar [[foliage.DensityScale:1.0]]
[2023.02.01-02.09.23:696][  0]LogConfig: Setting CVar [[grass.DensityScale:1.0]]
[2023.02.01-02.09.23:696][  0]LogConfig: Applying CVar settings from Section [ShadingQuality@3] File [D:/Courtlands Personal Games/GitHubRep/GGJ2023/GGJ2023/Saved/Config/Windows/Scalability.ini]
[2023.02.01-02.09.23:696][  0]LogConfig: Setting CVar [[r.HairStrands.SkyLighting.IntegrationType:2]]
[2023.02.01-02.09.23:696][  0]LogConfig: Setting CVar [[r.HairStrands.SkyAO.SampleCount:4]]
[2023.02.01-02.09.23:696][  0]LogConfig: Setting CVar [[r.HairStrands.Visibility.MSAA.SamplePerPixel:4]]
[2023.02.01-02.09.23:696][  0]LogInit: Selected Device Profile: [Windows]
[2023.02.01-02.09.23:696][  0]LogInit: Applying CVar settings loaded from the selected device profile: [Windows]
[2023.02.01-02.09.23:696][  0]LogHAL: Display: Platform has ~ 24 GB [25716903936 / 34359738368 / 24], which maps to Larger [LargestMinGB=32, LargerMinGB=12, DefaultMinGB=8, SmallerMinGB=6, SmallestMinGB=0)
[2023.02.01-02.09.23:696][  0]LogInit: Going up to parent DeviceProfile []
[2023.02.01-02.09.23:697][  0]LogConfig: Applying CVar settings from Section [ViewDistanceQuality@3] File [D:/Courtlands Personal Games/GitHubRep/GGJ2023/GGJ2023/Saved/Config/Windows/Scalability.ini]
[2023.02.01-02.09.23:697][  0]LogConfig: Setting CVar [[r.SkeletalMeshLODBias:0]]
[2023.02.01-02.09.23:697][  0]LogConfig: Setting CVar [[r.ViewDistanceScale:1.0]]
[2023.02.01-02.09.23:697][  0]LogConfig: Applying CVar settings from Section [AntiAliasingQuality@3] File [D:/Courtlands Personal Games/GitHubRep/GGJ2023/GGJ2023/Saved/Config/Windows/Scalability.ini]
[2023.02.01-02.09.23:697][  0]LogConfig: Setting CVar [[r.PostProcessAAQuality:4]]
[2023.02.01-02.09.23:697][  0]LogConfig: Applying CVar settings from Section [ShadowQuality@3] File [D:/Courtlands Personal Games/GitHubRep/GGJ2023/GGJ2023/Saved/Config/Windows/Scalability.ini]
[2023.02.01-02.09.23:697][  0]LogConfig: Setting CVar [[r.LightFunctionQuality:1]]
[2023.02.01-02.09.23:697][  0]LogConfig: Setting CVar [[r.ShadowQuality:5]]
[2023.02.01-02.09.23:697][  0]LogConfig: Setting CVar [[r.Shadow.CSM.MaxCascades:10]]
[2023.02.01-02.09.23:697][  0]LogConfig: Setting CVar [[r.Shadow.MaxResolution:2048]]
[2023.02.01-02.09.23:697][  0]LogConfig: Setting CVar [[r.Shadow.MaxCSMResolution:2048]]
[2023.02.01-02.09.23:697][  0]LogConfig: Setting CVar [[r.Shadow.RadiusThreshold:0.01]]
[2023.02.01-02.09.23:697][  0]LogConfig: Setting CVar [[r.Shadow.DistanceScale:1.0]]
[2023.02.01-02.09.23:697][  0]LogConfig: Setting CVar [[r.Shadow.CSM.TransitionScale:1.0]]
[2023.02.01-02.09.23:697][  0]LogConfig: Setting CVar [[r.Shadow.PreShadowResolutionFactor:1.0]]
[2023.02.01-02.09.23:697][  0]LogConfig: Setting CVar [[r.DistanceFieldShadowing:1]]
[2023.02.01-02.09.23:697][  0]LogConfig: Setting CVar [[r.DistanceFieldAO:1]]
[2023.02.01-02.09.23:697][  0]LogConfig: Setting CVar [[r.AOQuality:2]]
[2023.02.01-02.09.23:697][  0]LogConfig: Setting CVar [[r.VolumetricFog:1]]
[2023.02.01-02.09.23:697][  0]LogConfig: Setting CVar [[r.VolumetricFog.GridPixelSize:8]]
[2023.02.01-02.09.23:697][  0]LogConfig: Setting CVar [[r.VolumetricFog.GridSizeZ:128]]
[2023.02.01-02.09.23:697][  0]LogConfig: Setting CVar [[r.VolumetricFog.HistoryMissSupersampleCount:4]]
[2023.02.01-02.09.23:697][  0]LogConfig: Setting CVar [[r.LightMaxDrawDistanceScale:1]]
[2023.02.01-02.09.23:697][  0]LogConfig: Setting CVar [[r.CapsuleShadows:1]]
[2023.02.01-02.09.23:697][  0]LogConfig: Applying CVar settings from Section [PostProcessQuality@3] File [D:/Courtlands Personal Games/GitHubRep/GGJ2023/GGJ2023/Saved/Config/Windows/Scalability.ini]
[2023.02.01-02.09.23:697][  0]LogConfig: Setting CVar [[r.MotionBlurQuality:4]]
[2023.02.01-02.09.23:697][  0]LogConfig: Setting CVar [[r.AmbientOcclusionMipLevelFactor:0.4]]
[2023.02.01-02.09.23:697][  0]LogConfig: Setting CVar [[r.AmbientOcclusionMaxQuality:100]]
[2023.02.01-02.09.23:697][  0]LogConfig: Setting CVar [[r.AmbientOcclusionLevels:-1]]
[2023.02.01-02.09.23:697][  0]LogConfig: Setting CVar [[r.AmbientOcclusionRadiusScale:1.0]]
[2023.02.01-02.09.23:697][  0]LogConfig: Setting CVar [[r.DepthOfFieldQuality:2]]
[2023.02.01-02.09.23:697][  0]LogConfig: Setting CVar [[r.RenderTargetPoolMin:400]]
[2023.02.01-02.09.23:697][  0]LogConfig: Setting CVar [[r.LensFlareQuality:2]]
[2023.02.01-02.09.23:697][  0]LogConfig: Setting CVar [[r.SceneColorFringeQuality:1]]
[2023.02.01-02.09.23:697][  0]LogConfig: Setting CVar [[r.EyeAdaptationQuality:2]]
[2023.02.01-02.09.23:697][  0]LogConfig: Setting CVar [[r.BloomQuality:5]]
[2023.02.01-02.09.23:697][  0]LogConfig: Setting CVar [[r.FastBlurThreshold:100]]
[2023.02.01-02.09.23:697][  0]LogConfig: Setting CVar [[r.Upscale.Quality:3]]
[2023.02.01-02.09.23:697][  0]LogConfig: Setting CVar [[r.Tonemapper.GrainQuantization:1]]
[2023.02.01-02.09.23:697][  0]LogConfig: Setting CVar [[r.LightShaftQuality:1]]
[2023.02.01-02.09.23:697][  0]LogConfig: Setting CVar [[r.Filter.SizeScale:1]]
[2023.02.01-02.09.23:697][  0]LogConfig: Setting CVar [[r.Tonemapper.Quality:5]]
[2023.02.01-02.09.23:697][  0]LogConfig: Setting CVar [[r.DOF.Gather.AccumulatorQuality:1        ; higher gathering accumulator quality]]
[2023.02.01-02.09.23:697][  0]LogConfig: Setting CVar [[r.DOF.Gather.PostfilterMethod:1          ; Median3x3 postfilering method]]
[2023.02.01-02.09.23:697][  0]LogConfig: Setting CVar [[r.DOF.Gather.EnableBokehSettings:0       ; no bokeh simulation when gathering]]
[2023.02.01-02.09.23:697][  0]LogConfig: Setting CVar [[r.DOF.Gather.RingCount:4                 ; medium number of samples when gathering]]
[2023.02.01-02.09.23:697][  0]LogConfig: Setting CVar [[r.DOF.Scatter.ForegroundCompositing:1    ; additive foreground scattering]]
[2023.02.01-02.09.23:697][  0]LogConfig: Setting CVar [[r.DOF.Scatter.BackgroundCompositing:2    ; additive background scattering]]
[2023.02.01-02.09.23:697][  0]LogConfig: Setting CVar [[r.DOF.Scatter.EnableBokehSettings:1      ; bokeh simulation when scattering]]
[2023.02.01-02.09.23:697][  0]LogConfig: Setting CVar [[r.DOF.Scatter.MaxSpriteRatio:0.1         ; only a maximum of 10% of scattered bokeh]]
[2023.02.01-02.09.23:697][  0]LogConfig: Setting CVar [[r.DOF.Recombine.Quality:1                ; cheap slight out of focus]]
[2023.02.01-02.09.23:697][  0]LogConfig: Setting CVar [[r.DOF.Recombine.EnableBokehSettings:0    ; no bokeh simulation on slight out of focus]]
[2023.02.01-02.09.23:697][  0]LogConfig: Setting CVar [[r.DOF.TemporalAAQuality:1                ; more stable temporal accumulation]]
[2023.02.01-02.09.23:697][  0]LogConfig: Setting CVar [[r.DOF.Kernel.MaxForegroundRadius:0.025]]
[2023.02.01-02.09.23:697][  0]LogConfig: Setting CVar [[r.DOF.Kernel.MaxBackgroundRadius:0.025]]
[2023.02.01-02.09.23:697][  0]LogConfig: Applying CVar settings from Section [TextureQuality@3] File [D:/Courtlands Personal Games/GitHubRep/GGJ2023/GGJ2023/Saved/Config/Windows/Scalability.ini]
[2023.02.01-02.09.23:697][  0]LogConfig: Setting CVar [[r.Streaming.MipBias:0]]
[2023.02.01-02.09.23:697][  0]LogConfig: Setting CVar [[r.Streaming.AmortizeCPUToGPUCopy:0]]
[2023.02.01-02.09.23:697][  0]LogConfig: Setting CVar [[r.Streaming.MaxNumTexturesToStreamPerFrame:0]]
[2023.02.01-02.09.23:697][  0]LogConfig: Setting CVar [[r.Streaming.Boost:1]]
[2023.02.01-02.09.23:697][  0]LogConfig: Setting CVar [[r.MaxAnisotropy:8]]
[2023.02.01-02.09.23:697][  0]LogConfig: Setting CVar [[r.VT.MaxAnisotropy:8]]
[2023.02.01-02.09.23:697][  0]LogConfig: Setting CVar [[r.Streaming.LimitPoolSizeToVRAM:0]]
[2023.02.01-02.09.23:697][  0]LogConfig: Setting CVar [[r.Streaming.PoolSize:1000]]
[2023.02.01-02.09.23:697][  0]LogConfig: Setting CVar [[r.Streaming.MaxEffectiveScreenSize:0]]
[2023.02.01-02.09.23:697][  0]LogConfig: Applying CVar settings from Section [EffectsQuality@3] File [D:/Courtlands Personal Games/GitHubRep/GGJ2023/GGJ2023/Saved/Config/Windows/Scalability.ini]
[2023.02.01-02.09.23:697][  0]LogConfig: Setting CVar [[r.TranslucencyLightingVolumeDim:64]]
[2023.02.01-02.09.23:697][  0]LogConfig: Setting CVar [[r.RefractionQuality:2]]
[2023.02.01-02.09.23:697][  0]LogConfig: Setting CVar [[r.SSR.Quality:3]]
[2023.02.01-02.09.23:697][  0]LogConfig: Setting CVar [[r.SSR.HalfResSceneColor:0]]
[2023.02.01-02.09.23:697][  0]LogConfig: Setting CVar [[r.SceneColorFormat:4]]
[2023.02.01-02.09.23:697][  0]LogConfig: Setting CVar [[r.DetailMode:2]]
[2023.02.01-02.09.23:697][  0]LogConfig: Setting CVar [[r.TranslucencyVolumeBlur:1]]
[2023.02.01-02.09.23:697][  0]LogConfig: Setting CVar [[r.MaterialQualityLevel:1 ; High quality]]
[2023.02.01-02.09.23:697][  0]LogConfig: Setting CVar [[r.AnisotropicMaterials:1]]
[2023.02.01-02.09.23:697][  0]LogConfig: Setting CVar [[r.SSS.Scale:1]]
[2023.02.01-02.09.23:697][  0]LogConfig: Setting CVar [[r.SSS.SampleSet:2]]
[2023.02.01-02.09.23:697][  0]LogConfig: Setting CVar [[r.SSS.Quality:1]]
[2023.02.01-02.09.23:697][  0]LogConfig: Setting CVar [[r.SSS.HalfRes:0]]
[2023.02.01-02.09.23:697][  0]LogConfig: Setting CVar [[r.SSGI.Quality:3]]
[2023.02.01-02.09.23:697][  0]LogConfig: Setting CVar [[r.EmitterSpawnRateScale:1.0]]
[2023.02.01-02.09.23:697][  0]LogConfig: Setting CVar [[r.ParticleLightQuality:2]]
[2023.02.01-02.09.23:697][  0]LogConfig: Setting CVar [[r.SkyAtmosphere.AerialPerspectiveLUT.FastApplyOnOpaque:1 ; Always have FastSkyLUT 1 in this case to avoid wrong sky]]
[2023.02.01-02.09.23:697][  0]LogConfig: Setting CVar [[r.SkyAtmosphere.AerialPerspectiveLUT.SampleCountMaxPerSlice:4]]
[2023.02.01-02.09.23:697][  0]LogConfig: Setting CVar [[r.SkyAtmosphere.AerialPerspectiveLUT.DepthResolution:16.0]]
[2023.02.01-02.09.23:697][  0]LogConfig: Setting CVar [[r.SkyAtmosphere.FastSkyLUT:1]]
[2023.02.01-02.09.23:697][  0]LogConfig: Setting CVar [[r.SkyAtmosphere.FastSkyLUT.SampleCountMin:4.0]]
[2023.02.01-02.09.23:697][  0]LogConfig: Setting CVar [[r.SkyAtmosphere.FastSkyLUT.SampleCountMax:128.0]]
[2023.02.01-02.09.23:697][  0]LogConfig: Setting CVar [[r.SkyAtmosphere.SampleCountMin:4.0]]
[2023.02.01-02.09.23:697][  0]LogConfig: Setting CVar [[r.SkyAtmosphere.SampleCountMax:128.0]]
[2023.02.01-02.09.23:697][  0]LogConfig: Setting CVar [[r.SkyAtmosphere.TransmittanceLUT.UseSmallFormat:0]]
[2023.02.01-02.09.23:697][  0]LogConfig: Setting CVar [[r.SkyAtmosphere.TransmittanceLUT.SampleCount:10.0]]
[2023.02.01-02.09.23:697][  0]LogConfig: Setting CVar [[r.SkyAtmosphere.MultiScatteringLUT.SampleCount:15.0]]
[2023.02.01-02.09.23:697][  0]LogConfig: Setting CVar [[r.SkyLight.RealTimeReflectionCapture:1]]
[2023.02.01-02.09.23:697][  0]LogConfig: Applying CVar settings from Section [FoliageQuality@3] File [D:/Courtlands Personal Games/GitHubRep/GGJ2023/GGJ2023/Saved/Config/Windows/Scalability.ini]
[2023.02.01-02.09.23:698][  0]LogConfig: Setting CVar [[foliage.DensityScale:1.0]]
[2023.02.01-02.09.23:698][  0]LogConfig: Setting CVar [[grass.DensityScale:1.0]]
[2023.02.01-02.09.23:698][  0]LogConfig: Applying CVar settings from Section [ShadingQuality@3] File [D:/Courtlands Personal Games/GitHubRep/GGJ2023/GGJ2023/Saved/Config/Windows/Scalability.ini]
[2023.02.01-02.09.23:698][  0]LogConfig: Setting CVar [[r.HairStrands.SkyLighting.IntegrationType:2]]
[2023.02.01-02.09.23:698][  0]LogConfig: Setting CVar [[r.HairStrands.SkyAO.SampleCount:4]]
[2023.02.01-02.09.23:698][  0]LogConfig: Setting CVar [[r.HairStrands.Visibility.MSAA.SamplePerPixel:4]]
[2023.02.01-02.09.23:698][  0]LogConfig: Applying CVar settings from Section [Startup] File [../../../Engine/Config/ConsoleVariables.ini]
[2023.02.01-02.09.23:698][  0]LogConfig: Setting CVar [[net.UseAdaptiveNetUpdateFrequency:0]]
[2023.02.01-02.09.23:698][  0]LogConfig: Setting CVar [[p.chaos.AllowCreatePhysxBodies:1]]
[2023.02.01-02.09.23:698][  0]LogConfig: Setting CVar [[fx.SkipVectorVMBackendOptimizations:1]]
[2023.02.01-02.09.23:698][  0]LogConfig: Applying CVar settings from Section [ConsoleVariables] File [D:/Courtlands Personal Games/GitHubRep/GGJ2023/GGJ2023/Saved/Config/Windows/Engine.ini]
[2023.02.01-02.09.23:698][  0]LogConfig: Applying CVar settings from Section [ConsoleVariables] File [D:/Courtlands Personal Games/GitHubRep/GGJ2023/GGJ2023/Saved/Config/Windows/Editor.ini]
[2023.02.01-02.09.23:698][  0]LogInit: Computer: DESKTOP-B1GG6RF
[2023.02.01-02.09.23:698][  0]LogInit: User: Balka
[2023.02.01-02.09.23:698][  0]LogInit: CPU Page size=4096, Cores=6
[2023.02.01-02.09.23:698][  0]LogInit: High frequency timer resolution =10.000000 MHz
[2023.02.01-02.09.23:698][  0]LogMemory: Memory total: Physical=24.0GB (24GB approx)
[2023.02.01-02.09.23:698][  0]LogMemory: Platform Memory Stats for Windows
[2023.02.01-02.09.23:698][  0]LogMemory: Process Physical Memory: 145.27 MB used, 145.27 MB peak
[2023.02.01-02.09.23:698][  0]LogMemory: Process Virtual Memory: 131.80 MB used, 131.80 MB peak
[2023.02.01-02.09.23:698][  0]LogMemory: Physical Memory: 10577.94 MB used,  13947.61 MB free, 24525.55 MB total
[2023.02.01-02.09.23:698][  0]LogMemory: Virtual Memory: 134210320.00 MB used,  7411.49 MB free, 134217728.00 MB total
[2023.02.01-02.09.23:703][  0]LogWindows: WindowsPlatformFeatures enabled
[2023.02.01-02.09.23:732][  0]LogInit: Physics initialised using underlying interface: PhysX
[2023.02.01-02.09.23:733][  0]LogInit: Using OS detected language (en-US).
[2023.02.01-02.09.23:733][  0]LogInit: Using OS detected locale (en-US).
[2023.02.01-02.09.23:735][  0]LogTextLocalizationManager: No specific localization for 'en-US' exists, so the 'en' localization will be used.
[2023.02.01-02.09.23:972][  0]LogInit: Setting process to per monitor DPI aware
[2023.02.01-02.09.23:986][  0]LogWindowsTextInputMethodSystem: Display: IME system deactivated.
[2023.02.01-02.09.24:003][  0]LogSlate: New Slate User Created.  User Index 0, Is Virtual User: 0
[2023.02.01-02.09.24:003][  0]LogSlate: Slate User Registered.  User Index 0, Is Virtual User: 0
[2023.02.01-02.09.24:196][  0]LogD3D11RHI: Loaded GFSDK_Aftermath_Lib.x64.dll
[2023.02.01-02.09.29:738][  0]LogHMD: Failed to initialize OpenVR with code 108
[2023.02.01-02.09.29:739][  0]LogD3D11RHI: D3D11 min allowed feature level: 11_0
[2023.02.01-02.09.29:739][  0]LogD3D11RHI: D3D11 max allowed feature level: 11_0
[2023.02.01-02.09.29:739][  0]LogD3D11RHI: D3D11 adapters:
[2023.02.01-02.09.29:787][  0]LogD3D11RHI:    0. 'Radeon RX 580 Series' (Feature Level 11_0)
[2023.02.01-02.09.29:787][  0]LogD3D11RHI:       8170/0/12262 MB DedicatedVideo/DedicatedSystem/SharedSystem, Outputs:1, VendorId:0x1002
[2023.02.01-02.09.29:788][  0]LogD3D11RHI:    1. 'Microsoft Basic Render Driver' (Feature Level 11_0)
[2023.02.01-02.09.29:789][  0]LogD3D11RHI:       0/0/12262 MB DedicatedVideo/DedicatedSystem/SharedSystem, Outputs:0, VendorId:0x1414
[2023.02.01-02.09.29:789][  0]LogD3D11RHI: Chosen D3D11 Adapter:
[2023.02.01-02.09.29:789][  0]LogD3D11RHI:     Description : Radeon RX 580 Series
[2023.02.01-02.09.29:789][  0]LogD3D11RHI:     VendorId    : 1002
[2023.02.01-02.09.29:789][  0]LogD3D11RHI:     DeviceId    : 67df
[2023.02.01-02.09.29:789][  0]LogD3D11RHI:     SubSysId    : c5801682
[2023.02.01-02.09.29:789][  0]LogD3D11RHI:     Revision    : 00e7
[2023.02.01-02.09.29:789][  0]LogD3D11RHI:     DedicatedVideoMemory : 8567902208 bytes
[2023.02.01-02.09.29:789][  0]LogD3D11RHI:     DedicatedSystemMemory : 0 bytes
[2023.02.01-02.09.29:789][  0]LogD3D11RHI:     SharedSystemMemory : 12858451968 bytes
[2023.02.01-02.09.29:789][  0]LogD3D11RHI:     AdapterLuid : 0 69822
[2023.02.01-02.09.29:799][  0]LogD3D11RHI: Creating new Direct3DDevice
[2023.02.01-02.09.29:799][  0]LogD3D11RHI:     GPU DeviceId: 0x67df (for the marketing name, search the web for "GPU Device Id")
[2023.02.01-02.09.29:799][  0]LogWindows: EnumDisplayDevices:
[2023.02.01-02.09.29:799][  0]LogWindows:    0. 'Radeon RX 580 Series' (P:1 D:1)
[2023.02.01-02.09.29:800][  0]LogWindows:    1. 'Radeon RX 580 Series' (P:0 D:0)
[2023.02.01-02.09.29:800][  0]LogWindows:    2. 'Radeon RX 580 Series' (P:0 D:0)
[2023.02.01-02.09.29:800][  0]LogWindows:    3. 'Radeon RX 580 Series' (P:0 D:0)
[2023.02.01-02.09.29:801][  0]LogWindows:    4. 'Radeon RX 580 Series' (P:0 D:0)
[2023.02.01-02.09.29:801][  0]LogWindows:    5. 'Radeon RX 580 Series' (P:0 D:0)
[2023.02.01-02.09.29:801][  0]LogWindows:    6. 'Radeon RX 580 Series' (P:0 D:0)
[2023.02.01-02.09.29:801][  0]LogWindows: DebugString: FoundDriverCount:7 
[2023.02.01-02.09.29:801][  0]LogD3D11RHI:     Adapter Name: Radeon RX 580 Series
[2023.02.01-02.09.29:801][  0]LogD3D11RHI:   Driver Version: AMD Software: Adrenalin Edition 22.11.2 (internal:31.0.12029.10015, unified:31.0.12029.10015)
[2023.02.01-02.09.29:801][  0]LogD3D11RHI:      Driver Date: 11-30-2022
[2023.02.01-02.09.29:801][  0]LogRHI: Texture pool is 5182 MB (70% of 7402 MB)
[2023.02.01-02.09.29:825][  0]LogD3D11RHI: Creating D3DDevice with AMD AGS, using adapter:
[2023.02.01-02.09.29:825][  0]LogD3D11RHI:     Description : Radeon RX 580 Series
[2023.02.01-02.09.29:825][  0]LogD3D11RHI:     VendorId    : 1002
[2023.02.01-02.09.29:825][  0]LogD3D11RHI:     DeviceId    : 67df
[2023.02.01-02.09.29:825][  0]LogD3D11RHI:     SubSysId    : c5801682
[2023.02.01-02.09.29:825][  0]LogD3D11RHI:     Revision    : 00e7
[2023.02.01-02.09.29:825][  0]LogD3D11RHI:     DedicatedVideoMemory : 8567902208 bytes
[2023.02.01-02.09.29:825][  0]LogD3D11RHI:     DedicatedSystemMemory : 0 bytes
[2023.02.01-02.09.29:825][  0]LogD3D11RHI:     SharedSystemMemory : 12858451968 bytes
[2023.02.01-02.09.29:825][  0]LogD3D11RHI:     AdapterLuid : 0 69822
[2023.02.01-02.09.29:865][  0]LogD3D11RHI: Created device via AGS, feature level 11_0, supported extensions 1fffffbf.
[2023.02.01-02.09.29:865][  0]LogD3D11RHI: RHI has support for 64 bit atomics
[2023.02.01-02.09.29:865][  0]LogD3D11RHI: Async texture creation enabled
[2023.02.01-02.09.29:865][  0]LogD3D11RHI: Array index from any shader is supported
[2023.02.01-02.09.29:878][  0]LogD3D11RHI: GPU Timing Frequency: 25.000000 (Debug: 2 1)
[2023.02.01-02.09.30:166][  0]LogTargetPlatformManager: Display: Loaded TargetPlatform 'AllDesktop'
[2023.02.01-02.09.30:186][  0]LogTargetPlatformManager: Display: Loaded TargetPlatform 'Android'
[2023.02.01-02.09.30:186][  0]LogTargetPlatformManager: Display: Loaded TargetPlatform 'Android_ASTC'
[2023.02.01-02.09.30:186][  0]LogTargetPlatformManager: Display: Loaded TargetPlatform 'Android_DXT'
[2023.02.01-02.09.30:186][  0]LogTargetPlatformManager: Display: Loaded TargetPlatform 'Android_ETC2'
[2023.02.01-02.09.30:186][  0]LogTargetPlatformManager: Display: Loaded TargetPlatform 'AndroidClient'
[2023.02.01-02.09.30:186][  0]LogTargetPlatformManager: Display: Loaded TargetPlatform 'Android_ASTCClient'
[2023.02.01-02.09.30:186][  0]LogTargetPlatformManager: Display: Loaded TargetPlatform 'Android_DXTClient'
[2023.02.01-02.09.30:186][  0]LogTargetPlatformManager: Display: Loaded TargetPlatform 'Android_ETC2Client'
[2023.02.01-02.09.30:186][  0]LogTargetPlatformManager: Display: Loaded TargetPlatform 'Android_Multi'
[2023.02.01-02.09.30:186][  0]LogTargetPlatformManager: Display: Loaded TargetPlatform 'Android_MultiClient'
[2023.02.01-02.09.30:203][  0]LogTargetPlatformManager: Display: Loaded TargetPlatform 'IOSClient'
[2023.02.01-02.09.30:203][  0]LogTargetPlatformManager: Display: Loaded TargetPlatform 'IOS'
[2023.02.01-02.09.30:212][  0]LogTargetPlatformManager: Display: Loaded TargetPlatform 'Linux'
[2023.02.01-02.09.30:217][  0]LogTargetPlatformManager: Display: Loaded TargetPlatform 'LinuxNoEditor'
[2023.02.01-02.09.30:221][  0]LogTargetPlatformManager: Display: Loaded TargetPlatform 'LinuxClient'
[2023.02.01-02.09.30:225][  0]LogTargetPlatformManager: Display: Loaded TargetPlatform 'LinuxServer'
[2023.02.01-02.09.30:236][  0]LogTargetPlatformManager: Display: Loaded TargetPlatform 'LinuxAArch64NoEditor'
[2023.02.01-02.09.30:243][  0]LogTargetPlatformManager: Display: Loaded TargetPlatform 'LinuxAArch64Client'
[2023.02.01-02.09.30:249][  0]LogTargetPlatformManager: Display: Loaded TargetPlatform 'LinuxAArch64Server'
[2023.02.01-02.09.30:277][  0]LogTargetPlatformManager: Display: Loaded TargetPlatform 'Lumin'
[2023.02.01-02.09.30:277][  0]LogTargetPlatformManager: Display: Loaded TargetPlatform 'LuminClient'
[2023.02.01-02.09.30:285][  0]LogTargetPlatformManager: Display: Loaded TargetPlatform 'MacNoEditor'
[2023.02.01-02.09.30:289][  0]LogTargetPlatformManager: Display: Loaded TargetPlatform 'Mac'
[2023.02.01-02.09.30:294][  0]LogTargetPlatformManager: Display: Loaded TargetPlatform 'MacClient'
[2023.02.01-02.09.30:298][  0]LogTargetPlatformManager: Display: Loaded TargetPlatform 'MacServer'
[2023.02.01-02.09.30:307][  0]LogTargetPlatformManager: Display: Loaded TargetPlatform 'TVOSClient'
[2023.02.01-02.09.30:307][  0]LogTargetPlatformManager: Display: Loaded TargetPlatform 'TVOS'
[2023.02.01-02.09.30:315][  0]LogTargetPlatformManager: Display: Loaded TargetPlatform 'WindowsNoEditor'
[2023.02.01-02.09.30:319][  0]LogTargetPlatformManager: Display: Loaded TargetPlatform 'Windows'
[2023.02.01-02.09.30:323][  0]LogTargetPlatformManager: Display: Loaded TargetPlatform 'WindowsClient'
[2023.02.01-02.09.30:328][  0]LogTargetPlatformManager: Display: Loaded TargetPlatform 'WindowsServer'
[2023.02.01-02.09.30:328][  0]LogTargetPlatformManager: Display: Building Assets For Windows
[2023.02.01-02.09.30:335][  0]LogAudioDebug: Display: Lib vorbis DLL was dynamically loaded.
[2023.02.01-02.09.30:362][  0]LogTextureFormatOodle: Display: Oodle Texture 2.9.0 init RDO Off
[2023.02.01-02.09.30:394][  0]LogRendererCore: Ray tracing is disabled. Reason: r.RayTracing=0.
[2023.02.01-02.09.30:394][  0]LogShaderCompilers: Guid format shader working directory is -21 characters bigger than the processId version (../../../../../Courtlands Personal Games/GitHubRep/GGJ2023/GGJ2023/Intermediate/Shaders/WorkingDirectory/34260/).
[2023.02.01-02.09.30:394][  0]LogShaderCompilers: Cleaned the shader compiler working directory 'C:/Users/Balka/AppData/Local/Temp/UnrealShaderWorkingDir/67A67A654A05CDF52F6190B74ED6BB42/'.
[2023.02.01-02.09.30:394][  0]LogXGEController: Cannot use XGE Controller as Incredibuild is not installed on this machine.
[2023.02.01-02.09.30:394][  0]LogShaderCompilers: Cannot use XGE Shader Compiler as Incredibuild is not installed on this machine.
[2023.02.01-02.09.30:394][  0]LogShaderCompilers: Display: Using Local Shader Compiler.
[2023.02.01-02.09.31:056][  0]LogDerivedDataCache: Display: Max Cache Size: 512 MB
[2023.02.01-02.09.31:129][  0]LogDerivedDataCache: Loaded boot cache 0.07s 94MB C:/Users/Balka/AppData/Local/UnrealEngine/4.27/DerivedDataCache/Boot.ddc.
[2023.02.01-02.09.31:129][  0]LogDerivedDataCache: Display: Loaded Boot cache: C:/Users/Balka/AppData/Local/UnrealEngine/4.27/DerivedDataCache/Boot.ddc
[2023.02.01-02.09.31:130][  0]LogDerivedDataCache: FDerivedDataBackendGraph:  Pak pak cache file ../../../../../Courtlands Personal Games/GitHubRep/GGJ2023/GGJ2023/DerivedDataCache/DDC.ddp not found, will not use a pak cache.
[2023.02.01-02.09.31:130][  0]LogDerivedDataCache: Unable to find inner node Pak for hierarchical cache Hierarchy.
[2023.02.01-02.09.31:130][  0]LogDerivedDataCache: FDerivedDataBackendGraph:  CompressedPak pak cache file ../../../../../Courtlands Personal Games/GitHubRep/GGJ2023/GGJ2023/DerivedDataCache/Compressed.ddp not found, will not use a pak cache.
[2023.02.01-02.09.31:130][  0]LogDerivedDataCache: Unable to find inner node CompressedPak for hierarchical cache Hierarchy.
[2023.02.01-02.09.31:147][  0]LogDerivedDataCache: Display: Pak cache opened for reading ../../../Engine/DerivedDataCache/Compressed.ddp.
[2023.02.01-02.09.31:147][  0]LogDerivedDataCache: FDerivedDataBackendGraph:  EnterprisePak pak cache file ../../../Enterprise/DerivedDataCache/Compressed.ddp not found, will not use a pak cache.
[2023.02.01-02.09.31:147][  0]LogDerivedDataCache: Unable to find inner node EnterprisePak for hierarchical cache Hierarchy.
[2023.02.01-02.09.31:154][  0]LogDerivedDataCache: Speed tests for C:/Users/Balka/AppData/Local/UnrealEngine/Common/DerivedDataCache took 0.01 seconds
[2023.02.01-02.09.31:154][  0]LogDerivedDataCache: Display: Performance to C:/Users/Balka/AppData/Local/UnrealEngine/Common/DerivedDataCache: Latency=0.04ms. RandomReadSpeed=1331.93MBs, RandomWriteSpeed=169.58MBs. Assigned SpeedClass 'Local'
[2023.02.01-02.09.31:155][  0]LogDerivedDataCache: Using Local data cache path C:/Users/Balka/AppData/Local/UnrealEngine/Common/DerivedDataCache: Writable
[2023.02.01-02.09.31:155][  0]LogDerivedDataCache: Shared data cache path not found in *engine.ini, will not use an Shared cache.
[2023.02.01-02.09.31:155][  0]LogDerivedDataCache: Unable to find inner node Shared for hierarchical cache Hierarchy.
[2023.02.01-02.09.31:201][  0]LogSlate: Using FreeType 2.10.0
[2023.02.01-02.09.31:201][  0]LogSlate: SlateFontServices - WITH_FREETYPE: 1, WITH_HARFBUZZ: 1
[2023.02.01-02.09.31:227][  0]LogAssetRegistry: FAssetRegistry took 0.0026 seconds to start up
[2023.02.01-02.09.31:446][  0]LogInit: Selected Device Profile: [Windows]
[2023.02.01-02.09.31:446][  0]LogInit: Active device profile: [0000022FB0868900][0000022FB1B10840 49] Windows
[2023.02.01-02.09.31:446][  0]LogInit: Profiles: [0000022FB0868900][0000022FB1B10840 49] Windows, [0000022FB081F800][0000022FAF2B4980 49] WindowsNoEditor, [0000022FB086B500][0000022FB1B2CAC0 49] WindowsServer, [0000022FB081CE00][0000022FB1E94C40 49] WindowsClient, [0000022FB086B800][0000022FB1E98DC0 49] IOS, [0000022FB081E800][0000022FB1E9CF40 49] iPadAir, [0000022FB086A000][0000022FB1EA10C0 49] iPadAir2, [0000022FB07ACA00][0000022FB1EA9380 49] IPadPro, [0000022FB07ACB00][0000022FB1EA53C0 49] iPadAir3, [0000022FB081D900][0000022FB1EAD540 49] iPadAir4, [0000022FB07AF400][0000022FB1F216C0 49] iPadMini2, [0000022FB081EA00][0000022FB1F39840 49] iPadMini3, [0000022FB07AD700][0000022FB1F3D9C0 49] iPadMini4, [0000022FB0869100][0000022FB16C1B40 49] iPadMini5, [0000022FB07D4300][0000022FB16C8280 49] iPhone6, [0000022FB07D4400][0000022FB16C42C0 49] iPodTouch6, [0000022FB07AF600][0000022FB170E580 49] iPhone7, [0000022FB07AD800][0000022FB16CC5C0 49] iPodTouch7, [0000022FB07D7F00][0000022FB1712740 49] iPhone5S, [0000022FB081E200][0000022FB171A8C0 49] iPhone6Plus, [0000022FB07AC200][0000022FB1E90A00 49] iPhone6S, [0000022FB081E400][0000022FB1A82B40 49] iPhone6SPlus, [0000022FB07AFC00][0000022FB1A86C80 49] iPhone7Plus, [0000022FB081C300][0000022FB1A8ADC0 49] iPhoneSE, [0000022FB07AF500][0000022FB1716F40 49] iPhone8, [0000022FB081DE00][0000022FB1A9B0C0 49] iPhone8Plus, [0000022FB07AD100][0000022FB1A9F240 49] iPhoneX, [0000022FB081C400][0000022FA9B3F3C0 49] iPhoneXS, [0000022FB07AD300][0000022FA9B43540 49] iPhoneXSMax, [0000022FB081D400][0000022FA9B476C0 49] iPhoneXR, [0000022FB07AF800][0000022FA9B4B840 49] iPhone11, [0000022FB081EE00][0000022FA9B4F9C0 49] iPhone11Pro, [0000022FB07AF700][0000022FA9B53B40 49] iPhone11ProMax, [0000022FB081CF00][0000022FA9B56140 49] iPhoneSE2, [0000022FB07AEE00][0000022FA9B5A2C0 49] iPhone12Mini, [0000022FB081FC00][0000022FA9B5E440 49] iPhone12, [0000022FB07AE400][0000022FA9B625C0 49] iPhone12Pro, [0000022FB081C700][0000022FB1AE4740 49] iPhone12ProMax, [0000022FB07AE300][0000022FB1AE88C0 49] iPadPro105, [0000022FB081F100][0000022FB1AECA40 49] iPadPro129, [0000022FB07AE200][0000022FB16D0B80 49] iPadPro97, [0000022FB081CB00][0000022FB1AF0CC0 49] iPadPro2_129, [0000022FB07AF200][0000022FB1AF4E00 49] iPad5, [0000022FB081F400][0000022FB1AF8F40 49] iPad6, [0000022FB07AF300][0000022FB1B010C0 49] iPad7, [0000022FB081C200][0000022FB1B05240 49] iPad8, [0000022FB07ADA00][0000022FB1B093C0 49] iPadPro11, [0000022FB081D600][0000022FB1B0D540 49] iPadPro2_11, [0000022FB07ADD00][0000022FB1CCF6C0 49] iPadPro3_129, [0000022FB081F900][0000022FB1CD3840 49] iPadPro4_129, [0000022FB07AF000][0000022FB1CD79C0 49] AppleTV, [0000022FB081FF00][0000022FB1CDBB40 49] AppleTV4K, [0000022FB07AC100][0000022FB1CDE140 49] TVOS, [0000022FB081E500][0000022FB1CE22C0 49] Mac, [0000022FB07AFB00][0000022FB1CE6440 49] MacClient, [0000022FB081DB00][0000022FB1CEA5C0 49] MacNoEditor, [0000022FB07AEC00][0000022FB1CEE740 49] MacServer, [0000022FB081CA00][0000022FB1CF28C0 49] Linux, [0000022FB07AE000][0000022FB1CF6A40 49] LinuxAArch64, [0000022FB081E700][0000022FB1CFABC0 49] LinuxNoEditor, [0000022FB07AE500][0000022FB1CFED40 49] LinuxAArch64NoEditor, [0000022FB081D500][0000022FB1AFCE80 49] LinuxClient, [0000022FB07AF900][0000022FB1D02FC0 49] LinuxAArch64Client, [0000022FB081D700][0000022FB13BB100 49] LinuxServer, [0000022FB07AD900][0000022FB13C3280 49] LinuxAArch64Server, [0000022FB081F700][0000022FB13C7400 49] Android, [0000022FB07AC600][0000022FB13CB580 49] Android_Low, [0000022FB081ED00][0000022FB13CF700 49] Android_Mid, [0000022FB086BA00][0000022FB13D3880 49] Android_High, [0000022FB07D5C00][0000022FB13D7A00 49] Android_Default, [0000022FB086A100][0000022FB13DBB80 49] Android_Adreno4xx, [0000022FB07D6700][0000022FB13DE180 49] Android_Adreno5xx_Low, [0000022FB0868A00][0000022FB13E2300 49] Android_Adreno5xx, [0000022FB07D6D00][0000022FB13E6480 49] Android_Adreno6xx, [0000022FB0869200][0000022FB13EA600 49] Android_Adreno6xx_Vulkan, [0000022FB07D6800][0000022FB13EE780 49] Android_Mali_T6xx, [0000022FB086A600][0000022FB13F2900 49] Android_Mali_T7xx, [0000022FB07D6E00][0000022FB13F6A80 49] Android_Mali_T8xx, [0000022FB086B200][0000022FB13FAC00 49] Android_Mali_G71, [0000022FB07D7C00][0000022FB13FED80 49] Android_Mali_G72, [0000022FB086AA00][0000022FB1402F00 49] Android_Mali_G72_Vulkan, [0000022FB07D5B00][0000022FB13BF040 49] Android_Mali_G76, [0000022FB0869A00][0000022FB1407180 49] Android_Mali_G76_Vulkan, [0000022FB07D6000][0000022FB140B2C0 49] Android_Mali_G77, [0000022FB086AD00][0000022FB1413440 49] Android_Mali_G77_Vulkan, [0000022FB07D7800][0000022FB14175C0 49] Android_Mali_G78, [0000022FB086A800][0000022FB141B740 49] Android_Mali_G78_Vulkan, [0000022FB07D5200][0000022FB141F8C0 49] Android_Mali_G710, [0000022FB0868E00][0000022FB1423A40 49] Android_Mali_G710_Vulkan, [0000022FB07D7500][0000022FB1427BC0 49] Android_Vulkan_SM5, [0000022FB086B400][0000022FB142A1C0 49] Android_PowerVR_G6xxx, [0000022FB07D6C00][0000022FB142E340 49] Android_PowerVR_GT7xxx, [0000022FB086BC00][0000022FB14324C0 49] Android_PowerVR_GE8xxx, [0000022FB07D4E00][0000022FB1436640 49] Android_PowerVR_GM9xxx, [0000022FB0869800][0000022FB143A7C0 49] Android_PowerVR_GM9xxx_Vulkan, [0000022FB07D6400][0000022FB143E940 49] Android_TegraK1, [0000022FB0869000][0000022FB1442AC0 49] Android_Unknown_Vulkan, [0000022FB081FA00][0000022FB1446C40 49] Lumin, [0000022FB0869E00][0000022FB144ADC0 49] Lumin_Desktop, [0000022FB081DC00][0000022FB144EF40 49] HoloLens, 
[2023.02.01-02.09.31:557][  0]LogMeshReduction: Using QuadricMeshReduction for automatic static mesh reduction
[2023.02.01-02.09.31:557][  0]LogMeshReduction: Using SimplygonMeshReduction for automatic skeletal mesh reduction
[2023.02.01-02.09.31:557][  0]LogMeshReduction: Using ProxyLODMeshReduction for automatic mesh merging
[2023.02.01-02.09.31:557][  0]LogMeshReduction: No distributed automatic mesh merging module available
[2023.02.01-02.09.31:557][  0]LogMeshMerging: No distributed automatic mesh merging module available
[2023.02.01-02.09.31:571][  0]LogNetVersion: GGJ2023 1.0.0, NetCL: 17155196, EngineNetVer: 17, GameNetVer: 0 (Checksum: 2262209438)
[2023.02.01-02.09.31:936][  0]LogTexture: Default maximum texture size for cubemaps generated from long-lat sources has been changed from 512 to unlimited. In order to preserve old behaiour for '/Engine/MapTemplates/Sky/DaylightAmbientCubemap.DaylightAmbientCubemap', its maximum texture size has been explicitly set to 512.
[2023.02.01-02.09.31:986][  0]LogHMD: PokeAHoleMaterial loaded successfully
[2023.02.01-02.09.31:992][  0]LogUObjectArray: 17178 objects as part of root set at end of initial load.
[2023.02.01-02.09.31:992][  0]LogUObjectAllocator: 4302048 out of 0 bytes used by permanent object pool.
[2023.02.01-02.09.31:992][  0]LogUObjectArray: CloseDisregardForGC: 0/0 objects in disregard for GC pool
[2023.02.01-02.09.32:237][  0]LogNiagaraDebuggerClient: Niagara Debugger Client Initialized | Session: 3C9C7AC848E87D71A5AE75907B86A6A7 | Instance: 9C5ED10D44EECB15C3604E99DB76431C (DESKTOP-B1GG6RF-34260).
[2023.02.01-02.09.32:271][  0]LogPython: Using Python 3.7.7
[2023.02.01-02.09.32:869][  0]LogUdpMessaging: Initializing bridge on interface 0.0.0.0:0 to multicast group 230.0.0.1:6666.
[2023.02.01-02.09.32:875][  0]LogTcpMessaging: Initializing TcpMessaging bridge
[2023.02.01-02.09.33:001][  0]SourceControl: Source control is disabled
[2023.02.01-02.09.33:001][  0]SourceControl: Source control is disabled
[2023.02.01-02.09.33:004][  0]SourceControl: Source control is disabled
[2023.02.01-02.09.33:007][  0]SourceControl: Source control is disabled
[2023.02.01-02.09.33:015][  0]SourceControl: Source control is disabled
[2023.02.01-02.09.33:020][  0]LogUProjectInfo: Found projects:
[2023.02.01-02.09.33:208][  0]LogOpenImageDenoise: OIDN starting up
[2023.02.01-02.09.33:247][  0]LogAndroidPermission: UAndroidPermissionCallbackProxy::GetInstance
[2023.02.01-02.09.33:266][  0]LogAudioCaptureCore: Display: No Audio Capture implementations found. Audio input will be silent.
[2023.02.01-02.09.33:266][  0]LogAudioCaptureCore: Display: No Audio Capture implementations found. Audio input will be silent.
[2023.02.01-02.09.33:388][  0]LogCollectionManager: Loaded 0 collections in 0.000739 seconds
[2023.02.01-02.09.33:412][  0]LogFileCache: Scanning file cache for directory 'D:/Courtlands Personal Games/GitHubRep/GGJ2023/GGJ2023/Saved/Collections/' took 0.00s
[2023.02.01-02.09.33:412][  0]LogFileCache: Scanning file cache for directory 'D:/Courtlands Personal Games/GitHubRep/GGJ2023/GGJ2023/Content/Developers/Balka/Collections/' took 0.00s
[2023.02.01-02.09.33:412][  0]LogFileCache: Scanning file cache for directory 'D:/Courtlands Personal Games/GitHubRep/GGJ2023/GGJ2023/Content/Collections/' took 0.00s
[2023.02.01-02.09.33:412][  0]LogOcInput: OculusInput pre-init called
[2023.02.01-02.09.33:629][  0]LogEngine: Initializing Engine...
[2023.02.01-02.09.33:713][  0]LogHMD: Failed to initialize OpenVR with code 108
[2023.02.01-02.09.33:727][  0]LogHMD: Optional extension XR_KHR_opengl_enable is not available
[2023.02.01-02.09.33:727][  0]LogHMD: Optional extension XR_KHR_vulkan_enable is not available
[2023.02.01-02.09.33:727][  0]LogHMD: Optional extension XR_VARJO_quad_views is not available
[2023.02.01-02.09.33:732][  0]LogHMD: Failed to get an OpenXR system, result is XR_ERROR_FORM_FACTOR_UNAVAILABLE. Please check that your runtime supports VR headsets.
[2023.02.01-02.09.33:732][  0]LogMagicLeap: Warning: VR disabled because ZI is not enabled.  To enable, in the editor, Edit -> Project Settings -> Plugins -> Magic Leap Plugin -> Enable Zero Iteration
[2023.02.01-02.09.33:733][  0]LogStats: UGameplayTagsManager::InitializeManager -  0.000 s
[2023.02.01-02.09.33:883][  0]LogInit: Initializing FReadOnlyCVARCache
[2023.02.01-02.09.33:890][  0]LogAIModule: Creating AISystem for world Untitled
[2023.02.01-02.09.33:890][  0]LogAudio: Display: Initializing Audio Device Manager...
[2023.02.01-02.09.33:893][  0]LogAudio: Display: Loading Default Audio Settings Objects...
[2023.02.01-02.09.33:893][  0]LogAudio: Display: No default SoundConcurrencyObject specified (or failed to load).
[2023.02.01-02.09.33:894][  0]LogAudio: Display: Audio Device Manager Initialized
[2023.02.01-02.09.33:894][  0]LogAudio: Display: Creating Audio Device:                 Id: 1, Scope: Shared, Realtime: True
[2023.02.01-02.09.33:894][  0]LogAudioMixer: Display: Audio Mixer Platform Settings:
[2023.02.01-02.09.33:894][  0]LogAudioMixer: Display: 	Sample Rate:						  48000
[2023.02.01-02.09.33:894][  0]LogAudioMixer: Display: 	Callback Buffer Frame Size Requested: 1024
[2023.02.01-02.09.33:894][  0]LogAudioMixer: Display: 	Callback Buffer Frame Size To Use:	  1024
[2023.02.01-02.09.33:894][  0]LogAudioMixer: Display: 	Number of buffers to queue:			  2
[2023.02.01-02.09.33:894][  0]LogAudioMixer: Display: 	Max Channels (voices):				  32
[2023.02.01-02.09.33:894][  0]LogAudioMixer: Display: 	Number of Async Source Workers:		  0
[2023.02.01-02.09.33:894][  0]LogAudio: Display: AudioDevice MaxSources: 32
[2023.02.01-02.09.33:894][  0]LogAudio: Display: Audio Spatialization Plugin: None (built-in).
[2023.02.01-02.09.33:894][  0]LogAudio: Display: Audio Reverb Plugin: None (built-in).
[2023.02.01-02.09.33:894][  0]LogAudio: Display: Audio Occlusion Plugin: None (built-in).
[2023.02.01-02.09.33:894][  0]LogAudioMixer: Display: Initializing audio mixer.
[2023.02.01-02.09.33:907][  0]LogAudioMixer: Display: 0: FrontLeft
[2023.02.01-02.09.33:907][  0]LogAudioMixer: Display: 1: FrontRight
[2023.02.01-02.09.33:907][  0]LogAudioMixer: Display: 2: FrontCenter
[2023.02.01-02.09.33:907][  0]LogAudioMixer: Display: 3: LowFrequency
[2023.02.01-02.09.33:907][  0]LogAudioMixer: Display: 4: BackLeft
[2023.02.01-02.09.33:907][  0]LogAudioMixer: Display: 5: BackRight
[2023.02.01-02.09.33:907][  0]LogAudioMixer: Display: 6: SideLeft
[2023.02.01-02.09.33:907][  0]LogAudioMixer: Display: 7: SideRight
[2023.02.01-02.09.34:058][  0]LogAudioMixer: Display: Using Audio Device Headset Earphone (CORSAIR VIRTUOSO SE USB Gaming Headset)
[2023.02.01-02.09.34:059][  0]LogAudioMixer: Display: Initializing Sound Submixes...
[2023.02.01-02.09.34:061][  0]LogAudioMixer: Display: Creating Master Submix 'MasterSubmixDefault'
[2023.02.01-02.09.34:061][  0]LogAudioMixer: Display: Creating Master Submix 'MasterReverbSubmixDefault'
[2023.02.01-02.09.34:062][  0]LogAudioMixer: Display: Creating Master Submix 'MasterEQSubmixDefault'
[2023.02.01-02.09.34:062][  0]LogAudioMixer: FMixerPlatformXAudio2::StartAudioStream() called
[2023.02.01-02.09.34:062][  0]LogAudioMixer: Display: Output buffers initialized: Frames=1024, Channels=8, Samples=8192
[2023.02.01-02.09.34:063][  0]LogAudioMixer: Display: Starting AudioMixerPlatformInterface::RunInternal()
[2023.02.01-02.09.34:063][  0]LogAudioMixer: Display: FMixerPlatformXAudio2::SubmitBuffer() called for the first time
[2023.02.01-02.09.34:063][  0]LogInit: FAudioDevice initialized.
[2023.02.01-02.09.34:063][  0]LogAudio: Display: Audio Device (ID: 1) registered with world 'Untitled'.
[2023.02.01-02.09.34:063][  0]LogNetVersion: Set ProjectVersion to 1.0.0.0. Version Checksum will be recalculated on next use.
[2023.02.01-02.09.34:150][  0]LogDerivedDataCache: Saved boot cache 0.09s 94MB C:/Users/Balka/AppData/Local/UnrealEngine/4.27/DerivedDataCache/Boot.ddc.
[2023.02.01-02.09.34:151][  0]LogInit: Texture streaming: Enabled
[2023.02.01-02.09.34:161][  0]LogAnalytics: Display: [UEEditor.Rocket.Release] APIServer = https://datarouter.ol.epicgames.com/. AppVersion = 4.27.2-18319896+++UE4+Release-4.27
[2023.02.01-02.09.34:165][  0]LogEngineSessionManager: EngineSessionManager initialized
[2023.02.01-02.09.34:165][  0]LogEditorSessionSummary: Verbose: Initializing EditorSessionSummaryWriter for editor session tracking
[2023.02.01-02.09.34:167][  0]LogEditorSessionSummary: EditorSessionSummaryWriter initialized
[2023.02.01-02.09.34:194][  0]LogInit: Transaction tracking system initialized
[2023.02.01-02.09.34:213][  0]BlueprintLog: New page: Editor Load
[2023.02.01-02.09.34:268][  0]LocalizationService: Localization service is disabled
[2023.02.01-02.09.34:287][  0]TimingProfiler: Initialize
[2023.02.01-02.09.34:287][  0]TimingProfiler: OnSessionChanged
[2023.02.01-02.09.34:287][  0]LoadingProfiler: Initialize
[2023.02.01-02.09.34:287][  0]LoadingProfiler: OnSessionChanged
[2023.02.01-02.09.34:287][  0]NetworkingProfiler: Initialize
[2023.02.01-02.09.34:287][  0]NetworkingProfiler: OnSessionChanged
[2023.02.01-02.09.34:287][  0]MemoryProfiler: Initialize
[2023.02.01-02.09.34:287][  0]MemoryProfiler: OnSessionChanged
[2023.02.01-02.09.34:417][  0]LogCook: Display: CookSettings for Memory: MemoryMaxUsedVirtual 0MiB, MemoryMaxUsedPhysical 16384MiB, MemoryMinFreeVirtual 0MiB, MemoryMinFreePhysical 1024MiB
[2023.02.01-02.09.34:417][  0]LogCook: Display: Mobile HDR setting 1
[2023.02.01-02.09.34:582][  0]LogFileCache: Scanning file cache for directory 'D:/Courtlands Personal Games/GitHubRep/GGJ2023/GGJ2023/Content/' took 0.00s
[2023.02.01-02.09.34:746][  0]LogInit: Display: Engine is initialized. Leaving FEngineLoop::Init()
[2023.02.01-02.09.34:749][  0]SourceControl: Source control is disabled
[2023.02.01-02.09.34:749][  0]LogUnrealEdMisc: Loading editor; pre map load, took 12.431
[2023.02.01-02.09.34:749][  0]Cmd: MAP LOAD FILE="../../../../../Courtlands Personal Games/GitHubRep/GGJ2023/GGJ2023/Content/SideScrollerBP/Maps/SideScrollerExampleMap.umap" TEMPLATE=0 SHOWPROGRESS=1 FEATURELEVEL=3
[2023.02.01-02.09.34:749][  0]LightingResults: New page: Lighting Build
[2023.02.01-02.09.34:750][  0]LogWorld: UWorld::CleanupWorld for Untitled, bSessionEnded=true, bCleanupResources=true
[2023.02.01-02.09.34:751][  0]LogSlate: InvalidateAllWidgets triggered.  All widgets were invalidated
[2023.02.01-02.09.34:751][  0]MapCheck: New page: Map Check
[2023.02.01-02.09.34:751][  0]LightingResults: New page: Lighting Build
[2023.02.01-02.09.34:754][  0]LogAudio: Display: Audio Device unregistered from world 'None'.
[2023.02.01-02.09.34:757][  0]LogUObjectHash: Compacting FUObjectHashTables data took   0.84ms
[2023.02.01-02.09.34:919][  0]LogTexture: Display: Building textures: DeprecatedTextureC1866CFF4D79AD66933EBCAE7C741FC8 (BGRA8, 128X128)
[2023.02.01-02.09.35:001][  0]LogAudio: Display: Audio Device (ID: 1) registered with world 'SideScrollerExampleMap'.
[2023.02.01-02.09.35:001][  0]LogAIModule: Creating AISystem for world SideScrollerExampleMap
[2023.02.01-02.09.35:007][  0]LogEditorServer: Finished looking for orphan Actors (0.000 secs)
[2023.02.01-02.09.35:019][  0]LogUObjectHash: Compacting FUObjectHashTables data took   0.95ms
[2023.02.01-02.09.35:020][  0]Cmd: MAP CHECKDEP NOCLEARLOG
[2023.02.01-02.09.35:020][  0]MapCheck: Map check complete: 0 Error(s), 0 Warning(s), took 0.12ms to complete.
[2023.02.01-02.09.35:020][  0]LogFileHelpers: Loading map 'SideScrollerExampleMap' took 0.272
[2023.02.01-02.09.35:022][  0]LogUnrealEdMisc: Total Editor Startup Time, took 12.705
[2023.02.01-02.09.35:417][  0]LogSlate: Only BGRA pngs, bmps or icos are supported in by External Image Picker
[2023.02.01-02.09.35:495][  0]LogSlate: Updating window title bar state: overlay mode, drag disabled, window buttons hidden, title bar hidden
[2023.02.01-02.09.35:501][  0]LogSlate: Updating window title bar state: overlay mode, drag disabled, window buttons hidden, title bar hidden
[2023.02.01-02.09.35:507][  0]LogSlate: Updating window title bar state: overlay mode, drag disabled, window buttons hidden, title bar hidden
[2023.02.01-02.09.35:512][  0]LogSlate: Updating window title bar state: overlay mode, drag disabled, window buttons hidden, title bar hidden
[2023.02.01-02.09.35:582][  0]LogNativeClassHierarchy: Verbose: Native class hierarchy populated in 0.0105 seconds. Added 3824 classes and 931 folders.
[2023.02.01-02.09.35:584][  0]LogNativeClassHierarchy: Verbose: Native class hierarchy updated for 'WidgetCarousel' in 0.0003 seconds. Added 0 classes and 0 folders.
[2023.02.01-02.09.35:586][  0]LogPakFile: PakFile PrimaryIndexSize=187
[2023.02.01-02.09.35:586][  0]LogPakFile: PakFile PathHashIndexSize=101
[2023.02.01-02.09.35:586][  0]LogPakFile: PakFile FullDirectoryIndexSize=148
[2023.02.01-02.09.35:586][  0]LogShaderLibrary: Display: ShaderCodeLibraryPakFileMountedCallback: PakFile 'D:/epic games/UE_4.27/FeaturePacks/FP_FirstPerson.upack' (chunk index -1, root 'root:/') mounted
[2023.02.01-02.09.35:586][  0]LogShaderLibrary: Display: ShaderCodeLibraryPakFileMountedCallback: pending pak file info (ChunkID:-1 Root:root:/ File:D:/epic games/UE_4.27/FeaturePacks/FP_FirstPerson.upack)
[2023.02.01-02.09.35:586][  0]LogPakFile: OnPakFileMounted2Time == 0.000053
[2023.02.01-02.09.35:587][  0]LogPakFile: PakFile PrimaryIndexSize=189
[2023.02.01-02.09.35:587][  0]LogPakFile: PakFile PathHashIndexSize=101
[2023.02.01-02.09.35:587][  0]LogPakFile: PakFile FullDirectoryIndexSize=152
[2023.02.01-02.09.35:587][  0]LogShaderLibrary: Display: ShaderCodeLibraryPakFileMountedCallback: PakFile 'D:/epic games/UE_4.27/FeaturePacks/FP_FirstPersonBP.upack' (chunk index -1, root 'root:/') mounted
[2023.02.01-02.09.35:587][  0]LogShaderLibrary: Display: ShaderCodeLibraryPakFileMountedCallback: pending pak file info (ChunkID:-1 Root:root:/ File:D:/epic games/UE_4.27/FeaturePacks/FP_FirstPersonBP.upack)
[2023.02.01-02.09.35:587][  0]LogPakFile: OnPakFileMounted2Time == 0.000032
[2023.02.01-02.09.35:588][  0]LogPakFile: PakFile PrimaryIndexSize=191
[2023.02.01-02.09.35:588][  0]LogPakFile: PakFile PathHashIndexSize=101
[2023.02.01-02.09.35:588][  0]LogPakFile: PakFile FullDirectoryIndexSize=160
[2023.02.01-02.09.35:588][  0]LogShaderLibrary: Display: ShaderCodeLibraryPakFileMountedCallback: PakFile 'D:/epic games/UE_4.27/FeaturePacks/MobileStarterContent.upack' (chunk index -1, root 'root:/') mounted
[2023.02.01-02.09.35:588][  0]LogShaderLibrary: Display: ShaderCodeLibraryPakFileMountedCallback: pending pak file info (ChunkID:-1 Root:root:/ File:D:/epic games/UE_4.27/FeaturePacks/MobileStarterContent.upack)
[2023.02.01-02.09.35:588][  0]LogPakFile: OnPakFileMounted2Time == 0.000029
[2023.02.01-02.09.35:588][  0]LogPakFile: PakFile PrimaryIndexSize=185
[2023.02.01-02.09.35:588][  0]LogPakFile: PakFile PathHashIndexSize=101
[2023.02.01-02.09.35:588][  0]LogPakFile: PakFile FullDirectoryIndexSize=148
[2023.02.01-02.09.35:588][  0]LogShaderLibrary: Display: ShaderCodeLibraryPakFileMountedCallback: PakFile 'D:/epic games/UE_4.27/FeaturePacks/StarterContent.upack' (chunk index -1, root 'root:/') mounted
[2023.02.01-02.09.35:588][  0]LogShaderLibrary: Display: ShaderCodeLibraryPakFileMountedCallback: pending pak file info (ChunkID:-1 Root:root:/ File:D:/epic games/UE_4.27/FeaturePacks/StarterContent.upack)
[2023.02.01-02.09.35:588][  0]LogPakFile: OnPakFileMounted2Time == 0.000033
[2023.02.01-02.09.35:589][  0]LogPakFile: PakFile PrimaryIndexSize=190
[2023.02.01-02.09.35:589][  0]LogPakFile: PakFile PathHashIndexSize=101
[2023.02.01-02.09.35:589][  0]LogPakFile: PakFile FullDirectoryIndexSize=154
[2023.02.01-02.09.35:589][  0]LogShaderLibrary: Display: ShaderCodeLibraryPakFileMountedCallback: PakFile 'D:/epic games/UE_4.27/FeaturePacks/TP_2DSideScroller.upack' (chunk index -1, root 'root:/') mounted
[2023.02.01-02.09.35:589][  0]LogShaderLibrary: Display: ShaderCodeLibraryPakFileMountedCallback: pending pak file info (ChunkID:-1 Root:root:/ File:D:/epic games/UE_4.27/FeaturePacks/TP_2DSideScroller.upack)
[2023.02.01-02.09.35:589][  0]LogPakFile: OnPakFileMounted2Time == 0.000029
[2023.02.01-02.09.35:590][  0]LogPakFile: PakFile PrimaryIndexSize=192
[2023.02.01-02.09.35:590][  0]LogPakFile: PakFile PathHashIndexSize=101
[2023.02.01-02.09.35:590][  0]LogPakFile: PakFile FullDirectoryIndexSize=158
[2023.02.01-02.09.35:590][  0]LogShaderLibrary: Display: ShaderCodeLibraryPakFileMountedCallback: PakFile 'D:/epic games/UE_4.27/FeaturePacks/TP_2DSideScrollerBP.upack' (chunk index -1, root 'root:/') mounted
[2023.02.01-02.09.35:590][  0]LogShaderLibrary: Display: ShaderCodeLibraryPakFileMountedCallback: pending pak file info (ChunkID:-1 Root:root:/ File:D:/epic games/UE_4.27/FeaturePacks/TP_2DSideScrollerBP.upack)
[2023.02.01-02.09.35:590][  0]LogPakFile: OnPakFileMounted2Time == 0.000029
[2023.02.01-02.09.35:591][  0]LogPakFile: PakFile PrimaryIndexSize=182
[2023.02.01-02.09.35:591][  0]LogPakFile: PakFile PathHashIndexSize=101
[2023.02.01-02.09.35:591][  0]LogPakFile: PakFile FullDirectoryIndexSize=138
[2023.02.01-02.09.35:591][  0]LogShaderLibrary: Display: ShaderCodeLibraryPakFileMountedCallback: PakFile 'D:/epic games/UE_4.27/FeaturePacks/TP_Flying.upack' (chunk index -1, root 'root:/') mounted
[2023.02.01-02.09.35:591][  0]LogShaderLibrary: Display: ShaderCodeLibraryPakFileMountedCallback: pending pak file info (ChunkID:-1 Root:root:/ File:D:/epic games/UE_4.27/FeaturePacks/TP_Flying.upack)
[2023.02.01-02.09.35:591][  0]LogPakFile: OnPakFileMounted2Time == 0.000029
[2023.02.01-02.09.35:591][  0]LogPakFile: PakFile PrimaryIndexSize=184
[2023.02.01-02.09.35:591][  0]LogPakFile: PakFile PathHashIndexSize=101
[2023.02.01-02.09.35:591][  0]LogPakFile: PakFile FullDirectoryIndexSize=142
[2023.02.01-02.09.35:591][  0]LogShaderLibrary: Display: ShaderCodeLibraryPakFileMountedCallback: PakFile 'D:/epic games/UE_4.27/FeaturePacks/TP_FlyingBP.upack' (chunk index -1, root 'root:/') mounted
[2023.02.01-02.09.35:591][  0]LogShaderLibrary: Display: ShaderCodeLibraryPakFileMountedCallback: pending pak file info (ChunkID:-1 Root:root:/ File:D:/epic games/UE_4.27/FeaturePacks/TP_FlyingBP.upack)
[2023.02.01-02.09.35:591][  0]LogPakFile: OnPakFileMounted2Time == 0.000029
[2023.02.01-02.09.35:593][  0]LogPakFile: PakFile PrimaryIndexSize=188
[2023.02.01-02.09.35:593][  0]LogPakFile: PakFile PathHashIndexSize=101
[2023.02.01-02.09.35:593][  0]LogPakFile: PakFile FullDirectoryIndexSize=150
[2023.02.01-02.09.35:593][  0]LogShaderLibrary: Display: ShaderCodeLibraryPakFileMountedCallback: PakFile 'D:/epic games/UE_4.27/FeaturePacks/TP_HandheldARBP.upack' (chunk index -1, root 'root:/') mounted
[2023.02.01-02.09.35:593][  0]LogShaderLibrary: Display: ShaderCodeLibraryPakFileMountedCallback: pending pak file info (ChunkID:-1 Root:root:/ File:D:/epic games/UE_4.27/FeaturePacks/TP_HandheldARBP.upack)
[2023.02.01-02.09.35:593][  0]LogPakFile: OnPakFileMounted2Time == 0.000028
[2023.02.01-02.09.35:593][  0]LogPakFile: PakFile PrimaryIndexSize=182
[2023.02.01-02.09.35:593][  0]LogPakFile: PakFile PathHashIndexSize=101
[2023.02.01-02.09.35:593][  0]LogPakFile: PakFile FullDirectoryIndexSize=138
[2023.02.01-02.09.35:593][  0]LogShaderLibrary: Display: ShaderCodeLibraryPakFileMountedCallback: PakFile 'D:/epic games/UE_4.27/FeaturePacks/TP_Puzzle.upack' (chunk index -1, root 'root:/') mounted
[2023.02.01-02.09.35:593][  0]LogShaderLibrary: Display: ShaderCodeLibraryPakFileMountedCallback: pending pak file info (ChunkID:-1 Root:root:/ File:D:/epic games/UE_4.27/FeaturePacks/TP_Puzzle.upack)
[2023.02.01-02.09.35:593][  0]LogPakFile: OnPakFileMounted2Time == 0.000028
[2023.02.01-02.09.35:594][  0]LogPakFile: PakFile PrimaryIndexSize=184
[2023.02.01-02.09.35:594][  0]LogPakFile: PakFile PathHashIndexSize=101
[2023.02.01-02.09.35:594][  0]LogPakFile: PakFile FullDirectoryIndexSize=142
[2023.02.01-02.09.35:594][  0]LogShaderLibrary: Display: ShaderCodeLibraryPakFileMountedCallback: PakFile 'D:/epic games/UE_4.27/FeaturePacks/TP_PuzzleBP.upack' (chunk index -1, root 'root:/') mounted
[2023.02.01-02.09.35:594][  0]LogShaderLibrary: Display: ShaderCodeLibraryPakFileMountedCallback: pending pak file info (ChunkID:-1 Root:root:/ File:D:/epic games/UE_4.27/FeaturePacks/TP_PuzzleBP.upack)
[2023.02.01-02.09.35:594][  0]LogPakFile: OnPakFileMounted2Time == 0.000031
[2023.02.01-02.09.35:594][  0]LogPakFile: PakFile PrimaryIndexSize=183
[2023.02.01-02.09.35:595][  0]LogPakFile: PakFile PathHashIndexSize=101
[2023.02.01-02.09.35:595][  0]LogPakFile: PakFile FullDirectoryIndexSize=140
[2023.02.01-02.09.35:595][  0]LogShaderLibrary: Display: ShaderCodeLibraryPakFileMountedCallback: PakFile 'D:/epic games/UE_4.27/FeaturePacks/TP_Rolling.upack' (chunk index -1, root 'root:/') mounted
[2023.02.01-02.09.35:595][  0]LogShaderLibrary: Display: ShaderCodeLibraryPakFileMountedCallback: pending pak file info (ChunkID:-1 Root:root:/ File:D:/epic games/UE_4.27/FeaturePacks/TP_Rolling.upack)
[2023.02.01-02.09.35:595][  0]LogPakFile: OnPakFileMounted2Time == 0.000029
[2023.02.01-02.09.35:595][  0]LogPakFile: PakFile PrimaryIndexSize=185
[2023.02.01-02.09.35:595][  0]LogPakFile: PakFile PathHashIndexSize=101
[2023.02.01-02.09.35:595][  0]LogPakFile: PakFile FullDirectoryIndexSize=144
[2023.02.01-02.09.35:595][  0]LogShaderLibrary: Display: ShaderCodeLibraryPakFileMountedCallback: PakFile 'D:/epic games/UE_4.27/FeaturePacks/TP_RollingBP.upack' (chunk index -1, root 'root:/') mounted
[2023.02.01-02.09.35:595][  0]LogShaderLibrary: Display: ShaderCodeLibraryPakFileMountedCallback: pending pak file info (ChunkID:-1 Root:root:/ File:D:/epic games/UE_4.27/FeaturePacks/TP_RollingBP.upack)
[2023.02.01-02.09.35:595][  0]LogPakFile: OnPakFileMounted2Time == 0.000032
[2023.02.01-02.09.35:596][  0]LogPakFile: PakFile PrimaryIndexSize=188
[2023.02.01-02.09.35:596][  0]LogPakFile: PakFile PathHashIndexSize=101
[2023.02.01-02.09.35:596][  0]LogPakFile: PakFile FullDirectoryIndexSize=150
[2023.02.01-02.09.35:596][  0]LogShaderLibrary: Display: ShaderCodeLibraryPakFileMountedCallback: PakFile 'D:/epic games/UE_4.27/FeaturePacks/TP_SideScroller.upack' (chunk index -1, root 'root:/') mounted
[2023.02.01-02.09.35:596][  0]LogShaderLibrary: Display: ShaderCodeLibraryPakFileMountedCallback: pending pak file info (ChunkID:-1 Root:root:/ File:D:/epic games/UE_4.27/FeaturePacks/TP_SideScroller.upack)
[2023.02.01-02.09.35:596][  0]LogPakFile: OnPakFileMounted2Time == 0.000028
[2023.02.01-02.09.35:597][  0]LogPakFile: PakFile PrimaryIndexSize=190
[2023.02.01-02.09.35:597][  0]LogPakFile: PakFile PathHashIndexSize=101
[2023.02.01-02.09.35:597][  0]LogPakFile: PakFile FullDirectoryIndexSize=154
[2023.02.01-02.09.35:597][  0]LogShaderLibrary: Display: ShaderCodeLibraryPakFileMountedCallback: PakFile 'D:/epic games/UE_4.27/FeaturePacks/TP_SideScrollerBP.upack' (chunk index -1, root 'root:/') mounted
[2023.02.01-02.09.35:597][  0]LogShaderLibrary: Display: ShaderCodeLibraryPakFileMountedCallback: pending pak file info (ChunkID:-1 Root:root:/ File:D:/epic games/UE_4.27/FeaturePacks/TP_SideScrollerBP.upack)
[2023.02.01-02.09.35:597][  0]LogPakFile: OnPakFileMounted2Time == 0.000028
[2023.02.01-02.09.35:597][  0]LogPakFile: PakFile PrimaryIndexSize=187
[2023.02.01-02.09.35:597][  0]LogPakFile: PakFile PathHashIndexSize=101
[2023.02.01-02.09.35:597][  0]LogPakFile: PakFile FullDirectoryIndexSize=148
[2023.02.01-02.09.35:597][  0]LogShaderLibrary: Display: ShaderCodeLibraryPakFileMountedCallback: PakFile 'D:/epic games/UE_4.27/FeaturePacks/TP_ThirdPerson.upack' (chunk index -1, root 'root:/') mounted
[2023.02.01-02.09.35:598][  0]LogShaderLibrary: Display: ShaderCodeLibraryPakFileMountedCallback: pending pak file info (ChunkID:-1 Root:root:/ File:D:/epic games/UE_4.27/FeaturePacks/TP_ThirdPerson.upack)
[2023.02.01-02.09.35:598][  0]LogPakFile: OnPakFileMounted2Time == 0.000030
[2023.02.01-02.09.35:598][  0]LogPakFile: PakFile PrimaryIndexSize=189
[2023.02.01-02.09.35:598][  0]LogPakFile: PakFile PathHashIndexSize=101
[2023.02.01-02.09.35:598][  0]LogPakFile: PakFile FullDirectoryIndexSize=152
[2023.02.01-02.09.35:598][  0]LogShaderLibrary: Display: ShaderCodeLibraryPakFileMountedCallback: PakFile 'D:/epic games/UE_4.27/FeaturePacks/TP_ThirdPersonBP.upack' (chunk index -1, root 'root:/') mounted
[2023.02.01-02.09.35:598][  0]LogShaderLibrary: Display: ShaderCodeLibraryPakFileMountedCallback: pending pak file info (ChunkID:-1 Root:root:/ File:D:/epic games/UE_4.27/FeaturePacks/TP_ThirdPersonBP.upack)
[2023.02.01-02.09.35:598][  0]LogPakFile: OnPakFileMounted2Time == 0.000028
[2023.02.01-02.09.35:599][  0]LogPakFile: PakFile PrimaryIndexSize=183
[2023.02.01-02.09.35:599][  0]LogPakFile: PakFile PathHashIndexSize=101
[2023.02.01-02.09.35:599][  0]LogPakFile: PakFile FullDirectoryIndexSize=140
[2023.02.01-02.09.35:599][  0]LogShaderLibrary: Display: ShaderCodeLibraryPakFileMountedCallback: PakFile 'D:/epic games/UE_4.27/FeaturePacks/TP_TopDown.upack' (chunk index -1, root 'root:/') mounted
[2023.02.01-02.09.35:599][  0]LogShaderLibrary: Display: ShaderCodeLibraryPakFileMountedCallback: pending pak file info (ChunkID:-1 Root:root:/ File:D:/epic games/UE_4.27/FeaturePacks/TP_TopDown.upack)
[2023.02.01-02.09.35:599][  0]LogPakFile: OnPakFileMounted2Time == 0.000034
[2023.02.01-02.09.35:600][  0]LogPakFile: PakFile PrimaryIndexSize=185
[2023.02.01-02.09.35:600][  0]LogPakFile: PakFile PathHashIndexSize=101
[2023.02.01-02.09.35:600][  0]LogPakFile: PakFile FullDirectoryIndexSize=144
[2023.02.01-02.09.35:600][  0]LogShaderLibrary: Display: ShaderCodeLibraryPakFileMountedCallback: PakFile 'D:/epic games/UE_4.27/FeaturePacks/TP_TopDownBP.upack' (chunk index -1, root 'root:/') mounted
[2023.02.01-02.09.35:600][  0]LogShaderLibrary: Display: ShaderCodeLibraryPakFileMountedCallback: pending pak file info (ChunkID:-1 Root:root:/ File:D:/epic games/UE_4.27/FeaturePacks/TP_TopDownBP.upack)
[2023.02.01-02.09.35:600][  0]LogPakFile: OnPakFileMounted2Time == 0.000031
[2023.02.01-02.09.35:600][  0]LogPakFile: PakFile PrimaryIndexSize=185
[2023.02.01-02.09.35:600][  0]LogPakFile: PakFile PathHashIndexSize=101
[2023.02.01-02.09.35:600][  0]LogPakFile: PakFile FullDirectoryIndexSize=144
[2023.02.01-02.09.35:600][  0]LogShaderLibrary: Display: ShaderCodeLibraryPakFileMountedCallback: PakFile 'D:/epic games/UE_4.27/FeaturePacks/TP_TwinStick.upack' (chunk index -1, root 'root:/') mounted
[2023.02.01-02.09.35:600][  0]LogShaderLibrary: Display: ShaderCodeLibraryPakFileMountedCallback: pending pak file info (ChunkID:-1 Root:root:/ File:D:/epic games/UE_4.27/FeaturePacks/TP_TwinStick.upack)
[2023.02.01-02.09.35:600][  0]LogPakFile: OnPakFileMounted2Time == 0.000028
[2023.02.01-02.09.35:601][  0]LogPakFile: PakFile PrimaryIndexSize=187
[2023.02.01-02.09.35:601][  0]LogPakFile: PakFile PathHashIndexSize=101
[2023.02.01-02.09.35:601][  0]LogPakFile: PakFile FullDirectoryIndexSize=148
[2023.02.01-02.09.35:601][  0]LogShaderLibrary: Display: ShaderCodeLibraryPakFileMountedCallback: PakFile 'D:/epic games/UE_4.27/FeaturePacks/TP_TwinStickBP.upack' (chunk index -1, root 'root:/') mounted
[2023.02.01-02.09.35:601][  0]LogShaderLibrary: Display: ShaderCodeLibraryPakFileMountedCallback: pending pak file info (ChunkID:-1 Root:root:/ File:D:/epic games/UE_4.27/FeaturePacks/TP_TwinStickBP.upack)
[2023.02.01-02.09.35:601][  0]LogPakFile: OnPakFileMounted2Time == 0.000028
[2023.02.01-02.09.35:602][  0]LogPakFile: PakFile PrimaryIndexSize=183
[2023.02.01-02.09.35:602][  0]LogPakFile: PakFile PathHashIndexSize=101
[2023.02.01-02.09.35:602][  0]LogPakFile: PakFile FullDirectoryIndexSize=140
[2023.02.01-02.09.35:602][  0]LogShaderLibrary: Display: ShaderCodeLibraryPakFileMountedCallback: PakFile 'D:/epic games/UE_4.27/FeaturePacks/TP_Vehicle.upack' (chunk index -1, root 'root:/') mounted
[2023.02.01-02.09.35:602][  0]LogShaderLibrary: Display: ShaderCodeLibraryPakFileMountedCallback: pending pak file info (ChunkID:-1 Root:root:/ File:D:/epic games/UE_4.27/FeaturePacks/TP_Vehicle.upack)
[2023.02.01-02.09.35:602][  0]LogPakFile: OnPakFileMounted2Time == 0.000028
[2023.02.01-02.09.35:603][  0]LogPakFile: PakFile PrimaryIndexSize=186
[2023.02.01-02.09.35:603][  0]LogPakFile: PakFile PathHashIndexSize=101
[2023.02.01-02.09.35:603][  0]LogPakFile: PakFile FullDirectoryIndexSize=146
[2023.02.01-02.09.35:603][  0]LogShaderLibrary: Display: ShaderCodeLibraryPakFileMountedCallback: PakFile 'D:/epic games/UE_4.27/FeaturePacks/TP_VehicleAdv.upack' (chunk index -1, root 'root:/') mounted
[2023.02.01-02.09.35:603][  0]LogShaderLibrary: Display: ShaderCodeLibraryPakFileMountedCallback: pending pak file info (ChunkID:-1 Root:root:/ File:D:/epic games/UE_4.27/FeaturePacks/TP_VehicleAdv.upack)
[2023.02.01-02.09.35:603][  0]LogPakFile: OnPakFileMounted2Time == 0.000029
[2023.02.01-02.09.35:603][  0]LogPakFile: PakFile PrimaryIndexSize=188
[2023.02.01-02.09.35:603][  0]LogPakFile: PakFile PathHashIndexSize=101
[2023.02.01-02.09.35:603][  0]LogPakFile: PakFile FullDirectoryIndexSize=150
[2023.02.01-02.09.35:604][  0]LogShaderLibrary: Display: ShaderCodeLibraryPakFileMountedCallback: PakFile 'D:/epic games/UE_4.27/FeaturePacks/TP_VehicleAdvBP.upack' (chunk index -1, root 'root:/') mounted
[2023.02.01-02.09.35:604][  0]LogShaderLibrary: Display: ShaderCodeLibraryPakFileMountedCallback: pending pak file info (ChunkID:-1 Root:root:/ File:D:/epic games/UE_4.27/FeaturePacks/TP_VehicleAdvBP.upack)
[2023.02.01-02.09.35:604][  0]LogPakFile: OnPakFileMounted2Time == 0.000029
[2023.02.01-02.09.35:604][  0]LogPakFile: PakFile PrimaryIndexSize=185
[2023.02.01-02.09.35:604][  0]LogPakFile: PakFile PathHashIndexSize=101
[2023.02.01-02.09.35:604][  0]LogPakFile: PakFile FullDirectoryIndexSize=144
[2023.02.01-02.09.35:604][  0]LogShaderLibrary: Display: ShaderCodeLibraryPakFileMountedCallback: PakFile 'D:/epic games/UE_4.27/FeaturePacks/TP_VehicleBP.upack' (chunk index -1, root 'root:/') mounted
[2023.02.01-02.09.35:604][  0]LogShaderLibrary: Display: ShaderCodeLibraryPakFileMountedCallback: pending pak file info (ChunkID:-1 Root:root:/ File:D:/epic games/UE_4.27/FeaturePacks/TP_VehicleBP.upack)
[2023.02.01-02.09.35:604][  0]LogPakFile: OnPakFileMounted2Time == 0.000036
[2023.02.01-02.09.35:605][  0]LogPakFile: PakFile PrimaryIndexSize=192
[2023.02.01-02.09.35:605][  0]LogPakFile: PakFile PathHashIndexSize=101
[2023.02.01-02.09.35:605][  0]LogPakFile: PakFile FullDirectoryIndexSize=158
[2023.02.01-02.09.35:605][  0]LogShaderLibrary: Display: ShaderCodeLibraryPakFileMountedCallback: PakFile 'D:/epic games/UE_4.27/FeaturePacks/TP_VirtualRealityBP.upack' (chunk index -1, root 'root:/') mounted
[2023.02.01-02.09.35:605][  0]LogShaderLibrary: Display: ShaderCodeLibraryPakFileMountedCallback: pending pak file info (ChunkID:-1 Root:root:/ File:D:/epic games/UE_4.27/FeaturePacks/TP_VirtualRealityBP.upack)
[2023.02.01-02.09.35:605][  0]LogPakFile: OnPakFileMounted2Time == 0.000028
[2023.02.01-02.09.35:665][  0]LogNativeClassHierarchy: Verbose: Native class hierarchy updated for 'AddContentDialog' in 0.0003 seconds. Added 0 classes and 0 folders.
[2023.02.01-02.09.35:701][  0]LogSlate: Took 0.000247 seconds to synchronously load lazily loaded font '../../../Engine/Content/Slate/Fonts/Roboto-Regular.ttf' (155K)
[2023.02.01-02.09.35:702][  0]LogSlate: Took 0.000142 seconds to synchronously load lazily loaded font '../../../Engine/Content/Editor/Slate/Fonts/FontAwesome.ttf' (139K)
[2023.02.01-02.09.35:703][  0]LogSlate: Took 0.000141 seconds to synchronously load lazily loaded font '../../../Engine/Content/Slate/Fonts/Roboto-Bold.ttf' (160K)
[2023.02.01-02.09.35:768][  0]LogRenderer: Reallocating scene render targets to support 1104x412 Format 10 NumSamples 1 (Frame:1).
[2023.02.01-02.09.35:889][  0]LogNativeClassHierarchy: Verbose: Native class hierarchy updated for 'HierarchicalLODOutliner' in 0.0003 seconds. Added 0 classes and 0 folders.
[2023.02.01-02.09.35:889][  0]LogLoad: (Engine Initialization) Total time: 13.57 seconds
[2023.02.01-02.09.35:889][  0]LogLoad: (Engine Initialization) Total Blueprint compile time: 0.00 seconds
[2023.02.01-02.09.35:935][  0]LogAssetRegistry: Asset discovery search completed in 4.7089 seconds
[2023.02.01-02.09.35:940][  0]LogCollectionManager: Fixed up redirectors for 0 collections in 0.000003 seconds (updated 0 objects)
[2023.02.01-02.09.35:942][  0]LogContentStreaming: Texture pool size now 1000 MB
[2023.02.01-02.09.35:998][  0]LogRenderer: Reallocating scene render targets to support 1104x428 Format 10 NumSamples 1 (Frame:4).
[2023.02.01-02.09.36:587][  2]LogSlate: Took 0.000361 seconds to synchronously load lazily loaded font '../../../Engine/Content/Slate/Fonts/Roboto-Light.ttf' (167K)
[2023.02.01-02.09.47:082][313]LogSlate: Took 0.000415 seconds to synchronously load lazily loaded font '../../../Engine/Content/Slate/Fonts/Roboto-Italic.ttf' (157K)
[2023.02.01-02.13.01:692][451]LogTemp: Repeating last play command: Selected Viewport
[2023.02.01-02.13.01:697][451]LogPlayLevel: PlayLevel: No blueprints needed recompiling
[2023.02.01-02.13.01:697][451]PIE: New page: PIE session: SideScrollerExampleMap (Jan 31, 2023, 2:13:01 PM)
[2023.02.01-02.13.01:698][451]LogOnline: OSS: Creating online subsystem instance for: NULL
[2023.02.01-02.13.01:700][451]LogOnline: OSS: TryLoadSubsystemAndSetDefault: Loaded subsystem for module [NULL]
[2023.02.01-02.13.01:700][451]LogPlayLevel: Creating play world package: /Game/SideScrollerBP/Maps/UEDPIE_0_SideScrollerExampleMap
[2023.02.01-02.13.02:099][451]LogPlayLevel: PIE: StaticDuplicateObject took: (0.399839s)
[2023.02.01-02.13.02:100][451]LogAIModule: Creating AISystem for world SideScrollerExampleMap
[2023.02.01-02.13.02:101][451]LogPlayLevel: PIE: World Init took: (0.001852s)
[2023.02.01-02.13.02:101][451]LogPlayLevel: PIE: Created PIE world by copying editor world from /Game/SideScrollerBP/Maps/SideScrollerExampleMap.SideScrollerExampleMap to /Game/SideScrollerBP/Maps/UEDPIE_0_SideScrollerExampleMap.SideScrollerExampleMap (0.401908s)
[2023.02.01-02.13.02:107][451]LogUObjectHash: Compacting FUObjectHashTables data took   0.77ms
[2023.02.01-02.13.02:108][451]LogAudio: Display: Creating Audio Device:                 Id: 2, Scope: Unique, Realtime: True
[2023.02.01-02.13.02:108][451]LogAudioMixer: Display: Audio Mixer Platform Settings:
[2023.02.01-02.13.02:108][451]LogAudioMixer: Display: 	Sample Rate:						  48000
[2023.02.01-02.13.02:108][451]LogAudioMixer: Display: 	Callback Buffer Frame Size Requested: 1024
[2023.02.01-02.13.02:108][451]LogAudioMixer: Display: 	Callback Buffer Frame Size To Use:	  1024
[2023.02.01-02.13.02:108][451]LogAudioMixer: Display: 	Number of buffers to queue:			  2
[2023.02.01-02.13.02:108][451]LogAudioMixer: Display: 	Max Channels (voices):				  32
[2023.02.01-02.13.02:108][451]LogAudioMixer: Display: 	Number of Async Source Workers:		  0
[2023.02.01-02.13.02:108][451]LogAudio: Display: AudioDevice MaxSources: 32
[2023.02.01-02.13.02:108][451]LogAudio: Display: Audio Spatialization Plugin: None (built-in).
[2023.02.01-02.13.02:108][451]LogAudio: Display: Audio Reverb Plugin: None (built-in).
[2023.02.01-02.13.02:108][451]LogAudio: Display: Audio Occlusion Plugin: None (built-in).
[2023.02.01-02.13.02:108][451]LogAudioMixer: Display: Initializing audio mixer.
[2023.02.01-02.13.02:113][451]LogAudioMixer: Display: 0: FrontLeft
[2023.02.01-02.13.02:113][451]LogAudioMixer: Display: 1: FrontRight
[2023.02.01-02.13.02:113][451]LogAudioMixer: Display: 2: FrontCenter
[2023.02.01-02.13.02:113][451]LogAudioMixer: Display: 3: LowFrequency
[2023.02.01-02.13.02:113][451]LogAudioMixer: Display: 4: BackLeft
[2023.02.01-02.13.02:113][451]LogAudioMixer: Display: 5: BackRight
[2023.02.01-02.13.02:113][451]LogAudioMixer: Display: 6: SideLeft
[2023.02.01-02.13.02:113][451]LogAudioMixer: Display: 7: SideRight
[2023.02.01-02.13.02:256][451]LogAudioMixer: Display: Using Audio Device Headset Earphone (CORSAIR VIRTUOSO SE USB Gaming Headset)
[2023.02.01-02.13.02:256][451]LogAudioMixer: Display: Initializing Sound Submixes...
[2023.02.01-02.13.02:256][451]LogAudioMixer: Display: Creating Master Submix 'MasterSubmixDefault'
[2023.02.01-02.13.02:256][451]LogAudioMixer: Display: Creating Master Submix 'MasterReverbSubmixDefault'
[2023.02.01-02.13.02:257][451]LogAudioMixer: Display: Creating Master Submix 'MasterEQSubmixDefault'
[2023.02.01-02.13.02:257][451]LogAudioMixer: FMixerPlatformXAudio2::StartAudioStream() called
[2023.02.01-02.13.02:257][451]LogAudioMixer: Display: Output buffers initialized: Frames=1024, Channels=8, Samples=8192
[2023.02.01-02.13.02:258][451]LogAudioMixer: Display: Starting AudioMixerPlatformInterface::RunInternal()
[2023.02.01-02.13.02:258][451]LogAudioMixer: Display: FMixerPlatformXAudio2::SubmitBuffer() called for the first time
[2023.02.01-02.13.02:258][451]LogInit: FAudioDevice initialized.
[2023.02.01-02.13.02:258][451]LogAudio: Display: Audio Device (ID: 2) registered with world 'SideScrollerExampleMap'.
[2023.02.01-02.13.02:360][451]LogLoad: Game class is 'SideScrollerGameMode_C'
[2023.02.01-02.13.02:362][451]LogWorld: Bringing World /Game/SideScrollerBP/Maps/UEDPIE_0_SideScrollerExampleMap.SideScrollerExampleMap up for play (max tick rate 0) at 2023.01.31-20.13.02
[2023.02.01-02.13.02:370][451]LogWorld: Bringing up level for play took: 0.009398
[2023.02.01-02.13.02:370][451]LogOnline: OSS: Creating online subsystem instance for: :Context_2
[2023.02.01-02.13.02:382][451]LogNativeClassHierarchy: Verbose: Native class hierarchy updated for 'MovieSceneCapture' in 0.0003 seconds. Added 20 classes and 0 folders.
[2023.02.01-02.13.02:383][451]PIE: Server logged in
[2023.02.01-02.13.02:384][451]PIE: Play in editor total start time 0.689 seconds.
[2023.02.01-02.13.36:646][520]LogSlate: Updating window title bar state: overlay mode, drag disabled, window buttons hidden, title bar hidden
[2023.02.01-02.13.36:646][520]LogWorld: BeginTearingDown for /Game/SideScrollerBP/Maps/UEDPIE_0_SideScrollerExampleMap
[2023.02.01-02.13.36:646][520]LogWorld: UWorld::CleanupWorld for SideScrollerExampleMap, bSessionEnded=true, bCleanupResources=true
[2023.02.01-02.13.36:647][520]LogSlate: InvalidateAllWidgets triggered.  All widgets were invalidated
[2023.02.01-02.13.36:652][520]LogPlayLevel: Display: Shutting down PIE online subsystems
[2023.02.01-02.13.36:654][520]LogSlate: InvalidateAllWidgets triggered.  All widgets were invalidated
[2023.02.01-02.13.36:658][520]LogAudio: Display: Audio Device unregistered from world 'None'.
[2023.02.01-02.13.36:658][520]LogAudioMixer: FMixerPlatformXAudio2::StopAudioStream() called
[2023.02.01-02.13.36:659][520]LogAudioMixer: FMixerPlatformXAudio2::StopAudioStream() called
[2023.02.01-02.13.36:662][520]LogSlate: Updating window title bar state: overlay mode, drag disabled, window buttons hidden, title bar hidden
[2023.02.01-02.13.36:664][520]LogUObjectHash: Compacting FUObjectHashTables data took   0.97ms
[2023.02.01-02.13.36:728][525]LogPlayLevel: Display: Destroying online subsystem :Context_2
