Log file open, 02/04/23 19:38:13
LogWindows: Failed to load 'aqProf.dll' (GetLastError=126)
LogWindows: File 'aqProf.dll' does not exist
LogWindows: Failed to load 'VtuneApi.dll' (GetLastError=126)
LogWindows: File 'VtuneApi.dll' does not exist
LogWindows: Failed to load 'VtuneApi32e.dll' (GetLastError=126)
LogWindows: File 'VtuneApi32e.dll' does not exist
LogConsoleResponse: Display: Failed to find resolution value strings in scalability ini. Falling back to default.
LogConsoleResponse: Display: Failed to find resolution value strings in scalability ini. Falling back to default.
LogInit: Display: Running engine for game: GGJ2023
LogPlatformFile: Not using cached read wrapper
LogTaskGraph: Started task graph with 5 named threads and 35 total threads with 3 sets of task threads.
LogStats: Stats thread started at 0.217213
LogICUInternationalization: ICU TimeZone Detection - Raw Offset: -6:00, Platform Override: ''
LogInit: Display: Loading text-based GConfig....
LogPluginManager: Mounting plugin MeshPainting
LogPluginManager: Mounting plugin XGEController
LogPluginManager: Mounting plugin LiveLink
LogPluginManager: Mounting plugin Paper2D
LogPluginManager: Mounting plugin EnvironmentQueryEditor
LogPluginManager: Mounting plugin GameplayCameras
LogPluginManager: Mounting plugin AISupport
LogPluginManager: Mounting plugin LightPropagationVolume
LogPluginManager: Mounting plugin CameraShakePreviewer
LogPluginManager: Mounting plugin AssetManagerEditor
LogPluginManager: Mounting plugin CurveEditorTools
LogPluginManager: Mounting plugin CryptoKeys
LogPluginManager: Mounting plugin DataValidation
LogPluginManager: Mounting plugin FacialAnimation
LogPluginManager: Mounting plugin GeometryMode
LogPluginManager: Mounting plugin GameplayTagsEditor
LogPluginManager: Mounting plugin MacGraphicsSwitching
LogPluginManager: Mounting plugin MaterialAnalyzer
LogPluginManager: Mounting plugin MobileLauncherProfileWizard
LogPluginManager: Mounting plugin PluginBrowser
LogPluginManager: Mounting plugin SpeedTreeImporter
LogPluginManager: Mounting plugin OodleData
LogPluginManager: Mounting plugin AnimationSharing
LogPluginManager: Mounting plugin OodleNetwork
LogPluginManager: Mounting plugin CLionSourceCodeAccess
LogPluginManager: Mounting plugin GitSourceControl
LogPluginManager: Mounting plugin KDevelopSourceCodeAccess
LogPluginManager: Mounting plugin CodeLiteSourceCodeAccess
LogPluginManager: Mounting plugin NullSourceCodeAccess
LogPluginManager: Mounting plugin PerforceSourceControl
LogPluginManager: Mounting plugin PlasticSourceControl
LogPluginManager: Mounting plugin PixWinPlugin
LogPluginManager: Mounting plugin PropertyAccessNode
LogPluginManager: Mounting plugin PluginUtils
LogPluginManager: Mounting plugin RiderSourceCodeAccess
LogPluginManager: Mounting plugin SubversionSourceControl
LogPluginManager: Mounting plugin TextureFormatOodle
LogPluginManager: Mounting plugin UObjectPlugin
LogPluginManager: Mounting plugin VisualStudioSourceCodeAccess
LogPluginManager: Mounting plugin VisualStudioCodeSourceCodeAccess
LogPluginManager: Mounting plugin XCodeSourceCodeAccess
LogPluginManager: Mounting plugin DatasmithContent
LogPluginManager: Mounting plugin VariantManagerContent
LogPluginManager: Mounting plugin Niagara
LogPluginManager: Mounting plugin AlembicImporter
LogPluginManager: Mounting plugin AutomationUtils
LogPluginManager: Mounting plugin BackChannel
LogPluginManager: Mounting plugin ChaosCloth
LogPluginManager: Mounting plugin ChaosEditor
LogPluginManager: Mounting plugin ChaosClothEditor
LogPluginManager: Mounting plugin CharacterAI
LogPluginManager: Mounting plugin ChaosSolverPlugin
LogPluginManager: Mounting plugin ChaosNiagara
LogPluginManager: Mounting plugin GeometryCollectionPlugin
LogPluginManager: Mounting plugin GeometryCache
LogPluginManager: Mounting plugin GeometryProcessing
LogPluginManager: Mounting plugin MotoSynth
LogPluginManager: Mounting plugin OpenImageDenoise
LogPluginManager: Mounting plugin PlanarCut
LogPluginManager: Mounting plugin PlatformCrypto
LogPluginManager: Mounting plugin PythonScriptPlugin
LogPluginManager: Mounting plugin ProxyLODPlugin
LogPluginManager: Mounting plugin LuminPlatformFeatures
LogPluginManager: Mounting plugin MagicLeap
LogPluginManager: Mounting plugin MagicLeapMedia
LogPluginManager: Mounting plugin MagicLeapLightEstimation
LogPluginManager: Mounting plugin MagicLeapPassableWorld
LogPluginManager: Mounting plugin MLSDK
LogPluginManager: Mounting plugin SkeletalReduction
LogPluginManager: Mounting plugin AndroidMedia
LogPluginManager: Mounting plugin AvfMedia
LogPluginManager: Mounting plugin ImgMedia
LogPluginManager: Mounting plugin MediaCompositing
LogPluginManager: Mounting plugin MediaPlayerEditor
LogPluginManager: Mounting plugin WebMMedia
LogPluginManager: Mounting plugin WmfMedia
LogPluginManager: Mounting plugin TcpMessaging
LogPluginManager: Mounting plugin UdpMessaging
LogPluginManager: Mounting plugin LevelSequenceEditor
LogPluginManager: Mounting plugin ActorSequence
LogPluginManager: Mounting plugin MatineeToLevelSequence
LogPluginManager: Mounting plugin TemplateSequence
LogPluginManager: Mounting plugin OnlineSubsystem
LogPluginManager: Mounting plugin OnlineSubsystemNull
LogPluginManager: Mounting plugin OnlineSubsystemUtils
LogPluginManager: Mounting plugin LauncherChunkInstaller
LogPluginManager: Mounting plugin ActorLayerUtilities
LogPluginManager: Mounting plugin AndroidDeviceProfileSelector
LogPluginManager: Mounting plugin AndroidMoviePlayer
LogPluginManager: Mounting plugin AndroidPermission
LogPluginManager: Mounting plugin AppleImageUtils
LogPluginManager: Mounting plugin ArchVisCharacter
LogPluginManager: Mounting plugin AppleMoviePlayer
LogPluginManager: Mounting plugin AudioCapture
LogPluginManager: Mounting plugin AssetTags
LogPluginManager: Mounting plugin AudioSynesthesia
LogPluginManager: Mounting plugin CableComponent
LogPluginManager: Mounting plugin EditableMesh
LogPluginManager: Mounting plugin CustomMeshComponent
LogPluginManager: Mounting plugin ChunkDownloader
LogPluginManager: Mounting plugin ExampleDeviceProfileSelector
LogPluginManager: Mounting plugin GoogleCloudMessaging
LogPluginManager: Mounting plugin GooglePAD
LogPluginManager: Mounting plugin IOSDeviceProfileSelector
LogPluginManager: Mounting plugin LinuxDeviceProfileSelector
LogPluginManager: Mounting plugin ScreenshotTools
LogPluginManager: Mounting plugin LocationServicesBPLibrary
LogPluginManager: Mounting plugin MobilePatchingUtils
LogPluginManager: Mounting plugin OpenXR
LogPluginManager: Mounting plugin OpenXRHandTracking
LogPluginManager: Mounting plugin OpenXREyeTracker
LogPluginManager: Mounting plugin PhysXVehicles
LogPluginManager: Mounting plugin PostSplashScreen
LogPluginManager: Mounting plugin ProceduralMeshComponent
LogPluginManager: Mounting plugin PropertyAccessEditor
LogPluginManager: Mounting plugin RuntimePhysXCooking
LogPluginManager: Mounting plugin SignificanceManager
LogPluginManager: Mounting plugin SoundFields
LogPluginManager: Mounting plugin Synthesis
LogPluginManager: Mounting plugin Takes
LogPluginManager: Mounting plugin WebMMoviePlayer
LogPluginManager: Mounting plugin WindowsMoviePlayer
LogPluginManager: Mounting plugin ContentBrowserAssetDataSource
LogPluginManager: Mounting plugin ContentBrowserClassDataSource
LogPluginManager: Mounting plugin ContentBrowserFileDataSource
LogPluginManager: Mounting plugin OnlineSubsystemGooglePlay
LogPluginManager: Mounting plugin OnlineSubsystemIOS
LogPluginManager: Mounting plugin OculusVR
LogPluginManager: Mounting plugin SteamVR
PixWinPlugin: PIX capture plugin failed to initialize! Check that the process is launched from PIX.
LogInit: Using libcurl 7.55.1-DEV
LogInit:  - built for x86_64-pc-win32
LogInit:  - supports SSL with OpenSSL/1.1.1
LogInit:  - supports HTTP deflate (compression) using libz 1.2.8
LogInit:  - other features:
LogInit:      CURL_VERSION_SSL
LogInit:      CURL_VERSION_LIBZ
LogInit:      CURL_VERSION_IPV6
LogInit:      CURL_VERSION_ASYNCHDNS
LogInit:      CURL_VERSION_LARGEFILE
LogInit:      CURL_VERSION_IDN
LogInit:  CurlRequestOptions (configurable via config and command line):
LogInit:  - bVerifyPeer = true  - Libcurl will verify peer certificate
LogInit:  - bUseHttpProxy = false  - Libcurl will NOT use HTTP proxy
LogInit:  - bDontReuseConnections = false  - Libcurl will reuse connections
LogInit:  - MaxHostConnections = 16  - Libcurl will limit the number of connections to a host
LogInit:  - LocalHostAddr = Default
LogInit:  - BufferSize = 65536
LogOnline: OSS: Creating online subsystem instance for: NULL
LogInit: WinSock: version 1.1 (2.2), MaxSocks=32767, MaxUdp=65467
LogOnline: OSS: TryLoadSubsystemAndSetDefault: Loaded subsystem for module [NULL]
LogOculusPluginWrapper: OculusPlugin initialized successfully
LogHMD: Failed initializing OVRPlugin 1.59.0
LogInit: Build: ++UE4+Release-4.27-CL-18319896
LogInit: Engine Version: 4.27.2-18319896+++UE4+Release-4.27
LogInit: Compatible Engine Version: 4.27.0-17155196+++UE4+Release-4.27
LogInit: Net CL: 17155196
LogInit: OS: Windows 10 (Release 2009) (), CPU: Intel(R) Core(TM) i7-10750H CPU @ 2.60GHz, GPU: Intel(R) UHD Graphics
LogInit: Compiled (64-bit): Nov 30 2021 07:12:08
LogInit: Compiled with Visual C++: 19.24.28315.00
LogInit: Build Configuration: Development
LogInit: Branch Name: ++UE4+Release-4.27
LogInit: Command Line: 
LogInit: Base Directory: C:/Program Files/Epic Games/UE_4.27/Engine/Binaries/Win64/
LogInit: Allocator: TBB
LogInit: Installed Engine Build: 1
LogDevObjectVersion: Number of dev versions registered: 29
LogDevObjectVersion:   Dev-Blueprints (B0D832E4-1F89-4F0D-ACCF-7EB736FD4AA2): 10
LogDevObjectVersion:   Dev-Build (E1C64328-A22C-4D53-A36C-8E866417BD8C): 0
LogDevObjectVersion:   Dev-Core (375EC13C-06E4-48FB-B500-84F0262A717E): 4
LogDevObjectVersion:   Dev-Editor (E4B068ED-F494-42E9-A231-DA0B2E46BB41): 40
LogDevObjectVersion:   Dev-Framework (CFFC743F-43B0-4480-9391-14DF171D2073): 37
LogDevObjectVersion:   Dev-Mobile (B02B49B5-BB20-44E9-A304-32B752E40360): 3
LogDevObjectVersion:   Dev-Networking (A4E4105C-59A1-49B5-A7C5-40C4547EDFEE): 0
LogDevObjectVersion:   Dev-Online (39C831C9-5AE6-47DC-9A44-9C173E1C8E7C): 0
LogDevObjectVersion:   Dev-Physics (78F01B33-EBEA-4F98-B9B4-84EACCB95AA2): 14
LogDevObjectVersion:   Dev-Platform (6631380F-2D4D-43E0-8009-CF276956A95A): 0
LogDevObjectVersion:   Dev-Rendering (12F88B9F-8875-4AFC-A67C-D90C383ABD29): 45
LogDevObjectVersion:   Dev-Sequencer (7B5AE74C-D270-4C10-A958-57980B212A5A): 13
LogDevObjectVersion:   Dev-VR (D7296918-1DD6-4BDD-9DE2-64A83CC13884): 3
LogDevObjectVersion:   Dev-LoadTimes (C2A15278-BFE7-4AFE-6C17-90FF531DF755): 1
LogDevObjectVersion:   Private-Geometry (6EACA3D4-40EC-4CC1-B786-8BED09428FC5): 3
LogDevObjectVersion:   Dev-AnimPhys (29E575DD-E0A3-4627-9D10-D276232CDCEA): 17
LogDevObjectVersion:   Dev-Anim (AF43A65D-7FD3-4947-9873-3E8ED9C1BB05): 15
LogDevObjectVersion:   Dev-ReflectionCapture (6B266CEC-1EC7-4B8F-A30B-E4D90942FC07): 1
LogDevObjectVersion:   Dev-Automation (0DF73D61-A23F-47EA-B727-89E90C41499A): 1
LogDevObjectVersion:   FortniteMain (601D1886-AC64-4F84-AA16-D3DE0DEAC7D6): 47
LogDevObjectVersion:   FortniteRelease (E7086368-6B23-4C58-8439-1B7016265E91): 1
LogDevObjectVersion:   Dev-Enterprise (9DFFBCD6-494F-0158-E221-12823C92A888): 10
LogDevObjectVersion:   Dev-Niagara (F2AED0AC-9AFE-416F-8664-AA7FFA26D6FC): 1
LogDevObjectVersion:   Dev-Destruction (174F1F0B-B4C6-45A5-B13F-2EE8D0FB917D): 10
LogDevObjectVersion:   Dev-Physics-Ext (35F94A83-E258-406C-A318-09F59610247C): 41
LogDevObjectVersion:   Dev-PhysicsMaterial-Chaos (B68FC16E-8B1B-42E2-B453-215C058844FE): 1
LogDevObjectVersion:   Dev-CineCamera (B2E18506-4273-CFC2-A54E-F4BB758BBA07): 1
LogDevObjectVersion:   Dev-VirtualProduction (64F58936-FD1B-42BA-BA96-7289D5D0FA4E): 1
LogDevObjectVersion:   Dev-MediaFramework (6F0ED827-A609-4895-9C91-998D90180EA4): 2
LogInit: Presizing for max 25165824 objects, including 0 objects not considered by GC, pre-allocating 0 bytes for permanent pool.
LogConfig: Applying CVar settings from Section [/Script/Engine.StreamingSettings] File [C:/Users/kolba/OneDrive/Documents/GGJ2023/GGJ2023/Saved/Config/Windows/Engine.ini]
LogConfig: Setting CVar [[s.MinBulkDataSizeForAsyncLoading:131072]]
LogConfig: Setting CVar [[s.AsyncLoadingThreadEnabled:0]]
LogConfig: Setting CVar [[s.EventDrivenLoaderEnabled:1]]
LogConfig: Setting CVar [[s.WarnIfTimeLimitExceeded:0]]
LogConfig: Setting CVar [[s.TimeLimitExceededMultiplier:1.5]]
LogConfig: Setting CVar [[s.TimeLimitExceededMinTime:0.005]]
LogConfig: Setting CVar [[s.UseBackgroundLevelStreaming:1]]
LogConfig: Setting CVar [[s.PriorityAsyncLoadingExtraTime:15.0]]
LogConfig: Setting CVar [[s.LevelStreamingActorsUpdateTimeLimit:5.0]]
LogConfig: Setting CVar [[s.PriorityLevelStreamingActorsUpdateExtraTime:5.0]]
LogConfig: Setting CVar [[s.LevelStreamingComponentsRegistrationGranularity:10]]
LogConfig: Setting CVar [[s.UnregisterComponentsTimeLimit:1.0]]
LogConfig: Setting CVar [[s.LevelStreamingComponentsUnregistrationGranularity:5]]
LogConfig: Setting CVar [[s.FlushStreamingOnExit:1]]
LogInit: Object subsystem initialized
LogConfig: Setting CVar [[con.DebugEarlyDefault:1]]
LogConfig: Setting CVar [[r.setres:1280x720]]
[2023.02.05-01.38.14:243][  0]LogConfig: Setting CVar [[r.VSync:0]]
[2023.02.05-01.38.14:243][  0]LogConfig: Setting CVar [[r.RHICmdBypass:0]]
[2023.02.05-01.38.14:243][  0]LogConfig: Applying CVar settings from Section [/Script/Engine.RendererSettings] File [C:/Users/kolba/OneDrive/Documents/GGJ2023/GGJ2023/Saved/Config/Windows/Engine.ini]
[2023.02.05-01.38.14:243][  0]LogConfig: Setting CVar [[r.GPUCrashDebugging:0]]
[2023.02.05-01.38.14:243][  0]LogConfig: Applying CVar settings from Section [/Script/Engine.RendererOverrideSettings] File [C:/Users/kolba/OneDrive/Documents/GGJ2023/GGJ2023/Saved/Config/Windows/Engine.ini]
[2023.02.05-01.38.14:243][  0]LogConfig: Applying CVar settings from Section [/Script/Engine.StreamingSettings] File [C:/Users/kolba/OneDrive/Documents/GGJ2023/GGJ2023/Saved/Config/Windows/Engine.ini]
[2023.02.05-01.38.14:243][  0]LogConfig: Setting CVar [[s.MinBulkDataSizeForAsyncLoading:131072]]
[2023.02.05-01.38.14:243][  0]LogConfig: Setting CVar [[s.AsyncLoadingThreadEnabled:0]]
[2023.02.05-01.38.14:243][  0]LogConfig: Setting CVar [[s.EventDrivenLoaderEnabled:1]]
[2023.02.05-01.38.14:243][  0]LogConfig: Setting CVar [[s.WarnIfTimeLimitExceeded:0]]
[2023.02.05-01.38.14:243][  0]LogConfig: Setting CVar [[s.TimeLimitExceededMultiplier:1.5]]
[2023.02.05-01.38.14:243][  0]LogConfig: Setting CVar [[s.TimeLimitExceededMinTime:0.005]]
[2023.02.05-01.38.14:243][  0]LogConfig: Setting CVar [[s.UseBackgroundLevelStreaming:1]]
[2023.02.05-01.38.14:243][  0]LogConfig: Setting CVar [[s.PriorityAsyncLoadingExtraTime:15.0]]
[2023.02.05-01.38.14:243][  0]LogConfig: Setting CVar [[s.LevelStreamingActorsUpdateTimeLimit:5.0]]
[2023.02.05-01.38.14:243][  0]LogConfig: Setting CVar [[s.PriorityLevelStreamingActorsUpdateExtraTime:5.0]]
[2023.02.05-01.38.14:243][  0]LogConfig: Setting CVar [[s.LevelStreamingComponentsRegistrationGranularity:10]]
[2023.02.05-01.38.14:243][  0]LogConfig: Setting CVar [[s.UnregisterComponentsTimeLimit:1.0]]
[2023.02.05-01.38.14:243][  0]LogConfig: Setting CVar [[s.LevelStreamingComponentsUnregistrationGranularity:5]]
[2023.02.05-01.38.14:243][  0]LogConfig: Setting CVar [[s.FlushStreamingOnExit:1]]
[2023.02.05-01.38.14:243][  0]LogConfig: Applying CVar settings from Section [/Script/Engine.GarbageCollectionSettings] File [C:/Users/kolba/OneDrive/Documents/GGJ2023/GGJ2023/Saved/Config/Windows/Engine.ini]
[2023.02.05-01.38.14:243][  0]LogConfig: Setting CVar [[gc.MaxObjectsNotConsideredByGC:1]]
[2023.02.05-01.38.14:243][  0]LogConfig: Setting CVar [[gc.SizeOfPermanentObjectPool:0]]
[2023.02.05-01.38.14:243][  0]LogConfig: Setting CVar [[gc.FlushStreamingOnGC:0]]
[2023.02.05-01.38.14:243][  0]LogConfig: Setting CVar [[gc.NumRetriesBeforeForcingGC:10]]
[2023.02.05-01.38.14:243][  0]LogConfig: Setting CVar [[gc.AllowParallelGC:1]]
[2023.02.05-01.38.14:243][  0]LogConfig: Setting CVar [[gc.TimeBetweenPurgingPendingKillObjects:61.1]]
[2023.02.05-01.38.14:243][  0]LogConfig: Setting CVar [[gc.MaxObjectsInEditor:25165824]]
[2023.02.05-01.38.14:243][  0]LogConfig: Setting CVar [[gc.IncrementalBeginDestroyEnabled:1]]
[2023.02.05-01.38.14:243][  0]LogConfig: Setting CVar [[gc.CreateGCClusters:1]]
[2023.02.05-01.38.14:243][  0]LogConfig: Setting CVar [[gc.MinGCClusterSize:5]]
[2023.02.05-01.38.14:243][  0]LogConfig: Setting CVar [[gc.ActorClusteringEnabled:0]]
[2023.02.05-01.38.14:243][  0]LogConfig: Setting CVar [[gc.BlueprintClusteringEnabled:0]]
[2023.02.05-01.38.14:243][  0]LogConfig: Setting CVar [[gc.UseDisregardForGCOnDedicatedServers:0]]
[2023.02.05-01.38.14:243][  0]LogConfig: Setting CVar [[gc.MultithreadedDestructionEnabled:1]]
[2023.02.05-01.38.14:243][  0]LogConfig: Applying CVar settings from Section [/Script/Engine.NetworkSettings] File [C:/Users/kolba/OneDrive/Documents/GGJ2023/GGJ2023/Saved/Config/Windows/Engine.ini]
[2023.02.05-01.38.14:243][  0]LogConfig: Applying CVar settings from Section [/Script/UnrealEd.CookerSettings] File [C:/Users/kolba/OneDrive/Documents/GGJ2023/GGJ2023/Saved/Config/Windows/Engine.ini]
[2023.02.05-01.38.14:250][  0]LogConfig: Applying CVar settings from Section [ViewDistanceQuality@3] File [C:/Users/kolba/OneDrive/Documents/GGJ2023/GGJ2023/Saved/Config/Windows/Scalability.ini]
[2023.02.05-01.38.14:250][  0]LogConfig: Setting CVar [[r.SkeletalMeshLODBias:0]]
[2023.02.05-01.38.14:250][  0]LogConfig: Setting CVar [[r.ViewDistanceScale:1.0]]
[2023.02.05-01.38.14:250][  0]LogConfig: Applying CVar settings from Section [AntiAliasingQuality@3] File [C:/Users/kolba/OneDrive/Documents/GGJ2023/GGJ2023/Saved/Config/Windows/Scalability.ini]
[2023.02.05-01.38.14:250][  0]LogConfig: Setting CVar [[r.PostProcessAAQuality:4]]
[2023.02.05-01.38.14:250][  0]LogConfig: Applying CVar settings from Section [ShadowQuality@3] File [C:/Users/kolba/OneDrive/Documents/GGJ2023/GGJ2023/Saved/Config/Windows/Scalability.ini]
[2023.02.05-01.38.14:250][  0]LogConfig: Setting CVar [[r.LightFunctionQuality:1]]
[2023.02.05-01.38.14:250][  0]LogConfig: Setting CVar [[r.ShadowQuality:5]]
[2023.02.05-01.38.14:250][  0]LogConfig: Setting CVar [[r.Shadow.CSM.MaxCascades:10]]
[2023.02.05-01.38.14:250][  0]LogConfig: Setting CVar [[r.Shadow.MaxResolution:2048]]
[2023.02.05-01.38.14:250][  0]LogConfig: Setting CVar [[r.Shadow.MaxCSMResolution:2048]]
[2023.02.05-01.38.14:250][  0]LogConfig: Setting CVar [[r.Shadow.RadiusThreshold:0.01]]
[2023.02.05-01.38.14:250][  0]LogConfig: Setting CVar [[r.Shadow.DistanceScale:1.0]]
[2023.02.05-01.38.14:250][  0]LogConfig: Setting CVar [[r.Shadow.CSM.TransitionScale:1.0]]
[2023.02.05-01.38.14:250][  0]LogConfig: Setting CVar [[r.Shadow.PreShadowResolutionFactor:1.0]]
[2023.02.05-01.38.14:250][  0]LogConfig: Setting CVar [[r.DistanceFieldShadowing:1]]
[2023.02.05-01.38.14:250][  0]LogConfig: Setting CVar [[r.DistanceFieldAO:1]]
[2023.02.05-01.38.14:250][  0]LogConfig: Setting CVar [[r.AOQuality:2]]
[2023.02.05-01.38.14:250][  0]LogConfig: Setting CVar [[r.VolumetricFog:1]]
[2023.02.05-01.38.14:250][  0]LogConfig: Setting CVar [[r.VolumetricFog.GridPixelSize:8]]
[2023.02.05-01.38.14:250][  0]LogConfig: Setting CVar [[r.VolumetricFog.GridSizeZ:128]]
[2023.02.05-01.38.14:250][  0]LogConfig: Setting CVar [[r.VolumetricFog.HistoryMissSupersampleCount:4]]
[2023.02.05-01.38.14:250][  0]LogConfig: Setting CVar [[r.LightMaxDrawDistanceScale:1]]
[2023.02.05-01.38.14:250][  0]LogConfig: Setting CVar [[r.CapsuleShadows:1]]
[2023.02.05-01.38.14:250][  0]LogConfig: Applying CVar settings from Section [PostProcessQuality@3] File [C:/Users/kolba/OneDrive/Documents/GGJ2023/GGJ2023/Saved/Config/Windows/Scalability.ini]
[2023.02.05-01.38.14:250][  0]LogConfig: Setting CVar [[r.MotionBlurQuality:4]]
[2023.02.05-01.38.14:250][  0]LogConfig: Setting CVar [[r.AmbientOcclusionMipLevelFactor:0.4]]
[2023.02.05-01.38.14:250][  0]LogConfig: Setting CVar [[r.AmbientOcclusionMaxQuality:100]]
[2023.02.05-01.38.14:250][  0]LogConfig: Setting CVar [[r.AmbientOcclusionLevels:-1]]
[2023.02.05-01.38.14:250][  0]LogConfig: Setting CVar [[r.AmbientOcclusionRadiusScale:1.0]]
[2023.02.05-01.38.14:250][  0]LogConfig: Setting CVar [[r.DepthOfFieldQuality:2]]
[2023.02.05-01.38.14:250][  0]LogConfig: Setting CVar [[r.RenderTargetPoolMin:400]]
[2023.02.05-01.38.14:250][  0]LogConfig: Setting CVar [[r.LensFlareQuality:2]]
[2023.02.05-01.38.14:250][  0]LogConfig: Setting CVar [[r.SceneColorFringeQuality:1]]
[2023.02.05-01.38.14:250][  0]LogConfig: Setting CVar [[r.EyeAdaptationQuality:2]]
[2023.02.05-01.38.14:250][  0]LogConfig: Setting CVar [[r.BloomQuality:5]]
[2023.02.05-01.38.14:250][  0]LogConfig: Setting CVar [[r.FastBlurThreshold:100]]
[2023.02.05-01.38.14:250][  0]LogConfig: Setting CVar [[r.Upscale.Quality:3]]
[2023.02.05-01.38.14:250][  0]LogConfig: Setting CVar [[r.Tonemapper.GrainQuantization:1]]
[2023.02.05-01.38.14:250][  0]LogConfig: Setting CVar [[r.LightShaftQuality:1]]
[2023.02.05-01.38.14:250][  0]LogConfig: Setting CVar [[r.Filter.SizeScale:1]]
[2023.02.05-01.38.14:250][  0]LogConfig: Setting CVar [[r.Tonemapper.Quality:5]]
[2023.02.05-01.38.14:250][  0]LogConfig: Setting CVar [[r.DOF.Gather.AccumulatorQuality:1        ; higher gathering accumulator quality]]
[2023.02.05-01.38.14:250][  0]LogConfig: Setting CVar [[r.DOF.Gather.PostfilterMethod:1          ; Median3x3 postfilering method]]
[2023.02.05-01.38.14:250][  0]LogConfig: Setting CVar [[r.DOF.Gather.EnableBokehSettings:0       ; no bokeh simulation when gathering]]
[2023.02.05-01.38.14:250][  0]LogConfig: Setting CVar [[r.DOF.Gather.RingCount:4                 ; medium number of samples when gathering]]
[2023.02.05-01.38.14:250][  0]LogConfig: Setting CVar [[r.DOF.Scatter.ForegroundCompositing:1    ; additive foreground scattering]]
[2023.02.05-01.38.14:250][  0]LogConfig: Setting CVar [[r.DOF.Scatter.BackgroundCompositing:2    ; additive background scattering]]
[2023.02.05-01.38.14:250][  0]LogConfig: Setting CVar [[r.DOF.Scatter.EnableBokehSettings:1      ; bokeh simulation when scattering]]
[2023.02.05-01.38.14:250][  0]LogConfig: Setting CVar [[r.DOF.Scatter.MaxSpriteRatio:0.1         ; only a maximum of 10% of scattered bokeh]]
[2023.02.05-01.38.14:250][  0]LogConfig: Setting CVar [[r.DOF.Recombine.Quality:1                ; cheap slight out of focus]]
[2023.02.05-01.38.14:250][  0]LogConfig: Setting CVar [[r.DOF.Recombine.EnableBokehSettings:0    ; no bokeh simulation on slight out of focus]]
[2023.02.05-01.38.14:250][  0]LogConfig: Setting CVar [[r.DOF.TemporalAAQuality:1                ; more stable temporal accumulation]]
[2023.02.05-01.38.14:250][  0]LogConfig: Setting CVar [[r.DOF.Kernel.MaxForegroundRadius:0.025]]
[2023.02.05-01.38.14:250][  0]LogConfig: Setting CVar [[r.DOF.Kernel.MaxBackgroundRadius:0.025]]
[2023.02.05-01.38.14:250][  0]LogConfig: Applying CVar settings from Section [TextureQuality@3] File [C:/Users/kolba/OneDrive/Documents/GGJ2023/GGJ2023/Saved/Config/Windows/Scalability.ini]
[2023.02.05-01.38.14:250][  0]LogConfig: Setting CVar [[r.Streaming.MipBias:0]]
[2023.02.05-01.38.14:250][  0]LogConfig: Setting CVar [[r.Streaming.AmortizeCPUToGPUCopy:0]]
[2023.02.05-01.38.14:250][  0]LogConfig: Setting CVar [[r.Streaming.MaxNumTexturesToStreamPerFrame:0]]
[2023.02.05-01.38.14:250][  0]LogConfig: Setting CVar [[r.Streaming.Boost:1]]
[2023.02.05-01.38.14:250][  0]LogConfig: Setting CVar [[r.MaxAnisotropy:8]]
[2023.02.05-01.38.14:250][  0]LogConfig: Setting CVar [[r.VT.MaxAnisotropy:8]]
[2023.02.05-01.38.14:250][  0]LogConfig: Setting CVar [[r.Streaming.LimitPoolSizeToVRAM:0]]
[2023.02.05-01.38.14:250][  0]LogConfig: Setting CVar [[r.Streaming.PoolSize:1000]]
[2023.02.05-01.38.14:250][  0]LogConfig: Setting CVar [[r.Streaming.MaxEffectiveScreenSize:0]]
[2023.02.05-01.38.14:250][  0]LogConfig: Applying CVar settings from Section [EffectsQuality@3] File [C:/Users/kolba/OneDrive/Documents/GGJ2023/GGJ2023/Saved/Config/Windows/Scalability.ini]
[2023.02.05-01.38.14:250][  0]LogConfig: Setting CVar [[r.TranslucencyLightingVolumeDim:64]]
[2023.02.05-01.38.14:250][  0]LogConfig: Setting CVar [[r.RefractionQuality:2]]
[2023.02.05-01.38.14:250][  0]LogConfig: Setting CVar [[r.SSR.Quality:3]]
[2023.02.05-01.38.14:250][  0]LogConfig: Setting CVar [[r.SSR.HalfResSceneColor:0]]
[2023.02.05-01.38.14:250][  0]LogConfig: Setting CVar [[r.SceneColorFormat:4]]
[2023.02.05-01.38.14:250][  0]LogConfig: Setting CVar [[r.DetailMode:2]]
[2023.02.05-01.38.14:250][  0]LogConfig: Setting CVar [[r.TranslucencyVolumeBlur:1]]
[2023.02.05-01.38.14:250][  0]LogConfig: Setting CVar [[r.MaterialQualityLevel:1 ; High quality]]
[2023.02.05-01.38.14:251][  0]LogConfig: Setting CVar [[r.AnisotropicMaterials:1]]
[2023.02.05-01.38.14:251][  0]LogConfig: Setting CVar [[r.SSS.Scale:1]]
[2023.02.05-01.38.14:251][  0]LogConfig: Setting CVar [[r.SSS.SampleSet:2]]
[2023.02.05-01.38.14:251][  0]LogConfig: Setting CVar [[r.SSS.Quality:1]]
[2023.02.05-01.38.14:251][  0]LogConfig: Setting CVar [[r.SSS.HalfRes:0]]
[2023.02.05-01.38.14:251][  0]LogConfig: Setting CVar [[r.SSGI.Quality:3]]
[2023.02.05-01.38.14:251][  0]LogConfig: Setting CVar [[r.EmitterSpawnRateScale:1.0]]
[2023.02.05-01.38.14:251][  0]LogConfig: Setting CVar [[r.ParticleLightQuality:2]]
[2023.02.05-01.38.14:251][  0]LogConfig: Setting CVar [[r.SkyAtmosphere.AerialPerspectiveLUT.FastApplyOnOpaque:1 ; Always have FastSkyLUT 1 in this case to avoid wrong sky]]
[2023.02.05-01.38.14:251][  0]LogConfig: Setting CVar [[r.SkyAtmosphere.AerialPerspectiveLUT.SampleCountMaxPerSlice:4]]
[2023.02.05-01.38.14:251][  0]LogConfig: Setting CVar [[r.SkyAtmosphere.AerialPerspectiveLUT.DepthResolution:16.0]]
[2023.02.05-01.38.14:251][  0]LogConfig: Setting CVar [[r.SkyAtmosphere.FastSkyLUT:1]]
[2023.02.05-01.38.14:251][  0]LogConfig: Setting CVar [[r.SkyAtmosphere.FastSkyLUT.SampleCountMin:4.0]]
[2023.02.05-01.38.14:251][  0]LogConfig: Setting CVar [[r.SkyAtmosphere.FastSkyLUT.SampleCountMax:128.0]]
[2023.02.05-01.38.14:251][  0]LogConfig: Setting CVar [[r.SkyAtmosphere.SampleCountMin:4.0]]
[2023.02.05-01.38.14:251][  0]LogConfig: Setting CVar [[r.SkyAtmosphere.SampleCountMax:128.0]]
[2023.02.05-01.38.14:251][  0]LogConfig: Setting CVar [[r.SkyAtmosphere.TransmittanceLUT.UseSmallFormat:0]]
[2023.02.05-01.38.14:251][  0]LogConfig: Setting CVar [[r.SkyAtmosphere.TransmittanceLUT.SampleCount:10.0]]
[2023.02.05-01.38.14:251][  0]LogConfig: Setting CVar [[r.SkyAtmosphere.MultiScatteringLUT.SampleCount:15.0]]
[2023.02.05-01.38.14:251][  0]LogConfig: Setting CVar [[r.SkyLight.RealTimeReflectionCapture:1]]
[2023.02.05-01.38.14:251][  0]LogConfig: Applying CVar settings from Section [FoliageQuality@3] File [C:/Users/kolba/OneDrive/Documents/GGJ2023/GGJ2023/Saved/Config/Windows/Scalability.ini]
[2023.02.05-01.38.14:251][  0]LogConfig: Setting CVar [[foliage.DensityScale:1.0]]
[2023.02.05-01.38.14:251][  0]LogConfig: Setting CVar [[grass.DensityScale:1.0]]
[2023.02.05-01.38.14:251][  0]LogConfig: Applying CVar settings from Section [ShadingQuality@3] File [C:/Users/kolba/OneDrive/Documents/GGJ2023/GGJ2023/Saved/Config/Windows/Scalability.ini]
[2023.02.05-01.38.14:251][  0]LogConfig: Setting CVar [[r.HairStrands.SkyLighting.IntegrationType:2]]
[2023.02.05-01.38.14:251][  0]LogConfig: Setting CVar [[r.HairStrands.SkyAO.SampleCount:4]]
[2023.02.05-01.38.14:251][  0]LogConfig: Setting CVar [[r.HairStrands.Visibility.MSAA.SamplePerPixel:4]]
[2023.02.05-01.38.14:251][  0]LogInit: Selected Device Profile: [Windows]
[2023.02.05-01.38.14:251][  0]LogInit: Applying CVar settings loaded from the selected device profile: [Windows]
[2023.02.05-01.38.14:251][  0]LogHAL: Display: Platform has ~ 16 GB [16991240192 / 17179869184 / 16], which maps to Larger [LargestMinGB=32, LargerMinGB=12, DefaultMinGB=8, SmallerMinGB=6, SmallestMinGB=0)
[2023.02.05-01.38.14:251][  0]LogInit: Going up to parent DeviceProfile []
[2023.02.05-01.38.14:251][  0]LogConfig: Applying CVar settings from Section [ViewDistanceQuality@3] File [C:/Users/kolba/OneDrive/Documents/GGJ2023/GGJ2023/Saved/Config/Windows/Scalability.ini]
[2023.02.05-01.38.14:251][  0]LogConfig: Setting CVar [[r.SkeletalMeshLODBias:0]]
[2023.02.05-01.38.14:251][  0]LogConfig: Setting CVar [[r.ViewDistanceScale:1.0]]
[2023.02.05-01.38.14:251][  0]LogConfig: Applying CVar settings from Section [AntiAliasingQuality@3] File [C:/Users/kolba/OneDrive/Documents/GGJ2023/GGJ2023/Saved/Config/Windows/Scalability.ini]
[2023.02.05-01.38.14:251][  0]LogConfig: Setting CVar [[r.PostProcessAAQuality:4]]
[2023.02.05-01.38.14:251][  0]LogConfig: Applying CVar settings from Section [ShadowQuality@3] File [C:/Users/kolba/OneDrive/Documents/GGJ2023/GGJ2023/Saved/Config/Windows/Scalability.ini]
[2023.02.05-01.38.14:251][  0]LogConfig: Setting CVar [[r.LightFunctionQuality:1]]
[2023.02.05-01.38.14:251][  0]LogConfig: Setting CVar [[r.ShadowQuality:5]]
[2023.02.05-01.38.14:251][  0]LogConfig: Setting CVar [[r.Shadow.CSM.MaxCascades:10]]
[2023.02.05-01.38.14:251][  0]LogConfig: Setting CVar [[r.Shadow.MaxResolution:2048]]
[2023.02.05-01.38.14:251][  0]LogConfig: Setting CVar [[r.Shadow.MaxCSMResolution:2048]]
[2023.02.05-01.38.14:251][  0]LogConfig: Setting CVar [[r.Shadow.RadiusThreshold:0.01]]
[2023.02.05-01.38.14:251][  0]LogConfig: Setting CVar [[r.Shadow.DistanceScale:1.0]]
[2023.02.05-01.38.14:251][  0]LogConfig: Setting CVar [[r.Shadow.CSM.TransitionScale:1.0]]
[2023.02.05-01.38.14:251][  0]LogConfig: Setting CVar [[r.Shadow.PreShadowResolutionFactor:1.0]]
[2023.02.05-01.38.14:251][  0]LogConfig: Setting CVar [[r.DistanceFieldShadowing:1]]
[2023.02.05-01.38.14:251][  0]LogConfig: Setting CVar [[r.DistanceFieldAO:1]]
[2023.02.05-01.38.14:251][  0]LogConfig: Setting CVar [[r.AOQuality:2]]
[2023.02.05-01.38.14:251][  0]LogConfig: Setting CVar [[r.VolumetricFog:1]]
[2023.02.05-01.38.14:251][  0]LogConfig: Setting CVar [[r.VolumetricFog.GridPixelSize:8]]
[2023.02.05-01.38.14:251][  0]LogConfig: Setting CVar [[r.VolumetricFog.GridSizeZ:128]]
[2023.02.05-01.38.14:251][  0]LogConfig: Setting CVar [[r.VolumetricFog.HistoryMissSupersampleCount:4]]
[2023.02.05-01.38.14:251][  0]LogConfig: Setting CVar [[r.LightMaxDrawDistanceScale:1]]
[2023.02.05-01.38.14:251][  0]LogConfig: Setting CVar [[r.CapsuleShadows:1]]
[2023.02.05-01.38.14:251][  0]LogConfig: Applying CVar settings from Section [PostProcessQuality@3] File [C:/Users/kolba/OneDrive/Documents/GGJ2023/GGJ2023/Saved/Config/Windows/Scalability.ini]
[2023.02.05-01.38.14:251][  0]LogConfig: Setting CVar [[r.MotionBlurQuality:4]]
[2023.02.05-01.38.14:251][  0]LogConfig: Setting CVar [[r.AmbientOcclusionMipLevelFactor:0.4]]
[2023.02.05-01.38.14:251][  0]LogConfig: Setting CVar [[r.AmbientOcclusionMaxQuality:100]]
[2023.02.05-01.38.14:251][  0]LogConfig: Setting CVar [[r.AmbientOcclusionLevels:-1]]
[2023.02.05-01.38.14:251][  0]LogConfig: Setting CVar [[r.AmbientOcclusionRadiusScale:1.0]]
[2023.02.05-01.38.14:251][  0]LogConfig: Setting CVar [[r.DepthOfFieldQuality:2]]
[2023.02.05-01.38.14:251][  0]LogConfig: Setting CVar [[r.RenderTargetPoolMin:400]]
[2023.02.05-01.38.14:251][  0]LogConfig: Setting CVar [[r.LensFlareQuality:2]]
[2023.02.05-01.38.14:251][  0]LogConfig: Setting CVar [[r.SceneColorFringeQuality:1]]
[2023.02.05-01.38.14:251][  0]LogConfig: Setting CVar [[r.EyeAdaptationQuality:2]]
[2023.02.05-01.38.14:251][  0]LogConfig: Setting CVar [[r.BloomQuality:5]]
[2023.02.05-01.38.14:251][  0]LogConfig: Setting CVar [[r.FastBlurThreshold:100]]
[2023.02.05-01.38.14:251][  0]LogConfig: Setting CVar [[r.Upscale.Quality:3]]
[2023.02.05-01.38.14:251][  0]LogConfig: Setting CVar [[r.Tonemapper.GrainQuantization:1]]
[2023.02.05-01.38.14:251][  0]LogConfig: Setting CVar [[r.LightShaftQuality:1]]
[2023.02.05-01.38.14:251][  0]LogConfig: Setting CVar [[r.Filter.SizeScale:1]]
[2023.02.05-01.38.14:251][  0]LogConfig: Setting CVar [[r.Tonemapper.Quality:5]]
[2023.02.05-01.38.14:251][  0]LogConfig: Setting CVar [[r.DOF.Gather.AccumulatorQuality:1        ; higher gathering accumulator quality]]
[2023.02.05-01.38.14:251][  0]LogConfig: Setting CVar [[r.DOF.Gather.PostfilterMethod:1          ; Median3x3 postfilering method]]
[2023.02.05-01.38.14:251][  0]LogConfig: Setting CVar [[r.DOF.Gather.EnableBokehSettings:0       ; no bokeh simulation when gathering]]
[2023.02.05-01.38.14:251][  0]LogConfig: Setting CVar [[r.DOF.Gather.RingCount:4                 ; medium number of samples when gathering]]
[2023.02.05-01.38.14:251][  0]LogConfig: Setting CVar [[r.DOF.Scatter.ForegroundCompositing:1    ; additive foreground scattering]]
[2023.02.05-01.38.14:251][  0]LogConfig: Setting CVar [[r.DOF.Scatter.BackgroundCompositing:2    ; additive background scattering]]
[2023.02.05-01.38.14:251][  0]LogConfig: Setting CVar [[r.DOF.Scatter.EnableBokehSettings:1      ; bokeh simulation when scattering]]
[2023.02.05-01.38.14:251][  0]LogConfig: Setting CVar [[r.DOF.Scatter.MaxSpriteRatio:0.1         ; only a maximum of 10% of scattered bokeh]]
[2023.02.05-01.38.14:251][  0]LogConfig: Setting CVar [[r.DOF.Recombine.Quality:1                ; cheap slight out of focus]]
[2023.02.05-01.38.14:251][  0]LogConfig: Setting CVar [[r.DOF.Recombine.EnableBokehSettings:0    ; no bokeh simulation on slight out of focus]]
[2023.02.05-01.38.14:251][  0]LogConfig: Setting CVar [[r.DOF.TemporalAAQuality:1                ; more stable temporal accumulation]]
[2023.02.05-01.38.14:251][  0]LogConfig: Setting CVar [[r.DOF.Kernel.MaxForegroundRadius:0.025]]
[2023.02.05-01.38.14:251][  0]LogConfig: Setting CVar [[r.DOF.Kernel.MaxBackgroundRadius:0.025]]
[2023.02.05-01.38.14:251][  0]LogConfig: Applying CVar settings from Section [TextureQuality@3] File [C:/Users/kolba/OneDrive/Documents/GGJ2023/GGJ2023/Saved/Config/Windows/Scalability.ini]
[2023.02.05-01.38.14:251][  0]LogConfig: Setting CVar [[r.Streaming.MipBias:0]]
[2023.02.05-01.38.14:251][  0]LogConfig: Setting CVar [[r.Streaming.AmortizeCPUToGPUCopy:0]]
[2023.02.05-01.38.14:251][  0]LogConfig: Setting CVar [[r.Streaming.MaxNumTexturesToStreamPerFrame:0]]
[2023.02.05-01.38.14:251][  0]LogConfig: Setting CVar [[r.Streaming.Boost:1]]
[2023.02.05-01.38.14:251][  0]LogConfig: Setting CVar [[r.MaxAnisotropy:8]]
[2023.02.05-01.38.14:251][  0]LogConfig: Setting CVar [[r.VT.MaxAnisotropy:8]]
[2023.02.05-01.38.14:251][  0]LogConfig: Setting CVar [[r.Streaming.LimitPoolSizeToVRAM:0]]
[2023.02.05-01.38.14:251][  0]LogConfig: Setting CVar [[r.Streaming.PoolSize:1000]]
[2023.02.05-01.38.14:251][  0]LogConfig: Setting CVar [[r.Streaming.MaxEffectiveScreenSize:0]]
[2023.02.05-01.38.14:251][  0]LogConfig: Applying CVar settings from Section [EffectsQuality@3] File [C:/Users/kolba/OneDrive/Documents/GGJ2023/GGJ2023/Saved/Config/Windows/Scalability.ini]
[2023.02.05-01.38.14:251][  0]LogConfig: Setting CVar [[r.TranslucencyLightingVolumeDim:64]]
[2023.02.05-01.38.14:251][  0]LogConfig: Setting CVar [[r.RefractionQuality:2]]
[2023.02.05-01.38.14:251][  0]LogConfig: Setting CVar [[r.SSR.Quality:3]]
[2023.02.05-01.38.14:251][  0]LogConfig: Setting CVar [[r.SSR.HalfResSceneColor:0]]
[2023.02.05-01.38.14:251][  0]LogConfig: Setting CVar [[r.SceneColorFormat:4]]
[2023.02.05-01.38.14:251][  0]LogConfig: Setting CVar [[r.DetailMode:2]]
[2023.02.05-01.38.14:251][  0]LogConfig: Setting CVar [[r.TranslucencyVolumeBlur:1]]
[2023.02.05-01.38.14:251][  0]LogConfig: Setting CVar [[r.MaterialQualityLevel:1 ; High quality]]
[2023.02.05-01.38.14:252][  0]LogConfig: Setting CVar [[r.AnisotropicMaterials:1]]
[2023.02.05-01.38.14:252][  0]LogConfig: Setting CVar [[r.SSS.Scale:1]]
[2023.02.05-01.38.14:252][  0]LogConfig: Setting CVar [[r.SSS.SampleSet:2]]
[2023.02.05-01.38.14:252][  0]LogConfig: Setting CVar [[r.SSS.Quality:1]]
[2023.02.05-01.38.14:252][  0]LogConfig: Setting CVar [[r.SSS.HalfRes:0]]
[2023.02.05-01.38.14:252][  0]LogConfig: Setting CVar [[r.SSGI.Quality:3]]
[2023.02.05-01.38.14:252][  0]LogConfig: Setting CVar [[r.EmitterSpawnRateScale:1.0]]
[2023.02.05-01.38.14:252][  0]LogConfig: Setting CVar [[r.ParticleLightQuality:2]]
[2023.02.05-01.38.14:252][  0]LogConfig: Setting CVar [[r.SkyAtmosphere.AerialPerspectiveLUT.FastApplyOnOpaque:1 ; Always have FastSkyLUT 1 in this case to avoid wrong sky]]
[2023.02.05-01.38.14:252][  0]LogConfig: Setting CVar [[r.SkyAtmosphere.AerialPerspectiveLUT.SampleCountMaxPerSlice:4]]
[2023.02.05-01.38.14:252][  0]LogConfig: Setting CVar [[r.SkyAtmosphere.AerialPerspectiveLUT.DepthResolution:16.0]]
[2023.02.05-01.38.14:252][  0]LogConfig: Setting CVar [[r.SkyAtmosphere.FastSkyLUT:1]]
[2023.02.05-01.38.14:252][  0]LogConfig: Setting CVar [[r.SkyAtmosphere.FastSkyLUT.SampleCountMin:4.0]]
[2023.02.05-01.38.14:252][  0]LogConfig: Setting CVar [[r.SkyAtmosphere.FastSkyLUT.SampleCountMax:128.0]]
[2023.02.05-01.38.14:252][  0]LogConfig: Setting CVar [[r.SkyAtmosphere.SampleCountMin:4.0]]
[2023.02.05-01.38.14:252][  0]LogConfig: Setting CVar [[r.SkyAtmosphere.SampleCountMax:128.0]]
[2023.02.05-01.38.14:252][  0]LogConfig: Setting CVar [[r.SkyAtmosphere.TransmittanceLUT.UseSmallFormat:0]]
[2023.02.05-01.38.14:252][  0]LogConfig: Setting CVar [[r.SkyAtmosphere.TransmittanceLUT.SampleCount:10.0]]
[2023.02.05-01.38.14:252][  0]LogConfig: Setting CVar [[r.SkyAtmosphere.MultiScatteringLUT.SampleCount:15.0]]
[2023.02.05-01.38.14:252][  0]LogConfig: Setting CVar [[r.SkyLight.RealTimeReflectionCapture:1]]
[2023.02.05-01.38.14:252][  0]LogConfig: Applying CVar settings from Section [FoliageQuality@3] File [C:/Users/kolba/OneDrive/Documents/GGJ2023/GGJ2023/Saved/Config/Windows/Scalability.ini]
[2023.02.05-01.38.14:252][  0]LogConfig: Setting CVar [[foliage.DensityScale:1.0]]
[2023.02.05-01.38.14:252][  0]LogConfig: Setting CVar [[grass.DensityScale:1.0]]
[2023.02.05-01.38.14:252][  0]LogConfig: Applying CVar settings from Section [ShadingQuality@3] File [C:/Users/kolba/OneDrive/Documents/GGJ2023/GGJ2023/Saved/Config/Windows/Scalability.ini]
[2023.02.05-01.38.14:252][  0]LogConfig: Setting CVar [[r.HairStrands.SkyLighting.IntegrationType:2]]
[2023.02.05-01.38.14:252][  0]LogConfig: Setting CVar [[r.HairStrands.SkyAO.SampleCount:4]]
[2023.02.05-01.38.14:252][  0]LogConfig: Setting CVar [[r.HairStrands.Visibility.MSAA.SamplePerPixel:4]]
[2023.02.05-01.38.14:252][  0]LogConfig: Applying CVar settings from Section [Startup] File [../../../Engine/Config/ConsoleVariables.ini]
[2023.02.05-01.38.14:252][  0]LogConfig: Setting CVar [[net.UseAdaptiveNetUpdateFrequency:0]]
[2023.02.05-01.38.14:252][  0]LogConfig: Setting CVar [[p.chaos.AllowCreatePhysxBodies:1]]
[2023.02.05-01.38.14:252][  0]LogConfig: Setting CVar [[fx.SkipVectorVMBackendOptimizations:1]]
[2023.02.05-01.38.14:252][  0]LogConfig: Applying CVar settings from Section [ConsoleVariables] File [C:/Users/kolba/OneDrive/Documents/GGJ2023/GGJ2023/Saved/Config/Windows/Engine.ini]
[2023.02.05-01.38.14:252][  0]LogConfig: Applying CVar settings from Section [ConsoleVariables] File [C:/Users/kolba/OneDrive/Documents/GGJ2023/GGJ2023/Saved/Config/Windows/Editor.ini]
[2023.02.05-01.38.14:252][  0]LogInit: Computer: MSI
[2023.02.05-01.38.14:252][  0]LogInit: User: kolba
[2023.02.05-01.38.14:252][  0]LogInit: CPU Page size=4096, Cores=6
[2023.02.05-01.38.14:252][  0]LogInit: High frequency timer resolution =10.000000 MHz
[2023.02.05-01.38.14:252][  0]LogMemory: Memory total: Physical=15.8GB (16GB approx)
[2023.02.05-01.38.14:252][  0]LogMemory: Platform Memory Stats for Windows
[2023.02.05-01.38.14:252][  0]LogMemory: Process Physical Memory: 146.25 MB used, 146.25 MB peak
[2023.02.05-01.38.14:252][  0]LogMemory: Process Virtual Memory: 132.39 MB used, 132.39 MB peak
[2023.02.05-01.38.14:252][  0]LogMemory: Physical Memory: 9088.78 MB used,  7115.33 MB free, 16204.11 MB total
[2023.02.05-01.38.14:252][  0]LogMemory: Virtual Memory: 134207336.00 MB used,  10393.51 MB free, 134217728.00 MB total
[2023.02.05-01.38.14:281][  0]LogWindows: WindowsPlatformFeatures enabled
[2023.02.05-01.38.14:314][  0]LogInit: Physics initialised using underlying interface: PhysX
[2023.02.05-01.38.14:315][  0]LogInit: Using OS detected language (en-US).
[2023.02.05-01.38.14:315][  0]LogInit: Using OS detected locale (en-US).
[2023.02.05-01.38.14:317][  0]LogTextLocalizationManager: No specific localization for 'en-US' exists, so the 'en' localization will be used.
[2023.02.05-01.38.14:469][  0]LogInit: Setting process to per monitor DPI aware
[2023.02.05-01.38.14:481][  0]LogWindowsTextInputMethodSystem: Display: IME system deactivated.
[2023.02.05-01.38.14:493][  0]LogSlate: New Slate User Created.  User Index 0, Is Virtual User: 0
[2023.02.05-01.38.14:493][  0]LogSlate: Slate User Registered.  User Index 0, Is Virtual User: 0
[2023.02.05-01.38.14:600][  0]LogD3D11RHI: Loaded GFSDK_Aftermath_Lib.x64.dll
[2023.02.05-01.38.14:642][  0]LogHMD: Failed to initialize OpenVR with code 101
[2023.02.05-01.38.14:642][  0]LogD3D11RHI: D3D11 min allowed feature level: 11_0
[2023.02.05-01.38.14:642][  0]LogD3D11RHI: D3D11 max allowed feature level: 11_0
[2023.02.05-01.38.14:642][  0]LogD3D11RHI: D3D11 adapters:
[2023.02.05-01.38.14:741][  0]LogD3D11RHI:    0. 'NVIDIA GeForce RTX 2080 Super' (Feature Level 11_0)
[2023.02.05-01.38.14:741][  0]LogD3D11RHI:       8010/0/8102 MB DedicatedVideo/DedicatedSystem/SharedSystem, Outputs:1, VendorId:0x10de
[2023.02.05-01.38.14:790][  0]LogD3D11RHI:    1. 'Intel(R) UHD Graphics' (Feature Level 11_0)
[2023.02.05-01.38.14:790][  0]LogD3D11RHI:       128/0/8102 MB DedicatedVideo/DedicatedSystem/SharedSystem, Outputs:0, VendorId:0x8086
[2023.02.05-01.38.14:792][  0]LogD3D11RHI:    2. 'Microsoft Basic Render Driver' (Feature Level 11_0)
[2023.02.05-01.38.14:792][  0]LogD3D11RHI:       0/0/8102 MB DedicatedVideo/DedicatedSystem/SharedSystem, Outputs:0, VendorId:0x1414
[2023.02.05-01.38.14:792][  0]LogD3D11RHI: Chosen D3D11 Adapter:
[2023.02.05-01.38.14:792][  0]LogD3D11RHI:     Description : NVIDIA GeForce RTX 2080 Super
[2023.02.05-01.38.14:792][  0]LogD3D11RHI:     VendorId    : 10de
[2023.02.05-01.38.14:792][  0]LogD3D11RHI:     DeviceId    : 1e93
[2023.02.05-01.38.14:792][  0]LogD3D11RHI:     SubSysId    : 12bc1462
[2023.02.05-01.38.14:792][  0]LogD3D11RHI:     Revision    : 00a1
[2023.02.05-01.38.14:792][  0]LogD3D11RHI:     DedicatedVideoMemory : 8399093760 bytes
[2023.02.05-01.38.14:792][  0]LogD3D11RHI:     DedicatedSystemMemory : 0 bytes
[2023.02.05-01.38.14:792][  0]LogD3D11RHI:     SharedSystemMemory : 8495620096 bytes
[2023.02.05-01.38.14:792][  0]LogD3D11RHI:     AdapterLuid : 0 73416
[2023.02.05-01.38.14:798][  0]LogD3D11RHI: Creating new Direct3DDevice
[2023.02.05-01.38.14:798][  0]LogD3D11RHI:     GPU DeviceId: 0x1e93 (for the marketing name, search the web for "GPU Device Id")
[2023.02.05-01.38.14:798][  0]LogWindows: EnumDisplayDevices:
[2023.02.05-01.38.14:798][  0]LogWindows:    0. 'Intel(R) UHD Graphics' (P:1 D:1)
[2023.02.05-01.38.14:798][  0]LogWindows:    1. 'Intel(R) UHD Graphics' (P:0 D:0)
[2023.02.05-01.38.14:798][  0]LogWindows:    2. 'Intel(R) UHD Graphics' (P:0 D:0)
[2023.02.05-01.38.14:798][  0]LogWindows:    3. 'NVIDIA GeForce RTX 2080 Super' (P:0 D:0)
[2023.02.05-01.38.14:798][  0]LogWindows:    4. 'NVIDIA GeForce RTX 2080 Super' (P:0 D:0)
[2023.02.05-01.38.14:799][  0]LogWindows:    5. 'NVIDIA GeForce RTX 2080 Super' (P:0 D:0)
[2023.02.05-01.38.14:799][  0]LogWindows:    6. 'NVIDIA GeForce RTX 2080 Super' (P:0 D:0)
[2023.02.05-01.38.14:799][  0]LogWindows: DebugString: PrimaryIsNotTheChoosenAdapter PrimaryIsNotTheChoosenAdapter PrimaryIsNotTheChoosenAdapter FoundDriverCount:4 
[2023.02.05-01.38.14:799][  0]LogD3D11RHI:     Adapter Name: NVIDIA GeForce RTX 2080 Super
[2023.02.05-01.38.14:799][  0]LogD3D11RHI:   Driver Version: 517.48 (internal:31.0.15.1748, unified:517.48)
[2023.02.05-01.38.14:799][  0]LogD3D11RHI:      Driver Date: 9-21-2022
[2023.02.05-01.38.14:799][  0]LogRHI: Texture pool is 5607 MB (70% of 8010 MB)
[2023.02.05-01.38.14:799][  0]LogD3D11RHI: Creating D3DDevice using adapter:
[2023.02.05-01.38.14:799][  0]LogD3D11RHI:     Description : NVIDIA GeForce RTX 2080 Super
[2023.02.05-01.38.14:799][  0]LogD3D11RHI:     VendorId    : 10de
[2023.02.05-01.38.14:799][  0]LogD3D11RHI:     DeviceId    : 1e93
[2023.02.05-01.38.14:799][  0]LogD3D11RHI:     SubSysId    : 12bc1462
[2023.02.05-01.38.14:799][  0]LogD3D11RHI:     Revision    : 00a1
[2023.02.05-01.38.14:799][  0]LogD3D11RHI:     DedicatedVideoMemory : 8399093760 bytes
[2023.02.05-01.38.14:799][  0]LogD3D11RHI:     DedicatedSystemMemory : 0 bytes
[2023.02.05-01.38.14:799][  0]LogD3D11RHI:     SharedSystemMemory : 8495620096 bytes
[2023.02.05-01.38.14:799][  0]LogD3D11RHI:     AdapterLuid : 0 73416
[2023.02.05-01.38.14:856][  0]LogD3D11RHI: RHI has support for 64 bit atomics
[2023.02.05-01.38.14:856][  0]LogD3D11RHI: Async texture creation enabled
[2023.02.05-01.38.14:856][  0]LogD3D11RHI: Array index from any shader is supported
[2023.02.05-01.38.14:875][  0]LogD3D11RHI: GPU Timing Frequency: 1000.000000 (Debug: 2 2)
[2023.02.05-01.38.14:908][  0]LogRHI: GeForceNow SDK initialized: 1
[2023.02.05-01.38.15:141][  0]LogTargetPlatformManager: Display: Loaded TargetPlatform 'AllDesktop'
[2023.02.05-01.38.15:161][  0]LogTargetPlatformManager: Display: Loaded TargetPlatform 'Android'
[2023.02.05-01.38.15:161][  0]LogTargetPlatformManager: Display: Loaded TargetPlatform 'Android_ASTC'
[2023.02.05-01.38.15:161][  0]LogTargetPlatformManager: Display: Loaded TargetPlatform 'Android_DXT'
[2023.02.05-01.38.15:161][  0]LogTargetPlatformManager: Display: Loaded TargetPlatform 'Android_ETC2'
[2023.02.05-01.38.15:161][  0]LogTargetPlatformManager: Display: Loaded TargetPlatform 'AndroidClient'
[2023.02.05-01.38.15:161][  0]LogTargetPlatformManager: Display: Loaded TargetPlatform 'Android_ASTCClient'
[2023.02.05-01.38.15:161][  0]LogTargetPlatformManager: Display: Loaded TargetPlatform 'Android_DXTClient'
[2023.02.05-01.38.15:161][  0]LogTargetPlatformManager: Display: Loaded TargetPlatform 'Android_ETC2Client'
[2023.02.05-01.38.15:161][  0]LogTargetPlatformManager: Display: Loaded TargetPlatform 'Android_Multi'
[2023.02.05-01.38.15:161][  0]LogTargetPlatformManager: Display: Loaded TargetPlatform 'Android_MultiClient'
[2023.02.05-01.38.15:179][  0]LogTargetPlatformManager: Display: Loaded TargetPlatform 'IOSClient'
[2023.02.05-01.38.15:179][  0]LogTargetPlatformManager: Display: Loaded TargetPlatform 'IOS'
[2023.02.05-01.38.15:188][  0]LogTargetPlatformManager: Display: Loaded TargetPlatform 'Linux'
[2023.02.05-01.38.15:192][  0]LogTargetPlatformManager: Display: Loaded TargetPlatform 'LinuxNoEditor'
[2023.02.05-01.38.15:195][  0]LogTargetPlatformManager: Display: Loaded TargetPlatform 'LinuxClient'
[2023.02.05-01.38.15:199][  0]LogTargetPlatformManager: Display: Loaded TargetPlatform 'LinuxServer'
[2023.02.05-01.38.15:208][  0]LogTargetPlatformManager: Display: Loaded TargetPlatform 'LinuxAArch64NoEditor'
[2023.02.05-01.38.15:212][  0]LogTargetPlatformManager: Display: Loaded TargetPlatform 'LinuxAArch64Client'
[2023.02.05-01.38.15:215][  0]LogTargetPlatformManager: Display: Loaded TargetPlatform 'LinuxAArch64Server'
[2023.02.05-01.38.15:238][  0]LogTargetPlatformManager: Display: Loaded TargetPlatform 'Lumin'
[2023.02.05-01.38.15:238][  0]LogTargetPlatformManager: Display: Loaded TargetPlatform 'LuminClient'
[2023.02.05-01.38.15:245][  0]LogTargetPlatformManager: Display: Loaded TargetPlatform 'MacNoEditor'
[2023.02.05-01.38.15:249][  0]LogTargetPlatformManager: Display: Loaded TargetPlatform 'Mac'
[2023.02.05-01.38.15:252][  0]LogTargetPlatformManager: Display: Loaded TargetPlatform 'MacClient'
[2023.02.05-01.38.15:256][  0]LogTargetPlatformManager: Display: Loaded TargetPlatform 'MacServer'
[2023.02.05-01.38.15:266][  0]LogTargetPlatformManager: Display: Loaded TargetPlatform 'TVOSClient'
[2023.02.05-01.38.15:266][  0]LogTargetPlatformManager: Display: Loaded TargetPlatform 'TVOS'
[2023.02.05-01.38.15:274][  0]LogTargetPlatformManager: Display: Loaded TargetPlatform 'WindowsNoEditor'
[2023.02.05-01.38.15:278][  0]LogTargetPlatformManager: Display: Loaded TargetPlatform 'Windows'
[2023.02.05-01.38.15:282][  0]LogTargetPlatformManager: Display: Loaded TargetPlatform 'WindowsClient'
[2023.02.05-01.38.15:286][  0]LogTargetPlatformManager: Display: Loaded TargetPlatform 'WindowsServer'
[2023.02.05-01.38.15:286][  0]LogTargetPlatformManager: Display: Building Assets For Windows
[2023.02.05-01.38.15:292][  0]LogAudioDebug: Display: Lib vorbis DLL was dynamically loaded.
[2023.02.05-01.38.15:317][  0]LogTextureFormatOodle: Display: Oodle Texture 2.9.0 init RDO Off
[2023.02.05-01.38.15:346][  0]LogRendererCore: Ray tracing is disabled. Reason: r.RayTracing=0.
[2023.02.05-01.38.15:346][  0]LogShaderCompilers: Guid format shader working directory is -19 characters bigger than the processId version (../../../../../../Users/kolba/OneDrive/Documents/GGJ2023/GGJ2023/Intermediate/Shaders/WorkingDirectory/26024/).
[2023.02.05-01.38.15:346][  0]LogShaderCompilers: Cleaned the shader compiler working directory 'C:/Users/kolba/AppData/Local/Temp/UnrealShaderWorkingDir/6F55A5D44CCB88C62859338A0DD195C2/'.
[2023.02.05-01.38.15:346][  0]LogXGEController: Cannot use XGE Controller as Incredibuild is not installed on this machine.
[2023.02.05-01.38.15:346][  0]LogShaderCompilers: Cannot use XGE Shader Compiler as Incredibuild is not installed on this machine.
[2023.02.05-01.38.15:346][  0]LogShaderCompilers: Display: Using Local Shader Compiler.
[2023.02.05-01.38.16:000][  0]LogDerivedDataCache: Display: Max Cache Size: 512 MB
[2023.02.05-01.38.16:047][  0]LogDerivedDataCache: Loaded boot cache 0.05s 94MB C:/Users/kolba/AppData/Local/UnrealEngine/4.27/DerivedDataCache/Boot.ddc.
[2023.02.05-01.38.16:047][  0]LogDerivedDataCache: Display: Loaded Boot cache: C:/Users/kolba/AppData/Local/UnrealEngine/4.27/DerivedDataCache/Boot.ddc
[2023.02.05-01.38.16:047][  0]LogDerivedDataCache: FDerivedDataBackendGraph:  Pak pak cache file ../../../../../../Users/kolba/OneDrive/Documents/GGJ2023/GGJ2023/DerivedDataCache/DDC.ddp not found, will not use a pak cache.
[2023.02.05-01.38.16:047][  0]LogDerivedDataCache: Unable to find inner node Pak for hierarchical cache Hierarchy.
[2023.02.05-01.38.16:047][  0]LogDerivedDataCache: FDerivedDataBackendGraph:  CompressedPak pak cache file ../../../../../../Users/kolba/OneDrive/Documents/GGJ2023/GGJ2023/DerivedDataCache/Compressed.ddp not found, will not use a pak cache.
[2023.02.05-01.38.16:047][  0]LogDerivedDataCache: Unable to find inner node CompressedPak for hierarchical cache Hierarchy.
[2023.02.05-01.38.16:062][  0]LogDerivedDataCache: Display: Pak cache opened for reading ../../../Engine/DerivedDataCache/Compressed.ddp.
[2023.02.05-01.38.16:063][  0]LogDerivedDataCache: FDerivedDataBackendGraph:  EnterprisePak pak cache file ../../../Enterprise/DerivedDataCache/Compressed.ddp not found, will not use a pak cache.
[2023.02.05-01.38.16:063][  0]LogDerivedDataCache: Unable to find inner node EnterprisePak for hierarchical cache Hierarchy.
[2023.02.05-01.38.16:070][  0]LogDerivedDataCache: Speed tests for C:/Users/kolba/AppData/Local/UnrealEngine/Common/DerivedDataCache took 0.01 seconds
[2023.02.05-01.38.16:070][  0]LogDerivedDataCache: Display: Performance to C:/Users/kolba/AppData/Local/UnrealEngine/Common/DerivedDataCache: Latency=0.02ms. RandomReadSpeed=291.57MBs, RandomWriteSpeed=248.12MBs. Assigned SpeedClass 'Local'
[2023.02.05-01.38.16:071][  0]LogDerivedDataCache: Using Local data cache path C:/Users/kolba/AppData/Local/UnrealEngine/Common/DerivedDataCache: Writable
[2023.02.05-01.38.16:071][  0]LogDerivedDataCache: Shared data cache path not found in *engine.ini, will not use an Shared cache.
[2023.02.05-01.38.16:071][  0]LogDerivedDataCache: Unable to find inner node Shared for hierarchical cache Hierarchy.
[2023.02.05-01.38.16:113][  0]LogSlate: Using FreeType 2.10.0
[2023.02.05-01.38.16:114][  0]LogSlate: SlateFontServices - WITH_FREETYPE: 1, WITH_HARFBUZZ: 1
[2023.02.05-01.38.16:134][  0]LogAssetRegistry: FAssetRegistry took 0.0027 seconds to start up
[2023.02.05-01.38.16:388][  0]LogInit: Selected Device Profile: [Windows]
[2023.02.05-01.38.16:388][  0]LogInit: Active device profile: [000002048B978700][000002048D27B240 49] Windows
[2023.02.05-01.38.16:388][  0]LogInit: Profiles: [000002048B978700][000002048D27B240 49] Windows, [000002048B927700][00000204889B13C0 49] WindowsNoEditor, [000002048B97B300][000002048D289540 49] WindowsServer, [000002048B924F00][000002048CCED6C0 49] WindowsClient, [000002048B97B500][000002048D28D840 49] IOS, [000002048B917F00][00000204849699C0 49] iPadAir, [000002048B927B00][000002048496DB40 49] iPadAir2, [000002048ED60500][000002048497A280 49] IPadPro, [000002048ED60600][00000204849702C0 49] iPadAir3, [000002048B914100][000002048498C440 49] iPadAir4, [000002048ED62C00][000002048A4225C0 49] iPadMini2, [000002048B916500][000002048A41E740 49] iPadMini3, [000002048ED63400][000002048C8DA8C0 49] iPadMini4, [000002048B914F00][000002048D27EA00 49] iPadMini5, [000002048ED5BE00][000002048C8CAC40 49] iPhone6, [000002048ED5BF00][00000204889ECC80 49] iPodTouch6, [000002048B97B900][0000020484988F00 49] iPhone7, [000002048B97A100][000002048C8CEF40 49] iPodTouch7, [000002048ED58400][00000204889C70C0 49] iPhone5S, [000002048ED63D00][00000204889CB240 49] iPhone6Plus, [000002048B97B400][00000204889CF3C0 49] iPhone6S, [000002048ED62000][00000204889D3540 49] iPhone6SPlus, [000002048B978900][00000204889D76C0 49] iPhone7Plus, [000002048ED60E00][00000204889DB840 49] iPhoneSE, [000002048B978200][00000204889DF9C0 49] iPhone8, [000002048ED62400][00000204889E3B40 49] iPhone8Plus, [000002048B979E00][00000204889E6140 49] iPhoneX, [000002048ED63E00][000002048C5EA2C0 49] iPhoneXS, [000002048B979600][000002048C5EE440 49] iPhoneXSMax, [000002048ED62500][000002048C5F25C0 49] iPhoneXR, [000002048B97AA00][000002048C5F6740 49] iPhone11, [000002048ED63A00][000002048C5FA8C0 49] iPhone11Pro, [000002048B978F00][000002048C5FEA40 49] iPhone11ProMax, [000002048ED62300][0000020484984B80 49] iPhoneSE2, [000002048B97A700][000002048C602CC0 49] iPhone12Mini, [000002048ED60700][000002048C606E00 49] iPhone12, [000002048B97B100][000002048C60AF40 49] iPhone12Pro, [000002048ED63500][000002048C6130C0 49] iPhone12ProMax, [000002048B978800][000002048C617240 49] iPadPro105, [000002048ED61C00][00000204848F73C0 49] iPadPro129, [000002048B978300][00000204848FB540 49] iPadPro97, [000002048ED61D00][00000204848FF6C0 49] iPadPro2_129, [000002048B978C00][0000020484903840 49] iPad5, [000002048ED63000][00000204849079C0 49] iPad6, [000002048B97AC00][000002048490BB40 49] iPad7, [000002048ED62E00][000002048490E140 49] iPad8, [000002048B979800][00000204849122C0 49] iPadPro11, [000002048ED61B00][0000020484916440 49] iPadPro2_11, [000002048B979500][000002048491A5C0 49] iPadPro3_129, [000002048ED62700][000002048491E740 49] iPadPro4_129, [000002048B978100][00000204849228C0 49] AppleTV, [000002048ED62B00][0000020484926A40 49] AppleTV4K, [000002048B979B00][000002048492ABC0 49] TVOS, [000002048ED60900][000002048492ED40 49] Mac, [000002048B979700][000002048C60EE80 49] MacClient, [000002048ED62F00][0000020484932FC0 49] MacNoEditor, [000002048B978D00][0000020484937100 49] MacServer, [000002048ED60300][000002048493F280 49] Linux, [000002048B97AE00][0000020484943400 49] LinuxAArch64, [000002048ED61500][0000020484947580 49] LinuxNoEditor, [000002048B97A400][000002048494B700 49] LinuxAArch64NoEditor, [000002048ED60200][000002048494F880 49] LinuxClient, [000002048B97AD00][0000020484953A00 49] LinuxAArch64Client, [000002048ED60C00][0000020484957B80 49] LinuxServer, [000002048B978400][000002048495A180 49] LinuxAArch64Server, [000002048ED61000][000002048495E300 49] Android, [000002048B917900][0000020484962480 49] Android_Low, [000002048ED59B00][000002048C8F0600 49] Android_Mid, [000002048B917000][000002048C8F4780 49] Android_High, [000002048ED5A300][000002048C8F8900 49] Android_Default, [000002048B916000][000002048C8FCA80 49] Android_Adreno4xx, [000002048ED58100][000002048C900C00 49] Android_Adreno5xx_Low, [000002048B914B00][000002048C904D80 49] Android_Adreno5xx, [000002048ED59800][000002048C908F00 49] Android_Adreno6xx, [000002048B915100][000002048493B040 49] Android_Adreno6xx_Vulkan, [000002048ED58800][000002048C90D180 49] Android_Mali_T6xx, [000002048B917600][000002048C9112C0 49] Android_Mali_T7xx, [000002048ED58D00][000002048C919440 49] Android_Mali_T8xx, [000002048B917C00][000002048C91D5C0 49] Android_Mali_G71, [000002048ED59500][000002048C921740 49] Android_Mali_G72, [000002048B917E00][000002048C9258C0 49] Android_Mali_G72_Vulkan, [000002048ED5BD00][000002048C929A40 49] Android_Mali_G76, [000002048B917A00][000002048C92DBC0 49] Android_Mali_G76_Vulkan, [000002048ED5B600][000002048C9301C0 49] Android_Mali_G77, [000002048B916200][000002048C934340 49] Android_Mali_G77_Vulkan, [000002048ED59200][000002048C9384C0 49] Android_Mali_G78, [000002048B914A00][000002048C93C640 49] Android_Mali_G78_Vulkan, [000002048ED5B000][000002048C9407C0 49] Android_Mali_G710, [000002048B915400][000002048C944940 49] Android_Mali_G710_Vulkan, [000002048ED58700][000002048C948AC0 49] Android_Vulkan_SM5, [000002048B915800][000002048C94CC40 49] Android_PowerVR_G6xxx, [000002048ED58E00][000002048C950DC0 49] Android_PowerVR_GT7xxx, [000002048B914200][000002048C954F40 49] Android_PowerVR_GE8xxx, [000002048ED58600][000002048C9590C0 49] Android_PowerVR_GM9xxx, [000002048B916600][000002048C915200 49] Android_PowerVR_GM9xxx_Vulkan, [000002048ED60F00][000002048C95D340 49] Android_TegraK1, [000002048B916A00][000002048C961480 49] Android_Unknown_Vulkan, [000002048ED60D00][000002048C9655C0 49] Lumin, [000002048B915200][000002048C96D740 49] Lumin_Desktop, [000002048ED60B00][000002048C9718C0 49] HoloLens, 
[2023.02.05-01.38.16:523][  0]LogMeshReduction: Using QuadricMeshReduction for automatic static mesh reduction
[2023.02.05-01.38.16:523][  0]LogMeshReduction: Using SimplygonMeshReduction for automatic skeletal mesh reduction
[2023.02.05-01.38.16:523][  0]LogMeshReduction: Using ProxyLODMeshReduction for automatic mesh merging
[2023.02.05-01.38.16:523][  0]LogMeshReduction: No distributed automatic mesh merging module available
[2023.02.05-01.38.16:523][  0]LogMeshMerging: No distributed automatic mesh merging module available
[2023.02.05-01.38.16:535][  0]LogNetVersion: GGJ2023 1.0.0, NetCL: 17155196, EngineNetVer: 17, GameNetVer: 0 (Checksum: 2262209438)
[2023.02.05-01.38.16:850][  0]LogTexture: Default maximum texture size for cubemaps generated from long-lat sources has been changed from 512 to unlimited. In order to preserve old behaiour for '/Engine/MapTemplates/Sky/DaylightAmbientCubemap.DaylightAmbientCubemap', its maximum texture size has been explicitly set to 512.
[2023.02.05-01.38.16:900][  0]LogHMD: PokeAHoleMaterial loaded successfully
[2023.02.05-01.38.16:905][  0]LogUObjectArray: 17178 objects as part of root set at end of initial load.
[2023.02.05-01.38.16:905][  0]LogUObjectAllocator: 4302048 out of 0 bytes used by permanent object pool.
[2023.02.05-01.38.16:905][  0]LogUObjectArray: CloseDisregardForGC: 0/0 objects in disregard for GC pool
[2023.02.05-01.38.17:127][  0]LogNiagaraDebuggerClient: Niagara Debugger Client Initialized | Session: EDD9C01C489006F2D0B39CA0DC784FE2 | Instance: DA32F7B944F0797768A85DAB26FFF7B5 (MSI-26024).
[2023.02.05-01.38.17:157][  0]LogPython: Using Python 3.7.7
[2023.02.05-01.38.17:681][  0]LogTcpMessaging: Initializing TcpMessaging bridge
[2023.02.05-01.38.17:685][  0]LogUdpMessaging: Initializing bridge on interface 0.0.0.0:0 to multicast group 230.0.0.1:6666.
[2023.02.05-01.38.17:852][  0]SourceControl: Source control is disabled
[2023.02.05-01.38.17:852][  0]LogWindows: Warning: CreateProc failed: The system cannot find the file specified. (0x00000002)
[2023.02.05-01.38.17:852][  0]LogWindows: Warning: URL: C:/Program Files/Git/bin/git.exe version
[2023.02.05-01.38.17:855][  0]LogWindows: Warning: CreateProc failed: The system cannot find the file specified. (0x00000002)
[2023.02.05-01.38.17:855][  0]LogWindows: Warning: URL: C:/Program Files/Git/bin/git.exe version
[2023.02.05-01.38.17:857][  0]LogWindows: Warning: CreateProc failed: The system cannot find the file specified. (0x00000002)
[2023.02.05-01.38.17:857][  0]LogWindows: Warning: URL: C:/Program Files/Git/bin/git.exe version
[2023.02.05-01.38.17:863][  0]LogWindows: Warning: CreateProc failed: The system cannot find the file specified. (0x00000002)
[2023.02.05-01.38.17:863][  0]LogWindows: Warning: URL: C:/Program Files/Git/bin/git.exe version
[2023.02.05-01.38.17:868][  0]LogUProjectInfo: Found projects:
[2023.02.05-01.38.17:986][  0]LogOpenImageDenoise: OIDN starting up
[2023.02.05-01.38.18:021][  0]LogAndroidPermission: UAndroidPermissionCallbackProxy::GetInstance
[2023.02.05-01.38.18:036][  0]LogAudioCaptureCore: Display: No Audio Capture implementations found. Audio input will be silent.
[2023.02.05-01.38.18:036][  0]LogAudioCaptureCore: Display: No Audio Capture implementations found. Audio input will be silent.
[2023.02.05-01.38.18:138][  0]LogCollectionManager: Loaded 0 collections in 0.002011 seconds
[2023.02.05-01.38.18:159][  0]LogFileCache: Scanning file cache for directory 'C:/Users/kolba/OneDrive/Documents/GGJ2023/GGJ2023/Saved/Collections/' took 0.00s
[2023.02.05-01.38.18:159][  0]LogFileCache: Scanning file cache for directory 'C:/Users/kolba/OneDrive/Documents/GGJ2023/GGJ2023/Content/Developers/kolba/Collections/' took 0.00s
[2023.02.05-01.38.18:159][  0]LogFileCache: Scanning file cache for directory 'C:/Users/kolba/OneDrive/Documents/GGJ2023/GGJ2023/Content/Collections/' took 0.00s
[2023.02.05-01.38.18:159][  0]LogOcInput: OculusInput pre-init called
[2023.02.05-01.38.18:339][  0]LogEngine: Initializing Engine...
[2023.02.05-01.38.18:350][  0]LogHMD: Optional extension XR_KHR_opengl_enable is not available
[2023.02.05-01.38.18:350][  0]LogHMD: Optional extension XR_KHR_vulkan_enable is not available
[2023.02.05-01.38.18:350][  0]LogHMD: Optional extension XR_VARJO_quad_views is not available
[2023.02.05-01.38.18:353][  0]LogHMD: Failed to get an OpenXR system, result is XR_ERROR_FORM_FACTOR_UNAVAILABLE. Please check that your runtime supports VR headsets.
[2023.02.05-01.38.18:354][  0]LogHMD: Failed to initialize OpenVR with code 101
[2023.02.05-01.38.18:354][  0]LogMagicLeap: Warning: VR disabled because ZI is not enabled.  To enable, in the editor, Edit -> Project Settings -> Plugins -> Magic Leap Plugin -> Enable Zero Iteration
[2023.02.05-01.38.18:354][  0]LogStats: UGameplayTagsManager::InitializeManager -  0.000 s
[2023.02.05-01.38.18:449][  0]LogInit: Initializing FReadOnlyCVARCache
[2023.02.05-01.38.18:456][  0]LogAIModule: Creating AISystem for world Untitled
[2023.02.05-01.38.18:462][  0]LogAudio: Display: Initializing Audio Device Manager...
[2023.02.05-01.38.18:466][  0]LogAudio: Display: Loading Default Audio Settings Objects...
[2023.02.05-01.38.18:466][  0]LogAudio: Display: No default SoundConcurrencyObject specified (or failed to load).
[2023.02.05-01.38.18:467][  0]LogAudio: Display: Audio Device Manager Initialized
[2023.02.05-01.38.18:467][  0]LogAudio: Display: Creating Audio Device:                 Id: 1, Scope: Shared, Realtime: True
[2023.02.05-01.38.18:467][  0]LogAudioMixer: Display: Audio Mixer Platform Settings:
[2023.02.05-01.38.18:467][  0]LogAudioMixer: Display: 	Sample Rate:						  48000
[2023.02.05-01.38.18:467][  0]LogAudioMixer: Display: 	Callback Buffer Frame Size Requested: 1024
[2023.02.05-01.38.18:467][  0]LogAudioMixer: Display: 	Callback Buffer Frame Size To Use:	  1024
[2023.02.05-01.38.18:467][  0]LogAudioMixer: Display: 	Number of buffers to queue:			  2
[2023.02.05-01.38.18:467][  0]LogAudioMixer: Display: 	Max Channels (voices):				  32
[2023.02.05-01.38.18:467][  0]LogAudioMixer: Display: 	Number of Async Source Workers:		  0
[2023.02.05-01.38.18:467][  0]LogAudio: Display: AudioDevice MaxSources: 32
[2023.02.05-01.38.18:467][  0]LogAudio: Display: Audio Spatialization Plugin: None (built-in).
[2023.02.05-01.38.18:467][  0]LogAudio: Display: Audio Reverb Plugin: None (built-in).
[2023.02.05-01.38.18:467][  0]LogAudio: Display: Audio Occlusion Plugin: None (built-in).
[2023.02.05-01.38.18:467][  0]LogAudioMixer: Display: Initializing audio mixer.
[2023.02.05-01.38.18:511][  0]LogAudioMixer: Display: 0: FrontLeft
[2023.02.05-01.38.18:511][  0]LogAudioMixer: Display: 1: FrontRight
[2023.02.05-01.38.18:522][  0]LogAudioMixer: Display: Using Audio Device Speakers (Logi USB Headset)
[2023.02.05-01.38.18:524][  0]LogAudioMixer: Display: Initializing Sound Submixes...
[2023.02.05-01.38.18:526][  0]LogAudioMixer: Display: Creating Master Submix 'MasterSubmixDefault'
[2023.02.05-01.38.18:526][  0]LogAudioMixer: Display: Creating Master Submix 'MasterReverbSubmixDefault'
[2023.02.05-01.38.18:527][  0]LogAudioMixer: Display: Creating Master Submix 'MasterEQSubmixDefault'
[2023.02.05-01.38.18:527][  0]LogAudioMixer: FMixerPlatformXAudio2::StartAudioStream() called
[2023.02.05-01.38.18:527][  0]LogAudioMixer: Display: Output buffers initialized: Frames=1024, Channels=2, Samples=2048
[2023.02.05-01.38.18:528][  0]LogAudioMixer: Display: Starting AudioMixerPlatformInterface::RunInternal()
[2023.02.05-01.38.18:528][  0]LogAudioMixer: Display: FMixerPlatformXAudio2::SubmitBuffer() called for the first time
[2023.02.05-01.38.18:528][  0]LogInit: FAudioDevice initialized.
[2023.02.05-01.38.18:528][  0]LogAudio: Display: Audio Device (ID: 1) registered with world 'Untitled'.
[2023.02.05-01.38.18:528][  0]LogNetVersion: Set ProjectVersion to 1.0.0.0. Version Checksum will be recalculated on next use.
[2023.02.05-01.38.18:571][  0]LogDerivedDataCache: Saved boot cache 0.04s 94MB C:/Users/kolba/AppData/Local/UnrealEngine/4.27/DerivedDataCache/Boot.ddc.
[2023.02.05-01.38.18:571][  0]LogInit: Texture streaming: Enabled
[2023.02.05-01.38.18:581][  0]LogAnalytics: Display: [UEEditor.Rocket.Release] APIServer = https://datarouter.ol.epicgames.com/. AppVersion = 4.27.2-18319896+++UE4+Release-4.27
[2023.02.05-01.38.18:585][  0]LogEngineSessionManager: EngineSessionManager initialized
[2023.02.05-01.38.18:585][  0]LogEngineSessionManager: EngineSessionManager sent abnormal shutdown report. Type=Crashed, SessionId={D790994B-47C3-9DE2-6522-DDBE31DDF032}
[2023.02.05-01.38.18:585][  0]LogEditorSessionSummary: Verbose: Initializing EditorSessionSummaryWriter for editor session tracking
[2023.02.05-01.38.18:586][  0]LogEditorSessionSummary: EditorSessionSummaryWriter initialized
[2023.02.05-01.38.18:608][  0]LogInit: Transaction tracking system initialized
[2023.02.05-01.38.18:624][  0]BlueprintLog: New page: Editor Load
[2023.02.05-01.38.18:672][  0]LocalizationService: Localization service is disabled
[2023.02.05-01.38.18:690][  0]TimingProfiler: Initialize
[2023.02.05-01.38.18:690][  0]TimingProfiler: OnSessionChanged
[2023.02.05-01.38.18:690][  0]LoadingProfiler: Initialize
[2023.02.05-01.38.18:690][  0]LoadingProfiler: OnSessionChanged
[2023.02.05-01.38.18:690][  0]NetworkingProfiler: Initialize
[2023.02.05-01.38.18:690][  0]NetworkingProfiler: OnSessionChanged
[2023.02.05-01.38.18:690][  0]MemoryProfiler: Initialize
[2023.02.05-01.38.18:690][  0]MemoryProfiler: OnSessionChanged
[2023.02.05-01.38.18:810][  0]LogCook: Display: CookSettings for Memory: MemoryMaxUsedVirtual 0MiB, MemoryMaxUsedPhysical 16384MiB, MemoryMinFreeVirtual 0MiB, MemoryMinFreePhysical 1024MiB
[2023.02.05-01.38.18:810][  0]LogCook: Display: Mobile HDR setting 1
[2023.02.05-01.38.18:965][  0]LogFileCache: Scanning file cache for directory 'C:/Users/kolba/OneDrive/Documents/GGJ2023/GGJ2023/Content/' took 0.01s
[2023.02.05-01.38.19:103][  0]LogInit: Display: Engine is initialized. Leaving FEngineLoop::Init()
[2023.02.05-01.38.19:106][  0]LogWindows: Warning: CreateProc failed: The system cannot find the file specified. (0x00000002)
[2023.02.05-01.38.19:106][  0]LogWindows: Warning: URL: C:/Program Files/Git/bin/git.exe version
[2023.02.05-01.38.19:106][  0]LogUnrealEdMisc: Loading editor; pre map load, took 5.726
[2023.02.05-01.38.19:106][  0]Cmd: MAP LOAD FILE="../../../../../../Users/kolba/OneDrive/Documents/GGJ2023/GGJ2023/Content/SideScrollerBP/Maps/SideScrollerExampleMap.umap" TEMPLATE=0 SHOWPROGRESS=1 FEATURELEVEL=3
[2023.02.05-01.38.19:106][  0]LightingResults: New page: Lighting Build
[2023.02.05-01.38.19:107][  0]LogWorld: UWorld::CleanupWorld for Untitled, bSessionEnded=true, bCleanupResources=true
[2023.02.05-01.38.19:107][  0]LogSlate: InvalidateAllWidgets triggered.  All widgets were invalidated
[2023.02.05-01.38.19:107][  0]MapCheck: New page: Map Check
[2023.02.05-01.38.19:107][  0]LightingResults: New page: Lighting Build
[2023.02.05-01.38.19:111][  0]LogAudio: Display: Audio Device unregistered from world 'None'.
[2023.02.05-01.38.19:114][  0]LogUObjectHash: Compacting FUObjectHashTables data took   0.67ms
[2023.02.05-01.38.19:555][  0]LogAudio: Display: Audio Device (ID: 1) registered with world 'SideScrollerExampleMap'.
[2023.02.05-01.38.19:556][  0]LogAIModule: Creating AISystem for world SideScrollerExampleMap
[2023.02.05-01.38.19:566][  0]LogEditorServer: Finished looking for orphan Actors (0.000 secs)
[2023.02.05-01.38.19:574][  0]LogUObjectHash: Compacting FUObjectHashTables data took   0.84ms
[2023.02.05-01.38.19:575][  0]Cmd: MAP CHECKDEP NOCLEARLOG
[2023.02.05-01.38.19:575][  0]MapCheck: Map check complete: 0 Error(s), 0 Warning(s), took 0.118ms to complete.
[2023.02.05-01.38.19:575][  0]LogFileHelpers: Loading map 'SideScrollerExampleMap' took 0.469
[2023.02.05-01.38.19:575][  0]LogUnrealEdMisc: Total Editor Startup Time, took 6.195
[2023.02.05-01.38.19:671][  0]LogNativeClassHierarchy: Verbose: Native class hierarchy populated in 0.0078 seconds. Added 3822 classes and 928 folders.
[2023.02.05-01.38.19:675][  0]LogNativeClassHierarchy: Verbose: Native class hierarchy updated for 'WidgetCarousel' in 0.0003 seconds. Added 0 classes and 0 folders.
[2023.02.05-01.38.19:676][  0]LogPakFile: PakFile PrimaryIndexSize=187
[2023.02.05-01.38.19:676][  0]LogPakFile: PakFile PathHashIndexSize=101
[2023.02.05-01.38.19:676][  0]LogPakFile: PakFile FullDirectoryIndexSize=148
[2023.02.05-01.38.19:676][  0]LogShaderLibrary: Display: ShaderCodeLibraryPakFileMountedCallback: PakFile 'C:/Program Files/Epic Games/UE_4.27/FeaturePacks/FP_FirstPerson.upack' (chunk index -1, root 'root:/') mounted
[2023.02.05-01.38.19:676][  0]LogShaderLibrary: Display: ShaderCodeLibraryPakFileMountedCallback: pending pak file info (ChunkID:-1 Root:root:/ File:C:/Program Files/Epic Games/UE_4.27/FeaturePacks/FP_FirstPerson.upack)
[2023.02.05-01.38.19:676][  0]LogPakFile: OnPakFileMounted2Time == 0.000050
[2023.02.05-01.38.19:677][  0]LogPakFile: PakFile PrimaryIndexSize=189
[2023.02.05-01.38.19:677][  0]LogPakFile: PakFile PathHashIndexSize=101
[2023.02.05-01.38.19:677][  0]LogPakFile: PakFile FullDirectoryIndexSize=152
[2023.02.05-01.38.19:677][  0]LogShaderLibrary: Display: ShaderCodeLibraryPakFileMountedCallback: PakFile 'C:/Program Files/Epic Games/UE_4.27/FeaturePacks/FP_FirstPersonBP.upack' (chunk index -1, root 'root:/') mounted
[2023.02.05-01.38.19:677][  0]LogShaderLibrary: Display: ShaderCodeLibraryPakFileMountedCallback: pending pak file info (ChunkID:-1 Root:root:/ File:C:/Program Files/Epic Games/UE_4.27/FeaturePacks/FP_FirstPersonBP.upack)
[2023.02.05-01.38.19:677][  0]LogPakFile: OnPakFileMounted2Time == 0.000031
[2023.02.05-01.38.19:677][  0]LogPakFile: PakFile PrimaryIndexSize=191
[2023.02.05-01.38.19:677][  0]LogPakFile: PakFile PathHashIndexSize=101
[2023.02.05-01.38.19:677][  0]LogPakFile: PakFile FullDirectoryIndexSize=160
[2023.02.05-01.38.19:677][  0]LogShaderLibrary: Display: ShaderCodeLibraryPakFileMountedCallback: PakFile 'C:/Program Files/Epic Games/UE_4.27/FeaturePacks/MobileStarterContent.upack' (chunk index -1, root 'root:/') mounted
[2023.02.05-01.38.19:677][  0]LogShaderLibrary: Display: ShaderCodeLibraryPakFileMountedCallback: pending pak file info (ChunkID:-1 Root:root:/ File:C:/Program Files/Epic Games/UE_4.27/FeaturePacks/MobileStarterContent.upack)
[2023.02.05-01.38.19:677][  0]LogPakFile: OnPakFileMounted2Time == 0.000029
[2023.02.05-01.38.19:678][  0]LogPakFile: PakFile PrimaryIndexSize=185
[2023.02.05-01.38.19:678][  0]LogPakFile: PakFile PathHashIndexSize=101
[2023.02.05-01.38.19:678][  0]LogPakFile: PakFile FullDirectoryIndexSize=148
[2023.02.05-01.38.19:678][  0]LogShaderLibrary: Display: ShaderCodeLibraryPakFileMountedCallback: PakFile 'C:/Program Files/Epic Games/UE_4.27/FeaturePacks/StarterContent.upack' (chunk index -1, root 'root:/') mounted
[2023.02.05-01.38.19:678][  0]LogShaderLibrary: Display: ShaderCodeLibraryPakFileMountedCallback: pending pak file info (ChunkID:-1 Root:root:/ File:C:/Program Files/Epic Games/UE_4.27/FeaturePacks/StarterContent.upack)
[2023.02.05-01.38.19:678][  0]LogPakFile: OnPakFileMounted2Time == 0.000030
[2023.02.05-01.38.19:678][  0]LogPakFile: PakFile PrimaryIndexSize=190
[2023.02.05-01.38.19:678][  0]LogPakFile: PakFile PathHashIndexSize=101
[2023.02.05-01.38.19:678][  0]LogPakFile: PakFile FullDirectoryIndexSize=154
[2023.02.05-01.38.19:678][  0]LogShaderLibrary: Display: ShaderCodeLibraryPakFileMountedCallback: PakFile 'C:/Program Files/Epic Games/UE_4.27/FeaturePacks/TP_2DSideScroller.upack' (chunk index -1, root 'root:/') mounted
[2023.02.05-01.38.19:678][  0]LogShaderLibrary: Display: ShaderCodeLibraryPakFileMountedCallback: pending pak file info (ChunkID:-1 Root:root:/ File:C:/Program Files/Epic Games/UE_4.27/FeaturePacks/TP_2DSideScroller.upack)
[2023.02.05-01.38.19:678][  0]LogPakFile: OnPakFileMounted2Time == 0.000027
[2023.02.05-01.38.19:678][  0]LogPakFile: PakFile PrimaryIndexSize=192
[2023.02.05-01.38.19:678][  0]LogPakFile: PakFile PathHashIndexSize=101
[2023.02.05-01.38.19:678][  0]LogPakFile: PakFile FullDirectoryIndexSize=158
[2023.02.05-01.38.19:678][  0]LogShaderLibrary: Display: ShaderCodeLibraryPakFileMountedCallback: PakFile 'C:/Program Files/Epic Games/UE_4.27/FeaturePacks/TP_2DSideScrollerBP.upack' (chunk index -1, root 'root:/') mounted
[2023.02.05-01.38.19:678][  0]LogShaderLibrary: Display: ShaderCodeLibraryPakFileMountedCallback: pending pak file info (ChunkID:-1 Root:root:/ File:C:/Program Files/Epic Games/UE_4.27/FeaturePacks/TP_2DSideScrollerBP.upack)
[2023.02.05-01.38.19:678][  0]LogPakFile: OnPakFileMounted2Time == 0.000027
[2023.02.05-01.38.19:679][  0]LogPakFile: PakFile PrimaryIndexSize=182
[2023.02.05-01.38.19:679][  0]LogPakFile: PakFile PathHashIndexSize=101
[2023.02.05-01.38.19:679][  0]LogPakFile: PakFile FullDirectoryIndexSize=138
[2023.02.05-01.38.19:679][  0]LogShaderLibrary: Display: ShaderCodeLibraryPakFileMountedCallback: PakFile 'C:/Program Files/Epic Games/UE_4.27/FeaturePacks/TP_Flying.upack' (chunk index -1, root 'root:/') mounted
[2023.02.05-01.38.19:679][  0]LogShaderLibrary: Display: ShaderCodeLibraryPakFileMountedCallback: pending pak file info (ChunkID:-1 Root:root:/ File:C:/Program Files/Epic Games/UE_4.27/FeaturePacks/TP_Flying.upack)
[2023.02.05-01.38.19:679][  0]LogPakFile: OnPakFileMounted2Time == 0.000027
[2023.02.05-01.38.19:679][  0]LogPakFile: PakFile PrimaryIndexSize=184
[2023.02.05-01.38.19:679][  0]LogPakFile: PakFile PathHashIndexSize=101
[2023.02.05-01.38.19:679][  0]LogPakFile: PakFile FullDirectoryIndexSize=142
[2023.02.05-01.38.19:679][  0]LogShaderLibrary: Display: ShaderCodeLibraryPakFileMountedCallback: PakFile 'C:/Program Files/Epic Games/UE_4.27/FeaturePacks/TP_FlyingBP.upack' (chunk index -1, root 'root:/') mounted
[2023.02.05-01.38.19:679][  0]LogShaderLibrary: Display: ShaderCodeLibraryPakFileMountedCallback: pending pak file info (ChunkID:-1 Root:root:/ File:C:/Program Files/Epic Games/UE_4.27/FeaturePacks/TP_FlyingBP.upack)
[2023.02.05-01.38.19:679][  0]LogPakFile: OnPakFileMounted2Time == 0.000027
[2023.02.05-01.38.19:680][  0]LogPakFile: PakFile PrimaryIndexSize=188
[2023.02.05-01.38.19:680][  0]LogPakFile: PakFile PathHashIndexSize=101
[2023.02.05-01.38.19:680][  0]LogPakFile: PakFile FullDirectoryIndexSize=150
[2023.02.05-01.38.19:680][  0]LogShaderLibrary: Display: ShaderCodeLibraryPakFileMountedCallback: PakFile 'C:/Program Files/Epic Games/UE_4.27/FeaturePacks/TP_HandheldARBP.upack' (chunk index -1, root 'root:/') mounted
[2023.02.05-01.38.19:680][  0]LogShaderLibrary: Display: ShaderCodeLibraryPakFileMountedCallback: pending pak file info (ChunkID:-1 Root:root:/ File:C:/Program Files/Epic Games/UE_4.27/FeaturePacks/TP_HandheldARBP.upack)
[2023.02.05-01.38.19:680][  0]LogPakFile: OnPakFileMounted2Time == 0.000026
[2023.02.05-01.38.19:680][  0]LogPakFile: PakFile PrimaryIndexSize=182
[2023.02.05-01.38.19:680][  0]LogPakFile: PakFile PathHashIndexSize=101
[2023.02.05-01.38.19:680][  0]LogPakFile: PakFile FullDirectoryIndexSize=138
[2023.02.05-01.38.19:680][  0]LogShaderLibrary: Display: ShaderCodeLibraryPakFileMountedCallback: PakFile 'C:/Program Files/Epic Games/UE_4.27/FeaturePacks/TP_Puzzle.upack' (chunk index -1, root 'root:/') mounted
[2023.02.05-01.38.19:680][  0]LogShaderLibrary: Display: ShaderCodeLibraryPakFileMountedCallback: pending pak file info (ChunkID:-1 Root:root:/ File:C:/Program Files/Epic Games/UE_4.27/FeaturePacks/TP_Puzzle.upack)
[2023.02.05-01.38.19:680][  0]LogPakFile: OnPakFileMounted2Time == 0.000027
[2023.02.05-01.38.19:681][  0]LogPakFile: PakFile PrimaryIndexSize=184
[2023.02.05-01.38.19:681][  0]LogPakFile: PakFile PathHashIndexSize=101
[2023.02.05-01.38.19:681][  0]LogPakFile: PakFile FullDirectoryIndexSize=142
[2023.02.05-01.38.19:681][  0]LogShaderLibrary: Display: ShaderCodeLibraryPakFileMountedCallback: PakFile 'C:/Program Files/Epic Games/UE_4.27/FeaturePacks/TP_PuzzleBP.upack' (chunk index -1, root 'root:/') mounted
[2023.02.05-01.38.19:681][  0]LogShaderLibrary: Display: ShaderCodeLibraryPakFileMountedCallback: pending pak file info (ChunkID:-1 Root:root:/ File:C:/Program Files/Epic Games/UE_4.27/FeaturePacks/TP_PuzzleBP.upack)
[2023.02.05-01.38.19:681][  0]LogPakFile: OnPakFileMounted2Time == 0.000027
[2023.02.05-01.38.19:681][  0]LogPakFile: PakFile PrimaryIndexSize=183
[2023.02.05-01.38.19:681][  0]LogPakFile: PakFile PathHashIndexSize=101
[2023.02.05-01.38.19:681][  0]LogPakFile: PakFile FullDirectoryIndexSize=140
[2023.02.05-01.38.19:681][  0]LogShaderLibrary: Display: ShaderCodeLibraryPakFileMountedCallback: PakFile 'C:/Program Files/Epic Games/UE_4.27/FeaturePacks/TP_Rolling.upack' (chunk index -1, root 'root:/') mounted
[2023.02.05-01.38.19:681][  0]LogShaderLibrary: Display: ShaderCodeLibraryPakFileMountedCallback: pending pak file info (ChunkID:-1 Root:root:/ File:C:/Program Files/Epic Games/UE_4.27/FeaturePacks/TP_Rolling.upack)
[2023.02.05-01.38.19:681][  0]LogPakFile: OnPakFileMounted2Time == 0.000026
[2023.02.05-01.38.19:681][  0]LogPakFile: PakFile PrimaryIndexSize=185
[2023.02.05-01.38.19:681][  0]LogPakFile: PakFile PathHashIndexSize=101
[2023.02.05-01.38.19:681][  0]LogPakFile: PakFile FullDirectoryIndexSize=144
[2023.02.05-01.38.19:681][  0]LogShaderLibrary: Display: ShaderCodeLibraryPakFileMountedCallback: PakFile 'C:/Program Files/Epic Games/UE_4.27/FeaturePacks/TP_RollingBP.upack' (chunk index -1, root 'root:/') mounted
[2023.02.05-01.38.19:681][  0]LogShaderLibrary: Display: ShaderCodeLibraryPakFileMountedCallback: pending pak file info (ChunkID:-1 Root:root:/ File:C:/Program Files/Epic Games/UE_4.27/FeaturePacks/TP_RollingBP.upack)
[2023.02.05-01.38.19:681][  0]LogPakFile: OnPakFileMounted2Time == 0.000027
[2023.02.05-01.38.19:682][  0]LogPakFile: PakFile PrimaryIndexSize=188
[2023.02.05-01.38.19:682][  0]LogPakFile: PakFile PathHashIndexSize=101
[2023.02.05-01.38.19:682][  0]LogPakFile: PakFile FullDirectoryIndexSize=150
[2023.02.05-01.38.19:682][  0]LogShaderLibrary: Display: ShaderCodeLibraryPakFileMountedCallback: PakFile 'C:/Program Files/Epic Games/UE_4.27/FeaturePacks/TP_SideScroller.upack' (chunk index -1, root 'root:/') mounted
[2023.02.05-01.38.19:682][  0]LogShaderLibrary: Display: ShaderCodeLibraryPakFileMountedCallback: pending pak file info (ChunkID:-1 Root:root:/ File:C:/Program Files/Epic Games/UE_4.27/FeaturePacks/TP_SideScroller.upack)
[2023.02.05-01.38.19:682][  0]LogPakFile: OnPakFileMounted2Time == 0.000032
[2023.02.05-01.38.19:682][  0]LogPakFile: PakFile PrimaryIndexSize=190
[2023.02.05-01.38.19:682][  0]LogPakFile: PakFile PathHashIndexSize=101
[2023.02.05-01.38.19:682][  0]LogPakFile: PakFile FullDirectoryIndexSize=154
[2023.02.05-01.38.19:682][  0]LogShaderLibrary: Display: ShaderCodeLibraryPakFileMountedCallback: PakFile 'C:/Program Files/Epic Games/UE_4.27/FeaturePacks/TP_SideScrollerBP.upack' (chunk index -1, root 'root:/') mounted
[2023.02.05-01.38.19:682][  0]LogShaderLibrary: Display: ShaderCodeLibraryPakFileMountedCallback: pending pak file info (ChunkID:-1 Root:root:/ File:C:/Program Files/Epic Games/UE_4.27/FeaturePacks/TP_SideScrollerBP.upack)
[2023.02.05-01.38.19:682][  0]LogPakFile: OnPakFileMounted2Time == 0.000028
[2023.02.05-01.38.19:683][  0]LogPakFile: PakFile PrimaryIndexSize=187
[2023.02.05-01.38.19:683][  0]LogPakFile: PakFile PathHashIndexSize=101
[2023.02.05-01.38.19:683][  0]LogPakFile: PakFile FullDirectoryIndexSize=148
[2023.02.05-01.38.19:683][  0]LogShaderLibrary: Display: ShaderCodeLibraryPakFileMountedCallback: PakFile 'C:/Program Files/Epic Games/UE_4.27/FeaturePacks/TP_ThirdPerson.upack' (chunk index -1, root 'root:/') mounted
[2023.02.05-01.38.19:683][  0]LogShaderLibrary: Display: ShaderCodeLibraryPakFileMountedCallback: pending pak file info (ChunkID:-1 Root:root:/ File:C:/Program Files/Epic Games/UE_4.27/FeaturePacks/TP_ThirdPerson.upack)
[2023.02.05-01.38.19:683][  0]LogPakFile: OnPakFileMounted2Time == 0.000028
[2023.02.05-01.38.19:683][  0]LogPakFile: PakFile PrimaryIndexSize=189
[2023.02.05-01.38.19:683][  0]LogPakFile: PakFile PathHashIndexSize=101
[2023.02.05-01.38.19:683][  0]LogPakFile: PakFile FullDirectoryIndexSize=152
[2023.02.05-01.38.19:683][  0]LogShaderLibrary: Display: ShaderCodeLibraryPakFileMountedCallback: PakFile 'C:/Program Files/Epic Games/UE_4.27/FeaturePacks/TP_ThirdPersonBP.upack' (chunk index -1, root 'root:/') mounted
[2023.02.05-01.38.19:683][  0]LogShaderLibrary: Display: ShaderCodeLibraryPakFileMountedCallback: pending pak file info (ChunkID:-1 Root:root:/ File:C:/Program Files/Epic Games/UE_4.27/FeaturePacks/TP_ThirdPersonBP.upack)
[2023.02.05-01.38.19:683][  0]LogPakFile: OnPakFileMounted2Time == 0.000028
[2023.02.05-01.38.19:684][  0]LogPakFile: PakFile PrimaryIndexSize=183
[2023.02.05-01.38.19:684][  0]LogPakFile: PakFile PathHashIndexSize=101
[2023.02.05-01.38.19:684][  0]LogPakFile: PakFile FullDirectoryIndexSize=140
[2023.02.05-01.38.19:684][  0]LogShaderLibrary: Display: ShaderCodeLibraryPakFileMountedCallback: PakFile 'C:/Program Files/Epic Games/UE_4.27/FeaturePacks/TP_TopDown.upack' (chunk index -1, root 'root:/') mounted
[2023.02.05-01.38.19:684][  0]LogShaderLibrary: Display: ShaderCodeLibraryPakFileMountedCallback: pending pak file info (ChunkID:-1 Root:root:/ File:C:/Program Files/Epic Games/UE_4.27/FeaturePacks/TP_TopDown.upack)
[2023.02.05-01.38.19:684][  0]LogPakFile: OnPakFileMounted2Time == 0.000035
[2023.02.05-01.38.19:684][  0]LogPakFile: PakFile PrimaryIndexSize=185
[2023.02.05-01.38.19:684][  0]LogPakFile: PakFile PathHashIndexSize=101
[2023.02.05-01.38.19:684][  0]LogPakFile: PakFile FullDirectoryIndexSize=144
[2023.02.05-01.38.19:684][  0]LogShaderLibrary: Display: ShaderCodeLibraryPakFileMountedCallback: PakFile 'C:/Program Files/Epic Games/UE_4.27/FeaturePacks/TP_TopDownBP.upack' (chunk index -1, root 'root:/') mounted
[2023.02.05-01.38.19:684][  0]LogShaderLibrary: Display: ShaderCodeLibraryPakFileMountedCallback: pending pak file info (ChunkID:-1 Root:root:/ File:C:/Program Files/Epic Games/UE_4.27/FeaturePacks/TP_TopDownBP.upack)
[2023.02.05-01.38.19:684][  0]LogPakFile: OnPakFileMounted2Time == 0.000027
[2023.02.05-01.38.19:685][  0]LogPakFile: PakFile PrimaryIndexSize=185
[2023.02.05-01.38.19:685][  0]LogPakFile: PakFile PathHashIndexSize=101
[2023.02.05-01.38.19:685][  0]LogPakFile: PakFile FullDirectoryIndexSize=144
[2023.02.05-01.38.19:685][  0]LogShaderLibrary: Display: ShaderCodeLibraryPakFileMountedCallback: PakFile 'C:/Program Files/Epic Games/UE_4.27/FeaturePacks/TP_TwinStick.upack' (chunk index -1, root 'root:/') mounted
[2023.02.05-01.38.19:685][  0]LogShaderLibrary: Display: ShaderCodeLibraryPakFileMountedCallback: pending pak file info (ChunkID:-1 Root:root:/ File:C:/Program Files/Epic Games/UE_4.27/FeaturePacks/TP_TwinStick.upack)
[2023.02.05-01.38.19:685][  0]LogPakFile: OnPakFileMounted2Time == 0.000027
[2023.02.05-01.38.19:685][  0]LogPakFile: PakFile PrimaryIndexSize=187
[2023.02.05-01.38.19:685][  0]LogPakFile: PakFile PathHashIndexSize=101
[2023.02.05-01.38.19:685][  0]LogPakFile: PakFile FullDirectoryIndexSize=148
[2023.02.05-01.38.19:685][  0]LogShaderLibrary: Display: ShaderCodeLibraryPakFileMountedCallback: PakFile 'C:/Program Files/Epic Games/UE_4.27/FeaturePacks/TP_TwinStickBP.upack' (chunk index -1, root 'root:/') mounted
[2023.02.05-01.38.19:685][  0]LogShaderLibrary: Display: ShaderCodeLibraryPakFileMountedCallback: pending pak file info (ChunkID:-1 Root:root:/ File:C:/Program Files/Epic Games/UE_4.27/FeaturePacks/TP_TwinStickBP.upack)
[2023.02.05-01.38.19:685][  0]LogPakFile: OnPakFileMounted2Time == 0.000027
[2023.02.05-01.38.19:685][  0]LogPakFile: PakFile PrimaryIndexSize=183
[2023.02.05-01.38.19:685][  0]LogPakFile: PakFile PathHashIndexSize=101
[2023.02.05-01.38.19:685][  0]LogPakFile: PakFile FullDirectoryIndexSize=140
[2023.02.05-01.38.19:685][  0]LogShaderLibrary: Display: ShaderCodeLibraryPakFileMountedCallback: PakFile 'C:/Program Files/Epic Games/UE_4.27/FeaturePacks/TP_Vehicle.upack' (chunk index -1, root 'root:/') mounted
[2023.02.05-01.38.19:685][  0]LogShaderLibrary: Display: ShaderCodeLibraryPakFileMountedCallback: pending pak file info (ChunkID:-1 Root:root:/ File:C:/Program Files/Epic Games/UE_4.27/FeaturePacks/TP_Vehicle.upack)
[2023.02.05-01.38.19:685][  0]LogPakFile: OnPakFileMounted2Time == 0.000027
[2023.02.05-01.38.19:686][  0]LogPakFile: PakFile PrimaryIndexSize=186
[2023.02.05-01.38.19:686][  0]LogPakFile: PakFile PathHashIndexSize=101
[2023.02.05-01.38.19:686][  0]LogPakFile: PakFile FullDirectoryIndexSize=146
[2023.02.05-01.38.19:686][  0]LogShaderLibrary: Display: ShaderCodeLibraryPakFileMountedCallback: PakFile 'C:/Program Files/Epic Games/UE_4.27/FeaturePacks/TP_VehicleAdv.upack' (chunk index -1, root 'root:/') mounted
[2023.02.05-01.38.19:686][  0]LogShaderLibrary: Display: ShaderCodeLibraryPakFileMountedCallback: pending pak file info (ChunkID:-1 Root:root:/ File:C:/Program Files/Epic Games/UE_4.27/FeaturePacks/TP_VehicleAdv.upack)
[2023.02.05-01.38.19:686][  0]LogPakFile: OnPakFileMounted2Time == 0.000027
[2023.02.05-01.38.19:686][  0]LogPakFile: PakFile PrimaryIndexSize=188
[2023.02.05-01.38.19:686][  0]LogPakFile: PakFile PathHashIndexSize=101
[2023.02.05-01.38.19:686][  0]LogPakFile: PakFile FullDirectoryIndexSize=150
[2023.02.05-01.38.19:686][  0]LogShaderLibrary: Display: ShaderCodeLibraryPakFileMountedCallback: PakFile 'C:/Program Files/Epic Games/UE_4.27/FeaturePacks/TP_VehicleAdvBP.upack' (chunk index -1, root 'root:/') mounted
[2023.02.05-01.38.19:686][  0]LogShaderLibrary: Display: ShaderCodeLibraryPakFileMountedCallback: pending pak file info (ChunkID:-1 Root:root:/ File:C:/Program Files/Epic Games/UE_4.27/FeaturePacks/TP_VehicleAdvBP.upack)
[2023.02.05-01.38.19:686][  0]LogPakFile: OnPakFileMounted2Time == 0.000026
[2023.02.05-01.38.19:687][  0]LogPakFile: PakFile PrimaryIndexSize=185
[2023.02.05-01.38.19:687][  0]LogPakFile: PakFile PathHashIndexSize=101
[2023.02.05-01.38.19:687][  0]LogPakFile: PakFile FullDirectoryIndexSize=144
[2023.02.05-01.38.19:687][  0]LogShaderLibrary: Display: ShaderCodeLibraryPakFileMountedCallback: PakFile 'C:/Program Files/Epic Games/UE_4.27/FeaturePacks/TP_VehicleBP.upack' (chunk index -1, root 'root:/') mounted
[2023.02.05-01.38.19:687][  0]LogShaderLibrary: Display: ShaderCodeLibraryPakFileMountedCallback: pending pak file info (ChunkID:-1 Root:root:/ File:C:/Program Files/Epic Games/UE_4.27/FeaturePacks/TP_VehicleBP.upack)
[2023.02.05-01.38.19:687][  0]LogPakFile: OnPakFileMounted2Time == 0.000027
[2023.02.05-01.38.19:687][  0]LogPakFile: PakFile PrimaryIndexSize=192
[2023.02.05-01.38.19:687][  0]LogPakFile: PakFile PathHashIndexSize=101
[2023.02.05-01.38.19:687][  0]LogPakFile: PakFile FullDirectoryIndexSize=158
[2023.02.05-01.38.19:687][  0]LogShaderLibrary: Display: ShaderCodeLibraryPakFileMountedCallback: PakFile 'C:/Program Files/Epic Games/UE_4.27/FeaturePacks/TP_VirtualRealityBP.upack' (chunk index -1, root 'root:/') mounted
[2023.02.05-01.38.19:687][  0]LogShaderLibrary: Display: ShaderCodeLibraryPakFileMountedCallback: pending pak file info (ChunkID:-1 Root:root:/ File:C:/Program Files/Epic Games/UE_4.27/FeaturePacks/TP_VirtualRealityBP.upack)
[2023.02.05-01.38.19:687][  0]LogPakFile: OnPakFileMounted2Time == 0.000026
[2023.02.05-01.38.19:726][  0]LogNativeClassHierarchy: Verbose: Native class hierarchy updated for 'AddContentDialog' in 0.0003 seconds. Added 0 classes and 0 folders.
[2023.02.05-01.38.19:740][  0]LogSlate: Updating window title bar state: overlay mode, drag disabled, window buttons hidden, title bar hidden
[2023.02.05-01.38.19:746][  0]LogSlate: Updating window title bar state: overlay mode, drag disabled, window buttons hidden, title bar hidden
[2023.02.05-01.38.19:752][  0]LogSlate: Updating window title bar state: overlay mode, drag disabled, window buttons hidden, title bar hidden
[2023.02.05-01.38.19:760][  0]LogSlate: Updating window title bar state: overlay mode, drag disabled, window buttons hidden, title bar hidden
[2023.02.05-01.38.19:770][  0]LogNativeClassHierarchy: Verbose: Native class hierarchy updated for 'SceneOutliner' in 0.0002 seconds. Added 2 classes and 0 folders.
[2023.02.05-01.38.19:777][  0]LogNativeClassHierarchy: Verbose: Native class hierarchy updated for 'WorldBrowser' in 0.0002 seconds. Added 2 classes and 3 folders.
[2023.02.05-01.38.19:855][  0]LogSlate: Took 0.000161 seconds to synchronously load lazily loaded font '../../../Engine/Content/Slate/Fonts/Roboto-Regular.ttf' (155K)
[2023.02.05-01.38.19:856][  0]LogSlate: Took 0.000159 seconds to synchronously load lazily loaded font '../../../Engine/Content/Editor/Slate/Fonts/FontAwesome.ttf' (139K)
[2023.02.05-01.38.19:857][  0]LogSlate: Took 0.000184 seconds to synchronously load lazily loaded font '../../../Engine/Content/Slate/Fonts/Roboto-Bold.ttf' (160K)
[2023.02.05-01.38.19:862][  0]LogSlate: Took 0.000157 seconds to synchronously load lazily loaded font '../../../Engine/Content/Slate/Fonts/DroidSansMono.ttf' (77K)
[2023.02.05-01.38.20:000][  0]LogRenderer: Reallocating scene render targets to support 1104x520 Format 10 NumSamples 1 (Frame:1).
[2023.02.05-01.38.20:409][  0]LogSlate: Took 0.000116 seconds to synchronously load lazily loaded font '../../../Engine/Content/Slate/Fonts/Roboto-Light.ttf' (167K)
[2023.02.05-01.38.20:471][  0]LogNativeClassHierarchy: Verbose: Native class hierarchy updated for 'HierarchicalLODOutliner' in 0.0003 seconds. Added 0 classes and 0 folders.
[2023.02.05-01.38.20:471][  0]LogLoad: (Engine Initialization) Total time: 7.09 seconds
[2023.02.05-01.38.20:471][  0]LogLoad: (Engine Initialization) Total Blueprint compile time: 0.00 seconds
[2023.02.05-01.38.20:578][  0]LogAssetRegistry: Asset discovery search completed in 4.4455 seconds
[2023.02.05-01.38.20:583][  0]LogCollectionManager: Fixed up redirectors for 0 collections in 0.000001 seconds (updated 0 objects)
[2023.02.05-01.38.20:583][  0]LogContentStreaming: Texture pool size now 1000 MB
[2023.02.05-01.38.26:936][374]LogSlate: Took 0.000137 seconds to synchronously load lazily loaded font '../../../Engine/Content/Slate/Fonts/Roboto-Light.ttf' (167K)
[2023.02.05-01.38.29:536][519]LogObjectTools: Deleting 1 worlds: /Game/Maps/levels/Lvl1_TheMarket1.Lvl1_TheMarket1
[2023.02.05-01.38.29:536][519]LogObjectTools: Currently 3 active worlds: /Game/SideScrollerBP/Maps/SideScrollerExampleMap.SideScrollerExampleMap, /Engine/Transient.World_0, /Engine/Transient.World_1
[2023.02.05-01.38.29:544][519]LogUObjectHash: Compacting FUObjectHashTables data took   0.88ms
[2023.02.05-01.38.30:843][519]LogSlate: Window 'Delete Assets' being destroyed
[2023.02.05-01.38.30:860][519]LogWorld: UWorld::CleanupWorld for Lvl1_TheMarket1, bSessionEnded=true, bCleanupResources=true
[2023.02.05-01.38.30:860][519]LogSlate: InvalidateAllWidgets triggered.  All widgets were invalidated
[2023.02.05-01.38.30:938][519]LogUObjectHash: Compacting FUObjectHashTables data took   0.70ms
[2023.02.05-01.38.30:951][519]LogUObjectHash: Compacting FUObjectHashTables data took   0.69ms
[2023.02.05-01.38.30:956][519]LogUObjectHash: Compacting FUObjectHashTables data took   0.83ms
[2023.02.05-01.38.32:024][583]LogUObjectHash: Compacting FUObjectHashTables data took   0.59ms
[2023.02.05-01.38.32:111][583]LogAssetEditorSubsystem: Opening Asset editor for World /Game/Maps/levels/Lvl1_TheMarket.Lvl1_TheMarket
[2023.02.05-01.38.32:111][583]Cmd: MAP LOAD FILE="../../../../../../Users/kolba/OneDrive/Documents/GGJ2023/GGJ2023/Content/Maps/levels/Lvl1_TheMarket.umap" TEMPLATE=0 SHOWPROGRESS=1 FEATURELEVEL=3
[2023.02.05-01.38.32:111][583]LightingResults: New page: Lighting Build
[2023.02.05-01.38.32:111][583]LoadErrors: New page: Loading map: Lvl1_TheMarket.umap
[2023.02.05-01.38.32:113][583]LogWorld: UWorld::CleanupWorld for SideScrollerExampleMap, bSessionEnded=true, bCleanupResources=true
[2023.02.05-01.38.32:113][583]LogSlate: InvalidateAllWidgets triggered.  All widgets were invalidated
[2023.02.05-01.38.32:113][583]MapCheck: New page: Map Check
[2023.02.05-01.38.32:113][583]LightingResults: New page: Lighting Build
[2023.02.05-01.38.32:119][583]LogAudio: Display: Audio Device unregistered from world 'None'.
[2023.02.05-01.38.32:122][583]LogUObjectHash: Compacting FUObjectHashTables data took   0.92ms
[2023.02.05-01.38.32:122][583]LogAudio: Display: Audio Device (ID: 1) registered with world 'Lvl1_TheMarket'.
[2023.02.05-01.38.32:218][583]LogEditorServer: Finished looking for orphan Actors (0.000 secs)
[2023.02.05-01.38.32:218][583]LogAIModule: Creating AISystem for world Lvl1_TheMarket
[2023.02.05-01.38.32:235][583]LogUObjectHash: Compacting FUObjectHashTables data took   1.04ms
[2023.02.05-01.38.32:240][583]Cmd: MAP CHECKDEP NOCLEARLOG
[2023.02.05-01.38.32:240][583]MapCheck: Map check complete: 0 Error(s), 0 Warning(s), took 0.125ms to complete.
[2023.02.05-01.38.32:240][583]LogFileHelpers: Loading map 'Lvl1_TheMarket' took 0.129
[2023.02.05-01.39.20:339][467]LogEditorViewport: Clicking on Actor (LMB): StaticMeshActor (SM_EX_EnvAssets_LargeSackStanding)
[2023.02.05-01.39.21:997][565]LogEditorViewport: Clicking on Actor (CTRL LMB): StaticMeshActor (SM_EX_EnvAssets_LargeSackStanding2)
[2023.02.05-01.39.22:834][614]LogEditorViewport: Clicking on Actor (CTRL LMB): StaticMeshActor (SM_EX_EnvAssets_LargeSackStanding3)
[2023.02.05-01.39.23:837][673]LogEditorViewport: Clicking on Actor (CTRL LMB): StaticMeshActor (SM_EX_EnvAssets_LargeSackStanding4)
[2023.02.05-01.39.24:972][740]LogEditorViewport: Clicking on Actor (CTRL LMB): StaticMeshActor (SM_EX_EnvAssets_LargeSackStanding5)
[2023.02.05-01.39.25:740][785]LogEditorViewport: Clicking on Actor (CTRL LMB): StaticMeshActor (SM_EX_EnvAssets_LargeSackStanding6)
[2023.02.05-01.39.26:462][827]LogEditorViewport: Clicking on Actor (CTRL LMB): StaticMeshActor (SM_EX_EnvAssets_LargeSackStanding7)
[2023.02.05-01.39.27:265][874]LogEditorViewport: Clicking on Actor (CTRL LMB): StaticMeshActor (SM_EX_EnvAssets_LargeSackStanding8)
[2023.02.05-01.39.27:915][912]Cmd: DELETE
[2023.02.05-01.39.27:915][912]Cmd: ACTOR DELETE
[2023.02.05-01.39.27:923][912]LogEditorActor: Deleted Actor: StaticMeshActor
[2023.02.05-01.39.27:924][912]LogEditorActor: Deleted Actor: StaticMeshActor
[2023.02.05-01.39.27:924][912]LogEditorActor: Deleted Actor: StaticMeshActor
[2023.02.05-01.39.27:924][912]LogEditorActor: Deleted Actor: StaticMeshActor
[2023.02.05-01.39.27:924][912]LogEditorActor: Deleted Actor: StaticMeshActor
[2023.02.05-01.39.27:924][912]LogEditorActor: Deleted Actor: StaticMeshActor
[2023.02.05-01.39.27:924][912]LogEditorActor: Deleted Actor: StaticMeshActor
[2023.02.05-01.39.27:924][912]LogEditorActor: Deleted Actor: StaticMeshActor
[2023.02.05-01.39.27:929][912]LogUObjectHash: Compacting FUObjectHashTables data took   0.61ms
[2023.02.05-01.39.27:930][912]LogEditorActor: Deleted 8 Actors (0.015 secs)
[2023.02.05-01.39.29:695][ 18]LogUObjectHash: Compacting FUObjectHashTables data took   0.25ms
[2023.02.05-01.39.31:333][ 18]LogSlate: Window 'Save Content' being destroyed
[2023.02.05-01.39.31:359][ 18]LogUObjectHash: Compacting FUObjectHashTables data took   0.31ms
[2023.02.05-01.39.31:436][ 18]LogSavePackage: Moving '../../../../../../Users/kolba/OneDrive/Documents/GGJ2023/GGJ2023/Saved/Lvl1_TheMarket00E2858346ED8E8CF37CD5B41AEF37CB.tmp' to '../../../../../../Users/kolba/OneDrive/Documents/GGJ2023/GGJ2023/Content/Maps/levels/Lvl1_TheMarket.umap'
[2023.02.05-01.39.31:442][ 18]LogFileHelpers: Saving map 'Lvl1_TheMarket' took 0.087
[2023.02.05-01.39.31:450][ 18]AssetCheck: New page: Asset Save: Lvl1_TheMarket
[2023.02.05-01.39.31:450][ 18]LogContentValidation: Display: Validating World /Game/Maps/levels/Lvl1_TheMarket.Lvl1_TheMarket
[2023.02.05-01.39.45:766][876]LogUObjectHash: Compacting FUObjectHashTables data took   0.63ms
[2023.02.05-01.39.49:464][876]LogSlate: Window 'Delete Assets' being destroyed
[2023.02.05-01.39.49:574][876]LogUObjectHash: Compacting FUObjectHashTables data took   0.68ms
[2023.02.05-01.39.49:580][876]LogUObjectHash: Compacting FUObjectHashTables data took   0.51ms
[2023.02.05-01.39.49:585][876]LogUObjectHash: Compacting FUObjectHashTables data took   0.41ms
[2023.02.05-01.39.49:591][876]LogUObjectHash: Compacting FUObjectHashTables data took   0.34ms
[2023.02.05-01.39.49:610][876]LogUObjectHash: Compacting FUObjectHashTables data took   0.65ms
[2023.02.05-01.39.49:615][876]LogUObjectHash: Compacting FUObjectHashTables data took   0.32ms
