Log file open, 02/03/23 21:34:42
LogWindows: Failed to load 'aqProf.dll' (GetLastError=126)
LogWindows: File 'aqProf.dll' does not exist
LogWindows: Failed to load 'VtuneApi.dll' (GetLastError=126)
LogWindows: File 'VtuneApi.dll' does not exist
LogWindows: Failed to load 'VtuneApi32e.dll' (GetLastError=126)
LogWindows: File 'VtuneApi32e.dll' does not exist
LogConsoleResponse: Display: Failed to find resolution value strings in scalability ini. Falling back to default.
LogConsoleResponse: Display: Failed to find resolution value strings in scalability ini. Falling back to default.
LogInit: Display: Running engine for game: GGJ2023
LogPlatformFile: Not using cached read wrapper
LogTaskGraph: Started task graph with 5 named threads and 35 total threads with 3 sets of task threads.
LogStats: Stats thread started at 0.206223
LogICUInternationalization: ICU TimeZone Detection - Raw Offset: -6:00, Platform Override: ''
LogInit: Display: Loading text-based GConfig....
LogPluginManager: Mounting plugin MeshPainting
LogPluginManager: Mounting plugin XGEController
LogPluginManager: Mounting plugin Paper2D
LogPluginManager: Mounting plugin AISupport
LogPluginManager: Mounting plugin EnvironmentQueryEditor
LogPluginManager: Mounting plugin LiveLink
LogPluginManager: Mounting plugin LightPropagationVolume
LogPluginManager: Mounting plugin GameplayCameras
LogPluginManager: Mounting plugin OodleData
LogPluginManager: Mounting plugin CameraShakePreviewer
LogPluginManager: Mounting plugin AssetManagerEditor
LogPluginManager: Mounting plugin OodleNetwork
LogPluginManager: Mounting plugin CryptoKeys
LogPluginManager: Mounting plugin DataValidation
LogPluginManager: Mounting plugin CurveEditorTools
LogPluginManager: Mounting plugin FacialAnimation
LogPluginManager: Mounting plugin GameplayTagsEditor
LogPluginManager: Mounting plugin GeometryMode
LogPluginManager: Mounting plugin MacGraphicsSwitching
LogPluginManager: Mounting plugin AnimationSharing
LogPluginManager: Mounting plugin MaterialAnalyzer
LogPluginManager: Mounting plugin MobileLauncherProfileWizard
LogPluginManager: Mounting plugin PluginBrowser
LogPluginManager: Mounting plugin SpeedTreeImporter
LogPluginManager: Mounting plugin CLionSourceCodeAccess
LogPluginManager: Mounting plugin GitSourceControl
LogPluginManager: Mounting plugin PerforceSourceControl
LogPluginManager: Mounting plugin PixWinPlugin
LogPluginManager: Mounting plugin PlasticSourceControl
LogPluginManager: Mounting plugin CodeLiteSourceCodeAccess
LogPluginManager: Mounting plugin PluginUtils
LogPluginManager: Mounting plugin PropertyAccessNode
LogPluginManager: Mounting plugin NullSourceCodeAccess
LogPluginManager: Mounting plugin KDevelopSourceCodeAccess
LogPluginManager: Mounting plugin RiderSourceCodeAccess
LogPluginManager: Mounting plugin SubversionSourceControl
LogPluginManager: Mounting plugin TextureFormatOodle
LogPluginManager: Mounting plugin UObjectPlugin
LogPluginManager: Mounting plugin VisualStudioCodeSourceCodeAccess
LogPluginManager: Mounting plugin VisualStudioSourceCodeAccess
LogPluginManager: Mounting plugin DatasmithContent
LogPluginManager: Mounting plugin XCodeSourceCodeAccess
LogPluginManager: Mounting plugin VariantManagerContent
LogPluginManager: Mounting plugin Niagara
LogPluginManager: Mounting plugin AlembicImporter
LogPluginManager: Mounting plugin AutomationUtils
LogPluginManager: Mounting plugin BackChannel
LogPluginManager: Mounting plugin ChaosCloth
LogPluginManager: Mounting plugin ChaosClothEditor
LogPluginManager: Mounting plugin ChaosEditor
LogPluginManager: Mounting plugin ChaosNiagara
LogPluginManager: Mounting plugin ChaosSolverPlugin
LogPluginManager: Mounting plugin CharacterAI
LogPluginManager: Mounting plugin MagicLeap
LogPluginManager: Mounting plugin LuminPlatformFeatures
LogPluginManager: Mounting plugin MagicLeapLightEstimation
LogPluginManager: Mounting plugin MagicLeapMedia
LogPluginManager: Mounting plugin MagicLeapPassableWorld
LogPluginManager: Mounting plugin MLSDK
LogPluginManager: Mounting plugin GeometryCache
LogPluginManager: Mounting plugin GeometryCollectionPlugin
LogPluginManager: Mounting plugin GeometryProcessing
LogPluginManager: Mounting plugin OpenImageDenoise
LogPluginManager: Mounting plugin MotoSynth
LogPluginManager: Mounting plugin PlanarCut
LogPluginManager: Mounting plugin PlatformCrypto
LogPluginManager: Mounting plugin ProxyLODPlugin
LogPluginManager: Mounting plugin PythonScriptPlugin
LogPluginManager: Mounting plugin SkeletalReduction
LogPluginManager: Mounting plugin AndroidMedia
LogPluginManager: Mounting plugin AvfMedia
LogPluginManager: Mounting plugin ImgMedia
LogPluginManager: Mounting plugin MediaCompositing
LogPluginManager: Mounting plugin MediaPlayerEditor
LogPluginManager: Mounting plugin WebMMedia
LogPluginManager: Mounting plugin WmfMedia
LogPluginManager: Mounting plugin TcpMessaging
LogPluginManager: Mounting plugin UdpMessaging
LogPluginManager: Mounting plugin ActorSequence
LogPluginManager: Mounting plugin MatineeToLevelSequence
LogPluginManager: Mounting plugin LevelSequenceEditor
LogPluginManager: Mounting plugin TemplateSequence
LogPluginManager: Mounting plugin OnlineSubsystem
LogPluginManager: Mounting plugin OnlineSubsystemNull
LogPluginManager: Mounting plugin OnlineSubsystemUtils
LogPluginManager: Mounting plugin LauncherChunkInstaller
LogPluginManager: Mounting plugin ActorLayerUtilities
LogPluginManager: Mounting plugin AndroidPermission
LogPluginManager: Mounting plugin AppleImageUtils
LogPluginManager: Mounting plugin AssetTags
LogPluginManager: Mounting plugin ArchVisCharacter
LogPluginManager: Mounting plugin AudioCapture
LogPluginManager: Mounting plugin AudioSynesthesia
LogPluginManager: Mounting plugin CableComponent
LogPluginManager: Mounting plugin AndroidMoviePlayer
LogPluginManager: Mounting plugin AppleMoviePlayer
LogPluginManager: Mounting plugin ChunkDownloader
LogPluginManager: Mounting plugin AndroidDeviceProfileSelector
LogPluginManager: Mounting plugin CustomMeshComponent
LogPluginManager: Mounting plugin EditableMesh
LogPluginManager: Mounting plugin ExampleDeviceProfileSelector
LogPluginManager: Mounting plugin GooglePAD
LogPluginManager: Mounting plugin GoogleCloudMessaging
LogPluginManager: Mounting plugin LocationServicesBPLibrary
LogPluginManager: Mounting plugin IOSDeviceProfileSelector
LogPluginManager: Mounting plugin LinuxDeviceProfileSelector
LogPluginManager: Mounting plugin MobilePatchingUtils
LogPluginManager: Mounting plugin OpenXR
LogPluginManager: Mounting plugin OpenXREyeTracker
LogPluginManager: Mounting plugin OpenXRHandTracking
LogPluginManager: Mounting plugin PostSplashScreen
LogPluginManager: Mounting plugin PhysXVehicles
LogPluginManager: Mounting plugin ProceduralMeshComponent
LogPluginManager: Mounting plugin PropertyAccessEditor
LogPluginManager: Mounting plugin RuntimePhysXCooking
LogPluginManager: Mounting plugin SignificanceManager
LogPluginManager: Mounting plugin SoundFields
LogPluginManager: Mounting plugin Synthesis
LogPluginManager: Mounting plugin WebMMoviePlayer
LogPluginManager: Mounting plugin WindowsMoviePlayer
LogPluginManager: Mounting plugin ScreenshotTools
LogPluginManager: Mounting plugin Takes
LogPluginManager: Mounting plugin ContentBrowserAssetDataSource
LogPluginManager: Mounting plugin ContentBrowserClassDataSource
LogPluginManager: Mounting plugin ContentBrowserFileDataSource
LogPluginManager: Mounting plugin OnlineSubsystemGooglePlay
LogPluginManager: Mounting plugin OnlineSubsystemIOS
LogPluginManager: Mounting plugin OculusVR
LogPluginManager: Mounting plugin SteamVR
PixWinPlugin: PIX capture plugin failed to initialize! Check that the process is launched from PIX.
LogInit: Using libcurl 7.55.1-DEV
LogInit:  - built for x86_64-pc-win32
LogInit:  - supports SSL with OpenSSL/1.1.1
LogInit:  - supports HTTP deflate (compression) using libz 1.2.8
LogInit:  - other features:
LogInit:      CURL_VERSION_SSL
LogInit:      CURL_VERSION_LIBZ
LogInit:      CURL_VERSION_IPV6
LogInit:      CURL_VERSION_ASYNCHDNS
LogInit:      CURL_VERSION_LARGEFILE
LogInit:      CURL_VERSION_IDN
LogInit:  CurlRequestOptions (configurable via config and command line):
LogInit:  - bVerifyPeer = true  - Libcurl will verify peer certificate
LogInit:  - bUseHttpProxy = false  - Libcurl will NOT use HTTP proxy
LogInit:  - bDontReuseConnections = false  - Libcurl will reuse connections
LogInit:  - MaxHostConnections = 16  - Libcurl will limit the number of connections to a host
LogInit:  - LocalHostAddr = Default
LogInit:  - BufferSize = 65536
LogOnline: OSS: Creating online subsystem instance for: NULL
LogInit: WinSock: version 1.1 (2.2), MaxSocks=32767, MaxUdp=65467
LogOnline: OSS: TryLoadSubsystemAndSetDefault: Loaded subsystem for module [NULL]
LogOculusPluginWrapper: OculusPlugin initialized successfully
LogHMD: Failed initializing OVRPlugin 1.59.0
LogInit: Build: ++UE4+Release-4.27-CL-18319896
LogInit: Engine Version: 4.27.2-18319896+++UE4+Release-4.27
LogInit: Compatible Engine Version: 4.27.0-17155196+++UE4+Release-4.27
LogInit: Net CL: 17155196
LogInit: OS: Windows 10 (Release 2009) (), CPU: Intel(R) Core(TM) i7-10750H CPU @ 2.60GHz, GPU: Intel(R) UHD Graphics
LogInit: Compiled (64-bit): Nov 30 2021 07:12:08
LogInit: Compiled with Visual C++: 19.24.28315.00
LogInit: Build Configuration: Development
LogInit: Branch Name: ++UE4+Release-4.27
LogInit: Command Line: 
LogInit: Base Directory: C:/Program Files/Epic Games/UE_4.27/Engine/Binaries/Win64/
LogInit: Allocator: TBB
LogInit: Installed Engine Build: 1
LogDevObjectVersion: Number of dev versions registered: 29
LogDevObjectVersion:   Dev-Blueprints (B0D832E4-1F89-4F0D-ACCF-7EB736FD4AA2): 10
LogDevObjectVersion:   Dev-Build (E1C64328-A22C-4D53-A36C-8E866417BD8C): 0
LogDevObjectVersion:   Dev-Core (375EC13C-06E4-48FB-B500-84F0262A717E): 4
LogDevObjectVersion:   Dev-Editor (E4B068ED-F494-42E9-A231-DA0B2E46BB41): 40
LogDevObjectVersion:   Dev-Framework (CFFC743F-43B0-4480-9391-14DF171D2073): 37
LogDevObjectVersion:   Dev-Mobile (B02B49B5-BB20-44E9-A304-32B752E40360): 3
LogDevObjectVersion:   Dev-Networking (A4E4105C-59A1-49B5-A7C5-40C4547EDFEE): 0
LogDevObjectVersion:   Dev-Online (39C831C9-5AE6-47DC-9A44-9C173E1C8E7C): 0
LogDevObjectVersion:   Dev-Physics (78F01B33-EBEA-4F98-B9B4-84EACCB95AA2): 14
LogDevObjectVersion:   Dev-Platform (6631380F-2D4D-43E0-8009-CF276956A95A): 0
LogDevObjectVersion:   Dev-Rendering (12F88B9F-8875-4AFC-A67C-D90C383ABD29): 45
LogDevObjectVersion:   Dev-Sequencer (7B5AE74C-D270-4C10-A958-57980B212A5A): 13
LogDevObjectVersion:   Dev-VR (D7296918-1DD6-4BDD-9DE2-64A83CC13884): 3
LogDevObjectVersion:   Dev-LoadTimes (C2A15278-BFE7-4AFE-6C17-90FF531DF755): 1
LogDevObjectVersion:   Private-Geometry (6EACA3D4-40EC-4CC1-B786-8BED09428FC5): 3
LogDevObjectVersion:   Dev-AnimPhys (29E575DD-E0A3-4627-9D10-D276232CDCEA): 17
LogDevObjectVersion:   Dev-Anim (AF43A65D-7FD3-4947-9873-3E8ED9C1BB05): 15
LogDevObjectVersion:   Dev-ReflectionCapture (6B266CEC-1EC7-4B8F-A30B-E4D90942FC07): 1
LogDevObjectVersion:   Dev-Automation (0DF73D61-A23F-47EA-B727-89E90C41499A): 1
LogDevObjectVersion:   FortniteMain (601D1886-AC64-4F84-AA16-D3DE0DEAC7D6): 47
LogDevObjectVersion:   FortniteRelease (E7086368-6B23-4C58-8439-1B7016265E91): 1
LogDevObjectVersion:   Dev-Enterprise (9DFFBCD6-494F-0158-E221-12823C92A888): 10
LogDevObjectVersion:   Dev-Niagara (F2AED0AC-9AFE-416F-8664-AA7FFA26D6FC): 1
LogDevObjectVersion:   Dev-Destruction (174F1F0B-B4C6-45A5-B13F-2EE8D0FB917D): 10
LogDevObjectVersion:   Dev-Physics-Ext (35F94A83-E258-406C-A318-09F59610247C): 41
LogDevObjectVersion:   Dev-PhysicsMaterial-Chaos (B68FC16E-8B1B-42E2-B453-215C058844FE): 1
LogDevObjectVersion:   Dev-CineCamera (B2E18506-4273-CFC2-A54E-F4BB758BBA07): 1
LogDevObjectVersion:   Dev-VirtualProduction (64F58936-FD1B-42BA-BA96-7289D5D0FA4E): 1
LogDevObjectVersion:   Dev-MediaFramework (6F0ED827-A609-4895-9C91-998D90180EA4): 2
LogInit: Presizing for max 25165824 objects, including 0 objects not considered by GC, pre-allocating 0 bytes for permanent pool.
LogConfig: Applying CVar settings from Section [/Script/Engine.StreamingSettings] File [C:/Users/kolba/OneDrive/Documents/GGJ2023/GGJ2023/Saved/Config/Windows/Engine.ini]
LogConfig: Setting CVar [[s.MinBulkDataSizeForAsyncLoading:131072]]
LogConfig: Setting CVar [[s.AsyncLoadingThreadEnabled:0]]
LogConfig: Setting CVar [[s.EventDrivenLoaderEnabled:1]]
LogConfig: Setting CVar [[s.WarnIfTimeLimitExceeded:0]]
LogConfig: Setting CVar [[s.TimeLimitExceededMultiplier:1.5]]
LogConfig: Setting CVar [[s.TimeLimitExceededMinTime:0.005]]
LogConfig: Setting CVar [[s.UseBackgroundLevelStreaming:1]]
LogConfig: Setting CVar [[s.PriorityAsyncLoadingExtraTime:15.0]]
LogConfig: Setting CVar [[s.LevelStreamingActorsUpdateTimeLimit:5.0]]
LogConfig: Setting CVar [[s.PriorityLevelStreamingActorsUpdateExtraTime:5.0]]
LogConfig: Setting CVar [[s.LevelStreamingComponentsRegistrationGranularity:10]]
LogConfig: Setting CVar [[s.UnregisterComponentsTimeLimit:1.0]]
LogConfig: Setting CVar [[s.LevelStreamingComponentsUnregistrationGranularity:5]]
LogConfig: Setting CVar [[s.FlushStreamingOnExit:1]]
LogInit: Object subsystem initialized
LogConfig: Setting CVar [[con.DebugEarlyDefault:1]]
LogConfig: Setting CVar [[r.setres:1280x720]]
[2023.02.04-03.34.43:355][  0]LogConfig: Setting CVar [[r.VSync:0]]
[2023.02.04-03.34.43:355][  0]LogConfig: Setting CVar [[r.RHICmdBypass:0]]
[2023.02.04-03.34.43:355][  0]LogConfig: Applying CVar settings from Section [/Script/Engine.RendererSettings] File [C:/Users/kolba/OneDrive/Documents/GGJ2023/GGJ2023/Saved/Config/Windows/Engine.ini]
[2023.02.04-03.34.43:355][  0]LogConfig: Setting CVar [[r.GPUCrashDebugging:0]]
[2023.02.04-03.34.43:355][  0]LogConfig: Applying CVar settings from Section [/Script/Engine.RendererOverrideSettings] File [C:/Users/kolba/OneDrive/Documents/GGJ2023/GGJ2023/Saved/Config/Windows/Engine.ini]
[2023.02.04-03.34.43:355][  0]LogConfig: Applying CVar settings from Section [/Script/Engine.StreamingSettings] File [C:/Users/kolba/OneDrive/Documents/GGJ2023/GGJ2023/Saved/Config/Windows/Engine.ini]
[2023.02.04-03.34.43:355][  0]LogConfig: Setting CVar [[s.MinBulkDataSizeForAsyncLoading:131072]]
[2023.02.04-03.34.43:355][  0]LogConfig: Setting CVar [[s.AsyncLoadingThreadEnabled:0]]
[2023.02.04-03.34.43:355][  0]LogConfig: Setting CVar [[s.EventDrivenLoaderEnabled:1]]
[2023.02.04-03.34.43:355][  0]LogConfig: Setting CVar [[s.WarnIfTimeLimitExceeded:0]]
[2023.02.04-03.34.43:355][  0]LogConfig: Setting CVar [[s.TimeLimitExceededMultiplier:1.5]]
[2023.02.04-03.34.43:355][  0]LogConfig: Setting CVar [[s.TimeLimitExceededMinTime:0.005]]
[2023.02.04-03.34.43:355][  0]LogConfig: Setting CVar [[s.UseBackgroundLevelStreaming:1]]
[2023.02.04-03.34.43:355][  0]LogConfig: Setting CVar [[s.PriorityAsyncLoadingExtraTime:15.0]]
[2023.02.04-03.34.43:355][  0]LogConfig: Setting CVar [[s.LevelStreamingActorsUpdateTimeLimit:5.0]]
[2023.02.04-03.34.43:355][  0]LogConfig: Setting CVar [[s.PriorityLevelStreamingActorsUpdateExtraTime:5.0]]
[2023.02.04-03.34.43:355][  0]LogConfig: Setting CVar [[s.LevelStreamingComponentsRegistrationGranularity:10]]
[2023.02.04-03.34.43:355][  0]LogConfig: Setting CVar [[s.UnregisterComponentsTimeLimit:1.0]]
[2023.02.04-03.34.43:355][  0]LogConfig: Setting CVar [[s.LevelStreamingComponentsUnregistrationGranularity:5]]
[2023.02.04-03.34.43:356][  0]LogConfig: Setting CVar [[s.FlushStreamingOnExit:1]]
[2023.02.04-03.34.43:356][  0]LogConfig: Applying CVar settings from Section [/Script/Engine.GarbageCollectionSettings] File [C:/Users/kolba/OneDrive/Documents/GGJ2023/GGJ2023/Saved/Config/Windows/Engine.ini]
[2023.02.04-03.34.43:356][  0]LogConfig: Setting CVar [[gc.MaxObjectsNotConsideredByGC:1]]
[2023.02.04-03.34.43:356][  0]LogConfig: Setting CVar [[gc.SizeOfPermanentObjectPool:0]]
[2023.02.04-03.34.43:356][  0]LogConfig: Setting CVar [[gc.FlushStreamingOnGC:0]]
[2023.02.04-03.34.43:356][  0]LogConfig: Setting CVar [[gc.NumRetriesBeforeForcingGC:10]]
[2023.02.04-03.34.43:356][  0]LogConfig: Setting CVar [[gc.AllowParallelGC:1]]
[2023.02.04-03.34.43:356][  0]LogConfig: Setting CVar [[gc.TimeBetweenPurgingPendingKillObjects:61.1]]
[2023.02.04-03.34.43:356][  0]LogConfig: Setting CVar [[gc.MaxObjectsInEditor:25165824]]
[2023.02.04-03.34.43:356][  0]LogConfig: Setting CVar [[gc.IncrementalBeginDestroyEnabled:1]]
[2023.02.04-03.34.43:356][  0]LogConfig: Setting CVar [[gc.CreateGCClusters:1]]
[2023.02.04-03.34.43:356][  0]LogConfig: Setting CVar [[gc.MinGCClusterSize:5]]
[2023.02.04-03.34.43:356][  0]LogConfig: Setting CVar [[gc.ActorClusteringEnabled:0]]
[2023.02.04-03.34.43:356][  0]LogConfig: Setting CVar [[gc.BlueprintClusteringEnabled:0]]
[2023.02.04-03.34.43:356][  0]LogConfig: Setting CVar [[gc.UseDisregardForGCOnDedicatedServers:0]]
[2023.02.04-03.34.43:356][  0]LogConfig: Setting CVar [[gc.MultithreadedDestructionEnabled:1]]
[2023.02.04-03.34.43:356][  0]LogConfig: Applying CVar settings from Section [/Script/Engine.NetworkSettings] File [C:/Users/kolba/OneDrive/Documents/GGJ2023/GGJ2023/Saved/Config/Windows/Engine.ini]
[2023.02.04-03.34.43:356][  0]LogConfig: Applying CVar settings from Section [/Script/UnrealEd.CookerSettings] File [C:/Users/kolba/OneDrive/Documents/GGJ2023/GGJ2023/Saved/Config/Windows/Engine.ini]
[2023.02.04-03.34.43:361][  0]LogConfig: Applying CVar settings from Section [ViewDistanceQuality@3] File [C:/Users/kolba/OneDrive/Documents/GGJ2023/GGJ2023/Saved/Config/Windows/Scalability.ini]
[2023.02.04-03.34.43:361][  0]LogConfig: Setting CVar [[r.SkeletalMeshLODBias:0]]
[2023.02.04-03.34.43:361][  0]LogConfig: Setting CVar [[r.ViewDistanceScale:1.0]]
[2023.02.04-03.34.43:361][  0]LogConfig: Applying CVar settings from Section [AntiAliasingQuality@3] File [C:/Users/kolba/OneDrive/Documents/GGJ2023/GGJ2023/Saved/Config/Windows/Scalability.ini]
[2023.02.04-03.34.43:361][  0]LogConfig: Setting CVar [[r.PostProcessAAQuality:4]]
[2023.02.04-03.34.43:361][  0]LogConfig: Applying CVar settings from Section [ShadowQuality@3] File [C:/Users/kolba/OneDrive/Documents/GGJ2023/GGJ2023/Saved/Config/Windows/Scalability.ini]
[2023.02.04-03.34.43:361][  0]LogConfig: Setting CVar [[r.LightFunctionQuality:1]]
[2023.02.04-03.34.43:361][  0]LogConfig: Setting CVar [[r.ShadowQuality:5]]
[2023.02.04-03.34.43:361][  0]LogConfig: Setting CVar [[r.Shadow.CSM.MaxCascades:10]]
[2023.02.04-03.34.43:361][  0]LogConfig: Setting CVar [[r.Shadow.MaxResolution:2048]]
[2023.02.04-03.34.43:361][  0]LogConfig: Setting CVar [[r.Shadow.MaxCSMResolution:2048]]
[2023.02.04-03.34.43:361][  0]LogConfig: Setting CVar [[r.Shadow.RadiusThreshold:0.01]]
[2023.02.04-03.34.43:361][  0]LogConfig: Setting CVar [[r.Shadow.DistanceScale:1.0]]
[2023.02.04-03.34.43:361][  0]LogConfig: Setting CVar [[r.Shadow.CSM.TransitionScale:1.0]]
[2023.02.04-03.34.43:361][  0]LogConfig: Setting CVar [[r.Shadow.PreShadowResolutionFactor:1.0]]
[2023.02.04-03.34.43:361][  0]LogConfig: Setting CVar [[r.DistanceFieldShadowing:1]]
[2023.02.04-03.34.43:361][  0]LogConfig: Setting CVar [[r.DistanceFieldAO:1]]
[2023.02.04-03.34.43:361][  0]LogConfig: Setting CVar [[r.AOQuality:2]]
[2023.02.04-03.34.43:361][  0]LogConfig: Setting CVar [[r.VolumetricFog:1]]
[2023.02.04-03.34.43:361][  0]LogConfig: Setting CVar [[r.VolumetricFog.GridPixelSize:8]]
[2023.02.04-03.34.43:361][  0]LogConfig: Setting CVar [[r.VolumetricFog.GridSizeZ:128]]
[2023.02.04-03.34.43:361][  0]LogConfig: Setting CVar [[r.VolumetricFog.HistoryMissSupersampleCount:4]]
[2023.02.04-03.34.43:361][  0]LogConfig: Setting CVar [[r.LightMaxDrawDistanceScale:1]]
[2023.02.04-03.34.43:361][  0]LogConfig: Setting CVar [[r.CapsuleShadows:1]]
[2023.02.04-03.34.43:361][  0]LogConfig: Applying CVar settings from Section [PostProcessQuality@3] File [C:/Users/kolba/OneDrive/Documents/GGJ2023/GGJ2023/Saved/Config/Windows/Scalability.ini]
[2023.02.04-03.34.43:362][  0]LogConfig: Setting CVar [[r.MotionBlurQuality:4]]
[2023.02.04-03.34.43:362][  0]LogConfig: Setting CVar [[r.AmbientOcclusionMipLevelFactor:0.4]]
[2023.02.04-03.34.43:362][  0]LogConfig: Setting CVar [[r.AmbientOcclusionMaxQuality:100]]
[2023.02.04-03.34.43:362][  0]LogConfig: Setting CVar [[r.AmbientOcclusionLevels:-1]]
[2023.02.04-03.34.43:362][  0]LogConfig: Setting CVar [[r.AmbientOcclusionRadiusScale:1.0]]
[2023.02.04-03.34.43:362][  0]LogConfig: Setting CVar [[r.DepthOfFieldQuality:2]]
[2023.02.04-03.34.43:362][  0]LogConfig: Setting CVar [[r.RenderTargetPoolMin:400]]
[2023.02.04-03.34.43:362][  0]LogConfig: Setting CVar [[r.LensFlareQuality:2]]
[2023.02.04-03.34.43:362][  0]LogConfig: Setting CVar [[r.SceneColorFringeQuality:1]]
[2023.02.04-03.34.43:362][  0]LogConfig: Setting CVar [[r.EyeAdaptationQuality:2]]
[2023.02.04-03.34.43:362][  0]LogConfig: Setting CVar [[r.BloomQuality:5]]
[2023.02.04-03.34.43:362][  0]LogConfig: Setting CVar [[r.FastBlurThreshold:100]]
[2023.02.04-03.34.43:362][  0]LogConfig: Setting CVar [[r.Upscale.Quality:3]]
[2023.02.04-03.34.43:362][  0]LogConfig: Setting CVar [[r.Tonemapper.GrainQuantization:1]]
[2023.02.04-03.34.43:362][  0]LogConfig: Setting CVar [[r.LightShaftQuality:1]]
[2023.02.04-03.34.43:362][  0]LogConfig: Setting CVar [[r.Filter.SizeScale:1]]
[2023.02.04-03.34.43:362][  0]LogConfig: Setting CVar [[r.Tonemapper.Quality:5]]
[2023.02.04-03.34.43:362][  0]LogConfig: Setting CVar [[r.DOF.Gather.AccumulatorQuality:1        ; higher gathering accumulator quality]]
[2023.02.04-03.34.43:362][  0]LogConfig: Setting CVar [[r.DOF.Gather.PostfilterMethod:1          ; Median3x3 postfilering method]]
[2023.02.04-03.34.43:362][  0]LogConfig: Setting CVar [[r.DOF.Gather.EnableBokehSettings:0       ; no bokeh simulation when gathering]]
[2023.02.04-03.34.43:362][  0]LogConfig: Setting CVar [[r.DOF.Gather.RingCount:4                 ; medium number of samples when gathering]]
[2023.02.04-03.34.43:362][  0]LogConfig: Setting CVar [[r.DOF.Scatter.ForegroundCompositing:1    ; additive foreground scattering]]
[2023.02.04-03.34.43:362][  0]LogConfig: Setting CVar [[r.DOF.Scatter.BackgroundCompositing:2    ; additive background scattering]]
[2023.02.04-03.34.43:362][  0]LogConfig: Setting CVar [[r.DOF.Scatter.EnableBokehSettings:1      ; bokeh simulation when scattering]]
[2023.02.04-03.34.43:362][  0]LogConfig: Setting CVar [[r.DOF.Scatter.MaxSpriteRatio:0.1         ; only a maximum of 10% of scattered bokeh]]
[2023.02.04-03.34.43:362][  0]LogConfig: Setting CVar [[r.DOF.Recombine.Quality:1                ; cheap slight out of focus]]
[2023.02.04-03.34.43:362][  0]LogConfig: Setting CVar [[r.DOF.Recombine.EnableBokehSettings:0    ; no bokeh simulation on slight out of focus]]
[2023.02.04-03.34.43:362][  0]LogConfig: Setting CVar [[r.DOF.TemporalAAQuality:1                ; more stable temporal accumulation]]
[2023.02.04-03.34.43:362][  0]LogConfig: Setting CVar [[r.DOF.Kernel.MaxForegroundRadius:0.025]]
[2023.02.04-03.34.43:362][  0]LogConfig: Setting CVar [[r.DOF.Kernel.MaxBackgroundRadius:0.025]]
[2023.02.04-03.34.43:362][  0]LogConfig: Applying CVar settings from Section [TextureQuality@3] File [C:/Users/kolba/OneDrive/Documents/GGJ2023/GGJ2023/Saved/Config/Windows/Scalability.ini]
[2023.02.04-03.34.43:362][  0]LogConfig: Setting CVar [[r.Streaming.MipBias:0]]
[2023.02.04-03.34.43:362][  0]LogConfig: Setting CVar [[r.Streaming.AmortizeCPUToGPUCopy:0]]
[2023.02.04-03.34.43:362][  0]LogConfig: Setting CVar [[r.Streaming.MaxNumTexturesToStreamPerFrame:0]]
[2023.02.04-03.34.43:362][  0]LogConfig: Setting CVar [[r.Streaming.Boost:1]]
[2023.02.04-03.34.43:362][  0]LogConfig: Setting CVar [[r.MaxAnisotropy:8]]
[2023.02.04-03.34.43:362][  0]LogConfig: Setting CVar [[r.VT.MaxAnisotropy:8]]
[2023.02.04-03.34.43:362][  0]LogConfig: Setting CVar [[r.Streaming.LimitPoolSizeToVRAM:0]]
[2023.02.04-03.34.43:362][  0]LogConfig: Setting CVar [[r.Streaming.PoolSize:1000]]
[2023.02.04-03.34.43:362][  0]LogConfig: Setting CVar [[r.Streaming.MaxEffectiveScreenSize:0]]
[2023.02.04-03.34.43:362][  0]LogConfig: Applying CVar settings from Section [EffectsQuality@3] File [C:/Users/kolba/OneDrive/Documents/GGJ2023/GGJ2023/Saved/Config/Windows/Scalability.ini]
[2023.02.04-03.34.43:362][  0]LogConfig: Setting CVar [[r.TranslucencyLightingVolumeDim:64]]
[2023.02.04-03.34.43:362][  0]LogConfig: Setting CVar [[r.RefractionQuality:2]]
[2023.02.04-03.34.43:362][  0]LogConfig: Setting CVar [[r.SSR.Quality:3]]
[2023.02.04-03.34.43:362][  0]LogConfig: Setting CVar [[r.SSR.HalfResSceneColor:0]]
[2023.02.04-03.34.43:362][  0]LogConfig: Setting CVar [[r.SceneColorFormat:4]]
[2023.02.04-03.34.43:362][  0]LogConfig: Setting CVar [[r.DetailMode:2]]
[2023.02.04-03.34.43:362][  0]LogConfig: Setting CVar [[r.TranslucencyVolumeBlur:1]]
[2023.02.04-03.34.43:362][  0]LogConfig: Setting CVar [[r.MaterialQualityLevel:1 ; High quality]]
[2023.02.04-03.34.43:362][  0]LogConfig: Setting CVar [[r.AnisotropicMaterials:1]]
[2023.02.04-03.34.43:362][  0]LogConfig: Setting CVar [[r.SSS.Scale:1]]
[2023.02.04-03.34.43:362][  0]LogConfig: Setting CVar [[r.SSS.SampleSet:2]]
[2023.02.04-03.34.43:362][  0]LogConfig: Setting CVar [[r.SSS.Quality:1]]
[2023.02.04-03.34.43:362][  0]LogConfig: Setting CVar [[r.SSS.HalfRes:0]]
[2023.02.04-03.34.43:362][  0]LogConfig: Setting CVar [[r.SSGI.Quality:3]]
[2023.02.04-03.34.43:362][  0]LogConfig: Setting CVar [[r.EmitterSpawnRateScale:1.0]]
[2023.02.04-03.34.43:362][  0]LogConfig: Setting CVar [[r.ParticleLightQuality:2]]
[2023.02.04-03.34.43:362][  0]LogConfig: Setting CVar [[r.SkyAtmosphere.AerialPerspectiveLUT.FastApplyOnOpaque:1 ; Always have FastSkyLUT 1 in this case to avoid wrong sky]]
[2023.02.04-03.34.43:362][  0]LogConfig: Setting CVar [[r.SkyAtmosphere.AerialPerspectiveLUT.SampleCountMaxPerSlice:4]]
[2023.02.04-03.34.43:362][  0]LogConfig: Setting CVar [[r.SkyAtmosphere.AerialPerspectiveLUT.DepthResolution:16.0]]
[2023.02.04-03.34.43:362][  0]LogConfig: Setting CVar [[r.SkyAtmosphere.FastSkyLUT:1]]
[2023.02.04-03.34.43:362][  0]LogConfig: Setting CVar [[r.SkyAtmosphere.FastSkyLUT.SampleCountMin:4.0]]
[2023.02.04-03.34.43:362][  0]LogConfig: Setting CVar [[r.SkyAtmosphere.FastSkyLUT.SampleCountMax:128.0]]
[2023.02.04-03.34.43:362][  0]LogConfig: Setting CVar [[r.SkyAtmosphere.SampleCountMin:4.0]]
[2023.02.04-03.34.43:362][  0]LogConfig: Setting CVar [[r.SkyAtmosphere.SampleCountMax:128.0]]
[2023.02.04-03.34.43:362][  0]LogConfig: Setting CVar [[r.SkyAtmosphere.TransmittanceLUT.UseSmallFormat:0]]
[2023.02.04-03.34.43:362][  0]LogConfig: Setting CVar [[r.SkyAtmosphere.TransmittanceLUT.SampleCount:10.0]]
[2023.02.04-03.34.43:362][  0]LogConfig: Setting CVar [[r.SkyAtmosphere.MultiScatteringLUT.SampleCount:15.0]]
[2023.02.04-03.34.43:362][  0]LogConfig: Setting CVar [[r.SkyLight.RealTimeReflectionCapture:1]]
[2023.02.04-03.34.43:362][  0]LogConfig: Applying CVar settings from Section [FoliageQuality@3] File [C:/Users/kolba/OneDrive/Documents/GGJ2023/GGJ2023/Saved/Config/Windows/Scalability.ini]
[2023.02.04-03.34.43:362][  0]LogConfig: Setting CVar [[foliage.DensityScale:1.0]]
[2023.02.04-03.34.43:362][  0]LogConfig: Setting CVar [[grass.DensityScale:1.0]]
[2023.02.04-03.34.43:362][  0]LogConfig: Applying CVar settings from Section [ShadingQuality@3] File [C:/Users/kolba/OneDrive/Documents/GGJ2023/GGJ2023/Saved/Config/Windows/Scalability.ini]
[2023.02.04-03.34.43:362][  0]LogConfig: Setting CVar [[r.HairStrands.SkyLighting.IntegrationType:2]]
[2023.02.04-03.34.43:362][  0]LogConfig: Setting CVar [[r.HairStrands.SkyAO.SampleCount:4]]
[2023.02.04-03.34.43:362][  0]LogConfig: Setting CVar [[r.HairStrands.Visibility.MSAA.SamplePerPixel:4]]
[2023.02.04-03.34.43:362][  0]LogInit: Selected Device Profile: [Windows]
[2023.02.04-03.34.43:362][  0]LogInit: Applying CVar settings loaded from the selected device profile: [Windows]
[2023.02.04-03.34.43:362][  0]LogHAL: Display: Platform has ~ 16 GB [16991240192 / 17179869184 / 16], which maps to Larger [LargestMinGB=32, LargerMinGB=12, DefaultMinGB=8, SmallerMinGB=6, SmallestMinGB=0)
[2023.02.04-03.34.43:362][  0]LogInit: Going up to parent DeviceProfile []
[2023.02.04-03.34.43:362][  0]LogConfig: Applying CVar settings from Section [ViewDistanceQuality@3] File [C:/Users/kolba/OneDrive/Documents/GGJ2023/GGJ2023/Saved/Config/Windows/Scalability.ini]
[2023.02.04-03.34.43:362][  0]LogConfig: Setting CVar [[r.SkeletalMeshLODBias:0]]
[2023.02.04-03.34.43:362][  0]LogConfig: Setting CVar [[r.ViewDistanceScale:1.0]]
[2023.02.04-03.34.43:362][  0]LogConfig: Applying CVar settings from Section [AntiAliasingQuality@3] File [C:/Users/kolba/OneDrive/Documents/GGJ2023/GGJ2023/Saved/Config/Windows/Scalability.ini]
[2023.02.04-03.34.43:362][  0]LogConfig: Setting CVar [[r.PostProcessAAQuality:4]]
[2023.02.04-03.34.43:362][  0]LogConfig: Applying CVar settings from Section [ShadowQuality@3] File [C:/Users/kolba/OneDrive/Documents/GGJ2023/GGJ2023/Saved/Config/Windows/Scalability.ini]
[2023.02.04-03.34.43:362][  0]LogConfig: Setting CVar [[r.LightFunctionQuality:1]]
[2023.02.04-03.34.43:362][  0]LogConfig: Setting CVar [[r.ShadowQuality:5]]
[2023.02.04-03.34.43:362][  0]LogConfig: Setting CVar [[r.Shadow.CSM.MaxCascades:10]]
[2023.02.04-03.34.43:362][  0]LogConfig: Setting CVar [[r.Shadow.MaxResolution:2048]]
[2023.02.04-03.34.43:362][  0]LogConfig: Setting CVar [[r.Shadow.MaxCSMResolution:2048]]
[2023.02.04-03.34.43:362][  0]LogConfig: Setting CVar [[r.Shadow.RadiusThreshold:0.01]]
[2023.02.04-03.34.43:362][  0]LogConfig: Setting CVar [[r.Shadow.DistanceScale:1.0]]
[2023.02.04-03.34.43:362][  0]LogConfig: Setting CVar [[r.Shadow.CSM.TransitionScale:1.0]]
[2023.02.04-03.34.43:363][  0]LogConfig: Setting CVar [[r.Shadow.PreShadowResolutionFactor:1.0]]
[2023.02.04-03.34.43:363][  0]LogConfig: Setting CVar [[r.DistanceFieldShadowing:1]]
[2023.02.04-03.34.43:363][  0]LogConfig: Setting CVar [[r.DistanceFieldAO:1]]
[2023.02.04-03.34.43:363][  0]LogConfig: Setting CVar [[r.AOQuality:2]]
[2023.02.04-03.34.43:363][  0]LogConfig: Setting CVar [[r.VolumetricFog:1]]
[2023.02.04-03.34.43:363][  0]LogConfig: Setting CVar [[r.VolumetricFog.GridPixelSize:8]]
[2023.02.04-03.34.43:363][  0]LogConfig: Setting CVar [[r.VolumetricFog.GridSizeZ:128]]
[2023.02.04-03.34.43:363][  0]LogConfig: Setting CVar [[r.VolumetricFog.HistoryMissSupersampleCount:4]]
[2023.02.04-03.34.43:363][  0]LogConfig: Setting CVar [[r.LightMaxDrawDistanceScale:1]]
[2023.02.04-03.34.43:363][  0]LogConfig: Setting CVar [[r.CapsuleShadows:1]]
[2023.02.04-03.34.43:363][  0]LogConfig: Applying CVar settings from Section [PostProcessQuality@3] File [C:/Users/kolba/OneDrive/Documents/GGJ2023/GGJ2023/Saved/Config/Windows/Scalability.ini]
[2023.02.04-03.34.43:363][  0]LogConfig: Setting CVar [[r.MotionBlurQuality:4]]
[2023.02.04-03.34.43:363][  0]LogConfig: Setting CVar [[r.AmbientOcclusionMipLevelFactor:0.4]]
[2023.02.04-03.34.43:363][  0]LogConfig: Setting CVar [[r.AmbientOcclusionMaxQuality:100]]
[2023.02.04-03.34.43:363][  0]LogConfig: Setting CVar [[r.AmbientOcclusionLevels:-1]]
[2023.02.04-03.34.43:363][  0]LogConfig: Setting CVar [[r.AmbientOcclusionRadiusScale:1.0]]
[2023.02.04-03.34.43:363][  0]LogConfig: Setting CVar [[r.DepthOfFieldQuality:2]]
[2023.02.04-03.34.43:363][  0]LogConfig: Setting CVar [[r.RenderTargetPoolMin:400]]
[2023.02.04-03.34.43:363][  0]LogConfig: Setting CVar [[r.LensFlareQuality:2]]
[2023.02.04-03.34.43:363][  0]LogConfig: Setting CVar [[r.SceneColorFringeQuality:1]]
[2023.02.04-03.34.43:363][  0]LogConfig: Setting CVar [[r.EyeAdaptationQuality:2]]
[2023.02.04-03.34.43:363][  0]LogConfig: Setting CVar [[r.BloomQuality:5]]
[2023.02.04-03.34.43:363][  0]LogConfig: Setting CVar [[r.FastBlurThreshold:100]]
[2023.02.04-03.34.43:363][  0]LogConfig: Setting CVar [[r.Upscale.Quality:3]]
[2023.02.04-03.34.43:363][  0]LogConfig: Setting CVar [[r.Tonemapper.GrainQuantization:1]]
[2023.02.04-03.34.43:363][  0]LogConfig: Setting CVar [[r.LightShaftQuality:1]]
[2023.02.04-03.34.43:363][  0]LogConfig: Setting CVar [[r.Filter.SizeScale:1]]
[2023.02.04-03.34.43:363][  0]LogConfig: Setting CVar [[r.Tonemapper.Quality:5]]
[2023.02.04-03.34.43:363][  0]LogConfig: Setting CVar [[r.DOF.Gather.AccumulatorQuality:1        ; higher gathering accumulator quality]]
[2023.02.04-03.34.43:363][  0]LogConfig: Setting CVar [[r.DOF.Gather.PostfilterMethod:1          ; Median3x3 postfilering method]]
[2023.02.04-03.34.43:363][  0]LogConfig: Setting CVar [[r.DOF.Gather.EnableBokehSettings:0       ; no bokeh simulation when gathering]]
[2023.02.04-03.34.43:363][  0]LogConfig: Setting CVar [[r.DOF.Gather.RingCount:4                 ; medium number of samples when gathering]]
[2023.02.04-03.34.43:363][  0]LogConfig: Setting CVar [[r.DOF.Scatter.ForegroundCompositing:1    ; additive foreground scattering]]
[2023.02.04-03.34.43:363][  0]LogConfig: Setting CVar [[r.DOF.Scatter.BackgroundCompositing:2    ; additive background scattering]]
[2023.02.04-03.34.43:363][  0]LogConfig: Setting CVar [[r.DOF.Scatter.EnableBokehSettings:1      ; bokeh simulation when scattering]]
[2023.02.04-03.34.43:363][  0]LogConfig: Setting CVar [[r.DOF.Scatter.MaxSpriteRatio:0.1         ; only a maximum of 10% of scattered bokeh]]
[2023.02.04-03.34.43:363][  0]LogConfig: Setting CVar [[r.DOF.Recombine.Quality:1                ; cheap slight out of focus]]
[2023.02.04-03.34.43:363][  0]LogConfig: Setting CVar [[r.DOF.Recombine.EnableBokehSettings:0    ; no bokeh simulation on slight out of focus]]
[2023.02.04-03.34.43:363][  0]LogConfig: Setting CVar [[r.DOF.TemporalAAQuality:1                ; more stable temporal accumulation]]
[2023.02.04-03.34.43:363][  0]LogConfig: Setting CVar [[r.DOF.Kernel.MaxForegroundRadius:0.025]]
[2023.02.04-03.34.43:363][  0]LogConfig: Setting CVar [[r.DOF.Kernel.MaxBackgroundRadius:0.025]]
[2023.02.04-03.34.43:363][  0]LogConfig: Applying CVar settings from Section [TextureQuality@3] File [C:/Users/kolba/OneDrive/Documents/GGJ2023/GGJ2023/Saved/Config/Windows/Scalability.ini]
[2023.02.04-03.34.43:363][  0]LogConfig: Setting CVar [[r.Streaming.MipBias:0]]
[2023.02.04-03.34.43:363][  0]LogConfig: Setting CVar [[r.Streaming.AmortizeCPUToGPUCopy:0]]
[2023.02.04-03.34.43:363][  0]LogConfig: Setting CVar [[r.Streaming.MaxNumTexturesToStreamPerFrame:0]]
[2023.02.04-03.34.43:363][  0]LogConfig: Setting CVar [[r.Streaming.Boost:1]]
[2023.02.04-03.34.43:363][  0]LogConfig: Setting CVar [[r.MaxAnisotropy:8]]
[2023.02.04-03.34.43:363][  0]LogConfig: Setting CVar [[r.VT.MaxAnisotropy:8]]
[2023.02.04-03.34.43:363][  0]LogConfig: Setting CVar [[r.Streaming.LimitPoolSizeToVRAM:0]]
[2023.02.04-03.34.43:363][  0]LogConfig: Setting CVar [[r.Streaming.PoolSize:1000]]
[2023.02.04-03.34.43:363][  0]LogConfig: Setting CVar [[r.Streaming.MaxEffectiveScreenSize:0]]
[2023.02.04-03.34.43:363][  0]LogConfig: Applying CVar settings from Section [EffectsQuality@3] File [C:/Users/kolba/OneDrive/Documents/GGJ2023/GGJ2023/Saved/Config/Windows/Scalability.ini]
[2023.02.04-03.34.43:363][  0]LogConfig: Setting CVar [[r.TranslucencyLightingVolumeDim:64]]
[2023.02.04-03.34.43:363][  0]LogConfig: Setting CVar [[r.RefractionQuality:2]]
[2023.02.04-03.34.43:363][  0]LogConfig: Setting CVar [[r.SSR.Quality:3]]
[2023.02.04-03.34.43:363][  0]LogConfig: Setting CVar [[r.SSR.HalfResSceneColor:0]]
[2023.02.04-03.34.43:363][  0]LogConfig: Setting CVar [[r.SceneColorFormat:4]]
[2023.02.04-03.34.43:363][  0]LogConfig: Setting CVar [[r.DetailMode:2]]
[2023.02.04-03.34.43:363][  0]LogConfig: Setting CVar [[r.TranslucencyVolumeBlur:1]]
[2023.02.04-03.34.43:363][  0]LogConfig: Setting CVar [[r.MaterialQualityLevel:1 ; High quality]]
[2023.02.04-03.34.43:363][  0]LogConfig: Setting CVar [[r.AnisotropicMaterials:1]]
[2023.02.04-03.34.43:363][  0]LogConfig: Setting CVar [[r.SSS.Scale:1]]
[2023.02.04-03.34.43:363][  0]LogConfig: Setting CVar [[r.SSS.SampleSet:2]]
[2023.02.04-03.34.43:363][  0]LogConfig: Setting CVar [[r.SSS.Quality:1]]
[2023.02.04-03.34.43:363][  0]LogConfig: Setting CVar [[r.SSS.HalfRes:0]]
[2023.02.04-03.34.43:363][  0]LogConfig: Setting CVar [[r.SSGI.Quality:3]]
[2023.02.04-03.34.43:363][  0]LogConfig: Setting CVar [[r.EmitterSpawnRateScale:1.0]]
[2023.02.04-03.34.43:363][  0]LogConfig: Setting CVar [[r.ParticleLightQuality:2]]
[2023.02.04-03.34.43:363][  0]LogConfig: Setting CVar [[r.SkyAtmosphere.AerialPerspectiveLUT.FastApplyOnOpaque:1 ; Always have FastSkyLUT 1 in this case to avoid wrong sky]]
[2023.02.04-03.34.43:363][  0]LogConfig: Setting CVar [[r.SkyAtmosphere.AerialPerspectiveLUT.SampleCountMaxPerSlice:4]]
[2023.02.04-03.34.43:363][  0]LogConfig: Setting CVar [[r.SkyAtmosphere.AerialPerspectiveLUT.DepthResolution:16.0]]
[2023.02.04-03.34.43:363][  0]LogConfig: Setting CVar [[r.SkyAtmosphere.FastSkyLUT:1]]
[2023.02.04-03.34.43:363][  0]LogConfig: Setting CVar [[r.SkyAtmosphere.FastSkyLUT.SampleCountMin:4.0]]
[2023.02.04-03.34.43:363][  0]LogConfig: Setting CVar [[r.SkyAtmosphere.FastSkyLUT.SampleCountMax:128.0]]
[2023.02.04-03.34.43:363][  0]LogConfig: Setting CVar [[r.SkyAtmosphere.SampleCountMin:4.0]]
[2023.02.04-03.34.43:363][  0]LogConfig: Setting CVar [[r.SkyAtmosphere.SampleCountMax:128.0]]
[2023.02.04-03.34.43:363][  0]LogConfig: Setting CVar [[r.SkyAtmosphere.TransmittanceLUT.UseSmallFormat:0]]
[2023.02.04-03.34.43:363][  0]LogConfig: Setting CVar [[r.SkyAtmosphere.TransmittanceLUT.SampleCount:10.0]]
[2023.02.04-03.34.43:363][  0]LogConfig: Setting CVar [[r.SkyAtmosphere.MultiScatteringLUT.SampleCount:15.0]]
[2023.02.04-03.34.43:363][  0]LogConfig: Setting CVar [[r.SkyLight.RealTimeReflectionCapture:1]]
[2023.02.04-03.34.43:363][  0]LogConfig: Applying CVar settings from Section [FoliageQuality@3] File [C:/Users/kolba/OneDrive/Documents/GGJ2023/GGJ2023/Saved/Config/Windows/Scalability.ini]
[2023.02.04-03.34.43:363][  0]LogConfig: Setting CVar [[foliage.DensityScale:1.0]]
[2023.02.04-03.34.43:363][  0]LogConfig: Setting CVar [[grass.DensityScale:1.0]]
[2023.02.04-03.34.43:363][  0]LogConfig: Applying CVar settings from Section [ShadingQuality@3] File [C:/Users/kolba/OneDrive/Documents/GGJ2023/GGJ2023/Saved/Config/Windows/Scalability.ini]
[2023.02.04-03.34.43:363][  0]LogConfig: Setting CVar [[r.HairStrands.SkyLighting.IntegrationType:2]]
[2023.02.04-03.34.43:363][  0]LogConfig: Setting CVar [[r.HairStrands.SkyAO.SampleCount:4]]
[2023.02.04-03.34.43:363][  0]LogConfig: Setting CVar [[r.HairStrands.Visibility.MSAA.SamplePerPixel:4]]
[2023.02.04-03.34.43:363][  0]LogConfig: Applying CVar settings from Section [Startup] File [../../../Engine/Config/ConsoleVariables.ini]
[2023.02.04-03.34.43:364][  0]LogConfig: Setting CVar [[net.UseAdaptiveNetUpdateFrequency:0]]
[2023.02.04-03.34.43:364][  0]LogConfig: Setting CVar [[p.chaos.AllowCreatePhysxBodies:1]]
[2023.02.04-03.34.43:364][  0]LogConfig: Setting CVar [[fx.SkipVectorVMBackendOptimizations:1]]
[2023.02.04-03.34.43:364][  0]LogConfig: Applying CVar settings from Section [ConsoleVariables] File [C:/Users/kolba/OneDrive/Documents/GGJ2023/GGJ2023/Saved/Config/Windows/Engine.ini]
[2023.02.04-03.34.43:364][  0]LogConfig: Applying CVar settings from Section [ConsoleVariables] File [C:/Users/kolba/OneDrive/Documents/GGJ2023/GGJ2023/Saved/Config/Windows/Editor.ini]
[2023.02.04-03.34.43:364][  0]LogInit: Computer: MSI
[2023.02.04-03.34.43:364][  0]LogInit: User: kolba
[2023.02.04-03.34.43:364][  0]LogInit: CPU Page size=4096, Cores=6
[2023.02.04-03.34.43:364][  0]LogInit: High frequency timer resolution =10.000000 MHz
[2023.02.04-03.34.43:364][  0]LogMemory: Memory total: Physical=15.8GB (16GB approx)
[2023.02.04-03.34.43:364][  0]LogMemory: Platform Memory Stats for Windows
[2023.02.04-03.34.43:364][  0]LogMemory: Process Physical Memory: 145.83 MB used, 145.83 MB peak
[2023.02.04-03.34.43:364][  0]LogMemory: Process Virtual Memory: 132.07 MB used, 132.07 MB peak
[2023.02.04-03.34.43:364][  0]LogMemory: Physical Memory: 9691.90 MB used,  6512.21 MB free, 16204.11 MB total
[2023.02.04-03.34.43:364][  0]LogMemory: Virtual Memory: 134209704.00 MB used,  8024.66 MB free, 134217728.00 MB total
[2023.02.04-03.34.43:394][  0]LogWindows: WindowsPlatformFeatures enabled
[2023.02.04-03.34.43:434][  0]LogInit: Physics initialised using underlying interface: PhysX
[2023.02.04-03.34.43:440][  0]LogInit: Using OS detected language (en-US).
[2023.02.04-03.34.43:440][  0]LogInit: Using OS detected locale (en-US).
[2023.02.04-03.34.43:454][  0]LogTextLocalizationManager: No specific localization for 'en-US' exists, so the 'en' localization will be used.
[2023.02.04-03.34.43:691][  0]LogInit: Setting process to per monitor DPI aware
[2023.02.04-03.34.43:703][  0]LogWindowsTextInputMethodSystem: Display: IME system deactivated.
[2023.02.04-03.34.43:718][  0]LogSlate: New Slate User Created.  User Index 0, Is Virtual User: 0
[2023.02.04-03.34.43:718][  0]LogSlate: Slate User Registered.  User Index 0, Is Virtual User: 0
[2023.02.04-03.34.43:960][  0]LogD3D11RHI: Loaded GFSDK_Aftermath_Lib.x64.dll
[2023.02.04-03.34.44:002][  0]LogHMD: Failed to initialize OpenVR with code 101
[2023.02.04-03.34.44:002][  0]LogD3D11RHI: D3D11 min allowed feature level: 11_0
[2023.02.04-03.34.44:002][  0]LogD3D11RHI: D3D11 max allowed feature level: 11_0
[2023.02.04-03.34.44:002][  0]LogD3D11RHI: D3D11 adapters:
[2023.02.04-03.34.44:114][  0]LogD3D11RHI:    0. 'NVIDIA GeForce RTX 2080 Super' (Feature Level 11_0)
[2023.02.04-03.34.44:114][  0]LogD3D11RHI:       8010/0/8102 MB DedicatedVideo/DedicatedSystem/SharedSystem, Outputs:1, VendorId:0x10de
[2023.02.04-03.34.44:198][  0]LogD3D11RHI:    1. 'Intel(R) UHD Graphics' (Feature Level 11_0)
[2023.02.04-03.34.44:198][  0]LogD3D11RHI:       128/0/8102 MB DedicatedVideo/DedicatedSystem/SharedSystem, Outputs:0, VendorId:0x8086
[2023.02.04-03.34.44:200][  0]LogD3D11RHI:    2. 'Microsoft Basic Render Driver' (Feature Level 11_0)
[2023.02.04-03.34.44:200][  0]LogD3D11RHI:       0/0/8102 MB DedicatedVideo/DedicatedSystem/SharedSystem, Outputs:0, VendorId:0x1414
[2023.02.04-03.34.44:200][  0]LogD3D11RHI: Chosen D3D11 Adapter:
[2023.02.04-03.34.44:200][  0]LogD3D11RHI:     Description : NVIDIA GeForce RTX 2080 Super
[2023.02.04-03.34.44:200][  0]LogD3D11RHI:     VendorId    : 10de
[2023.02.04-03.34.44:200][  0]LogD3D11RHI:     DeviceId    : 1e93
[2023.02.04-03.34.44:200][  0]LogD3D11RHI:     SubSysId    : 12bc1462
[2023.02.04-03.34.44:200][  0]LogD3D11RHI:     Revision    : 00a1
[2023.02.04-03.34.44:200][  0]LogD3D11RHI:     DedicatedVideoMemory : 8399093760 bytes
[2023.02.04-03.34.44:200][  0]LogD3D11RHI:     DedicatedSystemMemory : 0 bytes
[2023.02.04-03.34.44:200][  0]LogD3D11RHI:     SharedSystemMemory : 8495620096 bytes
[2023.02.04-03.34.44:200][  0]LogD3D11RHI:     AdapterLuid : 0 73416
[2023.02.04-03.34.44:206][  0]LogD3D11RHI: Creating new Direct3DDevice
[2023.02.04-03.34.44:206][  0]LogD3D11RHI:     GPU DeviceId: 0x1e93 (for the marketing name, search the web for "GPU Device Id")
[2023.02.04-03.34.44:206][  0]LogWindows: EnumDisplayDevices:
[2023.02.04-03.34.44:206][  0]LogWindows:    0. 'Intel(R) UHD Graphics' (P:1 D:1)
[2023.02.04-03.34.44:206][  0]LogWindows:    1. 'Intel(R) UHD Graphics' (P:0 D:0)
[2023.02.04-03.34.44:206][  0]LogWindows:    2. 'Intel(R) UHD Graphics' (P:0 D:0)
[2023.02.04-03.34.44:206][  0]LogWindows:    3. 'NVIDIA GeForce RTX 2080 Super' (P:0 D:0)
[2023.02.04-03.34.44:207][  0]LogWindows:    4. 'NVIDIA GeForce RTX 2080 Super' (P:0 D:0)
[2023.02.04-03.34.44:207][  0]LogWindows:    5. 'NVIDIA GeForce RTX 2080 Super' (P:0 D:0)
[2023.02.04-03.34.44:207][  0]LogWindows:    6. 'NVIDIA GeForce RTX 2080 Super' (P:0 D:0)
[2023.02.04-03.34.44:207][  0]LogWindows: DebugString: PrimaryIsNotTheChoosenAdapter PrimaryIsNotTheChoosenAdapter PrimaryIsNotTheChoosenAdapter FoundDriverCount:4 
[2023.02.04-03.34.44:207][  0]LogD3D11RHI:     Adapter Name: NVIDIA GeForce RTX 2080 Super
[2023.02.04-03.34.44:207][  0]LogD3D11RHI:   Driver Version: 517.48 (internal:31.0.15.1748, unified:517.48)
[2023.02.04-03.34.44:207][  0]LogD3D11RHI:      Driver Date: 9-21-2022
[2023.02.04-03.34.44:207][  0]LogRHI: Texture pool is 5607 MB (70% of 8010 MB)
[2023.02.04-03.34.44:207][  0]LogD3D11RHI: Creating D3DDevice using adapter:
[2023.02.04-03.34.44:207][  0]LogD3D11RHI:     Description : NVIDIA GeForce RTX 2080 Super
[2023.02.04-03.34.44:207][  0]LogD3D11RHI:     VendorId    : 10de
[2023.02.04-03.34.44:207][  0]LogD3D11RHI:     DeviceId    : 1e93
[2023.02.04-03.34.44:207][  0]LogD3D11RHI:     SubSysId    : 12bc1462
[2023.02.04-03.34.44:207][  0]LogD3D11RHI:     Revision    : 00a1
[2023.02.04-03.34.44:207][  0]LogD3D11RHI:     DedicatedVideoMemory : 8399093760 bytes
[2023.02.04-03.34.44:207][  0]LogD3D11RHI:     DedicatedSystemMemory : 0 bytes
[2023.02.04-03.34.44:207][  0]LogD3D11RHI:     SharedSystemMemory : 8495620096 bytes
[2023.02.04-03.34.44:207][  0]LogD3D11RHI:     AdapterLuid : 0 73416
[2023.02.04-03.34.44:265][  0]LogD3D11RHI: RHI has support for 64 bit atomics
[2023.02.04-03.34.44:265][  0]LogD3D11RHI: Async texture creation enabled
[2023.02.04-03.34.44:265][  0]LogD3D11RHI: Array index from any shader is supported
[2023.02.04-03.34.44:296][  0]LogD3D11RHI: GPU Timing Frequency: 1000.000000 (Debug: 2 2)
[2023.02.04-03.34.44:331][  0]LogRHI: GeForceNow SDK initialized: 1
[2023.02.04-03.34.44:568][  0]LogTargetPlatformManager: Display: Loaded TargetPlatform 'AllDesktop'
[2023.02.04-03.34.44:587][  0]LogTargetPlatformManager: Display: Loaded TargetPlatform 'Android'
[2023.02.04-03.34.44:587][  0]LogTargetPlatformManager: Display: Loaded TargetPlatform 'Android_ASTC'
[2023.02.04-03.34.44:587][  0]LogTargetPlatformManager: Display: Loaded TargetPlatform 'Android_DXT'
[2023.02.04-03.34.44:587][  0]LogTargetPlatformManager: Display: Loaded TargetPlatform 'Android_ETC2'
[2023.02.04-03.34.44:587][  0]LogTargetPlatformManager: Display: Loaded TargetPlatform 'AndroidClient'
[2023.02.04-03.34.44:587][  0]LogTargetPlatformManager: Display: Loaded TargetPlatform 'Android_ASTCClient'
[2023.02.04-03.34.44:587][  0]LogTargetPlatformManager: Display: Loaded TargetPlatform 'Android_DXTClient'
[2023.02.04-03.34.44:587][  0]LogTargetPlatformManager: Display: Loaded TargetPlatform 'Android_ETC2Client'
[2023.02.04-03.34.44:587][  0]LogTargetPlatformManager: Display: Loaded TargetPlatform 'Android_Multi'
[2023.02.04-03.34.44:587][  0]LogTargetPlatformManager: Display: Loaded TargetPlatform 'Android_MultiClient'
[2023.02.04-03.34.44:604][  0]LogTargetPlatformManager: Display: Loaded TargetPlatform 'IOSClient'
[2023.02.04-03.34.44:604][  0]LogTargetPlatformManager: Display: Loaded TargetPlatform 'IOS'
[2023.02.04-03.34.44:613][  0]LogTargetPlatformManager: Display: Loaded TargetPlatform 'Linux'
[2023.02.04-03.34.44:617][  0]LogTargetPlatformManager: Display: Loaded TargetPlatform 'LinuxNoEditor'
[2023.02.04-03.34.44:621][  0]LogTargetPlatformManager: Display: Loaded TargetPlatform 'LinuxClient'
[2023.02.04-03.34.44:626][  0]LogTargetPlatformManager: Display: Loaded TargetPlatform 'LinuxServer'
[2023.02.04-03.34.44:636][  0]LogTargetPlatformManager: Display: Loaded TargetPlatform 'LinuxAArch64NoEditor'
[2023.02.04-03.34.44:640][  0]LogTargetPlatformManager: Display: Loaded TargetPlatform 'LinuxAArch64Client'
[2023.02.04-03.34.44:643][  0]LogTargetPlatformManager: Display: Loaded TargetPlatform 'LinuxAArch64Server'
[2023.02.04-03.34.44:668][  0]LogTargetPlatformManager: Display: Loaded TargetPlatform 'Lumin'
[2023.02.04-03.34.44:668][  0]LogTargetPlatformManager: Display: Loaded TargetPlatform 'LuminClient'
[2023.02.04-03.34.44:677][  0]LogTargetPlatformManager: Display: Loaded TargetPlatform 'MacNoEditor'
[2023.02.04-03.34.44:681][  0]LogTargetPlatformManager: Display: Loaded TargetPlatform 'Mac'
[2023.02.04-03.34.44:685][  0]LogTargetPlatformManager: Display: Loaded TargetPlatform 'MacClient'
[2023.02.04-03.34.44:689][  0]LogTargetPlatformManager: Display: Loaded TargetPlatform 'MacServer'
[2023.02.04-03.34.44:698][  0]LogTargetPlatformManager: Display: Loaded TargetPlatform 'TVOSClient'
[2023.02.04-03.34.44:699][  0]LogTargetPlatformManager: Display: Loaded TargetPlatform 'TVOS'
[2023.02.04-03.34.44:708][  0]LogTargetPlatformManager: Display: Loaded TargetPlatform 'WindowsNoEditor'
[2023.02.04-03.34.44:712][  0]LogTargetPlatformManager: Display: Loaded TargetPlatform 'Windows'
[2023.02.04-03.34.44:715][  0]LogTargetPlatformManager: Display: Loaded TargetPlatform 'WindowsClient'
[2023.02.04-03.34.44:719][  0]LogTargetPlatformManager: Display: Loaded TargetPlatform 'WindowsServer'
[2023.02.04-03.34.44:719][  0]LogTargetPlatformManager: Display: Building Assets For Windows
[2023.02.04-03.34.44:729][  0]LogAudioDebug: Display: Lib vorbis DLL was dynamically loaded.
[2023.02.04-03.34.44:758][  0]LogTextureFormatOodle: Display: Oodle Texture 2.9.0 init RDO Off
[2023.02.04-03.34.44:792][  0]LogRendererCore: Ray tracing is disabled. Reason: r.RayTracing=0.
[2023.02.04-03.34.44:792][  0]LogShaderCompilers: Guid format shader working directory is -19 characters bigger than the processId version (../../../../../../Users/kolba/OneDrive/Documents/GGJ2023/GGJ2023/Intermediate/Shaders/WorkingDirectory/22308/).
[2023.02.04-03.34.44:792][  0]LogShaderCompilers: Cleaned the shader compiler working directory 'C:/Users/kolba/AppData/Local/Temp/UnrealShaderWorkingDir/37591FC04086EECECC3F8980E1F87664/'.
[2023.02.04-03.34.44:792][  0]LogXGEController: Cannot use XGE Controller as Incredibuild is not installed on this machine.
[2023.02.04-03.34.44:792][  0]LogShaderCompilers: Cannot use XGE Shader Compiler as Incredibuild is not installed on this machine.
[2023.02.04-03.34.44:792][  0]LogShaderCompilers: Display: Using Local Shader Compiler.
[2023.02.04-03.34.45:556][  0]LogDerivedDataCache: Display: Max Cache Size: 512 MB
[2023.02.04-03.34.45:628][  0]LogDerivedDataCache: Loaded boot cache 0.07s 94MB C:/Users/kolba/AppData/Local/UnrealEngine/4.27/DerivedDataCache/Boot.ddc.
[2023.02.04-03.34.45:629][  0]LogDerivedDataCache: Display: Loaded Boot cache: C:/Users/kolba/AppData/Local/UnrealEngine/4.27/DerivedDataCache/Boot.ddc
[2023.02.04-03.34.45:629][  0]LogDerivedDataCache: FDerivedDataBackendGraph:  Pak pak cache file ../../../../../../Users/kolba/OneDrive/Documents/GGJ2023/GGJ2023/DerivedDataCache/DDC.ddp not found, will not use a pak cache.
[2023.02.04-03.34.45:629][  0]LogDerivedDataCache: Unable to find inner node Pak for hierarchical cache Hierarchy.
[2023.02.04-03.34.45:629][  0]LogDerivedDataCache: FDerivedDataBackendGraph:  CompressedPak pak cache file ../../../../../../Users/kolba/OneDrive/Documents/GGJ2023/GGJ2023/DerivedDataCache/Compressed.ddp not found, will not use a pak cache.
[2023.02.04-03.34.45:629][  0]LogDerivedDataCache: Unable to find inner node CompressedPak for hierarchical cache Hierarchy.
[2023.02.04-03.34.45:645][  0]LogDerivedDataCache: Display: Pak cache opened for reading ../../../Engine/DerivedDataCache/Compressed.ddp.
[2023.02.04-03.34.45:645][  0]LogDerivedDataCache: FDerivedDataBackendGraph:  EnterprisePak pak cache file ../../../Enterprise/DerivedDataCache/Compressed.ddp not found, will not use a pak cache.
[2023.02.04-03.34.45:645][  0]LogDerivedDataCache: Unable to find inner node EnterprisePak for hierarchical cache Hierarchy.
[2023.02.04-03.34.45:657][  0]LogDerivedDataCache: Speed tests for C:/Users/kolba/AppData/Local/UnrealEngine/Common/DerivedDataCache took 0.01 seconds
[2023.02.04-03.34.45:657][  0]LogDerivedDataCache: Display: Performance to C:/Users/kolba/AppData/Local/UnrealEngine/Common/DerivedDataCache: Latency=0.14ms. RandomReadSpeed=141.52MBs, RandomWriteSpeed=226.57MBs. Assigned SpeedClass 'Local'
[2023.02.04-03.34.45:658][  0]LogDerivedDataCache: Using Local data cache path C:/Users/kolba/AppData/Local/UnrealEngine/Common/DerivedDataCache: Writable
[2023.02.04-03.34.45:658][  0]LogDerivedDataCache: Shared data cache path not found in *engine.ini, will not use an Shared cache.
[2023.02.04-03.34.45:658][  0]LogDerivedDataCache: Unable to find inner node Shared for hierarchical cache Hierarchy.
[2023.02.04-03.34.45:699][  0]LogSlate: Using FreeType 2.10.0
[2023.02.04-03.34.45:700][  0]LogSlate: SlateFontServices - WITH_FREETYPE: 1, WITH_HARFBUZZ: 1
[2023.02.04-03.34.45:722][  0]LogAssetRegistry: FAssetRegistry took 0.0024 seconds to start up
[2023.02.04-03.34.45:915][  0]LogInit: Selected Device Profile: [Windows]
[2023.02.04-03.34.45:915][  0]LogInit: Active device profile: [000001DC55FA4700][000001DC56A26980 49] Windows
[2023.02.04-03.34.45:915][  0]LogInit: Profiles: [000001DC55FA4700][000001DC56A26980 49] Windows, [000001DC55F7B700][000001DC56A2AAC0 49] WindowsNoEditor, [000001DC55FA7300][000001DC56A32C40 49] WindowsServer, [000001DC55F78F00][000001DC56A36DC0 49] WindowsClient, [000001DC55FA7500][000001DC56A3AF40 49] IOS, [000001DC55F5FF00][000001DC56A3F0C0 49] iPadAir, [000001DC55F7BB00][000001DC56A43240 49] iPadAir2, [000001DC55F24500][000001DC56A4B500 49] IPadPro, [000001DC55F24600][000001DC56A47540 49] iPadAir3, [000001DC55F5C100][000001DC56A4F6C0 49] iPadAir4, [000001DC55F26C00][000001DC56A53840 49] iPadMini2, [000001DC55F5E500][000001DC56A579C0 49] iPadMini3, [000001DC55F27400][000001DC56A5BB40 49] iPadMini4, [000001DC55F5CF00][000001DC56A5E140 49] iPadMini5, [000001DC55F23E00][000001DC56A66400 49] iPhone6, [000001DC55F23F00][000001DC56A62440 49] iPodTouch6, [000001DC55FA7900][000001DC56A6E700 49] iPhone7, [000001DC55FA6100][000001DC56A6A740 49] iPodTouch7, [000001DC55F20400][000001DC56A728C0 49] iPhone5S, [000001DC55F27D00][000001DC56A2EA00 49] iPhone6Plus, [000001DC55FA7400][000001DC56A76B40 49] iPhone6S, [000001DC55F26000][000001DC56A7AC80 49] iPhone6SPlus, [000001DC55FA4900][000001DC56A7EDC0 49] iPhone7Plus, [000001DC55F24E00][000001DC56A86F40 49] iPhoneSE, [000001DC55FA4200][000001DC56A8B0C0 49] iPhone8, [000001DC55F26400][000001DC56A8F240 49] iPhone8Plus, [000001DC55FA5E00][000001DC56A933C0 49] iPhoneX, [000001DC55F27E00][000001DC56A97540 49] iPhoneXS, [000001DC55FA5600][000001DC56A9B6C0 49] iPhoneXSMax, [000001DC55F26500][000001DC56A9F840 49] iPhoneXR, [000001DC55FA6A00][000001DC56AA39C0 49] iPhone11, [000001DC55F27A00][000001DC56AA7B40 49] iPhone11Pro, [000001DC55FA4F00][000001DC56AAA140 49] iPhone11ProMax, [000001DC55F26300][000001DC56AAE2C0 49] iPhoneSE2, [000001DC55FA6700][000001DC56AB2440 49] iPhone12Mini, [000001DC55F24700][000001DC56AB65C0 49] iPhone12, [000001DC55FA7100][000001DC56ABA740 49] iPhone12Pro, [000001DC55F27500][000001DC56ABE8C0 49] iPhone12ProMax, [000001DC55FA4800][000001DC56AC2A40 49] iPadPro105, [000001DC55F25C00][000001DC56A82B80 49] iPadPro129, [000001DC55FA4300][000001DC56AC6CC0 49] iPadPro97, [000001DC55F25D00][000001DC56ACAE00 49] iPadPro2_129, [000001DC55FA4C00][000001DC56ACEF40 49] iPad5, [000001DC55F27000][000001DC56AD70C0 49] iPad6, [000001DC55FA6C00][000001DC56ADB240 49] iPad7, [000001DC55F26E00][000001DC56ADF3C0 49] iPad8, [000001DC55FA5800][000001DC56AE3540 49] iPadPro11, [000001DC55F25B00][000001DC56AE76C0 49] iPadPro2_11, [000001DC55FA5500][000001DC56AEB840 49] iPadPro3_129, [000001DC55F26700][000001DC56B019C0 49] iPadPro4_129, [000001DC55FA4100][000001DC56B05B40 49] AppleTV, [000001DC55F26B00][000001DC56B08140 49] AppleTV4K, [000001DC55FA5B00][000001DC56B0C2C0 49] TVOS, [000001DC55F24900][000001DC56B10440 49] Mac, [000001DC55FA5700][000001DC56B145C0 49] MacClient, [000001DC55F26F00][000001DC56B18740 49] MacNoEditor, [000001DC55FA4D00][000001DC56B1C8C0 49] MacServer, [000001DC55F24300][000001DC56B20A40 49] Linux, [000001DC55FA6E00][000001DC56B24BC0 49] LinuxAArch64, [000001DC55F25500][000001DC56B28D40 49] LinuxNoEditor, [000001DC55FA6400][000001DC56AD2E80 49] LinuxAArch64NoEditor, [000001DC55F24200][000001DC56B2CFC0 49] LinuxClient, [000001DC55FA6D00][000001DC56B31100 49] LinuxAArch64Client, [000001DC55F24C00][000001DC56B39280 49] LinuxServer, [000001DC55FA4400][000001DC56B3D400 49] LinuxAArch64Server, [000001DC55F25000][000001DC56B41580 49] Android, [000001DC55F5F900][000001DC56B45700 49] Android_Low, [000001DC55F21B00][000001DC56B49880 49] Android_Mid, [000001DC55F5F000][000001DC56B4DA00 49] Android_High, [000001DC55F22300][000001DC56B51B80 49] Android_Default, [000001DC55F5E000][000001DC56B54180 49] Android_Adreno4xx, [000001DC55F20100][000001DC56B58300 49] Android_Adreno5xx_Low, [000001DC55F5CB00][000001DC56B5C480 49] Android_Adreno5xx, [000001DC55F21800][000001DC56B60600 49] Android_Adreno6xx, [000001DC55F5D100][000001DC56B64780 49] Android_Adreno6xx_Vulkan, [000001DC55F20800][000001DC56B68900 49] Android_Mali_T6xx, [000001DC55F5F600][000001DC56B6CA80 49] Android_Mali_T7xx, [000001DC55F20D00][000001DC56B70C00 49] Android_Mali_T8xx, [000001DC55F5FC00][000001DC56B74D80 49] Android_Mali_G71, [000001DC55F21500][000001DC56B78F00 49] Android_Mali_G72, [000001DC55F5FE00][000001DC56B35040 49] Android_Mali_G72_Vulkan, [000001DC55F23D00][000001DC56B7D180 49] Android_Mali_G76, [000001DC55F5FA00][000001DC56B812C0 49] Android_Mali_G76_Vulkan, [000001DC55F23600][000001DC56B89440 49] Android_Mali_G77, [000001DC55F5E200][000001DC56B8D5C0 49] Android_Mali_G77_Vulkan, [000001DC55F21200][000001DC56B91740 49] Android_Mali_G78, [000001DC55F5CA00][000001DC56B958C0 49] Android_Mali_G78_Vulkan, [000001DC55F23000][000001DC56B99A40 49] Android_Mali_G710, [000001DC55F5D400][000001DC56B9DBC0 49] Android_Mali_G710_Vulkan, [000001DC55F20700][000001DC56BA01C0 49] Android_Vulkan_SM5, [000001DC55F5D800][000001DC56BA4340 49] Android_PowerVR_G6xxx, [000001DC55F20E00][000001DC56BA84C0 49] Android_PowerVR_GT7xxx, [000001DC55F5C200][000001DC56BAC640 49] Android_PowerVR_GE8xxx, [000001DC55F20600][000001DC56BB07C0 49] Android_PowerVR_GM9xxx, [000001DC55F5E600][000001DC56BB4940 49] Android_PowerVR_GM9xxx_Vulkan, [000001DC55F24F00][000001DC56BB8AC0 49] Android_TegraK1, [000001DC55F5EA00][000001DC56BBCC40 49] Android_Unknown_Vulkan, [000001DC55F24D00][000001DC56BC0DC0 49] Lumin, [000001DC55F5D200][000001DC56BC4F40 49] Lumin_Desktop, [000001DC55F24B00][000001DC56BC90C0 49] HoloLens, 
[2023.02.04-03.34.46:045][  0]LogMeshReduction: Using QuadricMeshReduction for automatic static mesh reduction
[2023.02.04-03.34.46:046][  0]LogMeshReduction: Using SimplygonMeshReduction for automatic skeletal mesh reduction
[2023.02.04-03.34.46:046][  0]LogMeshReduction: Using ProxyLODMeshReduction for automatic mesh merging
[2023.02.04-03.34.46:046][  0]LogMeshReduction: No distributed automatic mesh merging module available
[2023.02.04-03.34.46:046][  0]LogMeshMerging: No distributed automatic mesh merging module available
[2023.02.04-03.34.46:059][  0]LogNetVersion: GGJ2023 1.0.0, NetCL: 17155196, EngineNetVer: 17, GameNetVer: 0 (Checksum: 2262209438)
[2023.02.04-03.34.46:409][  0]LogTexture: Default maximum texture size for cubemaps generated from long-lat sources has been changed from 512 to unlimited. In order to preserve old behaiour for '/Engine/MapTemplates/Sky/DaylightAmbientCubemap.DaylightAmbientCubemap', its maximum texture size has been explicitly set to 512.
[2023.02.04-03.34.46:458][  0]LogHMD: PokeAHoleMaterial loaded successfully
[2023.02.04-03.34.46:463][  0]LogUObjectArray: 17178 objects as part of root set at end of initial load.
[2023.02.04-03.34.46:463][  0]LogUObjectAllocator: 4302048 out of 0 bytes used by permanent object pool.
[2023.02.04-03.34.46:463][  0]LogUObjectArray: CloseDisregardForGC: 0/0 objects in disregard for GC pool
[2023.02.04-03.34.46:748][  0]LogNiagaraDebuggerClient: Niagara Debugger Client Initialized | Session: 2FC82FBD4642A8EE645FED88C2992E56 | Instance: 4AA680654F80FFD813E78189EE7DD2EC (MSI-22308).
[2023.02.04-03.34.46:859][  0]LogPython: Using Python 3.7.7
[2023.02.04-03.34.47:330][  0]LogTcpMessaging: Initializing TcpMessaging bridge
[2023.02.04-03.34.47:334][  0]LogUdpMessaging: Initializing bridge on interface 0.0.0.0:0 to multicast group 230.0.0.1:6666.
[2023.02.04-03.34.47:532][  0]SourceControl: Source control is disabled
[2023.02.04-03.34.47:533][  0]LogWindows: Warning: CreateProc failed: The system cannot find the file specified. (0x00000002)
[2023.02.04-03.34.47:533][  0]LogWindows: Warning: URL: C:/Program Files/Git/bin/git.exe version
[2023.02.04-03.34.47:537][  0]LogWindows: Warning: CreateProc failed: The system cannot find the file specified. (0x00000002)
[2023.02.04-03.34.47:537][  0]LogWindows: Warning: URL: C:/Program Files/Git/bin/git.exe version
[2023.02.04-03.34.47:539][  0]LogWindows: Warning: CreateProc failed: The system cannot find the file specified. (0x00000002)
[2023.02.04-03.34.47:539][  0]LogWindows: Warning: URL: C:/Program Files/Git/bin/git.exe version
[2023.02.04-03.34.47:546][  0]LogWindows: Warning: CreateProc failed: The system cannot find the file specified. (0x00000002)
[2023.02.04-03.34.47:546][  0]LogWindows: Warning: URL: C:/Program Files/Git/bin/git.exe version
[2023.02.04-03.34.47:551][  0]LogUProjectInfo: Found projects:
[2023.02.04-03.34.47:702][  0]LogOpenImageDenoise: OIDN starting up
[2023.02.04-03.34.47:737][  0]LogAndroidPermission: UAndroidPermissionCallbackProxy::GetInstance
[2023.02.04-03.34.47:758][  0]LogAudioCaptureCore: Display: No Audio Capture implementations found. Audio input will be silent.
[2023.02.04-03.34.47:758][  0]LogAudioCaptureCore: Display: No Audio Capture implementations found. Audio input will be silent.
[2023.02.04-03.34.47:882][  0]LogCollectionManager: Loaded 0 collections in 0.001422 seconds
[2023.02.04-03.34.47:907][  0]LogFileCache: Scanning file cache for directory 'C:/Users/kolba/OneDrive/Documents/GGJ2023/GGJ2023/Saved/Collections/' took 0.00s
[2023.02.04-03.34.47:907][  0]LogFileCache: Scanning file cache for directory 'C:/Users/kolba/OneDrive/Documents/GGJ2023/GGJ2023/Content/Developers/kolba/Collections/' took 0.00s
[2023.02.04-03.34.47:907][  0]LogFileCache: Scanning file cache for directory 'C:/Users/kolba/OneDrive/Documents/GGJ2023/GGJ2023/Content/Collections/' took 0.00s
[2023.02.04-03.34.47:907][  0]LogOcInput: OculusInput pre-init called
[2023.02.04-03.34.48:095][  0]LogEngine: Initializing Engine...
[2023.02.04-03.34.48:110][  0]LogHMD: Optional extension XR_KHR_opengl_enable is not available
[2023.02.04-03.34.48:110][  0]LogHMD: Optional extension XR_KHR_vulkan_enable is not available
[2023.02.04-03.34.48:110][  0]LogHMD: Optional extension XR_VARJO_quad_views is not available
[2023.02.04-03.34.48:113][  0]LogHMD: Failed to get an OpenXR system, result is XR_ERROR_FORM_FACTOR_UNAVAILABLE. Please check that your runtime supports VR headsets.
[2023.02.04-03.34.48:114][  0]LogHMD: Failed to initialize OpenVR with code 101
[2023.02.04-03.34.48:114][  0]LogMagicLeap: Warning: VR disabled because ZI is not enabled.  To enable, in the editor, Edit -> Project Settings -> Plugins -> Magic Leap Plugin -> Enable Zero Iteration
[2023.02.04-03.34.48:115][  0]LogStats: UGameplayTagsManager::InitializeManager -  0.000 s
[2023.02.04-03.34.48:221][  0]LogInit: Initializing FReadOnlyCVARCache
[2023.02.04-03.34.48:230][  0]LogAIModule: Creating AISystem for world Untitled
[2023.02.04-03.34.48:235][  0]LogAudio: Display: Initializing Audio Device Manager...
[2023.02.04-03.34.48:238][  0]LogAudio: Display: Loading Default Audio Settings Objects...
[2023.02.04-03.34.48:239][  0]LogAudio: Display: No default SoundConcurrencyObject specified (or failed to load).
[2023.02.04-03.34.48:239][  0]LogAudio: Display: Audio Device Manager Initialized
[2023.02.04-03.34.48:239][  0]LogAudio: Display: Creating Audio Device:                 Id: 1, Scope: Shared, Realtime: True
[2023.02.04-03.34.48:240][  0]LogAudioMixer: Display: Audio Mixer Platform Settings:
[2023.02.04-03.34.48:240][  0]LogAudioMixer: Display: 	Sample Rate:						  48000
[2023.02.04-03.34.48:240][  0]LogAudioMixer: Display: 	Callback Buffer Frame Size Requested: 1024
[2023.02.04-03.34.48:240][  0]LogAudioMixer: Display: 	Callback Buffer Frame Size To Use:	  1024
[2023.02.04-03.34.48:240][  0]LogAudioMixer: Display: 	Number of buffers to queue:			  2
[2023.02.04-03.34.48:240][  0]LogAudioMixer: Display: 	Max Channels (voices):				  32
[2023.02.04-03.34.48:240][  0]LogAudioMixer: Display: 	Number of Async Source Workers:		  0
[2023.02.04-03.34.48:240][  0]LogAudio: Display: AudioDevice MaxSources: 32
[2023.02.04-03.34.48:240][  0]LogAudio: Display: Audio Spatialization Plugin: None (built-in).
[2023.02.04-03.34.48:240][  0]LogAudio: Display: Audio Reverb Plugin: None (built-in).
[2023.02.04-03.34.48:240][  0]LogAudio: Display: Audio Occlusion Plugin: None (built-in).
[2023.02.04-03.34.48:240][  0]LogAudioMixer: Display: Initializing audio mixer.
[2023.02.04-03.34.48:286][  0]LogAudioMixer: Display: 0: FrontLeft
[2023.02.04-03.34.48:286][  0]LogAudioMixer: Display: 1: FrontRight
[2023.02.04-03.34.48:378][  0]LogAudioMixer: Display: Using Audio Device Speakers (Realtek(R) Audio)
[2023.02.04-03.34.48:380][  0]LogAudioMixer: Display: Initializing Sound Submixes...
[2023.02.04-03.34.48:382][  0]LogAudioMixer: Display: Creating Master Submix 'MasterSubmixDefault'
[2023.02.04-03.34.48:382][  0]LogAudioMixer: Display: Creating Master Submix 'MasterReverbSubmixDefault'
[2023.02.04-03.34.48:383][  0]LogAudioMixer: Display: Creating Master Submix 'MasterEQSubmixDefault'
[2023.02.04-03.34.48:383][  0]LogAudioMixer: FMixerPlatformXAudio2::StartAudioStream() called
[2023.02.04-03.34.48:383][  0]LogAudioMixer: Display: Output buffers initialized: Frames=1024, Channels=2, Samples=2048
[2023.02.04-03.34.48:384][  0]LogAudioMixer: Display: Starting AudioMixerPlatformInterface::RunInternal()
[2023.02.04-03.34.48:384][  0]LogAudioMixer: Display: FMixerPlatformXAudio2::SubmitBuffer() called for the first time
[2023.02.04-03.34.48:384][  0]LogInit: FAudioDevice initialized.
[2023.02.04-03.34.48:384][  0]LogAudio: Display: Audio Device (ID: 1) registered with world 'Untitled'.
[2023.02.04-03.34.48:384][  0]LogNetVersion: Set ProjectVersion to 1.0.0.0. Version Checksum will be recalculated on next use.
[2023.02.04-03.34.48:434][  0]LogDerivedDataCache: Saved boot cache 0.05s 94MB C:/Users/kolba/AppData/Local/UnrealEngine/4.27/DerivedDataCache/Boot.ddc.
[2023.02.04-03.34.48:435][  0]LogInit: Texture streaming: Enabled
[2023.02.04-03.34.48:446][  0]LogAnalytics: Display: [UEEditor.Rocket.Release] APIServer = https://datarouter.ol.epicgames.com/. AppVersion = 4.27.2-18319896+++UE4+Release-4.27
[2023.02.04-03.34.48:449][  0]LogEngineSessionManager: EngineSessionManager initialized
[2023.02.04-03.34.48:449][  0]LogEditorSessionSummary: Verbose: Initializing EditorSessionSummaryWriter for editor session tracking
[2023.02.04-03.34.48:451][  0]LogEditorSessionSummary: EditorSessionSummaryWriter initialized
[2023.02.04-03.34.48:477][  0]LogInit: Transaction tracking system initialized
[2023.02.04-03.34.48:500][  0]BlueprintLog: New page: Editor Load
[2023.02.04-03.34.48:577][  0]LocalizationService: Localization service is disabled
[2023.02.04-03.34.48:599][  0]TimingProfiler: Initialize
[2023.02.04-03.34.48:599][  0]TimingProfiler: OnSessionChanged
[2023.02.04-03.34.48:599][  0]LoadingProfiler: Initialize
[2023.02.04-03.34.48:599][  0]LoadingProfiler: OnSessionChanged
[2023.02.04-03.34.48:599][  0]NetworkingProfiler: Initialize
[2023.02.04-03.34.48:599][  0]NetworkingProfiler: OnSessionChanged
[2023.02.04-03.34.48:599][  0]MemoryProfiler: Initialize
[2023.02.04-03.34.48:600][  0]MemoryProfiler: OnSessionChanged
[2023.02.04-03.34.48:738][  0]LogCook: Display: CookSettings for Memory: MemoryMaxUsedVirtual 0MiB, MemoryMaxUsedPhysical 16384MiB, MemoryMinFreeVirtual 0MiB, MemoryMinFreePhysical 1024MiB
[2023.02.04-03.34.48:738][  0]LogCook: Display: Mobile HDR setting 1
[2023.02.04-03.34.48:911][  0]LogFileCache: Scanning file cache for directory 'C:/Users/kolba/OneDrive/Documents/GGJ2023/GGJ2023/Content/' took 0.01s
[2023.02.04-03.34.49:052][  0]LogInit: Display: Engine is initialized. Leaving FEngineLoop::Init()
[2023.02.04-03.34.49:055][  0]LogWindows: Warning: CreateProc failed: The system cannot find the file specified. (0x00000002)
[2023.02.04-03.34.49:055][  0]LogWindows: Warning: URL: C:/Program Files/Git/bin/git.exe version
[2023.02.04-03.34.49:055][  0]LogUnrealEdMisc: Loading editor; pre map load, took 7.120
[2023.02.04-03.34.49:055][  0]Cmd: MAP LOAD FILE="../../../../../../Users/kolba/OneDrive/Documents/GGJ2023/GGJ2023/Content/SideScrollerBP/Maps/SideScrollerExampleMap.umap" TEMPLATE=0 SHOWPROGRESS=1 FEATURELEVEL=3
[2023.02.04-03.34.49:056][  0]LightingResults: New page: Lighting Build
[2023.02.04-03.34.49:057][  0]LogWorld: UWorld::CleanupWorld for Untitled, bSessionEnded=true, bCleanupResources=true
[2023.02.04-03.34.49:058][  0]LogSlate: InvalidateAllWidgets triggered.  All widgets were invalidated
[2023.02.04-03.34.49:058][  0]MapCheck: New page: Map Check
[2023.02.04-03.34.49:058][  0]LightingResults: New page: Lighting Build
[2023.02.04-03.34.49:062][  0]LogAudio: Display: Audio Device unregistered from world 'None'.
[2023.02.04-03.34.49:064][  0]LogUObjectHash: Compacting FUObjectHashTables data took   0.70ms
[2023.02.04-03.34.49:337][  0]LogAudio: Display: Audio Device (ID: 1) registered with world 'SideScrollerExampleMap'.
[2023.02.04-03.34.49:337][  0]LogAIModule: Creating AISystem for world SideScrollerExampleMap
[2023.02.04-03.34.49:349][  0]LogEditorServer: Finished looking for orphan Actors (0.000 secs)
[2023.02.04-03.34.49:357][  0]LogUObjectHash: Compacting FUObjectHashTables data took   0.77ms
[2023.02.04-03.34.49:357][  0]Cmd: MAP CHECKDEP NOCLEARLOG
[2023.02.04-03.34.49:358][  0]MapCheck: Map check complete: 0 Error(s), 0 Warning(s), took 0.133ms to complete.
[2023.02.04-03.34.49:358][  0]LogFileHelpers: Loading map 'SideScrollerExampleMap' took 0.302
[2023.02.04-03.34.49:359][  0]LogUnrealEdMisc: Total Editor Startup Time, took 7.423
[2023.02.04-03.34.49:448][  0]LogNativeClassHierarchy: Verbose: Native class hierarchy populated in 0.0087 seconds. Added 3822 classes and 928 folders.
[2023.02.04-03.34.49:453][  0]LogNativeClassHierarchy: Verbose: Native class hierarchy updated for 'WidgetCarousel' in 0.0002 seconds. Added 0 classes and 0 folders.
[2023.02.04-03.34.49:455][  0]LogPakFile: PakFile PrimaryIndexSize=187
[2023.02.04-03.34.49:455][  0]LogPakFile: PakFile PathHashIndexSize=101
[2023.02.04-03.34.49:455][  0]LogPakFile: PakFile FullDirectoryIndexSize=148
[2023.02.04-03.34.49:455][  0]LogShaderLibrary: Display: ShaderCodeLibraryPakFileMountedCallback: PakFile 'C:/Program Files/Epic Games/UE_4.27/FeaturePacks/FP_FirstPerson.upack' (chunk index -1, root 'root:/') mounted
[2023.02.04-03.34.49:455][  0]LogShaderLibrary: Display: ShaderCodeLibraryPakFileMountedCallback: pending pak file info (ChunkID:-1 Root:root:/ File:C:/Program Files/Epic Games/UE_4.27/FeaturePacks/FP_FirstPerson.upack)
[2023.02.04-03.34.49:455][  0]LogPakFile: OnPakFileMounted2Time == 0.000050
[2023.02.04-03.34.49:456][  0]LogPakFile: PakFile PrimaryIndexSize=189
[2023.02.04-03.34.49:456][  0]LogPakFile: PakFile PathHashIndexSize=101
[2023.02.04-03.34.49:456][  0]LogPakFile: PakFile FullDirectoryIndexSize=152
[2023.02.04-03.34.49:456][  0]LogShaderLibrary: Display: ShaderCodeLibraryPakFileMountedCallback: PakFile 'C:/Program Files/Epic Games/UE_4.27/FeaturePacks/FP_FirstPersonBP.upack' (chunk index -1, root 'root:/') mounted
[2023.02.04-03.34.49:456][  0]LogShaderLibrary: Display: ShaderCodeLibraryPakFileMountedCallback: pending pak file info (ChunkID:-1 Root:root:/ File:C:/Program Files/Epic Games/UE_4.27/FeaturePacks/FP_FirstPersonBP.upack)
[2023.02.04-03.34.49:457][  0]LogPakFile: OnPakFileMounted2Time == 0.000032
[2023.02.04-03.34.49:457][  0]LogPakFile: PakFile PrimaryIndexSize=191
[2023.02.04-03.34.49:457][  0]LogPakFile: PakFile PathHashIndexSize=101
[2023.02.04-03.34.49:458][  0]LogPakFile: PakFile FullDirectoryIndexSize=160
[2023.02.04-03.34.49:458][  0]LogShaderLibrary: Display: ShaderCodeLibraryPakFileMountedCallback: PakFile 'C:/Program Files/Epic Games/UE_4.27/FeaturePacks/MobileStarterContent.upack' (chunk index -1, root 'root:/') mounted
[2023.02.04-03.34.49:458][  0]LogShaderLibrary: Display: ShaderCodeLibraryPakFileMountedCallback: pending pak file info (ChunkID:-1 Root:root:/ File:C:/Program Files/Epic Games/UE_4.27/FeaturePacks/MobileStarterContent.upack)
[2023.02.04-03.34.49:458][  0]LogPakFile: OnPakFileMounted2Time == 0.000060
[2023.02.04-03.34.49:459][  0]LogPakFile: PakFile PrimaryIndexSize=185
[2023.02.04-03.34.49:459][  0]LogPakFile: PakFile PathHashIndexSize=101
[2023.02.04-03.34.49:459][  0]LogPakFile: PakFile FullDirectoryIndexSize=148
[2023.02.04-03.34.49:459][  0]LogShaderLibrary: Display: ShaderCodeLibraryPakFileMountedCallback: PakFile 'C:/Program Files/Epic Games/UE_4.27/FeaturePacks/StarterContent.upack' (chunk index -1, root 'root:/') mounted
[2023.02.04-03.34.49:459][  0]LogShaderLibrary: Display: ShaderCodeLibraryPakFileMountedCallback: pending pak file info (ChunkID:-1 Root:root:/ File:C:/Program Files/Epic Games/UE_4.27/FeaturePacks/StarterContent.upack)
[2023.02.04-03.34.49:459][  0]LogPakFile: OnPakFileMounted2Time == 0.000033
[2023.02.04-03.34.49:460][  0]LogPakFile: PakFile PrimaryIndexSize=190
[2023.02.04-03.34.49:460][  0]LogPakFile: PakFile PathHashIndexSize=101
[2023.02.04-03.34.49:460][  0]LogPakFile: PakFile FullDirectoryIndexSize=154
[2023.02.04-03.34.49:460][  0]LogShaderLibrary: Display: ShaderCodeLibraryPakFileMountedCallback: PakFile 'C:/Program Files/Epic Games/UE_4.27/FeaturePacks/TP_2DSideScroller.upack' (chunk index -1, root 'root:/') mounted
[2023.02.04-03.34.49:460][  0]LogShaderLibrary: Display: ShaderCodeLibraryPakFileMountedCallback: pending pak file info (ChunkID:-1 Root:root:/ File:C:/Program Files/Epic Games/UE_4.27/FeaturePacks/TP_2DSideScroller.upack)
[2023.02.04-03.34.49:460][  0]LogPakFile: OnPakFileMounted2Time == 0.000030
[2023.02.04-03.34.49:461][  0]LogPakFile: PakFile PrimaryIndexSize=192
[2023.02.04-03.34.49:461][  0]LogPakFile: PakFile PathHashIndexSize=101
[2023.02.04-03.34.49:461][  0]LogPakFile: PakFile FullDirectoryIndexSize=158
[2023.02.04-03.34.49:461][  0]LogShaderLibrary: Display: ShaderCodeLibraryPakFileMountedCallback: PakFile 'C:/Program Files/Epic Games/UE_4.27/FeaturePacks/TP_2DSideScrollerBP.upack' (chunk index -1, root 'root:/') mounted
[2023.02.04-03.34.49:461][  0]LogShaderLibrary: Display: ShaderCodeLibraryPakFileMountedCallback: pending pak file info (ChunkID:-1 Root:root:/ File:C:/Program Files/Epic Games/UE_4.27/FeaturePacks/TP_2DSideScrollerBP.upack)
[2023.02.04-03.34.49:461][  0]LogPakFile: OnPakFileMounted2Time == 0.000026
[2023.02.04-03.34.49:462][  0]LogPakFile: PakFile PrimaryIndexSize=182
[2023.02.04-03.34.49:462][  0]LogPakFile: PakFile PathHashIndexSize=101
[2023.02.04-03.34.49:462][  0]LogPakFile: PakFile FullDirectoryIndexSize=138
[2023.02.04-03.34.49:462][  0]LogShaderLibrary: Display: ShaderCodeLibraryPakFileMountedCallback: PakFile 'C:/Program Files/Epic Games/UE_4.27/FeaturePacks/TP_Flying.upack' (chunk index -1, root 'root:/') mounted
[2023.02.04-03.34.49:462][  0]LogShaderLibrary: Display: ShaderCodeLibraryPakFileMountedCallback: pending pak file info (ChunkID:-1 Root:root:/ File:C:/Program Files/Epic Games/UE_4.27/FeaturePacks/TP_Flying.upack)
[2023.02.04-03.34.49:462][  0]LogPakFile: OnPakFileMounted2Time == 0.000026
[2023.02.04-03.34.49:463][  0]LogPakFile: PakFile PrimaryIndexSize=184
[2023.02.04-03.34.49:463][  0]LogPakFile: PakFile PathHashIndexSize=101
[2023.02.04-03.34.49:463][  0]LogPakFile: PakFile FullDirectoryIndexSize=142
[2023.02.04-03.34.49:463][  0]LogShaderLibrary: Display: ShaderCodeLibraryPakFileMountedCallback: PakFile 'C:/Program Files/Epic Games/UE_4.27/FeaturePacks/TP_FlyingBP.upack' (chunk index -1, root 'root:/') mounted
[2023.02.04-03.34.49:463][  0]LogShaderLibrary: Display: ShaderCodeLibraryPakFileMountedCallback: pending pak file info (ChunkID:-1 Root:root:/ File:C:/Program Files/Epic Games/UE_4.27/FeaturePacks/TP_FlyingBP.upack)
[2023.02.04-03.34.49:463][  0]LogPakFile: OnPakFileMounted2Time == 0.000028
[2023.02.04-03.34.49:464][  0]LogPakFile: PakFile PrimaryIndexSize=188
[2023.02.04-03.34.49:464][  0]LogPakFile: PakFile PathHashIndexSize=101
[2023.02.04-03.34.49:464][  0]LogPakFile: PakFile FullDirectoryIndexSize=150
[2023.02.04-03.34.49:464][  0]LogShaderLibrary: Display: ShaderCodeLibraryPakFileMountedCallback: PakFile 'C:/Program Files/Epic Games/UE_4.27/FeaturePacks/TP_HandheldARBP.upack' (chunk index -1, root 'root:/') mounted
[2023.02.04-03.34.49:464][  0]LogShaderLibrary: Display: ShaderCodeLibraryPakFileMountedCallback: pending pak file info (ChunkID:-1 Root:root:/ File:C:/Program Files/Epic Games/UE_4.27/FeaturePacks/TP_HandheldARBP.upack)
[2023.02.04-03.34.49:464][  0]LogPakFile: OnPakFileMounted2Time == 0.000027
[2023.02.04-03.34.49:465][  0]LogPakFile: PakFile PrimaryIndexSize=182
[2023.02.04-03.34.49:465][  0]LogPakFile: PakFile PathHashIndexSize=101
[2023.02.04-03.34.49:465][  0]LogPakFile: PakFile FullDirectoryIndexSize=138
[2023.02.04-03.34.49:465][  0]LogShaderLibrary: Display: ShaderCodeLibraryPakFileMountedCallback: PakFile 'C:/Program Files/Epic Games/UE_4.27/FeaturePacks/TP_Puzzle.upack' (chunk index -1, root 'root:/') mounted
[2023.02.04-03.34.49:465][  0]LogShaderLibrary: Display: ShaderCodeLibraryPakFileMountedCallback: pending pak file info (ChunkID:-1 Root:root:/ File:C:/Program Files/Epic Games/UE_4.27/FeaturePacks/TP_Puzzle.upack)
[2023.02.04-03.34.49:465][  0]LogPakFile: OnPakFileMounted2Time == 0.000026
[2023.02.04-03.34.49:466][  0]LogPakFile: PakFile PrimaryIndexSize=184
[2023.02.04-03.34.49:466][  0]LogPakFile: PakFile PathHashIndexSize=101
[2023.02.04-03.34.49:466][  0]LogPakFile: PakFile FullDirectoryIndexSize=142
[2023.02.04-03.34.49:466][  0]LogShaderLibrary: Display: ShaderCodeLibraryPakFileMountedCallback: PakFile 'C:/Program Files/Epic Games/UE_4.27/FeaturePacks/TP_PuzzleBP.upack' (chunk index -1, root 'root:/') mounted
[2023.02.04-03.34.49:466][  0]LogShaderLibrary: Display: ShaderCodeLibraryPakFileMountedCallback: pending pak file info (ChunkID:-1 Root:root:/ File:C:/Program Files/Epic Games/UE_4.27/FeaturePacks/TP_PuzzleBP.upack)
[2023.02.04-03.34.49:466][  0]LogPakFile: OnPakFileMounted2Time == 0.000026
[2023.02.04-03.34.49:467][  0]LogPakFile: PakFile PrimaryIndexSize=183
[2023.02.04-03.34.49:467][  0]LogPakFile: PakFile PathHashIndexSize=101
[2023.02.04-03.34.49:467][  0]LogPakFile: PakFile FullDirectoryIndexSize=140
[2023.02.04-03.34.49:467][  0]LogShaderLibrary: Display: ShaderCodeLibraryPakFileMountedCallback: PakFile 'C:/Program Files/Epic Games/UE_4.27/FeaturePacks/TP_Rolling.upack' (chunk index -1, root 'root:/') mounted
[2023.02.04-03.34.49:467][  0]LogShaderLibrary: Display: ShaderCodeLibraryPakFileMountedCallback: pending pak file info (ChunkID:-1 Root:root:/ File:C:/Program Files/Epic Games/UE_4.27/FeaturePacks/TP_Rolling.upack)
[2023.02.04-03.34.49:467][  0]LogPakFile: OnPakFileMounted2Time == 0.000025
[2023.02.04-03.34.49:468][  0]LogPakFile: PakFile PrimaryIndexSize=185
[2023.02.04-03.34.49:468][  0]LogPakFile: PakFile PathHashIndexSize=101
[2023.02.04-03.34.49:468][  0]LogPakFile: PakFile FullDirectoryIndexSize=144
[2023.02.04-03.34.49:468][  0]LogShaderLibrary: Display: ShaderCodeLibraryPakFileMountedCallback: PakFile 'C:/Program Files/Epic Games/UE_4.27/FeaturePacks/TP_RollingBP.upack' (chunk index -1, root 'root:/') mounted
[2023.02.04-03.34.49:468][  0]LogShaderLibrary: Display: ShaderCodeLibraryPakFileMountedCallback: pending pak file info (ChunkID:-1 Root:root:/ File:C:/Program Files/Epic Games/UE_4.27/FeaturePacks/TP_RollingBP.upack)
[2023.02.04-03.34.49:468][  0]LogPakFile: OnPakFileMounted2Time == 0.000028
[2023.02.04-03.34.49:469][  0]LogPakFile: PakFile PrimaryIndexSize=188
[2023.02.04-03.34.49:469][  0]LogPakFile: PakFile PathHashIndexSize=101
[2023.02.04-03.34.49:469][  0]LogPakFile: PakFile FullDirectoryIndexSize=150
[2023.02.04-03.34.49:469][  0]LogShaderLibrary: Display: ShaderCodeLibraryPakFileMountedCallback: PakFile 'C:/Program Files/Epic Games/UE_4.27/FeaturePacks/TP_SideScroller.upack' (chunk index -1, root 'root:/') mounted
[2023.02.04-03.34.49:469][  0]LogShaderLibrary: Display: ShaderCodeLibraryPakFileMountedCallback: pending pak file info (ChunkID:-1 Root:root:/ File:C:/Program Files/Epic Games/UE_4.27/FeaturePacks/TP_SideScroller.upack)
[2023.02.04-03.34.49:469][  0]LogPakFile: OnPakFileMounted2Time == 0.000026
[2023.02.04-03.34.49:470][  0]LogPakFile: PakFile PrimaryIndexSize=190
[2023.02.04-03.34.49:470][  0]LogPakFile: PakFile PathHashIndexSize=101
[2023.02.04-03.34.49:470][  0]LogPakFile: PakFile FullDirectoryIndexSize=154
[2023.02.04-03.34.49:470][  0]LogShaderLibrary: Display: ShaderCodeLibraryPakFileMountedCallback: PakFile 'C:/Program Files/Epic Games/UE_4.27/FeaturePacks/TP_SideScrollerBP.upack' (chunk index -1, root 'root:/') mounted
[2023.02.04-03.34.49:470][  0]LogShaderLibrary: Display: ShaderCodeLibraryPakFileMountedCallback: pending pak file info (ChunkID:-1 Root:root:/ File:C:/Program Files/Epic Games/UE_4.27/FeaturePacks/TP_SideScrollerBP.upack)
[2023.02.04-03.34.49:470][  0]LogPakFile: OnPakFileMounted2Time == 0.000025
[2023.02.04-03.34.49:471][  0]LogPakFile: PakFile PrimaryIndexSize=187
[2023.02.04-03.34.49:471][  0]LogPakFile: PakFile PathHashIndexSize=101
[2023.02.04-03.34.49:471][  0]LogPakFile: PakFile FullDirectoryIndexSize=148
[2023.02.04-03.34.49:471][  0]LogShaderLibrary: Display: ShaderCodeLibraryPakFileMountedCallback: PakFile 'C:/Program Files/Epic Games/UE_4.27/FeaturePacks/TP_ThirdPerson.upack' (chunk index -1, root 'root:/') mounted
[2023.02.04-03.34.49:471][  0]LogShaderLibrary: Display: ShaderCodeLibraryPakFileMountedCallback: pending pak file info (ChunkID:-1 Root:root:/ File:C:/Program Files/Epic Games/UE_4.27/FeaturePacks/TP_ThirdPerson.upack)
[2023.02.04-03.34.49:471][  0]LogPakFile: OnPakFileMounted2Time == 0.000026
[2023.02.04-03.34.49:472][  0]LogPakFile: PakFile PrimaryIndexSize=189
[2023.02.04-03.34.49:472][  0]LogPakFile: PakFile PathHashIndexSize=101
[2023.02.04-03.34.49:472][  0]LogPakFile: PakFile FullDirectoryIndexSize=152
[2023.02.04-03.34.49:472][  0]LogShaderLibrary: Display: ShaderCodeLibraryPakFileMountedCallback: PakFile 'C:/Program Files/Epic Games/UE_4.27/FeaturePacks/TP_ThirdPersonBP.upack' (chunk index -1, root 'root:/') mounted
[2023.02.04-03.34.49:472][  0]LogShaderLibrary: Display: ShaderCodeLibraryPakFileMountedCallback: pending pak file info (ChunkID:-1 Root:root:/ File:C:/Program Files/Epic Games/UE_4.27/FeaturePacks/TP_ThirdPersonBP.upack)
[2023.02.04-03.34.49:472][  0]LogPakFile: OnPakFileMounted2Time == 0.000025
[2023.02.04-03.34.49:474][  0]LogPakFile: PakFile PrimaryIndexSize=183
[2023.02.04-03.34.49:474][  0]LogPakFile: PakFile PathHashIndexSize=101
[2023.02.04-03.34.49:474][  0]LogPakFile: PakFile FullDirectoryIndexSize=140
[2023.02.04-03.34.49:474][  0]LogShaderLibrary: Display: ShaderCodeLibraryPakFileMountedCallback: PakFile 'C:/Program Files/Epic Games/UE_4.27/FeaturePacks/TP_TopDown.upack' (chunk index -1, root 'root:/') mounted
[2023.02.04-03.34.49:474][  0]LogShaderLibrary: Display: ShaderCodeLibraryPakFileMountedCallback: pending pak file info (ChunkID:-1 Root:root:/ File:C:/Program Files/Epic Games/UE_4.27/FeaturePacks/TP_TopDown.upack)
[2023.02.04-03.34.49:474][  0]LogPakFile: OnPakFileMounted2Time == 0.000052
[2023.02.04-03.34.49:475][  0]LogPakFile: PakFile PrimaryIndexSize=185
[2023.02.04-03.34.49:475][  0]LogPakFile: PakFile PathHashIndexSize=101
[2023.02.04-03.34.49:475][  0]LogPakFile: PakFile FullDirectoryIndexSize=144
[2023.02.04-03.34.49:475][  0]LogShaderLibrary: Display: ShaderCodeLibraryPakFileMountedCallback: PakFile 'C:/Program Files/Epic Games/UE_4.27/FeaturePacks/TP_TopDownBP.upack' (chunk index -1, root 'root:/') mounted
[2023.02.04-03.34.49:475][  0]LogShaderLibrary: Display: ShaderCodeLibraryPakFileMountedCallback: pending pak file info (ChunkID:-1 Root:root:/ File:C:/Program Files/Epic Games/UE_4.27/FeaturePacks/TP_TopDownBP.upack)
[2023.02.04-03.34.49:475][  0]LogPakFile: OnPakFileMounted2Time == 0.000030
[2023.02.04-03.34.49:477][  0]LogPakFile: PakFile PrimaryIndexSize=185
[2023.02.04-03.34.49:477][  0]LogPakFile: PakFile PathHashIndexSize=101
[2023.02.04-03.34.49:477][  0]LogPakFile: PakFile FullDirectoryIndexSize=144
[2023.02.04-03.34.49:477][  0]LogShaderLibrary: Display: ShaderCodeLibraryPakFileMountedCallback: PakFile 'C:/Program Files/Epic Games/UE_4.27/FeaturePacks/TP_TwinStick.upack' (chunk index -1, root 'root:/') mounted
[2023.02.04-03.34.49:477][  0]LogShaderLibrary: Display: ShaderCodeLibraryPakFileMountedCallback: pending pak file info (ChunkID:-1 Root:root:/ File:C:/Program Files/Epic Games/UE_4.27/FeaturePacks/TP_TwinStick.upack)
[2023.02.04-03.34.49:477][  0]LogPakFile: OnPakFileMounted2Time == 0.000031
[2023.02.04-03.34.49:478][  0]LogPakFile: PakFile PrimaryIndexSize=187
[2023.02.04-03.34.49:478][  0]LogPakFile: PakFile PathHashIndexSize=101
[2023.02.04-03.34.49:478][  0]LogPakFile: PakFile FullDirectoryIndexSize=148
[2023.02.04-03.34.49:478][  0]LogShaderLibrary: Display: ShaderCodeLibraryPakFileMountedCallback: PakFile 'C:/Program Files/Epic Games/UE_4.27/FeaturePacks/TP_TwinStickBP.upack' (chunk index -1, root 'root:/') mounted
[2023.02.04-03.34.49:478][  0]LogShaderLibrary: Display: ShaderCodeLibraryPakFileMountedCallback: pending pak file info (ChunkID:-1 Root:root:/ File:C:/Program Files/Epic Games/UE_4.27/FeaturePacks/TP_TwinStickBP.upack)
[2023.02.04-03.34.49:478][  0]LogPakFile: OnPakFileMounted2Time == 0.000026
[2023.02.04-03.34.49:479][  0]LogPakFile: PakFile PrimaryIndexSize=183
[2023.02.04-03.34.49:479][  0]LogPakFile: PakFile PathHashIndexSize=101
[2023.02.04-03.34.49:479][  0]LogPakFile: PakFile FullDirectoryIndexSize=140
[2023.02.04-03.34.49:479][  0]LogShaderLibrary: Display: ShaderCodeLibraryPakFileMountedCallback: PakFile 'C:/Program Files/Epic Games/UE_4.27/FeaturePacks/TP_Vehicle.upack' (chunk index -1, root 'root:/') mounted
[2023.02.04-03.34.49:479][  0]LogShaderLibrary: Display: ShaderCodeLibraryPakFileMountedCallback: pending pak file info (ChunkID:-1 Root:root:/ File:C:/Program Files/Epic Games/UE_4.27/FeaturePacks/TP_Vehicle.upack)
[2023.02.04-03.34.49:479][  0]LogPakFile: OnPakFileMounted2Time == 0.000027
[2023.02.04-03.34.49:480][  0]LogPakFile: PakFile PrimaryIndexSize=186
[2023.02.04-03.34.49:480][  0]LogPakFile: PakFile PathHashIndexSize=101
[2023.02.04-03.34.49:480][  0]LogPakFile: PakFile FullDirectoryIndexSize=146
[2023.02.04-03.34.49:480][  0]LogShaderLibrary: Display: ShaderCodeLibraryPakFileMountedCallback: PakFile 'C:/Program Files/Epic Games/UE_4.27/FeaturePacks/TP_VehicleAdv.upack' (chunk index -1, root 'root:/') mounted
[2023.02.04-03.34.49:480][  0]LogShaderLibrary: Display: ShaderCodeLibraryPakFileMountedCallback: pending pak file info (ChunkID:-1 Root:root:/ File:C:/Program Files/Epic Games/UE_4.27/FeaturePacks/TP_VehicleAdv.upack)
[2023.02.04-03.34.49:480][  0]LogPakFile: OnPakFileMounted2Time == 0.000027
[2023.02.04-03.34.49:481][  0]LogPakFile: PakFile PrimaryIndexSize=188
[2023.02.04-03.34.49:481][  0]LogPakFile: PakFile PathHashIndexSize=101
[2023.02.04-03.34.49:481][  0]LogPakFile: PakFile FullDirectoryIndexSize=150
[2023.02.04-03.34.49:481][  0]LogShaderLibrary: Display: ShaderCodeLibraryPakFileMountedCallback: PakFile 'C:/Program Files/Epic Games/UE_4.27/FeaturePacks/TP_VehicleAdvBP.upack' (chunk index -1, root 'root:/') mounted
[2023.02.04-03.34.49:481][  0]LogShaderLibrary: Display: ShaderCodeLibraryPakFileMountedCallback: pending pak file info (ChunkID:-1 Root:root:/ File:C:/Program Files/Epic Games/UE_4.27/FeaturePacks/TP_VehicleAdvBP.upack)
[2023.02.04-03.34.49:481][  0]LogPakFile: OnPakFileMounted2Time == 0.000027
[2023.02.04-03.34.49:482][  0]LogPakFile: PakFile PrimaryIndexSize=185
[2023.02.04-03.34.49:482][  0]LogPakFile: PakFile PathHashIndexSize=101
[2023.02.04-03.34.49:482][  0]LogPakFile: PakFile FullDirectoryIndexSize=144
[2023.02.04-03.34.49:482][  0]LogShaderLibrary: Display: ShaderCodeLibraryPakFileMountedCallback: PakFile 'C:/Program Files/Epic Games/UE_4.27/FeaturePacks/TP_VehicleBP.upack' (chunk index -1, root 'root:/') mounted
[2023.02.04-03.34.49:482][  0]LogShaderLibrary: Display: ShaderCodeLibraryPakFileMountedCallback: pending pak file info (ChunkID:-1 Root:root:/ File:C:/Program Files/Epic Games/UE_4.27/FeaturePacks/TP_VehicleBP.upack)
[2023.02.04-03.34.49:482][  0]LogPakFile: OnPakFileMounted2Time == 0.000031
[2023.02.04-03.34.49:484][  0]LogPakFile: PakFile PrimaryIndexSize=192
[2023.02.04-03.34.49:484][  0]LogPakFile: PakFile PathHashIndexSize=101
[2023.02.04-03.34.49:484][  0]LogPakFile: PakFile FullDirectoryIndexSize=158
[2023.02.04-03.34.49:484][  0]LogShaderLibrary: Display: ShaderCodeLibraryPakFileMountedCallback: PakFile 'C:/Program Files/Epic Games/UE_4.27/FeaturePacks/TP_VirtualRealityBP.upack' (chunk index -1, root 'root:/') mounted
[2023.02.04-03.34.49:484][  0]LogShaderLibrary: Display: ShaderCodeLibraryPakFileMountedCallback: pending pak file info (ChunkID:-1 Root:root:/ File:C:/Program Files/Epic Games/UE_4.27/FeaturePacks/TP_VirtualRealityBP.upack)
[2023.02.04-03.34.49:484][  0]LogPakFile: OnPakFileMounted2Time == 0.000030
[2023.02.04-03.34.49:586][  0]LogNativeClassHierarchy: Verbose: Native class hierarchy updated for 'AddContentDialog' in 0.0004 seconds. Added 0 classes and 0 folders.
[2023.02.04-03.34.49:601][  0]LogSlate: Updating window title bar state: overlay mode, drag disabled, window buttons hidden, title bar hidden
[2023.02.04-03.34.49:607][  0]LogSlate: Updating window title bar state: overlay mode, drag disabled, window buttons hidden, title bar hidden
[2023.02.04-03.34.49:613][  0]LogSlate: Updating window title bar state: overlay mode, drag disabled, window buttons hidden, title bar hidden
[2023.02.04-03.34.49:620][  0]LogSlate: Updating window title bar state: overlay mode, drag disabled, window buttons hidden, title bar hidden
[2023.02.04-03.34.49:631][  0]LogNativeClassHierarchy: Verbose: Native class hierarchy updated for 'SceneOutliner' in 0.0002 seconds. Added 2 classes and 0 folders.
[2023.02.04-03.34.49:639][  0]LogNativeClassHierarchy: Verbose: Native class hierarchy updated for 'WorldBrowser' in 0.0003 seconds. Added 2 classes and 3 folders.
[2023.02.04-03.34.49:719][  0]LogSlate: Took 0.000803 seconds to synchronously load lazily loaded font '../../../Engine/Content/Slate/Fonts/Roboto-Regular.ttf' (155K)
[2023.02.04-03.34.49:720][  0]LogSlate: Took 0.000595 seconds to synchronously load lazily loaded font '../../../Engine/Content/Editor/Slate/Fonts/FontAwesome.ttf' (139K)
[2023.02.04-03.34.49:723][  0]LogSlate: Took 0.001375 seconds to synchronously load lazily loaded font '../../../Engine/Content/Slate/Fonts/Roboto-Bold.ttf' (160K)
[2023.02.04-03.34.49:728][  0]LogSlate: Took 0.000680 seconds to synchronously load lazily loaded font '../../../Engine/Content/Slate/Fonts/DroidSansMono.ttf' (77K)
[2023.02.04-03.34.50:243][  0]LogRenderer: Reallocating scene render targets to support 1104x420 Format 10 NumSamples 1 (Frame:1).
[2023.02.04-03.34.50:692][  0]LogSlate: Took 0.000757 seconds to synchronously load lazily loaded font '../../../Engine/Content/Slate/Fonts/Roboto-Light.ttf' (167K)
[2023.02.04-03.34.50:760][  0]LogNativeClassHierarchy: Verbose: Native class hierarchy updated for 'HierarchicalLODOutliner' in 0.0003 seconds. Added 0 classes and 0 folders.
[2023.02.04-03.34.50:760][  0]LogLoad: (Engine Initialization) Total time: 8.82 seconds
[2023.02.04-03.34.50:760][  0]LogLoad: (Engine Initialization) Total Blueprint compile time: 0.00 seconds
[2023.02.04-03.34.50:926][  0]LogAssetRegistry: Asset discovery search completed in 5.2049 seconds
[2023.02.04-03.34.50:934][  0]LogCollectionManager: Fixed up redirectors for 0 collections in 0.000001 seconds (updated 0 objects)
[2023.02.04-03.34.50:934][  0]LogContentStreaming: Texture pool size now 1000 MB
[2023.02.04-03.34.58:811][458]LogUObjectHash: Compacting FUObjectHashTables data took   0.54ms
[2023.02.04-03.35.00:871][458]LogSlate: Window 'Delete Assets' being destroyed
[2023.02.04-03.35.00:880][458]LogUObjectGlobals: Force Deleting 6 Package(s):
	Asset Name: /Game/MS_CardboardBoxV1/3D_Asset/01_Cardboard_Box_Slightly_Used_tfvjabqpa/01_Cardboard_Box_Slightly_Used_tfvjabqpa_4K_inst.01_Cardboard_Box_Slightly_Used_tfvjabqpa_4K_inst
	Asset Name: /Game/MS_CardboardBoxV1/3D_Asset/01_Cardboard_Box_Slightly_Used_tfvjabqpa/tfvjabqpa_4K_Albedo.tfvjabqpa_4K_Albedo
	Asset Name: /Game/MS_CardboardBoxV1/3D_Asset/01_Cardboard_Box_Slightly_Used_tfvjabqpa/tfvjabqpa_4K_Displacement.tfvjabqpa_4K_Displacement
	Asset Name: /Game/MS_CardboardBoxV1/3D_Asset/01_Cardboard_Box_Slightly_Used_tfvjabqpa/tfvjabqpa_4K_NormalLOD0.tfvjabqpa_4K_NormalLOD0
	Asset Name: /Game/MS_CardboardBoxV1/3D_Asset/01_Cardboard_Box_Slightly_Used_tfvjabqpa/tfvjabqpa_4K_Roughness.tfvjabqpa_4K_Roughness
	Asset Name: /Game/MS_CardboardBoxV1/3D_Asset/01_Cardboard_Box_Slightly_Used_tfvjabqpa/tfvjabqpa_LOD0.tfvjabqpa_LOD0
[2023.02.04-03.35.00:883][458]LogSlate: Took 0.000119 seconds to synchronously load lazily loaded font '../../../Engine/Content/Slate/Fonts/Roboto-Light.ttf' (167K)
[2023.02.04-03.35.01:438][458]LogStaticMesh: Building static mesh tfvjabqpa_LOD0...
[2023.02.04-03.35.02:287][458]LogStaticMesh: Built static mesh [0.85s] /Game/MS_CardboardBoxV1/3D_Asset/01_Cardboard_Box_Slightly_Used_tfvjabqpa/tfvjabqpa_LOD0.tfvjabqpa_LOD0
[2023.02.04-03.35.02:357][458]LogUObjectHash: Compacting FUObjectHashTables data took   0.81ms
[2023.02.04-03.35.02:364][458]LogUObjectHash: Compacting FUObjectHashTables data took   0.26ms
[2023.02.04-03.35.02:369][458]LogUObjectHash: Compacting FUObjectHashTables data took   0.22ms
[2023.02.04-03.35.02:373][458]LogUObjectHash: Compacting FUObjectHashTables data took   0.23ms
[2023.02.04-03.35.02:377][458]LogUObjectHash: Compacting FUObjectHashTables data took   0.23ms
[2023.02.04-03.35.02:381][458]LogUObjectHash: Compacting FUObjectHashTables data took   0.23ms
[2023.02.04-03.35.02:386][458]LogUObjectHash: Compacting FUObjectHashTables data took   0.56ms
[2023.02.04-03.35.02:391][458]LogUObjectHash: Compacting FUObjectHashTables data took   0.22ms
[2023.02.04-03.35.14:743][197]LogUObjectHash: Compacting FUObjectHashTables data took   0.22ms
[2023.02.04-03.35.14:783][197]LogLinker: Warning: [AssetLog] C:\Users\kolba\OneDrive\Documents\GGJ2023\GGJ2023\Content\Maps\levels\Lvl1_TheMarket.umap: Failed to load '/Game/MS_CardboardBoxV1/3D_Asset/01_Cardboard_Box_Slightly_Used_tfvjabqpa/tfvjabqpa_LOD0': Can't find file.
[2023.02.04-03.35.14:783][197]LogLinker: Warning: [AssetLog] C:\Users\kolba\OneDrive\Documents\GGJ2023\GGJ2023\Content\Maps\levels\Lvl1_TheMarket.umap: Failed to load '/Game/MS_CardboardBoxV1/3D_Asset/01_Cardboard_Box_Slightly_Used_tfvjabqpa/tfvjabqpa_LOD0': Can't find file.
[2023.02.04-03.35.14:789][197]LogLinker: Warning: [AssetLog] C:\Users\kolba\OneDrive\Documents\GGJ2023\GGJ2023\Content\Maps\levels\Lvl1_TheMarket.umap: Failed to load '/Game/MS_CardboardBoxV1/3D_Asset/01_Cardboard_Box_Slightly_Used_tfvjabqpa/tfvjabqpa_LOD0': Can't find file.
[2023.02.04-03.35.14:791][197]LogLinker: Warning: [AssetLog] C:\Users\kolba\OneDrive\Documents\GGJ2023\GGJ2023\Content\Maps\levels\Lvl1_TheMarket.umap: Failed to load '/Game/MS_CardboardBoxV1/3D_Asset/01_Cardboard_Box_Slightly_Used_tfvjabqpa/tfvjabqpa_LOD0': Can't find file.
[2023.02.04-03.35.14:792][197]LoadErrors: Failed to load /Game/MS_CardboardBoxV1/3D_Asset/01_Cardboard_Box_Slightly_Used_tfvjabqpa/tfvjabqpa_LOD0.tfvjabqpa_LOD0 Referenced by tfvjabqpa_LOD0_3
[2023.02.04-03.35.14:811][197]LogAssetEditorSubsystem: Opening Asset editor for World /Game/Maps/levels/Lvl1_TheMarket.Lvl1_TheMarket
[2023.02.04-03.35.14:811][197]Cmd: MAP LOAD FILE="../../../../../../Users/kolba/OneDrive/Documents/GGJ2023/GGJ2023/Content/Maps/levels/Lvl1_TheMarket.umap" TEMPLATE=0 SHOWPROGRESS=1 FEATURELEVEL=3
[2023.02.04-03.35.14:811][197]LightingResults: New page: Lighting Build
[2023.02.04-03.35.14:811][197]LoadErrors: New page: Loading map: Lvl1_TheMarket.umap
[2023.02.04-03.35.14:813][197]LogWorld: UWorld::CleanupWorld for SideScrollerExampleMap, bSessionEnded=true, bCleanupResources=true
[2023.02.04-03.35.14:813][197]LogSlate: InvalidateAllWidgets triggered.  All widgets were invalidated
[2023.02.04-03.35.14:814][197]MapCheck: New page: Map Check
[2023.02.04-03.35.14:814][197]LightingResults: New page: Lighting Build
[2023.02.04-03.35.14:818][197]LogAudio: Display: Audio Device unregistered from world 'None'.
[2023.02.04-03.35.14:821][197]LogUObjectHash: Compacting FUObjectHashTables data took   0.84ms
[2023.02.04-03.35.14:822][197]LogAudio: Display: Audio Device (ID: 1) registered with world 'Lvl1_TheMarket'.
[2023.02.04-03.35.14:844][197]LogEditorServer: Finished looking for orphan Actors (0.000 secs)
[2023.02.04-03.35.14:844][197]LogAIModule: Creating AISystem for world Lvl1_TheMarket
[2023.02.04-03.35.14:852][197]LogUObjectHash: Compacting FUObjectHashTables data took   0.62ms
[2023.02.04-03.35.14:856][197]Cmd: MAP CHECKDEP NOCLEARLOG
[2023.02.04-03.35.14:856][197]MapCheck: Map check complete: 0 Error(s), 0 Warning(s), took 0.117ms to complete.
[2023.02.04-03.35.14:856][197]LogFileHelpers: Loading map 'Lvl1_TheMarket' took 0.045
[2023.02.04-03.35.33:147][293]LogEditorViewport: Clicking on Actor (LMB): StaticMeshActor (tfpsec2pa_LOD0)
[2023.02.04-03.35.51:637][399]LogEditorViewport: Clicking on Actor (LMB): StaticMeshActor (tfnndjepa_LOD0)
[2023.02.04-03.36.02:736][ 63]LogUObjectHash: Compacting FUObjectHashTables data took   0.61ms
[2023.02.04-03.36.04:352][ 63]LogSlate: Window 'Save Content' being destroyed
[2023.02.04-03.36.04:384][ 63]LogUObjectHash: Compacting FUObjectHashTables data took   0.44ms
[2023.02.04-03.36.04:398][ 63]LogSavePackage: Moving '../../../../../../Users/kolba/OneDrive/Documents/GGJ2023/GGJ2023/Saved/Lvl1_TheMarketF591097A49E429E678DA308528C5D5C9.tmp' to '../../../../../../Users/kolba/OneDrive/Documents/GGJ2023/GGJ2023/Content/Maps/levels/Lvl1_TheMarket.umap'
[2023.02.04-03.36.04:404][ 63]LogFileHelpers: Saving map 'Lvl1_TheMarket' took 0.025
[2023.02.04-03.36.04:417][ 63]AssetCheck: New page: Asset Save: Lvl1_TheMarket
[2023.02.04-03.36.04:417][ 63]LogContentValidation: Display: Validating World /Game/Maps/levels/Lvl1_TheMarket.Lvl1_TheMarket
