Log file open, 02/02/23 00:11:16
LogWindows: Failed to load 'aqProf.dll' (GetLastError=126)
LogWindows: File 'aqProf.dll' does not exist
LogWindows: Failed to load 'VtuneApi.dll' (GetLastError=126)
LogWindows: File 'VtuneApi.dll' does not exist
LogWindows: Failed to load 'VtuneApi32e.dll' (GetLastError=126)
LogWindows: File 'VtuneApi32e.dll' does not exist
LogConsoleResponse: Display: Failed to find resolution value strings in scalability ini. Falling back to default.
LogConsoleResponse: Display: Failed to find resolution value strings in scalability ini. Falling back to default.
LogInit: Display: Running engine for game: GGJ2023
LogPlatformFile: Not using cached read wrapper
LogTaskGraph: Started task graph with 5 named threads and 83 total threads with 3 sets of task threads.
LogStats: Stats thread started at 0.136361
LogICUInternationalization: ICU TimeZone Detection - Raw Offset: -5:00, Platform Override: ''
LogInit: Display: Loading text-based GConfig....
LogPluginManager: Mounting plugin MeshPainting
LogPluginManager: Mounting plugin XGEController
LogPluginManager: Mounting plugin EnvironmentQueryEditor
LogPluginManager: Mounting plugin Paper2D
LogPluginManager: Mounting plugin LightPropagationVolume
LogPluginManager: Mounting plugin CameraShakePreviewer
LogPluginManager: Mounting plugin AISupport
LogPluginManager: Mounting plugin GameplayCameras
LogPluginManager: Mounting plugin LiveLink
LogPluginManager: Mounting plugin AnimationSharing
LogPluginManager: Mounting plugin CLionSourceCodeAccess
LogPluginManager: Mounting plugin AssetManagerEditor
LogPluginManager: Mounting plugin CryptoKeys
LogPluginManager: Mounting plugin CurveEditorTools
LogPluginManager: Mounting plugin DataValidation
LogPluginManager: Mounting plugin FacialAnimation
LogPluginManager: Mounting plugin CodeLiteSourceCodeAccess
LogPluginManager: Mounting plugin GameplayTagsEditor
LogPluginManager: Mounting plugin GitSourceControl
LogPluginManager: Mounting plugin KDevelopSourceCodeAccess
LogPluginManager: Mounting plugin NullSourceCodeAccess
LogPluginManager: Mounting plugin PerforceSourceControl
LogPluginManager: Mounting plugin PixWinPlugin
LogPluginManager: Mounting plugin PlasticSourceControl
LogPluginManager: Mounting plugin MacGraphicsSwitching
LogPluginManager: Mounting plugin PluginUtils
LogPluginManager: Mounting plugin GeometryMode
LogPluginManager: Mounting plugin MaterialAnalyzer
LogPluginManager: Mounting plugin PropertyAccessNode
LogPluginManager: Mounting plugin RiderSourceCodeAccess
LogPluginManager: Mounting plugin SubversionSourceControl
LogPluginManager: Mounting plugin TextureFormatOodle
LogPluginManager: Mounting plugin MobileLauncherProfileWizard
LogPluginManager: Mounting plugin PluginBrowser
LogPluginManager: Mounting plugin SpeedTreeImporter
LogPluginManager: Mounting plugin UObjectPlugin
LogPluginManager: Mounting plugin VisualStudioCodeSourceCodeAccess
LogPluginManager: Mounting plugin XCodeSourceCodeAccess
LogPluginManager: Mounting plugin AlembicImporter
LogPluginManager: Mounting plugin VisualStudioSourceCodeAccess
LogPluginManager: Mounting plugin AutomationUtils
LogPluginManager: Mounting plugin BackChannel
LogPluginManager: Mounting plugin ChaosCloth
LogPluginManager: Mounting plugin ChaosClothEditor
LogPluginManager: Mounting plugin ChaosEditor
LogPluginManager: Mounting plugin ChaosNiagara
LogPluginManager: Mounting plugin ChaosSolverPlugin
LogPluginManager: Mounting plugin CharacterAI
LogPluginManager: Mounting plugin GeometryCache
LogPluginManager: Mounting plugin LuminPlatformFeatures
LogPluginManager: Mounting plugin GeometryCollectionPlugin
LogPluginManager: Mounting plugin MagicLeap
LogPluginManager: Mounting plugin DatasmithContent
LogPluginManager: Mounting plugin MagicLeapLightEstimation
LogPluginManager: Mounting plugin MagicLeapMedia
LogPluginManager: Mounting plugin MagicLeapPassableWorld
LogPluginManager: Mounting plugin MLSDK
LogPluginManager: Mounting plugin GeometryProcessing
LogPluginManager: Mounting plugin VariantManagerContent
LogPluginManager: Mounting plugin Niagara
LogPluginManager: Mounting plugin AvfMedia
LogPluginManager: Mounting plugin AndroidMedia
LogPluginManager: Mounting plugin ImgMedia
LogPluginManager: Mounting plugin MediaCompositing
LogPluginManager: Mounting plugin MediaPlayerEditor
LogPluginManager: Mounting plugin WebMMedia
LogPluginManager: Mounting plugin WmfMedia
LogPluginManager: Mounting plugin OpenImageDenoise
LogPluginManager: Mounting plugin MotoSynth
LogPluginManager: Mounting plugin PlanarCut
LogPluginManager: Mounting plugin ProxyLODPlugin
LogPluginManager: Mounting plugin SkeletalReduction
LogPluginManager: Mounting plugin TcpMessaging
LogPluginManager: Mounting plugin UdpMessaging
LogPluginManager: Mounting plugin ActorSequence
LogPluginManager: Mounting plugin PythonScriptPlugin
LogPluginManager: Mounting plugin OnlineSubsystem
LogPluginManager: Mounting plugin MatineeToLevelSequence
LogPluginManager: Mounting plugin OnlineSubsystemNull
LogPluginManager: Mounting plugin OnlineSubsystemUtils
LogPluginManager: Mounting plugin TemplateSequence
LogPluginManager: Mounting plugin LauncherChunkInstaller
LogPluginManager: Mounting plugin ActorLayerUtilities
LogPluginManager: Mounting plugin AndroidDeviceProfileSelector
LogPluginManager: Mounting plugin AndroidPermission
LogPluginManager: Mounting plugin AndroidMoviePlayer
LogPluginManager: Mounting plugin AppleMoviePlayer
LogPluginManager: Mounting plugin ArchVisCharacter
LogPluginManager: Mounting plugin AppleImageUtils
LogPluginManager: Mounting plugin CableComponent
LogPluginManager: Mounting plugin ChunkDownloader
LogPluginManager: Mounting plugin CustomMeshComponent
LogPluginManager: Mounting plugin EditableMesh
LogPluginManager: Mounting plugin ExampleDeviceProfileSelector
LogPluginManager: Mounting plugin LevelSequenceEditor
LogPluginManager: Mounting plugin GoogleCloudMessaging
LogPluginManager: Mounting plugin AssetTags
LogPluginManager: Mounting plugin GooglePAD
LogPluginManager: Mounting plugin PlatformCrypto
LogPluginManager: Mounting plugin IOSDeviceProfileSelector
LogPluginManager: Mounting plugin AudioCapture
LogPluginManager: Mounting plugin AudioSynesthesia
LogPluginManager: Mounting plugin MobilePatchingUtils
LogPluginManager: Mounting plugin LinuxDeviceProfileSelector
LogPluginManager: Mounting plugin OpenXRHandTracking
LogPluginManager: Mounting plugin OpenXR
LogPluginManager: Mounting plugin LocationServicesBPLibrary
LogPluginManager: Mounting plugin OpenXREyeTracker
LogPluginManager: Mounting plugin PhysXVehicles
LogPluginManager: Mounting plugin ProceduralMeshComponent
LogPluginManager: Mounting plugin Takes
LogPluginManager: Mounting plugin PostSplashScreen
LogPluginManager: Mounting plugin RuntimePhysXCooking
LogPluginManager: Mounting plugin SoundFields
LogPluginManager: Mounting plugin SignificanceManager
LogPluginManager: Mounting plugin Synthesis
LogPluginManager: Mounting plugin PropertyAccessEditor
LogPluginManager: Mounting plugin WebMMoviePlayer
LogPluginManager: Mounting plugin WindowsMoviePlayer
LogPluginManager: Mounting plugin ScreenshotTools
LogPluginManager: Mounting plugin OodleData
LogPluginManager: Mounting plugin OodleNetwork
LogPluginManager: Mounting plugin ContentBrowserAssetDataSource
LogPluginManager: Mounting plugin ContentBrowserClassDataSource
LogPluginManager: Mounting plugin ContentBrowserFileDataSource
LogPluginManager: Mounting plugin OnlineSubsystemGooglePlay
LogPluginManager: Mounting plugin OnlineSubsystemIOS
LogPluginManager: Mounting plugin OculusVR
LogPluginManager: Mounting plugin SteamVR
PixWinPlugin: PIX capture plugin failed to initialize! Check that the process is launched from PIX.
LogInit: Using libcurl 7.55.1-DEV
LogInit:  - built for x86_64-pc-win32
LogInit:  - supports SSL with OpenSSL/1.1.1
LogInit:  - supports HTTP deflate (compression) using libz 1.2.8
LogInit:  - other features:
LogInit:      CURL_VERSION_SSL
LogInit:      CURL_VERSION_LIBZ
LogInit:      CURL_VERSION_IPV6
LogInit:      CURL_VERSION_ASYNCHDNS
LogInit:      CURL_VERSION_LARGEFILE
LogInit:      CURL_VERSION_IDN
LogInit:  CurlRequestOptions (configurable via config and command line):
LogInit:  - bVerifyPeer = true  - Libcurl will verify peer certificate
LogInit:  - bUseHttpProxy = false  - Libcurl will NOT use HTTP proxy
LogInit:  - bDontReuseConnections = false  - Libcurl will reuse connections
LogInit:  - MaxHostConnections = 16  - Libcurl will limit the number of connections to a host
LogInit:  - LocalHostAddr = Default
LogInit:  - BufferSize = 65536
LogOnline: OSS: Creating online subsystem instance for: NULL
LogInit: WinSock: version 1.1 (2.2), MaxSocks=32767, MaxUdp=65467
LogOnline: OSS: TryLoadSubsystemAndSetDefault: Loaded subsystem for module [NULL]
LogOculusPluginWrapper: OculusPlugin initialized successfully
LogHMD: Failed initializing OVRPlugin 1.59.0
LogInit: Build: ++UE4+Release-4.27-CL-18319896
LogInit: Engine Version: 4.27.2-18319896+++UE4+Release-4.27
LogInit: Compatible Engine Version: 4.27.0-17155196+++UE4+Release-4.27
LogInit: Net CL: 17155196
LogInit: OS: Windows 10 (Release 2009) (), CPU: 13th Gen Intel(R) Core(TM) i9-13900K, GPU: NVIDIA GeForce RTX 3080
LogInit: Compiled (64-bit): Nov 30 2021 07:12:08
LogInit: Compiled with Visual C++: 19.24.28315.00
LogInit: Build Configuration: Development
LogInit: Branch Name: ++UE4+Release-4.27
LogInit: Command Line:  /Game/Maps/Main -game -PIEVIACONSOLE -Multiprocess GameUserSettingsINI=B:/GGJ2023/GGJ2023/Saved/Config/Windows/PIEGameUserSettings0.ini -MultiprocessSaveConfig -forcepassthrough -messaging -SessionName="Play in Standalone Game" -windowed -WinX=1080 -WinY=384 SAVEWINPOS=1 -ResX=1280 -ResY=720
LogInit: Base Directory: B:/UE_4.27/Engine/Binaries/Win64/
LogInit: Allocator: TBB
LogInit: Installed Engine Build: 1
LogDevObjectVersion: Number of dev versions registered: 29
LogDevObjectVersion:   Dev-Blueprints (B0D832E4-1F89-4F0D-ACCF-7EB736FD4AA2): 10
LogDevObjectVersion:   Dev-Build (E1C64328-A22C-4D53-A36C-8E866417BD8C): 0
LogDevObjectVersion:   Dev-Core (375EC13C-06E4-48FB-B500-84F0262A717E): 4
LogDevObjectVersion:   Dev-Editor (E4B068ED-F494-42E9-A231-DA0B2E46BB41): 40
LogDevObjectVersion:   Dev-Framework (CFFC743F-43B0-4480-9391-14DF171D2073): 37
LogDevObjectVersion:   Dev-Mobile (B02B49B5-BB20-44E9-A304-32B752E40360): 3
LogDevObjectVersion:   Dev-Networking (A4E4105C-59A1-49B5-A7C5-40C4547EDFEE): 0
LogDevObjectVersion:   Dev-Online (39C831C9-5AE6-47DC-9A44-9C173E1C8E7C): 0
LogDevObjectVersion:   Dev-Physics (78F01B33-EBEA-4F98-B9B4-84EACCB95AA2): 14
LogDevObjectVersion:   Dev-Platform (6631380F-2D4D-43E0-8009-CF276956A95A): 0
LogDevObjectVersion:   Dev-Rendering (12F88B9F-8875-4AFC-A67C-D90C383ABD29): 45
LogDevObjectVersion:   Dev-Sequencer (7B5AE74C-D270-4C10-A958-57980B212A5A): 13
LogDevObjectVersion:   Dev-VR (D7296918-1DD6-4BDD-9DE2-64A83CC13884): 3
LogDevObjectVersion:   Dev-LoadTimes (C2A15278-BFE7-4AFE-6C17-90FF531DF755): 1
LogDevObjectVersion:   Private-Geometry (6EACA3D4-40EC-4CC1-B786-8BED09428FC5): 3
LogDevObjectVersion:   Dev-AnimPhys (29E575DD-E0A3-4627-9D10-D276232CDCEA): 17
LogDevObjectVersion:   Dev-Anim (AF43A65D-7FD3-4947-9873-3E8ED9C1BB05): 15
LogDevObjectVersion:   Dev-ReflectionCapture (6B266CEC-1EC7-4B8F-A30B-E4D90942FC07): 1
LogDevObjectVersion:   Dev-Automation (0DF73D61-A23F-47EA-B727-89E90C41499A): 1
LogDevObjectVersion:   FortniteMain (601D1886-AC64-4F84-AA16-D3DE0DEAC7D6): 47
LogDevObjectVersion:   FortniteRelease (E7086368-6B23-4C58-8439-1B7016265E91): 1
LogDevObjectVersion:   Dev-Enterprise (9DFFBCD6-494F-0158-E221-12823C92A888): 10
LogDevObjectVersion:   Dev-Niagara (F2AED0AC-9AFE-416F-8664-AA7FFA26D6FC): 1
LogDevObjectVersion:   Dev-Destruction (174F1F0B-B4C6-45A5-B13F-2EE8D0FB917D): 10
LogDevObjectVersion:   Dev-Physics-Ext (35F94A83-E258-406C-A318-09F59610247C): 41
LogDevObjectVersion:   Dev-PhysicsMaterial-Chaos (B68FC16E-8B1B-42E2-B453-215C058844FE): 1
LogDevObjectVersion:   Dev-CineCamera (B2E18506-4273-CFC2-A54E-F4BB758BBA07): 1
LogDevObjectVersion:   Dev-VirtualProduction (64F58936-FD1B-42BA-BA96-7289D5D0FA4E): 1
LogDevObjectVersion:   Dev-MediaFramework (6F0ED827-A609-4895-9C91-998D90180EA4): 2
LogInit: Presizing for max 25165824 objects, including 0 objects not considered by GC, pre-allocating 0 bytes for permanent pool.
LogConfig: Applying CVar settings from Section [/Script/Engine.StreamingSettings] File [B:/GGJ2023/GGJ2023/Saved/Config/Windows/Engine.ini]
LogConfig: Setting CVar [[s.MinBulkDataSizeForAsyncLoading:131072]]
LogConfig: Setting CVar [[s.AsyncLoadingThreadEnabled:0]]
LogConfig: Setting CVar [[s.EventDrivenLoaderEnabled:1]]
LogConfig: Setting CVar [[s.WarnIfTimeLimitExceeded:0]]
LogConfig: Setting CVar [[s.TimeLimitExceededMultiplier:1.5]]
LogConfig: Setting CVar [[s.TimeLimitExceededMinTime:0.005]]
LogConfig: Setting CVar [[s.UseBackgroundLevelStreaming:1]]
LogConfig: Setting CVar [[s.PriorityAsyncLoadingExtraTime:15.0]]
LogConfig: Setting CVar [[s.LevelStreamingActorsUpdateTimeLimit:5.0]]
LogConfig: Setting CVar [[s.PriorityLevelStreamingActorsUpdateExtraTime:5.0]]
LogConfig: Setting CVar [[s.LevelStreamingComponentsRegistrationGranularity:10]]
LogConfig: Setting CVar [[s.UnregisterComponentsTimeLimit:1.0]]
LogConfig: Setting CVar [[s.LevelStreamingComponentsUnregistrationGranularity:5]]
LogConfig: Setting CVar [[s.FlushStreamingOnExit:1]]
LogInit: Object subsystem initialized
LogConfig: Setting CVar [[con.DebugEarlyDefault:1]]
LogConfig: Setting CVar [[r.setres:1280x720]]
[2023.02.02-05.11.16:458][  0]LogConfig: Setting CVar [[con.DebugEarlyDefault:1]]
[2023.02.02-05.11.16:458][  0]LogConfig: Setting CVar [[r.setres:1280x720]]
[2023.02.02-05.11.16:458][  0]LogConfig: Applying CVar settings from Section [/Script/Engine.RendererSettings] File [B:/GGJ2023/GGJ2023/Saved/Config/Windows/Engine.ini]
[2023.02.02-05.11.16:458][  0]LogConfig: Setting CVar [[r.GPUCrashDebugging:0]]
[2023.02.02-05.11.16:458][  0]LogConfig: Applying CVar settings from Section [/Script/Engine.RendererOverrideSettings] File [B:/GGJ2023/GGJ2023/Saved/Config/Windows/Engine.ini]
[2023.02.02-05.11.16:458][  0]LogConfig: Applying CVar settings from Section [/Script/Engine.StreamingSettings] File [B:/GGJ2023/GGJ2023/Saved/Config/Windows/Engine.ini]
[2023.02.02-05.11.16:458][  0]LogConfig: Setting CVar [[s.MinBulkDataSizeForAsyncLoading:131072]]
[2023.02.02-05.11.16:458][  0]LogConfig: Setting CVar [[s.AsyncLoadingThreadEnabled:0]]
[2023.02.02-05.11.16:458][  0]LogConfig: Setting CVar [[s.EventDrivenLoaderEnabled:1]]
[2023.02.02-05.11.16:458][  0]LogConfig: Setting CVar [[s.WarnIfTimeLimitExceeded:0]]
[2023.02.02-05.11.16:458][  0]LogConfig: Setting CVar [[s.TimeLimitExceededMultiplier:1.5]]
[2023.02.02-05.11.16:458][  0]LogConfig: Setting CVar [[s.TimeLimitExceededMinTime:0.005]]
[2023.02.02-05.11.16:458][  0]LogConfig: Setting CVar [[s.UseBackgroundLevelStreaming:1]]
[2023.02.02-05.11.16:458][  0]LogConfig: Setting CVar [[s.PriorityAsyncLoadingExtraTime:15.0]]
[2023.02.02-05.11.16:458][  0]LogConfig: Setting CVar [[s.LevelStreamingActorsUpdateTimeLimit:5.0]]
[2023.02.02-05.11.16:458][  0]LogConfig: Setting CVar [[s.PriorityLevelStreamingActorsUpdateExtraTime:5.0]]
[2023.02.02-05.11.16:458][  0]LogConfig: Setting CVar [[s.LevelStreamingComponentsRegistrationGranularity:10]]
[2023.02.02-05.11.16:458][  0]LogConfig: Setting CVar [[s.UnregisterComponentsTimeLimit:1.0]]
[2023.02.02-05.11.16:458][  0]LogConfig: Setting CVar [[s.LevelStreamingComponentsUnregistrationGranularity:5]]
[2023.02.02-05.11.16:458][  0]LogConfig: Setting CVar [[s.FlushStreamingOnExit:1]]
[2023.02.02-05.11.16:458][  0]LogConfig: Applying CVar settings from Section [/Script/Engine.GarbageCollectionSettings] File [B:/GGJ2023/GGJ2023/Saved/Config/Windows/Engine.ini]
[2023.02.02-05.11.16:458][  0]LogConfig: Setting CVar [[gc.MaxObjectsNotConsideredByGC:1]]
[2023.02.02-05.11.16:458][  0]LogConfig: Setting CVar [[gc.SizeOfPermanentObjectPool:0]]
[2023.02.02-05.11.16:458][  0]LogConfig: Setting CVar [[gc.FlushStreamingOnGC:0]]
[2023.02.02-05.11.16:458][  0]LogConfig: Setting CVar [[gc.NumRetriesBeforeForcingGC:10]]
[2023.02.02-05.11.16:458][  0]LogConfig: Setting CVar [[gc.AllowParallelGC:1]]
[2023.02.02-05.11.16:458][  0]LogConfig: Setting CVar [[gc.TimeBetweenPurgingPendingKillObjects:61.1]]
[2023.02.02-05.11.16:458][  0]LogConfig: Setting CVar [[gc.MaxObjectsInEditor:25165824]]
[2023.02.02-05.11.16:458][  0]LogConfig: Setting CVar [[gc.IncrementalBeginDestroyEnabled:1]]
[2023.02.02-05.11.16:458][  0]LogConfig: Setting CVar [[gc.CreateGCClusters:1]]
[2023.02.02-05.11.16:458][  0]LogConfig: Setting CVar [[gc.MinGCClusterSize:5]]
[2023.02.02-05.11.16:458][  0]LogConfig: Setting CVar [[gc.ActorClusteringEnabled:0]]
[2023.02.02-05.11.16:458][  0]LogConfig: Setting CVar [[gc.BlueprintClusteringEnabled:0]]
[2023.02.02-05.11.16:458][  0]LogConfig: Setting CVar [[gc.UseDisregardForGCOnDedicatedServers:0]]
[2023.02.02-05.11.16:458][  0]LogConfig: Setting CVar [[gc.MultithreadedDestructionEnabled:1]]
[2023.02.02-05.11.16:458][  0]LogConfig: Applying CVar settings from Section [/Script/Engine.NetworkSettings] File [B:/GGJ2023/GGJ2023/Saved/Config/Windows/Engine.ini]
[2023.02.02-05.11.16:458][  0]LogConfig: Applying CVar settings from Section [/Script/UnrealEd.CookerSettings] File [B:/GGJ2023/GGJ2023/Saved/Config/Windows/Engine.ini]
[2023.02.02-05.11.16:475][  0]LogConfig: Applying CVar settings from Section [ViewDistanceQuality@3] File [B:/GGJ2023/GGJ2023/Saved/Config/Windows/Scalability.ini]
[2023.02.02-05.11.16:475][  0]LogConfig: Setting CVar [[r.SkeletalMeshLODBias:0]]
[2023.02.02-05.11.16:475][  0]LogConfig: Setting CVar [[r.ViewDistanceScale:1.0]]
[2023.02.02-05.11.16:475][  0]LogConfig: Applying CVar settings from Section [AntiAliasingQuality@3] File [B:/GGJ2023/GGJ2023/Saved/Config/Windows/Scalability.ini]
[2023.02.02-05.11.16:475][  0]LogConfig: Setting CVar [[r.PostProcessAAQuality:4]]
[2023.02.02-05.11.16:475][  0]LogConfig: Applying CVar settings from Section [ShadowQuality@3] File [B:/GGJ2023/GGJ2023/Saved/Config/Windows/Scalability.ini]
[2023.02.02-05.11.16:475][  0]LogConfig: Setting CVar [[r.LightFunctionQuality:1]]
[2023.02.02-05.11.16:475][  0]LogConfig: Setting CVar [[r.ShadowQuality:5]]
[2023.02.02-05.11.16:475][  0]LogConfig: Setting CVar [[r.Shadow.CSM.MaxCascades:10]]
[2023.02.02-05.11.16:475][  0]LogConfig: Setting CVar [[r.Shadow.MaxResolution:2048]]
[2023.02.02-05.11.16:475][  0]LogConfig: Setting CVar [[r.Shadow.MaxCSMResolution:2048]]
[2023.02.02-05.11.16:475][  0]LogConfig: Setting CVar [[r.Shadow.RadiusThreshold:0.01]]
[2023.02.02-05.11.16:475][  0]LogConfig: Setting CVar [[r.Shadow.DistanceScale:1.0]]
[2023.02.02-05.11.16:475][  0]LogConfig: Setting CVar [[r.Shadow.CSM.TransitionScale:1.0]]
[2023.02.02-05.11.16:475][  0]LogConfig: Setting CVar [[r.Shadow.PreShadowResolutionFactor:1.0]]
[2023.02.02-05.11.16:475][  0]LogConfig: Setting CVar [[r.DistanceFieldShadowing:1]]
[2023.02.02-05.11.16:475][  0]LogConfig: Setting CVar [[r.DistanceFieldAO:1]]
[2023.02.02-05.11.16:475][  0]LogConfig: Setting CVar [[r.AOQuality:2]]
[2023.02.02-05.11.16:475][  0]LogConfig: Setting CVar [[r.VolumetricFog:1]]
[2023.02.02-05.11.16:475][  0]LogConfig: Setting CVar [[r.VolumetricFog.GridPixelSize:8]]
[2023.02.02-05.11.16:475][  0]LogConfig: Setting CVar [[r.VolumetricFog.GridSizeZ:128]]
[2023.02.02-05.11.16:475][  0]LogConfig: Setting CVar [[r.VolumetricFog.HistoryMissSupersampleCount:4]]
[2023.02.02-05.11.16:475][  0]LogConfig: Setting CVar [[r.LightMaxDrawDistanceScale:1]]
[2023.02.02-05.11.16:475][  0]LogConfig: Setting CVar [[r.CapsuleShadows:1]]
[2023.02.02-05.11.16:475][  0]LogConfig: Applying CVar settings from Section [PostProcessQuality@3] File [B:/GGJ2023/GGJ2023/Saved/Config/Windows/Scalability.ini]
[2023.02.02-05.11.16:475][  0]LogConfig: Setting CVar [[r.MotionBlurQuality:4]]
[2023.02.02-05.11.16:475][  0]LogConfig: Setting CVar [[r.AmbientOcclusionMipLevelFactor:0.4]]
[2023.02.02-05.11.16:475][  0]LogConfig: Setting CVar [[r.AmbientOcclusionMaxQuality:100]]
[2023.02.02-05.11.16:475][  0]LogConfig: Setting CVar [[r.AmbientOcclusionLevels:-1]]
[2023.02.02-05.11.16:475][  0]LogConfig: Setting CVar [[r.AmbientOcclusionRadiusScale:1.0]]
[2023.02.02-05.11.16:475][  0]LogConfig: Setting CVar [[r.DepthOfFieldQuality:2]]
[2023.02.02-05.11.16:475][  0]LogConfig: Setting CVar [[r.RenderTargetPoolMin:400]]
[2023.02.02-05.11.16:475][  0]LogConfig: Setting CVar [[r.LensFlareQuality:2]]
[2023.02.02-05.11.16:475][  0]LogConfig: Setting CVar [[r.SceneColorFringeQuality:1]]
[2023.02.02-05.11.16:475][  0]LogConfig: Setting CVar [[r.EyeAdaptationQuality:2]]
[2023.02.02-05.11.16:475][  0]LogConfig: Setting CVar [[r.BloomQuality:5]]
[2023.02.02-05.11.16:475][  0]LogConfig: Setting CVar [[r.FastBlurThreshold:100]]
[2023.02.02-05.11.16:475][  0]LogConfig: Setting CVar [[r.Upscale.Quality:3]]
[2023.02.02-05.11.16:475][  0]LogConfig: Setting CVar [[r.Tonemapper.GrainQuantization:1]]
[2023.02.02-05.11.16:475][  0]LogConfig: Setting CVar [[r.LightShaftQuality:1]]
[2023.02.02-05.11.16:475][  0]LogConfig: Setting CVar [[r.Filter.SizeScale:1]]
[2023.02.02-05.11.16:475][  0]LogConfig: Setting CVar [[r.Tonemapper.Quality:5]]
[2023.02.02-05.11.16:476][  0]LogConfig: Setting CVar [[r.DOF.Gather.AccumulatorQuality:1        ; higher gathering accumulator quality]]
[2023.02.02-05.11.16:476][  0]LogConfig: Setting CVar [[r.DOF.Gather.PostfilterMethod:1          ; Median3x3 postfilering method]]
[2023.02.02-05.11.16:476][  0]LogConfig: Setting CVar [[r.DOF.Gather.EnableBokehSettings:0       ; no bokeh simulation when gathering]]
[2023.02.02-05.11.16:476][  0]LogConfig: Setting CVar [[r.DOF.Gather.RingCount:4                 ; medium number of samples when gathering]]
[2023.02.02-05.11.16:476][  0]LogConfig: Setting CVar [[r.DOF.Scatter.ForegroundCompositing:1    ; additive foreground scattering]]
[2023.02.02-05.11.16:476][  0]LogConfig: Setting CVar [[r.DOF.Scatter.BackgroundCompositing:2    ; additive background scattering]]
[2023.02.02-05.11.16:476][  0]LogConfig: Setting CVar [[r.DOF.Scatter.EnableBokehSettings:1      ; bokeh simulation when scattering]]
[2023.02.02-05.11.16:476][  0]LogConfig: Setting CVar [[r.DOF.Scatter.MaxSpriteRatio:0.1         ; only a maximum of 10% of scattered bokeh]]
[2023.02.02-05.11.16:476][  0]LogConfig: Setting CVar [[r.DOF.Recombine.Quality:1                ; cheap slight out of focus]]
[2023.02.02-05.11.16:476][  0]LogConfig: Setting CVar [[r.DOF.Recombine.EnableBokehSettings:0    ; no bokeh simulation on slight out of focus]]
[2023.02.02-05.11.16:476][  0]LogConfig: Setting CVar [[r.DOF.TemporalAAQuality:1                ; more stable temporal accumulation]]
[2023.02.02-05.11.16:476][  0]LogConfig: Setting CVar [[r.DOF.Kernel.MaxForegroundRadius:0.025]]
[2023.02.02-05.11.16:476][  0]LogConfig: Setting CVar [[r.DOF.Kernel.MaxBackgroundRadius:0.025]]
[2023.02.02-05.11.16:476][  0]LogConfig: Applying CVar settings from Section [TextureQuality@3] File [B:/GGJ2023/GGJ2023/Saved/Config/Windows/Scalability.ini]
[2023.02.02-05.11.16:476][  0]LogConfig: Setting CVar [[r.Streaming.MipBias:0]]
[2023.02.02-05.11.16:476][  0]LogConfig: Setting CVar [[r.Streaming.AmortizeCPUToGPUCopy:0]]
[2023.02.02-05.11.16:476][  0]LogConfig: Setting CVar [[r.Streaming.MaxNumTexturesToStreamPerFrame:0]]
[2023.02.02-05.11.16:476][  0]LogConfig: Setting CVar [[r.Streaming.Boost:1]]
[2023.02.02-05.11.16:476][  0]LogConfig: Setting CVar [[r.MaxAnisotropy:8]]
[2023.02.02-05.11.16:476][  0]LogConfig: Setting CVar [[r.VT.MaxAnisotropy:8]]
[2023.02.02-05.11.16:476][  0]LogConfig: Setting CVar [[r.Streaming.LimitPoolSizeToVRAM:0]]
[2023.02.02-05.11.16:476][  0]LogConfig: Setting CVar [[r.Streaming.PoolSize:1000]]
[2023.02.02-05.11.16:476][  0]LogConfig: Setting CVar [[r.Streaming.MaxEffectiveScreenSize:0]]
[2023.02.02-05.11.16:476][  0]LogConfig: Applying CVar settings from Section [EffectsQuality@3] File [B:/GGJ2023/GGJ2023/Saved/Config/Windows/Scalability.ini]
[2023.02.02-05.11.16:476][  0]LogConfig: Setting CVar [[r.TranslucencyLightingVolumeDim:64]]
[2023.02.02-05.11.16:476][  0]LogConfig: Setting CVar [[r.RefractionQuality:2]]
[2023.02.02-05.11.16:476][  0]LogConfig: Setting CVar [[r.SSR.Quality:3]]
[2023.02.02-05.11.16:476][  0]LogConfig: Setting CVar [[r.SSR.HalfResSceneColor:0]]
[2023.02.02-05.11.16:476][  0]LogConfig: Setting CVar [[r.SceneColorFormat:4]]
[2023.02.02-05.11.16:476][  0]LogConfig: Setting CVar [[r.DetailMode:2]]
[2023.02.02-05.11.16:476][  0]LogConfig: Setting CVar [[r.TranslucencyVolumeBlur:1]]
[2023.02.02-05.11.16:476][  0]LogConfig: Setting CVar [[r.MaterialQualityLevel:1 ; High quality]]
[2023.02.02-05.11.16:476][  0]LogConfig: Setting CVar [[r.AnisotropicMaterials:1]]
[2023.02.02-05.11.16:476][  0]LogConfig: Setting CVar [[r.SSS.Scale:1]]
[2023.02.02-05.11.16:476][  0]LogConfig: Setting CVar [[r.SSS.SampleSet:2]]
[2023.02.02-05.11.16:476][  0]LogConfig: Setting CVar [[r.SSS.Quality:1]]
[2023.02.02-05.11.16:476][  0]LogConfig: Setting CVar [[r.SSS.HalfRes:0]]
[2023.02.02-05.11.16:476][  0]LogConfig: Setting CVar [[r.SSGI.Quality:3]]
[2023.02.02-05.11.16:476][  0]LogConfig: Setting CVar [[r.EmitterSpawnRateScale:1.0]]
[2023.02.02-05.11.16:476][  0]LogConfig: Setting CVar [[r.ParticleLightQuality:2]]
[2023.02.02-05.11.16:476][  0]LogConfig: Setting CVar [[r.SkyAtmosphere.AerialPerspectiveLUT.FastApplyOnOpaque:1 ; Always have FastSkyLUT 1 in this case to avoid wrong sky]]
[2023.02.02-05.11.16:476][  0]LogConfig: Setting CVar [[r.SkyAtmosphere.AerialPerspectiveLUT.SampleCountMaxPerSlice:4]]
[2023.02.02-05.11.16:476][  0]LogConfig: Setting CVar [[r.SkyAtmosphere.AerialPerspectiveLUT.DepthResolution:16.0]]
[2023.02.02-05.11.16:476][  0]LogConfig: Setting CVar [[r.SkyAtmosphere.FastSkyLUT:1]]
[2023.02.02-05.11.16:476][  0]LogConfig: Setting CVar [[r.SkyAtmosphere.FastSkyLUT.SampleCountMin:4.0]]
[2023.02.02-05.11.16:476][  0]LogConfig: Setting CVar [[r.SkyAtmosphere.FastSkyLUT.SampleCountMax:128.0]]
[2023.02.02-05.11.16:476][  0]LogConfig: Setting CVar [[r.SkyAtmosphere.SampleCountMin:4.0]]
[2023.02.02-05.11.16:476][  0]LogConfig: Setting CVar [[r.SkyAtmosphere.SampleCountMax:128.0]]
[2023.02.02-05.11.16:476][  0]LogConfig: Setting CVar [[r.SkyAtmosphere.TransmittanceLUT.UseSmallFormat:0]]
[2023.02.02-05.11.16:476][  0]LogConfig: Setting CVar [[r.SkyAtmosphere.TransmittanceLUT.SampleCount:10.0]]
[2023.02.02-05.11.16:476][  0]LogConfig: Setting CVar [[r.SkyAtmosphere.MultiScatteringLUT.SampleCount:15.0]]
[2023.02.02-05.11.16:476][  0]LogConfig: Setting CVar [[r.SkyLight.RealTimeReflectionCapture:1]]
[2023.02.02-05.11.16:476][  0]LogConfig: Applying CVar settings from Section [FoliageQuality@3] File [B:/GGJ2023/GGJ2023/Saved/Config/Windows/Scalability.ini]
[2023.02.02-05.11.16:476][  0]LogConfig: Setting CVar [[foliage.DensityScale:1.0]]
[2023.02.02-05.11.16:476][  0]LogConfig: Setting CVar [[grass.DensityScale:1.0]]
[2023.02.02-05.11.16:476][  0]LogConfig: Applying CVar settings from Section [ShadingQuality@3] File [B:/GGJ2023/GGJ2023/Saved/Config/Windows/Scalability.ini]
[2023.02.02-05.11.16:476][  0]LogConfig: Setting CVar [[r.HairStrands.SkyLighting.IntegrationType:2]]
[2023.02.02-05.11.16:476][  0]LogConfig: Setting CVar [[r.HairStrands.SkyAO.SampleCount:4]]
[2023.02.02-05.11.16:476][  0]LogConfig: Setting CVar [[r.HairStrands.Visibility.MSAA.SamplePerPixel:4]]
[2023.02.02-05.11.16:476][  0]LogInit: Selected Device Profile: [Windows]
[2023.02.02-05.11.16:476][  0]LogInit: Applying CVar settings loaded from the selected device profile: [Windows]
[2023.02.02-05.11.16:476][  0]LogHAL: Display: Platform has ~ 64 GB [68464984064 / 68719476736 / 64], which maps to Largest [LargestMinGB=32, LargerMinGB=12, DefaultMinGB=8, SmallerMinGB=6, SmallestMinGB=0)
[2023.02.02-05.11.16:476][  0]LogInit: Going up to parent DeviceProfile []
[2023.02.02-05.11.16:476][  0]LogConfig: Applying CVar settings from Section [ViewDistanceQuality@3] File [B:/GGJ2023/GGJ2023/Saved/Config/Windows/Scalability.ini]
[2023.02.02-05.11.16:476][  0]LogConfig: Setting CVar [[r.SkeletalMeshLODBias:0]]
[2023.02.02-05.11.16:476][  0]LogConfig: Setting CVar [[r.ViewDistanceScale:1.0]]
[2023.02.02-05.11.16:476][  0]LogConfig: Applying CVar settings from Section [AntiAliasingQuality@3] File [B:/GGJ2023/GGJ2023/Saved/Config/Windows/Scalability.ini]
[2023.02.02-05.11.16:476][  0]LogConfig: Setting CVar [[r.PostProcessAAQuality:4]]
[2023.02.02-05.11.16:476][  0]LogConfig: Applying CVar settings from Section [ShadowQuality@3] File [B:/GGJ2023/GGJ2023/Saved/Config/Windows/Scalability.ini]
[2023.02.02-05.11.16:476][  0]LogConfig: Setting CVar [[r.LightFunctionQuality:1]]
[2023.02.02-05.11.16:476][  0]LogConfig: Setting CVar [[r.ShadowQuality:5]]
[2023.02.02-05.11.16:476][  0]LogConfig: Setting CVar [[r.Shadow.CSM.MaxCascades:10]]
[2023.02.02-05.11.16:476][  0]LogConfig: Setting CVar [[r.Shadow.MaxResolution:2048]]
[2023.02.02-05.11.16:476][  0]LogConfig: Setting CVar [[r.Shadow.MaxCSMResolution:2048]]
[2023.02.02-05.11.16:476][  0]LogConfig: Setting CVar [[r.Shadow.RadiusThreshold:0.01]]
[2023.02.02-05.11.16:476][  0]LogConfig: Setting CVar [[r.Shadow.DistanceScale:1.0]]
[2023.02.02-05.11.16:476][  0]LogConfig: Setting CVar [[r.Shadow.CSM.TransitionScale:1.0]]
[2023.02.02-05.11.16:476][  0]LogConfig: Setting CVar [[r.Shadow.PreShadowResolutionFactor:1.0]]
[2023.02.02-05.11.16:476][  0]LogConfig: Setting CVar [[r.DistanceFieldShadowing:1]]
[2023.02.02-05.11.16:476][  0]LogConfig: Setting CVar [[r.DistanceFieldAO:1]]
[2023.02.02-05.11.16:476][  0]LogConfig: Setting CVar [[r.AOQuality:2]]
[2023.02.02-05.11.16:476][  0]LogConfig: Setting CVar [[r.VolumetricFog:1]]
[2023.02.02-05.11.16:476][  0]LogConfig: Setting CVar [[r.VolumetricFog.GridPixelSize:8]]
[2023.02.02-05.11.16:476][  0]LogConfig: Setting CVar [[r.VolumetricFog.GridSizeZ:128]]
[2023.02.02-05.11.16:476][  0]LogConfig: Setting CVar [[r.VolumetricFog.HistoryMissSupersampleCount:4]]
[2023.02.02-05.11.16:476][  0]LogConfig: Setting CVar [[r.LightMaxDrawDistanceScale:1]]
[2023.02.02-05.11.16:476][  0]LogConfig: Setting CVar [[r.CapsuleShadows:1]]
[2023.02.02-05.11.16:476][  0]LogConfig: Applying CVar settings from Section [PostProcessQuality@3] File [B:/GGJ2023/GGJ2023/Saved/Config/Windows/Scalability.ini]
[2023.02.02-05.11.16:476][  0]LogConfig: Setting CVar [[r.MotionBlurQuality:4]]
[2023.02.02-05.11.16:476][  0]LogConfig: Setting CVar [[r.AmbientOcclusionMipLevelFactor:0.4]]
[2023.02.02-05.11.16:476][  0]LogConfig: Setting CVar [[r.AmbientOcclusionMaxQuality:100]]
[2023.02.02-05.11.16:476][  0]LogConfig: Setting CVar [[r.AmbientOcclusionLevels:-1]]
[2023.02.02-05.11.16:476][  0]LogConfig: Setting CVar [[r.AmbientOcclusionRadiusScale:1.0]]
[2023.02.02-05.11.16:476][  0]LogConfig: Setting CVar [[r.DepthOfFieldQuality:2]]
[2023.02.02-05.11.16:476][  0]LogConfig: Setting CVar [[r.RenderTargetPoolMin:400]]
[2023.02.02-05.11.16:476][  0]LogConfig: Setting CVar [[r.LensFlareQuality:2]]
[2023.02.02-05.11.16:476][  0]LogConfig: Setting CVar [[r.SceneColorFringeQuality:1]]
[2023.02.02-05.11.16:476][  0]LogConfig: Setting CVar [[r.EyeAdaptationQuality:2]]
[2023.02.02-05.11.16:476][  0]LogConfig: Setting CVar [[r.BloomQuality:5]]
[2023.02.02-05.11.16:476][  0]LogConfig: Setting CVar [[r.FastBlurThreshold:100]]
[2023.02.02-05.11.16:476][  0]LogConfig: Setting CVar [[r.Upscale.Quality:3]]
[2023.02.02-05.11.16:476][  0]LogConfig: Setting CVar [[r.Tonemapper.GrainQuantization:1]]
[2023.02.02-05.11.16:476][  0]LogConfig: Setting CVar [[r.LightShaftQuality:1]]
[2023.02.02-05.11.16:476][  0]LogConfig: Setting CVar [[r.Filter.SizeScale:1]]
[2023.02.02-05.11.16:476][  0]LogConfig: Setting CVar [[r.Tonemapper.Quality:5]]
[2023.02.02-05.11.16:476][  0]LogConfig: Setting CVar [[r.DOF.Gather.AccumulatorQuality:1        ; higher gathering accumulator quality]]
[2023.02.02-05.11.16:476][  0]LogConfig: Setting CVar [[r.DOF.Gather.PostfilterMethod:1          ; Median3x3 postfilering method]]
[2023.02.02-05.11.16:476][  0]LogConfig: Setting CVar [[r.DOF.Gather.EnableBokehSettings:0       ; no bokeh simulation when gathering]]
[2023.02.02-05.11.16:476][  0]LogConfig: Setting CVar [[r.DOF.Gather.RingCount:4                 ; medium number of samples when gathering]]
[2023.02.02-05.11.16:476][  0]LogConfig: Setting CVar [[r.DOF.Scatter.ForegroundCompositing:1    ; additive foreground scattering]]
[2023.02.02-05.11.16:476][  0]LogConfig: Setting CVar [[r.DOF.Scatter.BackgroundCompositing:2    ; additive background scattering]]
[2023.02.02-05.11.16:476][  0]LogConfig: Setting CVar [[r.DOF.Scatter.EnableBokehSettings:1      ; bokeh simulation when scattering]]
[2023.02.02-05.11.16:476][  0]LogConfig: Setting CVar [[r.DOF.Scatter.MaxSpriteRatio:0.1         ; only a maximum of 10% of scattered bokeh]]
[2023.02.02-05.11.16:476][  0]LogConfig: Setting CVar [[r.DOF.Recombine.Quality:1                ; cheap slight out of focus]]
[2023.02.02-05.11.16:476][  0]LogConfig: Setting CVar [[r.DOF.Recombine.EnableBokehSettings:0    ; no bokeh simulation on slight out of focus]]
[2023.02.02-05.11.16:476][  0]LogConfig: Setting CVar [[r.DOF.TemporalAAQuality:1                ; more stable temporal accumulation]]
[2023.02.02-05.11.16:476][  0]LogConfig: Setting CVar [[r.DOF.Kernel.MaxForegroundRadius:0.025]]
[2023.02.02-05.11.16:476][  0]LogConfig: Setting CVar [[r.DOF.Kernel.MaxBackgroundRadius:0.025]]
[2023.02.02-05.11.16:476][  0]LogConfig: Applying CVar settings from Section [TextureQuality@3] File [B:/GGJ2023/GGJ2023/Saved/Config/Windows/Scalability.ini]
[2023.02.02-05.11.16:476][  0]LogConfig: Setting CVar [[r.Streaming.MipBias:0]]
[2023.02.02-05.11.16:476][  0]LogConfig: Setting CVar [[r.Streaming.AmortizeCPUToGPUCopy:0]]
[2023.02.02-05.11.16:476][  0]LogConfig: Setting CVar [[r.Streaming.MaxNumTexturesToStreamPerFrame:0]]
[2023.02.02-05.11.16:476][  0]LogConfig: Setting CVar [[r.Streaming.Boost:1]]
[2023.02.02-05.11.16:476][  0]LogConfig: Setting CVar [[r.MaxAnisotropy:8]]
[2023.02.02-05.11.16:476][  0]LogConfig: Setting CVar [[r.VT.MaxAnisotropy:8]]
[2023.02.02-05.11.16:476][  0]LogConfig: Setting CVar [[r.Streaming.LimitPoolSizeToVRAM:0]]
[2023.02.02-05.11.16:476][  0]LogConfig: Setting CVar [[r.Streaming.PoolSize:1000]]
[2023.02.02-05.11.16:476][  0]LogConfig: Setting CVar [[r.Streaming.MaxEffectiveScreenSize:0]]
[2023.02.02-05.11.16:476][  0]LogConfig: Applying CVar settings from Section [EffectsQuality@3] File [B:/GGJ2023/GGJ2023/Saved/Config/Windows/Scalability.ini]
[2023.02.02-05.11.16:476][  0]LogConfig: Setting CVar [[r.TranslucencyLightingVolumeDim:64]]
[2023.02.02-05.11.16:476][  0]LogConfig: Setting CVar [[r.RefractionQuality:2]]
[2023.02.02-05.11.16:476][  0]LogConfig: Setting CVar [[r.SSR.Quality:3]]
[2023.02.02-05.11.16:476][  0]LogConfig: Setting CVar [[r.SSR.HalfResSceneColor:0]]
[2023.02.02-05.11.16:476][  0]LogConfig: Setting CVar [[r.SceneColorFormat:4]]
[2023.02.02-05.11.16:476][  0]LogConfig: Setting CVar [[r.DetailMode:2]]
[2023.02.02-05.11.16:476][  0]LogConfig: Setting CVar [[r.TranslucencyVolumeBlur:1]]
[2023.02.02-05.11.16:476][  0]LogConfig: Setting CVar [[r.MaterialQualityLevel:1 ; High quality]]
[2023.02.02-05.11.16:476][  0]LogConfig: Setting CVar [[r.AnisotropicMaterials:1]]
[2023.02.02-05.11.16:476][  0]LogConfig: Setting CVar [[r.SSS.Scale:1]]
[2023.02.02-05.11.16:476][  0]LogConfig: Setting CVar [[r.SSS.SampleSet:2]]
[2023.02.02-05.11.16:476][  0]LogConfig: Setting CVar [[r.SSS.Quality:1]]
[2023.02.02-05.11.16:476][  0]LogConfig: Setting CVar [[r.SSS.HalfRes:0]]
[2023.02.02-05.11.16:476][  0]LogConfig: Setting CVar [[r.SSGI.Quality:3]]
[2023.02.02-05.11.16:476][  0]LogConfig: Setting CVar [[r.EmitterSpawnRateScale:1.0]]
[2023.02.02-05.11.16:476][  0]LogConfig: Setting CVar [[r.ParticleLightQuality:2]]
[2023.02.02-05.11.16:476][  0]LogConfig: Setting CVar [[r.SkyAtmosphere.AerialPerspectiveLUT.FastApplyOnOpaque:1 ; Always have FastSkyLUT 1 in this case to avoid wrong sky]]
[2023.02.02-05.11.16:476][  0]LogConfig: Setting CVar [[r.SkyAtmosphere.AerialPerspectiveLUT.SampleCountMaxPerSlice:4]]
[2023.02.02-05.11.16:476][  0]LogConfig: Setting CVar [[r.SkyAtmosphere.AerialPerspectiveLUT.DepthResolution:16.0]]
[2023.02.02-05.11.16:476][  0]LogConfig: Setting CVar [[r.SkyAtmosphere.FastSkyLUT:1]]
[2023.02.02-05.11.16:476][  0]LogConfig: Setting CVar [[r.SkyAtmosphere.FastSkyLUT.SampleCountMin:4.0]]
[2023.02.02-05.11.16:476][  0]LogConfig: Setting CVar [[r.SkyAtmosphere.FastSkyLUT.SampleCountMax:128.0]]
[2023.02.02-05.11.16:476][  0]LogConfig: Setting CVar [[r.SkyAtmosphere.SampleCountMin:4.0]]
[2023.02.02-05.11.16:476][  0]LogConfig: Setting CVar [[r.SkyAtmosphere.SampleCountMax:128.0]]
[2023.02.02-05.11.16:476][  0]LogConfig: Setting CVar [[r.SkyAtmosphere.TransmittanceLUT.UseSmallFormat:0]]
[2023.02.02-05.11.16:476][  0]LogConfig: Setting CVar [[r.SkyAtmosphere.TransmittanceLUT.SampleCount:10.0]]
[2023.02.02-05.11.16:476][  0]LogConfig: Setting CVar [[r.SkyAtmosphere.MultiScatteringLUT.SampleCount:15.0]]
[2023.02.02-05.11.16:476][  0]LogConfig: Setting CVar [[r.SkyLight.RealTimeReflectionCapture:1]]
[2023.02.02-05.11.16:476][  0]LogConfig: Applying CVar settings from Section [FoliageQuality@3] File [B:/GGJ2023/GGJ2023/Saved/Config/Windows/Scalability.ini]
[2023.02.02-05.11.16:476][  0]LogConfig: Setting CVar [[foliage.DensityScale:1.0]]
[2023.02.02-05.11.16:476][  0]LogConfig: Setting CVar [[grass.DensityScale:1.0]]
[2023.02.02-05.11.16:476][  0]LogConfig: Applying CVar settings from Section [ShadingQuality@3] File [B:/GGJ2023/GGJ2023/Saved/Config/Windows/Scalability.ini]
[2023.02.02-05.11.16:476][  0]LogConfig: Setting CVar [[r.HairStrands.SkyLighting.IntegrationType:2]]
[2023.02.02-05.11.16:476][  0]LogConfig: Setting CVar [[r.HairStrands.SkyAO.SampleCount:4]]
[2023.02.02-05.11.16:476][  0]LogConfig: Setting CVar [[r.HairStrands.Visibility.MSAA.SamplePerPixel:4]]
[2023.02.02-05.11.16:476][  0]LogConfig: Applying CVar settings from Section [Startup] File [../../../Engine/Config/ConsoleVariables.ini]
[2023.02.02-05.11.16:476][  0]LogConfig: Setting CVar [[net.UseAdaptiveNetUpdateFrequency:0]]
[2023.02.02-05.11.16:476][  0]LogConfig: Setting CVar [[p.chaos.AllowCreatePhysxBodies:1]]
[2023.02.02-05.11.16:476][  0]LogConfig: Setting CVar [[fx.SkipVectorVMBackendOptimizations:1]]
[2023.02.02-05.11.16:476][  0]LogConfig: Applying CVar settings from Section [ConsoleVariables] File [B:/GGJ2023/GGJ2023/Saved/Config/Windows/Engine.ini]
[2023.02.02-05.11.16:477][  0]LogConfig: Applying CVar settings from Section [ConsoleVariables] File [B:/GGJ2023/GGJ2023/Saved/Config/Windows/Editor.ini]
[2023.02.02-05.11.16:477][  0]LogInit: Computer: DESKTOP-BHS21GR
[2023.02.02-05.11.16:477][  0]LogInit: User: Orlando
[2023.02.02-05.11.16:477][  0]LogInit: CPU Page size=4096, Cores=24
[2023.02.02-05.11.16:477][  0]LogInit: High frequency timer resolution =10.000000 MHz
[2023.02.02-05.11.16:477][  0]LogMemory: Memory total: Physical=63.8GB (64GB approx)
[2023.02.02-05.11.16:477][  0]LogMemory: Platform Memory Stats for Windows
[2023.02.02-05.11.16:477][  0]LogMemory: Process Physical Memory: 153.62 MB used, 153.62 MB peak
[2023.02.02-05.11.16:477][  0]LogMemory: Process Virtual Memory: 129.46 MB used, 129.46 MB peak
[2023.02.02-05.11.16:477][  0]LogMemory: Physical Memory: 12869.28 MB used,  52424.02 MB free, 65293.30 MB total
[2023.02.02-05.11.16:477][  0]LogMemory: Virtual Memory: 134166824.00 MB used,  50903.61 MB free, 134217728.00 MB total
[2023.02.02-05.11.16:479][  0]LogWindows: WindowsPlatformFeatures enabled
[2023.02.02-05.11.16:497][  0]LogInit: Physics initialised using underlying interface: PhysX
[2023.02.02-05.11.16:497][  0]LogInit: Using OS detected language (en-US).
[2023.02.02-05.11.16:497][  0]LogInit: Using OS detected locale (en-US).
[2023.02.02-05.11.16:498][  0]LogTextLocalizationManager: No specific localization for 'en-US' exists, so the 'en' localization will be used.
[2023.02.02-05.11.16:583][  0]LogWindowsTextInputMethodSystem: Display: IME system deactivated.
[2023.02.02-05.11.16:621][  0]LogSlate: New Slate User Created.  User Index 0, Is Virtual User: 0
[2023.02.02-05.11.16:621][  0]LogSlate: Slate User Registered.  User Index 0, Is Virtual User: 0
[2023.02.02-05.11.16:640][  0]LogD3D11RHI: Loaded GFSDK_Aftermath_Lib.x64.dll
[2023.02.02-05.11.16:642][  0]LogHMD: Failed to initialize OpenVR with code 110
[2023.02.02-05.11.16:642][  0]LogD3D11RHI: D3D11 min allowed feature level: 11_0
[2023.02.02-05.11.16:642][  0]LogD3D11RHI: D3D11 max allowed feature level: 11_0
[2023.02.02-05.11.16:642][  0]LogD3D11RHI: D3D11 adapters:
[2023.02.02-05.11.16:697][  0]LogD3D11RHI:    0. 'NVIDIA GeForce RTX 3080' (Feature Level 11_0)
[2023.02.02-05.11.16:697][  0]LogD3D11RHI:       10067/0/32646 MB DedicatedVideo/DedicatedSystem/SharedSystem, Outputs:2, VendorId:0x10de
[2023.02.02-05.11.16:731][  0]LogD3D11RHI:    1. 'Intel(R) UHD Graphics 770' (Feature Level 11_0)
[2023.02.02-05.11.16:731][  0]LogD3D11RHI:       128/0/32646 MB DedicatedVideo/DedicatedSystem/SharedSystem, Outputs:0, VendorId:0x8086
[2023.02.02-05.11.16:732][  0]LogD3D11RHI:    2. 'Microsoft Basic Render Driver' (Feature Level 11_0)
[2023.02.02-05.11.16:732][  0]LogD3D11RHI:       0/0/32646 MB DedicatedVideo/DedicatedSystem/SharedSystem, Outputs:0, VendorId:0x1414
[2023.02.02-05.11.16:732][  0]LogD3D11RHI: Chosen D3D11 Adapter:
[2023.02.02-05.11.16:732][  0]LogD3D11RHI:     Description : NVIDIA GeForce RTX 3080
[2023.02.02-05.11.16:732][  0]LogD3D11RHI:     VendorId    : 10de
[2023.02.02-05.11.16:732][  0]LogD3D11RHI:     DeviceId    : 2206
[2023.02.02-05.11.16:732][  0]LogD3D11RHI:     SubSysId    : 40381458
[2023.02.02-05.11.16:732][  0]LogD3D11RHI:     Revision    : 00a1
[2023.02.02-05.11.16:732][  0]LogD3D11RHI:     DedicatedVideoMemory : 10556014592 bytes
[2023.02.02-05.11.16:732][  0]LogD3D11RHI:     DedicatedSystemMemory : 0 bytes
[2023.02.02-05.11.16:732][  0]LogD3D11RHI:     SharedSystemMemory : 34232492032 bytes
[2023.02.02-05.11.16:732][  0]LogD3D11RHI:     AdapterLuid : 0 90918
[2023.02.02-05.11.16:736][  0]LogD3D11RHI: Creating new Direct3DDevice
[2023.02.02-05.11.16:736][  0]LogD3D11RHI:     GPU DeviceId: 0x2206 (for the marketing name, search the web for "GPU Device Id")
[2023.02.02-05.11.16:736][  0]LogWindows: EnumDisplayDevices:
[2023.02.02-05.11.16:736][  0]LogWindows:    0. 'NVIDIA GeForce RTX 3080' (P:1 D:1)
[2023.02.02-05.11.16:736][  0]LogWindows:    1. 'NVIDIA GeForce RTX 3080' (P:0 D:1)
[2023.02.02-05.11.16:736][  0]LogWindows:    2. 'NVIDIA GeForce RTX 3080' (P:0 D:0)
[2023.02.02-05.11.16:736][  0]LogWindows:    3. 'NVIDIA GeForce RTX 3080' (P:0 D:0)
[2023.02.02-05.11.16:737][  0]LogWindows:    4. 'Intel(R) UHD Graphics 770' (P:0 D:0)
[2023.02.02-05.11.16:737][  0]LogWindows:    5. 'Intel(R) UHD Graphics 770' (P:0 D:0)
[2023.02.02-05.11.16:737][  0]LogWindows:    6. 'Intel(R) UHD Graphics 770' (P:0 D:0)
[2023.02.02-05.11.16:737][  0]LogWindows:    7. 'Intel(R) UHD Graphics 770' (P:0 D:0)
[2023.02.02-05.11.16:737][  0]LogWindows: DebugString: PrimaryIsNotTheChoosenAdapter PrimaryIsNotTheChoosenAdapter PrimaryIsNotTheChoosenAdapter PrimaryIsNotTheChoosenAdapter FoundDriverCount:4 
[2023.02.02-05.11.16:737][  0]LogD3D11RHI:     Adapter Name: NVIDIA GeForce RTX 3080
[2023.02.02-05.11.16:737][  0]LogD3D11RHI:   Driver Version: 528.02 (internal:31.0.15.2802, unified:528.02)
[2023.02.02-05.11.16:737][  0]LogD3D11RHI:      Driver Date: 12-22-2022
[2023.02.02-05.11.16:737][  0]LogRHI: Texture pool is 7046 MB (70% of 10067 MB)
[2023.02.02-05.11.16:737][  0]LogD3D11RHI: Creating D3DDevice using adapter:
[2023.02.02-05.11.16:737][  0]LogD3D11RHI:     Description : NVIDIA GeForce RTX 3080
[2023.02.02-05.11.16:737][  0]LogD3D11RHI:     VendorId    : 10de
[2023.02.02-05.11.16:737][  0]LogD3D11RHI:     DeviceId    : 2206
[2023.02.02-05.11.16:737][  0]LogD3D11RHI:     SubSysId    : 40381458
[2023.02.02-05.11.16:737][  0]LogD3D11RHI:     Revision    : 00a1
[2023.02.02-05.11.16:737][  0]LogD3D11RHI:     DedicatedVideoMemory : 10556014592 bytes
[2023.02.02-05.11.16:737][  0]LogD3D11RHI:     DedicatedSystemMemory : 0 bytes
[2023.02.02-05.11.16:737][  0]LogD3D11RHI:     SharedSystemMemory : 34232492032 bytes
[2023.02.02-05.11.16:737][  0]LogD3D11RHI:     AdapterLuid : 0 90918
[2023.02.02-05.11.16:766][  0]LogD3D11RHI: RHI has support for 64 bit atomics
[2023.02.02-05.11.16:766][  0]LogD3D11RHI: Async texture creation enabled
[2023.02.02-05.11.16:766][  0]LogD3D11RHI: Array index from any shader is supported
[2023.02.02-05.11.16:766][  0]LogD3D11RHI: HDR output is supported on display 0 (NvId: 0x80061084).
[2023.02.02-05.11.16:787][  0]LogD3D11RHI: GPU Timing Frequency: 1000.000000 (Debug: 2 2)
[2023.02.02-05.11.16:799][  0]LogRHI: GeForceNow SDK initialized: 1
[2023.02.02-05.11.16:952][  0]LogTargetPlatformManager: Display: Loaded TargetPlatform 'WindowsNoEditor'
[2023.02.02-05.11.16:954][  0]LogTargetPlatformManager: Display: Loaded TargetPlatform 'Windows'
[2023.02.02-05.11.16:956][  0]LogTargetPlatformManager: Display: Loaded TargetPlatform 'WindowsClient'
[2023.02.02-05.11.16:957][  0]LogTargetPlatformManager: Display: Loaded TargetPlatform 'WindowsServer'
[2023.02.02-05.11.16:957][  0]LogTargetPlatformManager: Display: Building Assets For Windows
[2023.02.02-05.11.16:960][  0]LogAudioDebug: Display: Lib vorbis DLL was dynamically loaded.
[2023.02.02-05.11.16:973][  0]LogTextureFormatOodle: Display: Oodle Texture 2.9.0 init RDO Off
[2023.02.02-05.11.16:988][  0]LogRendererCore: Ray tracing is disabled. Reason: r.RayTracing=0.
[2023.02.02-05.11.16:988][  0]LogShaderCompilers: Guid format shader working directory is 21 characters bigger than the processId version (../../../../GGJ2023/GGJ2023/Intermediate/Shaders/WorkingDirectory/3948/).
[2023.02.02-05.11.16:988][  0]LogShaderCompilers: Cleaned the shader compiler working directory 'C:/Users/Orlando/AppData/Local/Temp/UnrealShaderWorkingDir/C9186751422D4C5454080385CDC309F4/'.
[2023.02.02-05.11.16:988][  0]LogXGEController: Cannot use XGE Controller as Incredibuild is not installed on this machine.
[2023.02.02-05.11.16:988][  0]LogShaderCompilers: Cannot use XGE Shader Compiler as Incredibuild is not installed on this machine.
[2023.02.02-05.11.16:988][  0]LogShaderCompilers: Display: Using Local Shader Compiler.
[2023.02.02-05.11.17:398][  0]LogDerivedDataCache: Display: Max Cache Size: 512 MB
[2023.02.02-05.11.17:430][  0]LogDerivedDataCache: Loaded boot cache 0.03s 94MB C:/Users/Orlando/AppData/Local/UnrealEngine/4.27/DerivedDataCache/Boot.ddc.
[2023.02.02-05.11.17:430][  0]LogDerivedDataCache: Display: Loaded Boot cache: C:/Users/Orlando/AppData/Local/UnrealEngine/4.27/DerivedDataCache/Boot.ddc
[2023.02.02-05.11.17:430][  0]LogDerivedDataCache: FDerivedDataBackendGraph:  Pak pak cache file ../../../../GGJ2023/GGJ2023/DerivedDataCache/DDC.ddp not found, will not use a pak cache.
[2023.02.02-05.11.17:430][  0]LogDerivedDataCache: Unable to find inner node Pak for hierarchical cache Hierarchy.
[2023.02.02-05.11.17:430][  0]LogDerivedDataCache: FDerivedDataBackendGraph:  CompressedPak pak cache file ../../../../GGJ2023/GGJ2023/DerivedDataCache/Compressed.ddp not found, will not use a pak cache.
[2023.02.02-05.11.17:430][  0]LogDerivedDataCache: Unable to find inner node CompressedPak for hierarchical cache Hierarchy.
[2023.02.02-05.11.17:440][  0]LogDerivedDataCache: Display: Pak cache opened for reading ../../../Engine/DerivedDataCache/Compressed.ddp.
[2023.02.02-05.11.17:440][  0]LogDerivedDataCache: FDerivedDataBackendGraph:  EnterprisePak pak cache file ../../../Enterprise/DerivedDataCache/Compressed.ddp not found, will not use a pak cache.
[2023.02.02-05.11.17:440][  0]LogDerivedDataCache: Unable to find inner node EnterprisePak for hierarchical cache Hierarchy.
[2023.02.02-05.11.17:445][  0]LogDerivedDataCache: Speed tests for C:/Users/Orlando/AppData/Local/UnrealEngine/Common/DerivedDataCache took 0.00 seconds
[2023.02.02-05.11.17:445][  0]LogDerivedDataCache: Display: Performance to C:/Users/Orlando/AppData/Local/UnrealEngine/Common/DerivedDataCache: Latency=0.01ms. RandomReadSpeed=3200.30MBs, RandomWriteSpeed=226.42MBs. Assigned SpeedClass 'Local'
[2023.02.02-05.11.17:445][  0]LogDerivedDataCache: Using Local data cache path C:/Users/Orlando/AppData/Local/UnrealEngine/Common/DerivedDataCache: Writable
[2023.02.02-05.11.17:445][  0]LogDerivedDataCache: Shared data cache path not found in *engine.ini, will not use an Shared cache.
[2023.02.02-05.11.17:445][  0]LogDerivedDataCache: Unable to find inner node Shared for hierarchical cache Hierarchy.
[2023.02.02-05.11.17:463][  0]LogSlate: Using FreeType 2.10.0
[2023.02.02-05.11.17:463][  0]LogSlate: SlateFontServices - WITH_FREETYPE: 1, WITH_HARFBUZZ: 1
[2023.02.02-05.11.17:499][  0]LogInit: Using OS detected language (en-US).
[2023.02.02-05.11.17:499][  0]LogInit: Using OS detected locale (en-US).
[2023.02.02-05.11.17:499][  0]LogTextLocalizationManager: No localization for 'en-US' exists, so 'en' will be used for the language.
[2023.02.02-05.11.17:499][  0]LogTextLocalizationManager: No localization for 'en-US' exists, so 'en' will be used for the locale.
[2023.02.02-05.11.17:499][  0]LogSlate: FontCache flush requested. Reason: Culture for localization was changed
[2023.02.02-05.11.17:499][  0]LogSlate: FontCache flush requested. Reason: Culture for localization was changed
[2023.02.02-05.11.17:500][  0]LogTextLocalizationManager: Compacting localization data took   0.00ms
[2023.02.02-05.11.17:500][  0]LogAssetRegistry: FAssetRegistry took 0.0008 seconds to start up
[2023.02.02-05.11.17:574][  0]LogPackageLocalizationCache: Processed 27 localized package path(s) for 1 prioritized culture(s) in 0.000353 seconds
[2023.02.02-05.11.17:601][  0]LogInit: Selected Device Profile: [Windows]
[2023.02.02-05.11.17:601][  0]LogInit: Active device profile: [000001ED95EE5300][000001ED9084D940 49] Windows
[2023.02.02-05.11.17:601][  0]LogInit: Profiles: [000001ED95EE5300][000001ED9084D940 49] Windows, [000001ED95EA2F00][000001ED9004FAC0 49] WindowsNoEditor, [000001ED95EE6400][000001ED900520C0 49] WindowsServer, [000001ED95EA3E00][000001ED90056240 49] WindowsClient, [000001ED95EE7300][000001ED9005A3C0 49] IOS, [000001ED95EA1200][000001ED9005E540 49] iPadAir, [000001ED95EE7E00][000001ED900626C0 49] iPadAir2, [000001ED95E4A100][000001ED9006A980 49] IPadPro, [000001ED95E4A200][000001ED900669C0 49] iPadAir3, [000001ED95EA1B00][000001ED9006EB40 49] iPadAir4, [000001ED95E4B100][000001ED90072CC0 49] iPadMini2, [000001ED95EA3200][000001ED90076E40 49] iPadMini3, [000001ED95E4BD00][000001ED90790FC0 49] iPadMini4, [000001ED95EA2300][000001ED90795140 49] iPadMini5, [000001ED95E91A00][000001ED9004B3C0 49] iPhone6, [000001ED95E91B00][000001ED90799400 49] iPodTouch6, [000001ED95EE6F00][000001ED907A1640 49] iPhone7, [000001ED95EE7000][000001ED9079D680 49] iPodTouch7, [000001ED95E49C00][000001ED907A9800 49] iPhone5S, [000001ED95EE5100][000001ED907AD980 49] iPhone6Plus, [000001ED95E49800][000001ED907B1B00 49] iPhone6S, [000001ED95EE4400][000001ED907B4100 49] iPhone6SPlus, [000001ED95E48E00][000001ED907B8280 49] iPhone7Plus, [000001ED95EE5700][000001ED907BC400 49] iPhoneSE, [000001ED95E48A00][000001ED907C0580 49] iPhone8, [000001ED95EE4800][000001ED907C4700 49] iPhone8Plus, [000001ED95E49A00][000001ED907C8880 49] iPhoneX, [000001ED95EE7D00][000001ED907CCA00 49] iPhoneXS, [000001ED95E90200][000001ED907D0B80 49] iPhoneXSMax, [000001ED95E48D00][000001ED907D4D00 49] iPhoneXR, [000001ED95E90C00][000001ED907D8E80 49] iPhone11, [000001ED95E4AE00][000001ED93A7F000 49] iPhone11Pro, [000001ED95E91500][000001ED93A83180 49] iPhone11ProMax, [000001ED95E4BA00][000001ED93A87300 49] iPhoneSE2, [000001ED95E90400][000001ED93A8B480 49] iPhone12Mini, [000001ED95E49200][000001ED907A55C0 49] iPhone12, [000001ED95E93C00][000001ED93A8F700 49] iPhone12Pro, [000001ED95E4A000][000001ED93A93840 49] iPhone12ProMax, [000001ED95E92C00][000001ED93A9B9C0 49] iPadPro105, [000001ED95EE6100][000001ED93A9FB40 49] iPadPro129, [000001ED95E91100][000001ED93AA2140 49] iPadPro97, [000001ED95EE5000][000001ED93AA62C0 49] iPadPro2_129, [000001ED95E90D00][000001ED93AAA440 49] iPad5, [000001ED95EE5D00][000001ED93AAE5C0 49] iPad6, [000001ED95E90600][000001ED93AB2740 49] iPad7, [000001ED95EE6E00][000001ED93AB68C0 49] iPad8, [000001ED95E93100][000001ED93ABAA40 49] iPadPro11, [000001ED95EE5B00][000001ED93ABEBC0 49] iPadPro2_11, [000001ED95E90A00][000001ED93AC2D40 49] iPadPro3_129, [000001ED95EE6200][000001ED93AC6EC0 49] iPadPro4_129, [000001ED95E92D00][000001ED93ACB040 49] AppleTV, [000001ED95EE4100][000001ED93ACF1C0 49] AppleTV4K, [000001ED95E92600][000001ED93AD3340 49] TVOS, [000001ED95EE5500][000001ED93AD74C0 49] Mac, [000001ED95E93600][000001ED93ADB640 49] MacClient, [000001ED95EE5F00][000001ED93A97780 49] MacNoEditor, [000001ED95E93F00][000001ED90D738C0 49] MacServer, [000001ED95EE7A00][000001ED90D77A00 49] Linux, [000001ED95E91C00][000001ED90D7BB40 49] LinuxAArch64, [000001ED95EE7800][000001ED90D82140 49] LinuxNoEditor, [000001ED95E92400][000001ED90D862C0 49] LinuxAArch64NoEditor, [000001ED95EE7500][000001ED90D8A440 49] LinuxClient, [000001ED95E91300][000001ED90D8E5C0 49] LinuxAArch64Client, [000001ED95EE4900][000001ED90D92740 49] LinuxServer, [000001ED95E91200][000001ED90D968C0 49] LinuxAArch64Server, [000001ED95EE7600][000001ED90D9AA40 49] Android, [000001ED95E91900][000001ED90D9EBC0 49] Android_Low, [000001ED95EE6700][000001ED90DA2D40 49] Android_Mid, [000001ED95E92E00][000001ED90DA6EC0 49] Android_High, [000001ED95EE6000][000001ED90DAB040 49] Android_Default, [000001ED95E92800][000001ED90DAF1C0 49] Android_Adreno4xx, [000001ED95EE4B00][000001ED90DB3340 49] Android_Adreno5xx_Low, [000001ED95E92F00][000001ED90DB74C0 49] Android_Adreno5xx, [000001ED95EE4300][000001ED90DBB640 49] Android_Adreno6xx, [000001ED95E93200][000001ED89F3D7C0 49] Android_Adreno6xx_Vulkan, [000001ED95EE4500][000001ED90D7F900 49] Android_Mali_T6xx, [000001ED95E92B00][000001ED89F41A40 49] Android_Mali_T7xx, [000001ED95EE4600][000001ED89F45B80 49] Android_Mali_T8xx, [000001ED95E90700][000001ED89F48140 49] Android_Mali_G71, [000001ED95EE7C00][000001ED89F502C0 49] Android_Mali_G72, [000001ED95E91F00][000001ED89F54440 49] Android_Mali_G72_Vulkan, [000001ED95EE7100][000001ED89F585C0 49] Android_Mali_G76, [000001ED95E91E00][000001ED89F5C740 49] Android_Mali_G76_Vulkan, [000001ED95EE4A00][000001ED89F608C0 49] Android_Mali_G77, [000001ED95E90900][000001ED89F64A40 49] Android_Mali_G77_Vulkan, [000001ED95EE5800][000001ED90DBEBC0 49] Android_Mali_G78, [000001ED95E93D00][000001ED90DC2D40 49] Android_Mali_G78_Vulkan, [000001ED95EA2600][000001ED90DC6EC0 49] Android_Mali_G710, [000001ED95E4AF00][000001ED90DCB040 49] Android_Mali_G710_Vulkan, [000001ED95EA3B00][000001ED90DCF1C0 49] Android_Vulkan_SM5, [000001ED95E4AB00][000001ED90DD3340 49] Android_PowerVR_G6xxx, [000001ED95EA0400][000001ED90DD74C0 49] Android_PowerVR_GT7xxx, [000001ED95E4A700][000001ED90DDB640 49] Android_PowerVR_GE8xxx, [000001ED95EA0600][000001ED90DDF7C0 49] Android_PowerVR_GM9xxx, [000001ED95E4A800][000001ED90DE3940 49] Android_PowerVR_GM9xxx_Vulkan, [000001ED95EA1700][000001ED90DE7AC0 49] Android_TegraK1, [000001ED95E4B400][000001ED89F4DC00 49] Android_Unknown_Vulkan, [000001ED95EA0700][000001ED90DEA1C0 49] Lumin, [000001ED95E4AD00][000001ED90DEE300 49] Lumin_Desktop, [000001ED95EA1F00][000001ED90DF6480 49] HoloLens, 
[2023.02.02-05.11.17:619][  0]LogMeshReduction: Using QuadricMeshReduction for automatic static mesh reduction
[2023.02.02-05.11.17:619][  0]LogMeshReduction: Using SimplygonMeshReduction for automatic skeletal mesh reduction
[2023.02.02-05.11.17:619][  0]LogMeshReduction: Using ProxyLODMeshReduction for automatic mesh merging
[2023.02.02-05.11.17:619][  0]LogMeshReduction: No distributed automatic mesh merging module available
[2023.02.02-05.11.17:619][  0]LogMeshMerging: No distributed automatic mesh merging module available
[2023.02.02-05.11.17:680][  0]LogNetVersion: GGJ2023 1.0.0, NetCL: 17155196, EngineNetVer: 17, GameNetVer: 0 (Checksum: 2262209438)
[2023.02.02-05.11.17:780][  0]LogTexture: Default maximum texture size for cubemaps generated from long-lat sources has been changed from 512 to unlimited. In order to preserve old behaiour for '/Engine/MapTemplates/Sky/DaylightAmbientCubemap.DaylightAmbientCubemap', its maximum texture size has been explicitly set to 512.
[2023.02.02-05.11.17:805][  0]LogHMD: PokeAHoleMaterial loaded successfully
[2023.02.02-05.11.17:850][  0]LogMoviePlayer: Initializing movie player
[2023.02.02-05.11.17:961][  0]LogNiagaraDebuggerClient: Niagara Debugger Client Initialized | Session: 568E21214E337CEDF8B975B0799F2AAD | Instance: 14210E0044CD9D8F46D87185A1A23125 (DESKTOP-BHS21GR-3948).
[2023.02.02-05.11.17:970][  0]LogCollectionManager: Loaded 0 collections in 0.000311 seconds
[2023.02.02-05.11.17:971][  0]LogFileCache: Scanning file cache for directory 'B:/GGJ2023/GGJ2023/Saved/Collections/' took 0.00s
[2023.02.02-05.11.17:971][  0]LogCollectionManager: Fixed up redirectors for 0 collections in 0.000001 seconds (updated 0 objects)
[2023.02.02-05.11.17:981][  0]LogFileCache: Scanning file cache for directory 'B:/GGJ2023/GGJ2023/Content/Developers/Orlando/Collections/' took 0.00s
[2023.02.02-05.11.17:981][  0]LogFileCache: Scanning file cache for directory 'B:/GGJ2023/GGJ2023/Content/Collections/' took 0.00s
[2023.02.02-05.11.17:981][  0]LogTcpMessaging: Initializing TcpMessaging bridge
[2023.02.02-05.11.17:982][  0]LogUdpMessaging: Initializing bridge on interface 0.0.0.0:0 to multicast group 230.0.0.1:6666.
[2023.02.02-05.11.17:988][  0]LogPython: Using Python 3.7.7
[2023.02.02-05.11.18:221][  0]SourceControl: Source control is disabled
[2023.02.02-05.11.18:221][  0]SourceControl: Source control is disabled
[2023.02.02-05.11.18:223][  0]SourceControl: Source control is disabled
[2023.02.02-05.11.18:225][  0]LogUProjectInfo: Found projects:
[2023.02.02-05.11.18:271][  0]LogOpenImageDenoise: OIDN starting up
[2023.02.02-05.11.18:275][  0]LogAndroidPermission: UAndroidPermissionCallbackProxy::GetInstance
[2023.02.02-05.11.18:295][  0]LogAudioCaptureCore: Display: No Audio Capture implementations found. Audio input will be silent.
[2023.02.02-05.11.18:295][  0]LogAudioCaptureCore: Display: No Audio Capture implementations found. Audio input will be silent.
[2023.02.02-05.11.18:317][  0]LogOcInput: OculusInput pre-init called
[2023.02.02-05.11.18:321][  0]LogUObjectArray: 22121 objects as part of root set at end of initial load.
[2023.02.02-05.11.18:321][  0]LogUObjectAllocator: 5975632 out of 0 bytes used by permanent object pool.
[2023.02.02-05.11.18:321][  0]LogUObjectArray: CloseDisregardForGC: 0/0 objects in disregard for GC pool
[2023.02.02-05.11.18:347][  0]LogEngine: Initializing Engine...
[2023.02.02-05.11.18:348][  0]LogHMD: Failed to enumerate extensions. Please check that you have a valid OpenXR runtime installed.
[2023.02.02-05.11.18:348][  0]LogHMD: Failed to initialize OpenVR with code 110
[2023.02.02-05.11.18:348][  0]LogMagicLeap: Warning: VR disabled because ZI is not enabled.  To enable, in the editor, Edit -> Project Settings -> Plugins -> Magic Leap Plugin -> Enable Zero Iteration
[2023.02.02-05.11.18:349][  0]LogStats: UGameplayTagsManager::InitializeManager -  0.000 s
[2023.02.02-05.11.18:395][  0]LogInit: Initializing FReadOnlyCVARCache
[2023.02.02-05.11.18:395][  0]LogAudio: Display: Initializing Audio Device Manager...
[2023.02.02-05.11.18:398][  0]LogAudio: Display: Loading Default Audio Settings Objects...
[2023.02.02-05.11.18:398][  0]LogAudio: Display: No default SoundConcurrencyObject specified (or failed to load).
[2023.02.02-05.11.18:398][  0]LogAudio: Display: Audio Device Manager Initialized
[2023.02.02-05.11.18:398][  0]LogAudio: Display: Creating Audio Device:                 Id: 1, Scope: Shared, Realtime: True
[2023.02.02-05.11.18:398][  0]LogAudioMixer: Display: Audio Mixer Platform Settings:
[2023.02.02-05.11.18:398][  0]LogAudioMixer: Display: 	Sample Rate:						  48000
[2023.02.02-05.11.18:398][  0]LogAudioMixer: Display: 	Callback Buffer Frame Size Requested: 1024
[2023.02.02-05.11.18:398][  0]LogAudioMixer: Display: 	Callback Buffer Frame Size To Use:	  1024
[2023.02.02-05.11.18:398][  0]LogAudioMixer: Display: 	Number of buffers to queue:			  2
[2023.02.02-05.11.18:398][  0]LogAudioMixer: Display: 	Max Channels (voices):				  32
[2023.02.02-05.11.18:398][  0]LogAudioMixer: Display: 	Number of Async Source Workers:		  0
[2023.02.02-05.11.18:398][  0]LogAudio: Display: AudioDevice MaxSources: 32
[2023.02.02-05.11.18:398][  0]LogAudio: Display: Audio Spatialization Plugin: None (built-in).
[2023.02.02-05.11.18:398][  0]LogAudio: Display: Audio Reverb Plugin: None (built-in).
[2023.02.02-05.11.18:398][  0]LogAudio: Display: Audio Occlusion Plugin: None (built-in).
[2023.02.02-05.11.18:398][  0]LogAudioMixer: Display: Initializing audio mixer.
[2023.02.02-05.11.18:405][  0]LogAudioMixer: Display: 0: FrontLeft
[2023.02.02-05.11.18:405][  0]LogAudioMixer: Display: 1: FrontRight
[2023.02.02-05.11.18:405][  0]LogAudioMixer: Display: 2: FrontCenter
[2023.02.02-05.11.18:405][  0]LogAudioMixer: Display: 3: LowFrequency
[2023.02.02-05.11.18:405][  0]LogAudioMixer: Display: 4: BackLeft
[2023.02.02-05.11.18:405][  0]LogAudioMixer: Display: 5: BackRight
[2023.02.02-05.11.18:405][  0]LogAudioMixer: Display: 6: SideLeft
[2023.02.02-05.11.18:405][  0]LogAudioMixer: Display: 7: SideRight
[2023.02.02-05.11.18:411][  0]LogAudioMixer: Display: Using Audio Device Speakers (Logitech G560 Gaming Speaker)
[2023.02.02-05.11.18:413][  0]LogAudioMixer: Display: Initializing Sound Submixes...
[2023.02.02-05.11.18:414][  0]LogAudioMixer: Display: Creating Master Submix 'MasterSubmixDefault'
[2023.02.02-05.11.18:414][  0]LogAudioMixer: Display: Creating Master Submix 'MasterReverbSubmixDefault'
[2023.02.02-05.11.18:414][  0]LogAudioMixer: Display: Creating Master Submix 'MasterEQSubmixDefault'
[2023.02.02-05.11.18:414][  0]LogAudioMixer: FMixerPlatformXAudio2::StartAudioStream() called
[2023.02.02-05.11.18:414][  0]LogAudioMixer: Display: Output buffers initialized: Frames=1024, Channels=8, Samples=8192
[2023.02.02-05.11.18:415][  0]LogAudioMixer: Display: Starting AudioMixerPlatformInterface::RunInternal()
[2023.02.02-05.11.18:415][  0]LogAudioMixer: Display: FMixerPlatformXAudio2::SubmitBuffer() called for the first time
[2023.02.02-05.11.18:415][  0]LogInit: FAudioDevice initialized.
[2023.02.02-05.11.18:415][  0]LogNetVersion: Set ProjectVersion to 1.0.0.0. Version Checksum will be recalculated on next use.
[2023.02.02-05.11.18:416][  0]LogInit: Texture streaming: Enabled
[2023.02.02-05.11.18:447][  0]LogAudio: Display: Audio Device (ID: 1) registered with world 'Untitled'.
[2023.02.02-05.11.18:447][  0]LogSlate: Updating window title bar state: overlay mode, drag disabled, window buttons hidden, title bar hidden
[2023.02.02-05.11.18:448][  0]LogInit: Display: Game Engine Initialized.
[2023.02.02-05.11.18:448][  0]LogNiagaraEditor: GEditor isn't valid! Particle reset commands will not work for Niagara components!
[2023.02.02-05.11.18:504][  0]LogInit: Display: Starting Game.
[2023.02.02-05.11.18:504][  0]LogNet: Browse: /Game/Maps/Main?Name=Player
[2023.02.02-05.11.18:504][  0]LogLoad: LoadMap: /Game/Maps/Main?Name=Player
[2023.02.02-05.11.18:504][  0]LogWorld: BeginTearingDown for /Temp/Untitled_0
[2023.02.02-05.11.18:504][  0]LogWorld: UWorld::CleanupWorld for Untitled, bSessionEnded=true, bCleanupResources=true
[2023.02.02-05.11.18:504][  0]LogSlate: InvalidateAllWidgets triggered.  All widgets were invalidated
[2023.02.02-05.11.18:506][  0]LogAudio: Display: Audio Device unregistered from world 'None'.
[2023.02.02-05.11.18:507][  0]LogUObjectHash: Compacting FUObjectHashTables data took   0.36ms
[2023.02.02-05.11.18:513][  0]LogAudio: Display: Audio Device (ID: 1) registered with world 'Main'.
[2023.02.02-05.11.18:517][  0]LogAIModule: Creating AISystem for world Main
[2023.02.02-05.11.18:517][  0]LogLoad: Game class is 'SideScrollerGameMode_C'
[2023.02.02-05.11.18:518][  0]LogWorld: Bringing World /Game/Maps/Main.Main up for play (max tick rate 0) at 2023.02.02-00.11.18
[2023.02.02-05.11.18:518][  0]LogWorld: Bringing up level for play took: 0.000203
[2023.02.02-05.11.18:518][  0]LogGameMode: FindPlayerStart: PATHS NOT DEFINED or NO PLAYERSTART with positive rating
[2023.02.02-05.11.18:519][  0]LogLoad: Took 0.016067 seconds to LoadMap(/Game/Maps/Main)
[2023.02.02-05.11.18:609][  0]LogSlate: Took 0.000161 seconds to synchronously load lazily loaded font '../../../Engine/Content/Slate/Fonts/Roboto-Regular.ttf' (155K)
[2023.02.02-05.11.18:650][  0]LogRenderer: Reallocating scene render targets to support 1280x720 Format 10 NumSamples 1 (Frame:1).
[2023.02.02-05.11.18:650][  0]LogInit: Display: Engine is initialized. Leaving FEngineLoop::Init()
[2023.02.02-05.11.18:650][  0]LogLoad: (Engine Initialization) Total time: 2.61 seconds
[2023.02.02-05.11.18:650][  0]LogLoad: (Engine Initialization) Total Blueprint compile time: 0.00 seconds
[2023.02.02-05.11.18:651][  0]LogContentStreaming: Texture pool size now 1000 MB
[2023.02.02-05.11.18:653][  0]LogSlate: InvalidateAllWidgets triggered.  All widgets were invalidated
[2023.02.02-05.11.18:659][  1]LogSlate: Took 0.000060 seconds to synchronously load lazily loaded font '../../../Engine/Content/Slate/Fonts/Roboto-Regular.ttf' (155K)
[2023.02.02-05.11.25:693][222]r.SetRes = "640x480"
[2023.02.02-05.11.25:817][223]LogRenderer: Reallocating scene render targets to support 640x480 Format 10 NumSamples 1 (Frame:8224).
[2023.02.02-05.11.26:726][197]r.SetRes = "1280x720"
[2023.02.02-05.11.26:844][198]LogRenderer: Reallocating scene render targets to support 1280x720 Format 10 NumSamples 1 (Frame:9200).
[2023.02.02-05.11.27:845][210]r.SetRes = "1920x1080"
[2023.02.02-05.11.27:967][211]LogRenderer: Reallocating scene render targets to support 1920x1080 Format 10 NumSamples 1 (Frame:10214).
[2023.02.02-05.11.32:128][652]Closing by request
[2023.02.02-05.11.32:128][652]LogWindows: FPlatformMisc::RequestExit(0)
[2023.02.02-05.11.32:128][652]LogWindows: FPlatformMisc::RequestExitWithStatus(0, 0)
[2023.02.02-05.11.32:128][652]LogCore: Engine exit requested (reason: Win RequestExit)
[2023.02.02-05.11.32:128][653]LogCore: Engine exit requested (reason: EngineExit() was called; note: exit was already requested)
[2023.02.02-05.11.32:128][653]LogInit: Display: PreExit Game.
[2023.02.02-05.11.32:129][653]LogWorld: BeginTearingDown for /Game/Maps/Main
[2023.02.02-05.11.32:129][653]LogWorld: UWorld::CleanupWorld for Main, bSessionEnded=true, bCleanupResources=true
[2023.02.02-05.11.32:129][653]LogSlate: InvalidateAllWidgets triggered.  All widgets were invalidated
[2023.02.02-05.11.32:357][653]LogAudio: Display: Beginning Audio Device Manager Shutdown (Module: AudioMixerXAudio2)...
[2023.02.02-05.11.32:357][653]LogAudio: Display: Destroying 1 Remaining Audio Device(s)...
[2023.02.02-05.11.32:357][653]LogAudio: Display: Audio Device unregistered from world 'Main'.
[2023.02.02-05.11.32:358][653]LogAudioMixer: FMixerPlatformXAudio2::StopAudioStream() called
[2023.02.02-05.11.32:358][653]LogAudioMixer: FMixerPlatformXAudio2::StopAudioStream() called
[2023.02.02-05.11.32:367][653]LogAudio: Display: Audio Device Manager Shutdown
[2023.02.02-05.11.32:370][653]LogSlate: Window 'GGJ2023 (64-bit Development PCD3D_SM5) ' being destroyed
[2023.02.02-05.11.32:370][653]LogWindowsTextInputMethodSystem: Display: IME system deactivated.
[2023.02.02-05.11.32:372][653]LogWindowsTextInputMethodSystem: Display: IME system deactivated.
[2023.02.02-05.11.32:375][653]LogExit: Preparing to exit.
[2023.02.02-05.11.32:382][653]LogUObjectHash: Compacting FUObjectHashTables data took   0.35ms
[2023.02.02-05.11.32:992][653]LogMoviePlayer: Shutting down movie player
[2023.02.02-05.11.33:137][653]LogSlate: Updating window title bar state: overlay mode, drag disabled, window buttons hidden, title bar hidden
[2023.02.02-05.11.33:147][653]LogDemo: Cleaned up 0 splitscreen connections with owner deletion
[2023.02.02-05.11.33:149][653]LogExit: Game engine shut down
[2023.02.02-05.11.33:167][653]LogExit: Object subsystem successfully closed.
[2023.02.02-05.11.33:178][653]LogShaderCompilers: Display: === FShaderJobCache stats ===
[2023.02.02-05.11.33:178][653]LogShaderCompilers: Display: Total job queries 0, among them cache hits 0 (0.00%)
[2023.02.02-05.11.33:178][653]LogShaderCompilers: Display: Tracking 0 distinct input hashes that result in 0 distinct outputs (0.00%)
[2023.02.02-05.11.33:178][653]LogShaderCompilers: Display: RAM used: 0.00 MB (0.00 GB) of 3276.80 MB (3.20 GB) budget. Usage: 0.00%
[2023.02.02-05.11.33:178][653]LogShaderCompilers: Display: ================================================
[2023.02.02-05.11.33:185][653]LogShaderCompilers: Display: Shaders left to compile 0
[2023.02.02-05.11.33:187][653]LogModuleManager: Shutting down and abandoning module SequenceRecorderSections (558)
[2023.02.02-05.11.33:187][653]LogModuleManager: Shutting down and abandoning module SequenceRecorder (556)
[2023.02.02-05.11.33:187][653]LogModuleManager: Shutting down and abandoning module AutomationController (554)
[2023.02.02-05.11.33:187][653]LogModuleManager: Shutting down and abandoning module AutomationWorker (552)
[2023.02.02-05.11.33:187][653]LogModuleManager: Shutting down and abandoning module Voice (550)
[2023.02.02-05.11.33:187][653]LogModuleManager: Shutting down and abandoning module AIModule (548)
[2023.02.02-05.11.33:187][653]LogModuleManager: Shutting down and abandoning module GameplayDebugger (547)
[2023.02.02-05.11.33:187][653]LogModuleManager: Shutting down and abandoning module AITestSuite (545)
[2023.02.02-05.11.33:187][653]LogModuleManager: Shutting down and abandoning module NavigationSystem (543)
[2023.02.02-05.11.33:187][653]LogModuleManager: Shutting down and abandoning module SteamVREditor (540)
[2023.02.02-05.11.33:187][653]LogModuleManager: Shutting down and abandoning module ToolMenus (539)
[2023.02.02-05.11.33:187][653]LogModuleManager: Shutting down and abandoning module OculusMR (536)
[2023.02.02-05.11.33:187][653]LogModuleManager: Shutting down and abandoning module TakeRecorderSources (534)
[2023.02.02-05.11.33:187][653]LogModuleManager: Shutting down and abandoning module TakeRecorder (533)
[2023.02.02-05.11.33:187][653]LogModuleManager: Shutting down and abandoning module TakeTrackRecorders (530)
[2023.02.02-05.11.33:187][653]LogModuleManager: Shutting down and abandoning module TakesCore (528)
[2023.02.02-05.11.33:187][653]LogModuleManager: Shutting down and abandoning module OpenXRInput (526)
[2023.02.02-05.11.33:187][653]LogModuleManager: Shutting down and abandoning module PlanarCut (524)
[2023.02.02-05.11.33:187][653]LogModuleManager: Shutting down and abandoning module WmfMediaFactory (522)
[2023.02.02-05.11.33:187][653]LogModuleManager: Shutting down and abandoning module WebMMediaFactory (520)
[2023.02.02-05.11.33:187][653]LogModuleManager: Shutting down and abandoning module WebMMedia (518)
[2023.02.02-05.11.33:187][653]LogModuleManager: Shutting down and abandoning module OpenExrWrapper (516)
[2023.02.02-05.11.33:187][653]LogModuleManager: Shutting down and abandoning module ImgMediaFactory (514)
[2023.02.02-05.11.33:187][653]LogModuleManager: Shutting down and abandoning module AvfMediaFactory (512)
[2023.02.02-05.11.33:187][653]LogModuleManager: Shutting down and abandoning module MagicLeapMediaCodecFactory (510)
[2023.02.02-05.11.33:187][653]LogModuleManager: Shutting down and abandoning module MagicLeapMediaFactory (508)
[2023.02.02-05.11.33:187][653]LogModuleManager: Shutting down and abandoning module CharacterAI (506)
[2023.02.02-05.11.33:187][653]LogModuleManager: Shutting down and abandoning module SessionServices (504)
[2023.02.02-05.11.33:187][653]LogModuleManager: Shutting down and abandoning module MovieSceneCapture (502)
[2023.02.02-05.11.33:188][653]LogModuleManager: Shutting down and abandoning module LiveCoding (500)
[2023.02.02-05.11.33:188][653]LogModuleManager: Shutting down and abandoning module LevelSequence (498)
[2023.02.02-05.11.33:188][653]LogModuleManager: Shutting down and abandoning module MovieSceneTracks (496)
[2023.02.02-05.11.33:188][653]LogModuleManager: Shutting down and abandoning module MovieScene (494)
[2023.02.02-05.11.33:188][653]LogModuleManager: Shutting down and abandoning module StreamingPauseRendering (492)
[2023.02.02-05.11.33:188][653]LogModuleManager: Shutting down and abandoning module PortalServices (490)
[2023.02.02-05.11.33:188][653]LogModuleManager: Shutting down and abandoning module PortalRpc (488)
[2023.02.02-05.11.33:188][653]LogModuleManager: Shutting down and abandoning module MessagingRpc (486)
[2023.02.02-05.11.33:188][653]LogModuleManager: Shutting down and abandoning module AudioMixerXAudio2 (484)
[2023.02.02-05.11.33:188][653]LogModuleManager: Shutting down and abandoning module AudioMixerCore (483)
[2023.02.02-05.11.33:188][653]LogModuleManager: Shutting down and abandoning module ImageWriteQueue (480)
[2023.02.02-05.11.33:192][653]LogModuleManager: Shutting down and abandoning module ProfilerService (478)
[2023.02.02-05.11.33:361][653]LogModuleManager: Shutting down and abandoning module TaskGraph (476)
[2023.02.02-05.11.33:361][653]LogModuleManager: Shutting down and abandoning module OculusInput (474)
[2023.02.02-05.11.33:361][653]LogModuleManager: Shutting down and abandoning module OodleNetworkHandlerComponent (472)
[2023.02.02-05.11.33:361][653]LogModuleManager: Shutting down and abandoning module Synthesis (470)
[2023.02.02-05.11.33:361][653]LogModuleManager: Shutting down and abandoning module TakeMovieScene (468)
[2023.02.02-05.11.33:361][653]LogModuleManager: Shutting down and abandoning module ProceduralMeshComponent (466)
[2023.02.02-05.11.33:361][653]LogModuleManager: Shutting down and abandoning module MobilePatchingUtils (464)
[2023.02.02-05.11.33:361][653]LogModuleManager: Shutting down and abandoning module AudioCapture (462)
[2023.02.02-05.11.33:361][653]LogModuleManager: Shutting down and abandoning module AudioCaptureRtAudio (461)
[2023.02.02-05.11.33:361][653]LogModuleManager: Shutting down and abandoning module GooglePAD (458)
[2023.02.02-05.11.33:361][653]LogModuleManager: Shutting down and abandoning module AssetTags (456)
[2023.02.02-05.11.33:361][653]LogModuleManager: Shutting down and abandoning module EditableMesh (454)
[2023.02.02-05.11.33:361][653]LogModuleManager: Shutting down and abandoning module CustomMeshComponent (452)
[2023.02.02-05.11.33:361][653]LogModuleManager: Shutting down and abandoning module CableComponent (450)
[2023.02.02-05.11.33:361][653]LogModuleManager: Shutting down and abandoning module AppleImageUtilsBlueprintSupport (448)
[2023.02.02-05.11.33:361][653]LogModuleManager: Shutting down and abandoning module AppleImageUtils (446)
[2023.02.02-05.11.33:361][653]LogModuleManager: Shutting down and abandoning module ArchVisCharacter (444)
[2023.02.02-05.11.33:361][653]LogModuleManager: Shutting down and abandoning module AndroidPermission (442)
[2023.02.02-05.11.33:361][653]LogModuleManager: Shutting down and abandoning module ActorLayerUtilities (440)
[2023.02.02-05.11.33:361][653]LogModuleManager: Shutting down and abandoning module TemplateSequence (438)
[2023.02.02-05.11.33:361][653]LogModuleManager: Shutting down and abandoning module MotoSynth (436)
[2023.02.02-05.11.33:361][653]LogModuleManager: Shutting down and abandoning module OpenImageDenoise (434)
[2023.02.02-05.11.33:361][653]LogOpenImageDenoise: OIDN shutting down
[2023.02.02-05.11.33:361][653]LogModuleManager: Shutting down and abandoning module MediaCompositing (432)
[2023.02.02-05.11.33:361][653]LogModuleManager: Shutting down and abandoning module ImgMedia (430)
[2023.02.02-05.11.33:361][653]LogModuleManager: Shutting down and abandoning module MeshConversion (428)
[2023.02.02-05.11.33:361][653]LogModuleManager: Shutting down and abandoning module DynamicMesh (426)
[2023.02.02-05.11.33:361][653]LogModuleManager: Shutting down and abandoning module GeometryAlgorithms (424)
[2023.02.02-05.11.33:361][653]LogModuleManager: Shutting down and abandoning module GeometricObjects (422)
[2023.02.02-05.11.33:361][653]LogModuleManager: Shutting down and abandoning module MagicLeapSharedWorld (420)
[2023.02.02-05.11.33:361][653]LogModuleManager: Shutting down and abandoning module MagicLeapLightEstimation (418)
[2023.02.02-05.11.33:361][653]LogModuleManager: Shutting down and abandoning module MagicLeapHelperVulkan (416)
[2023.02.02-05.11.33:361][653]LogModuleManager: Shutting down and abandoning module MagicLeapHelperOpenGL (414)
[2023.02.02-05.11.33:361][653]LogModuleManager: Shutting down and abandoning module MagicLeapAudio (412)
[2023.02.02-05.11.33:361][653]LogModuleManager: Shutting down and abandoning module GeometryCollectionTracks (410)
[2023.02.02-05.11.33:361][653]LogModuleManager: Shutting down and abandoning module GeometryCollectionSequencer (409)
[2023.02.02-05.11.33:361][653]LogModuleManager: Shutting down and abandoning module GeometryCacheTracks (406)
[2023.02.02-05.11.33:361][653]LogModuleManager: Shutting down and abandoning module GeometryCacheSequencer (405)
[2023.02.02-05.11.33:361][653]LogModuleManager: Shutting down and abandoning module GeometryCache (402)
[2023.02.02-05.11.33:361][653]LogModuleManager: Shutting down and abandoning module GeometryCacheEd (401)
[2023.02.02-05.11.33:362][653]LogModuleManager: Shutting down and abandoning module ChaosNiagara (398)
[2023.02.02-05.11.33:362][653]LogModuleManager: Shutting down and abandoning module FieldSystemEngine (397)
[2023.02.02-05.11.33:362][653]LogModuleManager: Shutting down and abandoning module BackChannel (394)
[2023.02.02-05.11.33:362][653]LogModuleManager: Shutting down and abandoning module AutomationUtils (392)
[2023.02.02-05.11.33:362][653]LogModuleManager: Shutting down and abandoning module VisualStudioSourceCodeAccess (390)
[2023.02.02-05.11.33:362][653]LogModuleManager: Shutting down and abandoning module HotReload (389)
[2023.02.02-05.11.33:362][653]LogModuleManager: Shutting down and abandoning module VisualStudioCodeSourceCodeAccess (386)
[2023.02.02-05.11.33:362][653]LogModuleManager: Shutting down and abandoning module UObjectPlugin (384)
[2023.02.02-05.11.33:362][653]LogModuleManager: Shutting down and abandoning module SubversionSourceControl (382)
[2023.02.02-05.11.33:362][653]LogModuleManager: Shutting down and abandoning module PerforceSourceControl (380)
[2023.02.02-05.11.33:362][653]LogModuleManager: Shutting down and abandoning module SourceControl (379)
[2023.02.02-05.11.33:362][653]LogModuleManager: Shutting down and abandoning module CLionSourceCodeAccess (376)
[2023.02.02-05.11.33:362][653]LogModuleManager: Shutting down and abandoning module LiveLinkSequencer (374)
[2023.02.02-05.11.33:362][653]LogModuleManager: Shutting down and abandoning module LiveLinkMovieScene (372)
[2023.02.02-05.11.33:362][653]LogModuleManager: Shutting down and abandoning module LiveLinkGraphNode (370)
[2023.02.02-05.11.33:362][653]LogModuleManager: Shutting down and abandoning module LiveLinkComponents (368)
[2023.02.02-05.11.33:362][653]LogModuleManager: Shutting down and abandoning module LiveLink (366)
[2023.02.02-05.11.34:210][653]LogModuleManager: Shutting down and abandoning module PropertyAccessEditor (364)
[2023.02.02-05.11.34:210][653]LogModuleManager: Shutting down and abandoning module SignificanceManager (362)
[2023.02.02-05.11.34:210][653]LogModuleManager: Shutting down and abandoning module SoundFields (360)
[2023.02.02-05.11.34:210][653]LogModuleManager: Shutting down and abandoning module RuntimePhysXCooking (358)
[2023.02.02-05.11.34:210][653]LogModuleManager: Shutting down and abandoning module PhysXVehiclesEditor (356)
[2023.02.02-05.11.34:210][653]LogModuleManager: Shutting down and abandoning module LocationServicesBPLibrary (352)
[2023.02.02-05.11.34:210][653]LogModuleManager: Shutting down and abandoning module AudioSynesthesia (350)
[2023.02.02-05.11.34:210][653]LogModuleManager: Shutting down and abandoning module AudioSynesthesiaCore (348)
[2023.02.02-05.11.34:210][653]LogModuleManager: Shutting down and abandoning module PythonScriptPlugin (346)
[2023.02.02-05.11.34:210][653]LogModuleManager: Shutting down and abandoning module ActorSequence (344)
[2023.02.02-05.11.34:210][653]LogModuleManager: Shutting down and abandoning module UdpMessaging (342)
[2023.02.02-05.11.34:312][653]LogModuleManager: Shutting down and abandoning module TcpMessaging (340)
[2023.02.02-05.11.34:412][653]LogModuleManager: Shutting down and abandoning module ImgMediaEngine (338)
[2023.02.02-05.11.34:412][653]LogModuleManager: Shutting down and abandoning module NiagaraAnimNotifies (336)
[2023.02.02-05.11.34:412][653]LogModuleManager: Shutting down and abandoning module Niagara (334)
[2023.02.02-05.11.34:412][653]LogModuleManager: Shutting down and abandoning module SignalProcessing (333)
[2023.02.02-05.11.34:412][653]LogModuleManager: Shutting down and abandoning module NiagaraEditor (331)
[2023.02.02-05.11.34:412][653]LogModuleManager: Shutting down and abandoning module ContentBrowser (330)
[2023.02.02-05.11.34:412][653]LogModuleManager: Shutting down and abandoning module CollectionManager (329)
[2023.02.02-05.11.34:412][653]LogModuleManager: Shutting down and abandoning module DirectoryWatcher (328)
[2023.02.02-05.11.34:412][653]LogModuleManager: Shutting down and abandoning module ContentBrowserData (325)
[2023.02.02-05.11.34:412][653]LogModuleManager: Shutting down and abandoning module NiagaraCore (320)
[2023.02.02-05.11.34:412][653]LogModuleManager: Shutting down and abandoning module MagicLeapARPin (318)
[2023.02.02-05.11.34:412][653]LogModuleManager: Shutting down and abandoning module MagicLeapHandMeshing (316)
[2023.02.02-05.11.34:412][653]LogModuleManager: Shutting down and abandoning module MagicLeapSecureStorage (314)
[2023.02.02-05.11.34:412][653]LogModuleManager: Shutting down and abandoning module MagicLeapPrivileges (312)
[2023.02.02-05.11.34:412][653]LogModuleManager: Shutting down and abandoning module MagicLeapPlanes (310)
[2023.02.02-05.11.34:412][653]LogMagicLeapPlanes: Planes tracker already destroyed.
[2023.02.02-05.11.34:412][653]LogModuleManager: Shutting down and abandoning module MagicLeapImageTracker (308)
[2023.02.02-05.11.34:412][653]LogModuleManager: Shutting down and abandoning module MagicLeapIdentity (306)
[2023.02.02-05.11.34:412][653]LogModuleManager: Shutting down and abandoning module MagicLeapHandTracking (304)
[2023.02.02-05.11.34:412][653]LogModuleManager: Shutting down and abandoning module MagicLeapEyeTracker (302)
[2023.02.02-05.11.34:412][653]LogModuleManager: Shutting down and abandoning module MagicLeapController (300)
[2023.02.02-05.11.34:412][653]LogModuleManager: Shutting down and abandoning module MagicLeapARPinImpl (298)
[2023.02.02-05.11.34:412][653]LogModuleManager: Shutting down and abandoning module MagicLeapAR (296)
[2023.02.02-05.11.34:412][653]LogModuleManager: Shutting down and abandoning module PropertyAccessNode (294)
[2023.02.02-05.11.34:412][653]LogModuleManager: Shutting down and abandoning module GameplayTagsEditor (292)
[2023.02.02-05.11.34:412][653]LogModuleManager: Shutting down and abandoning module FacialAnimation (290)
[2023.02.02-05.11.34:412][653]LogModuleManager: Shutting down and abandoning module AssetManagerEditor (288)
[2023.02.02-05.11.34:412][653]LogModuleManager: Shutting down and abandoning module TreeMap (287)
[2023.02.02-05.11.34:412][653]LogModuleManager: Shutting down and abandoning module AnimationSharing (284)
[2023.02.02-05.11.34:412][653]LogModuleManager: Shutting down and abandoning module GameplayCameras (282)
[2023.02.02-05.11.34:412][653]LogModuleManager: Shutting down and abandoning module LightPropagationVolumeRuntime (280)
[2023.02.02-05.11.34:412][653]LogModuleManager: Shutting down and abandoning module Paper2D (278)
[2023.02.02-05.11.34:412][653]LogModuleManager: Shutting down and abandoning module EnvironmentQueryEditor (276)
[2023.02.02-05.11.34:412][653]LogModuleManager: Shutting down and abandoning module WindowsMoviePlayer (274)
[2023.02.02-05.11.34:412][653]LogModuleManager: Shutting down and abandoning module WebMMoviePlayer (272)
[2023.02.02-05.11.34:412][653]LogModuleManager: Shutting down and abandoning module NetworkReplayStreaming (270)
[2023.02.02-05.11.34:412][653]LogModuleManager: Shutting down and abandoning module PacketHandler (268)
[2023.02.02-05.11.34:412][653]LogModuleManager: Shutting down and abandoning module ClothingSystemEditor (266)
[2023.02.02-05.11.34:412][653]LogModuleManager: Shutting down and abandoning module ClothingSystemRuntimeNv (264)
[2023.02.02-05.11.34:412][653]LogModuleManager: Shutting down and abandoning module MediaAssets (262)
[2023.02.02-05.11.34:412][653]LogModuleManager: Shutting down and abandoning module Overlay (260)
[2023.02.02-05.11.34:412][653]LogModuleManager: Shutting down and abandoning module OverlayEditor (259)
[2023.02.02-05.11.34:412][653]LogModuleManager: Shutting down and abandoning module VREditor (256)
[2023.02.02-05.11.34:412][653]LogModuleManager: Shutting down and abandoning module StringTableEditor (254)
[2023.02.02-05.11.34:412][653]LogModuleManager: Shutting down and abandoning module GameplayTasksEditor (252)
[2023.02.02-05.11.34:412][653]LogModuleManager: Shutting down and abandoning module BehaviorTreeEditor (250)
[2023.02.02-05.11.34:412][653]LogModuleManager: Shutting down and abandoning module FunctionalTesting (248)
[2023.02.02-05.11.34:412][653]LogModuleManager: Shutting down and abandoning module CollisionAnalyzer (246)
[2023.02.02-05.11.34:412][653]LogModuleManager: Shutting down and abandoning module WorkspaceMenuStructure (245)
[2023.02.02-05.11.34:412][653]LogModuleManager: Shutting down and abandoning module UMG (242)
[2023.02.02-05.11.34:412][653]LogModuleManager: Shutting down and abandoning module UMGEditor (241)
[2023.02.02-05.11.34:412][653]LogModuleManager: Shutting down and abandoning module Sequencer (240)
[2023.02.02-05.11.34:412][653]LogModuleManager: Shutting down and abandoning module MessageLog (237)
[2023.02.02-05.11.34:413][653]LogModuleManager: Shutting down and abandoning module SlateReflector (232)
[2023.02.02-05.11.34:413][653]LogModuleManager: Shutting down and abandoning module Slate (230)
[2023.02.02-05.11.34:413][653]LogModuleManager: Shutting down and abandoning module SlateCore (228)
[2023.02.02-05.11.34:413][653]LogModuleManager: Shutting down and abandoning module LandscapeEditorUtilities (226)
[2023.02.02-05.11.34:413][653]LogModuleManager: Shutting down and abandoning module UnrealEd (224)
[2023.02.02-05.11.34:413][653]LogModuleManager: Shutting down and abandoning module MRMesh (222)
[2023.02.02-05.11.34:413][653]LogModuleManager: Shutting down and abandoning module Messaging (220)
[2023.02.02-05.11.34:413][653]LogModuleManager: Shutting down and abandoning module SourceCodeAccess (218)
[2023.02.02-05.11.34:413][653]LogModuleManager: Shutting down and abandoning module HeadMountedDisplay (216)
[2023.02.02-05.11.34:413][653]LogModuleManager: Shutting down and abandoning module XAudio2 (214)
[2023.02.02-05.11.34:413][653]LogModuleManager: Shutting down and abandoning module Networking (212)
[2023.02.02-05.11.34:413][653]LogModuleManager: Shutting down and abandoning module Core (210)
[2023.02.02-05.11.34:413][653]LogModuleManager: Shutting down and abandoning module MaterialEditor (208)
[2023.02.02-05.11.34:413][653]LogModuleManager: Shutting down and abandoning module MovieSceneTools (206)
[2023.02.02-05.11.34:413][653]LogModuleManager: Shutting down and abandoning module EditorStyle (205)
[2023.02.02-05.11.34:413][653]LogModuleManager: Shutting down and abandoning module KismetCompiler (202)
[2023.02.02-05.11.34:413][653]LogModuleManager: Shutting down and abandoning module MeshBuilder (200)
[2023.02.02-05.11.34:413][653]LogModuleManager: Shutting down and abandoning module MeshUtilities (198)
[2023.02.02-05.11.34:413][653]LogModuleManager: Shutting down and abandoning module MeshMergeUtilities (197)
[2023.02.02-05.11.34:413][653]LogModuleManager: Shutting down and abandoning module MeshReductionInterface (196)
[2023.02.02-05.11.34:413][653]LogModuleManager: Shutting down and abandoning module MeshBoneReduction (195)
[2023.02.02-05.11.34:414][653]LogModuleManager: Shutting down and abandoning module SkeletalMeshReduction (193)
[2023.02.02-05.11.34:414][653]LogModuleManager: Shutting down and abandoning module ProxyLODMeshReduction (191)
[2023.02.02-05.11.34:414][653]LogModuleManager: Shutting down and abandoning module QuadricMeshReduction (189)
[2023.02.02-05.11.34:414][653]LogModuleManager: Shutting down and abandoning module MaterialBaking (185)
[2023.02.02-05.11.34:414][653]LogModuleManager: Shutting down and abandoning module NullInstallBundleManager (180)
[2023.02.02-05.11.34:414][653]LogModuleManager: Shutting down and abandoning module PIEPreviewDeviceProfileSelector (178)
[2023.02.02-05.11.34:414][653]LogModuleManager: Shutting down and abandoning module DerivedDataCache (176)
[2023.02.02-05.11.34:414][653]LogModuleManager: Shutting down and abandoning module TargetPlatform (174)
[2023.02.02-05.11.34:414][653]LogModuleManager: Shutting down and abandoning module VulkanShaderFormat (173)
[2023.02.02-05.11.34:414][653]LogModuleManager: Shutting down and abandoning module ShaderFormatVectorVM (171)
[2023.02.02-05.11.34:414][653]LogModuleManager: Shutting down and abandoning module ShaderFormatOpenGL (169)
[2023.02.02-05.11.34:414][653]LogModuleManager: Shutting down and abandoning module ShaderFormatD3D (167)
[2023.02.02-05.11.34:414][653]LogModuleManager: Shutting down and abandoning module MetalShaderFormat (165)
[2023.02.02-05.11.34:414][653]LogModuleManager: Shutting down and abandoning module TextureFormatOodle (163)
[2023.02.02-05.11.34:414][653]LogModuleManager: Shutting down and abandoning module TextureFormatUncompressed (161)
[2023.02.02-05.11.34:414][653]LogModuleManager: Shutting down and abandoning module TextureFormatPVR (159)
[2023.02.02-05.11.34:414][653]LogModuleManager: Shutting down and abandoning module TextureFormatETC2 (157)
[2023.02.02-05.11.34:414][653]LogModuleManager: Shutting down and abandoning module TextureFormatDXT (155)
[2023.02.02-05.11.34:414][653]LogModuleManager: Shutting down and abandoning module TextureFormatIntelISPCTexComp (153)
[2023.02.02-05.11.34:414][653]LogModuleManager: Shutting down and abandoning module TextureFormatASTC (151)
[2023.02.02-05.11.34:414][653]LogModuleManager: Shutting down and abandoning module ImageWrapper (150)
[2023.02.02-05.11.34:414][653]LogModuleManager: Shutting down and abandoning module AudioFormatOpus (147)
[2023.02.02-05.11.34:414][653]LogModuleManager: Shutting down and abandoning module AudioFormatOgg (145)
[2023.02.02-05.11.34:414][653]LogModuleManager: Shutting down and abandoning module AudioFormatADPCM (143)
[2023.02.02-05.11.34:414][653]LogModuleManager: Shutting down and abandoning module WindowsServerTargetPlatform (141)
[2023.02.02-05.11.34:414][653]LogModuleManager: Shutting down and abandoning module WindowsClientTargetPlatform (139)
[2023.02.02-05.11.34:414][653]LogModuleManager: Shutting down and abandoning module WindowsTargetPlatform (137)
[2023.02.02-05.11.34:414][653]LogModuleManager: Shutting down and abandoning module WindowsNoEditorTargetPlatform (135)
[2023.02.02-05.11.34:414][653]LogModuleManager: Shutting down and abandoning module D3D11RHI (132)
[2023.02.02-05.11.34:414][653]LogModuleManager: Shutting down and abandoning module InputCore (130)
[2023.02.02-05.11.34:414][653]LogModuleManager: Shutting down and abandoning module Settings (128)
[2023.02.02-05.11.34:414][653]LogModuleManager: Shutting down and abandoning module PhysXCooking (126)
[2023.02.02-05.11.34:414][653]LogModuleManager: Shutting down and abandoning module Chaos (124)
[2023.02.02-05.11.34:414][653]LogModuleManager: Shutting down and abandoning module WindowsPlatformFeatures (122)
[2023.02.02-05.11.34:414][653]LogModuleManager: Shutting down and abandoning module GameplayMediaEncoder (121)
[2023.02.02-05.11.34:414][653]LogModuleManager: Shutting down and abandoning module AVEncoder (120)
[2023.02.02-05.11.34:414][653]LogModuleManager: Shutting down and abandoning module SteamVRInputDevice (116)
[2023.02.02-05.11.34:414][653]LogModuleManager: Shutting down and abandoning module SteamVRInput (114)
[2023.02.02-05.11.34:414][653]LogModuleManager: Shutting down and abandoning module SteamVR (112)
[2023.02.02-05.11.34:414][653]LogHMD: Freeing OpenVRDLLHandle.
[2023.02.02-05.11.34:414][653]LogModuleManager: Shutting down and abandoning module OculusHMD (110)
[2023.02.02-05.11.34:414][653]LogModuleManager: Shutting down and abandoning module OpenXREyeTracker (108)
[2023.02.02-05.11.34:414][653]LogModuleManager: Shutting down and abandoning module OpenXRAR (106)
[2023.02.02-05.11.34:414][653]LogModuleManager: Shutting down and abandoning module AugmentedReality (105)
[2023.02.02-05.11.34:414][653]LogModuleManager: Shutting down and abandoning module OpenXRHandTracking (102)
[2023.02.02-05.11.34:414][653]LogSlate: Slate User Destroyed.  User Index 0, Is Virtual User: 0
[2023.02.02-05.11.34:414][653]LogModuleManager: Shutting down and abandoning module OpenXRHMD (101)
[2023.02.02-05.11.34:414][653]LogModuleManager: Shutting down and abandoning module ExampleDeviceProfileSelector (98)
[2023.02.02-05.11.34:414][653]LogModuleManager: Shutting down and abandoning module ChunkDownloader (96)
[2023.02.02-05.11.34:414][653]LogModuleManager: Shutting down and abandoning module LauncherChunkInstaller (94)
[2023.02.02-05.11.34:414][653]LogModuleManager: Shutting down and abandoning module OnlineBlueprintSupport (92)
[2023.02.02-05.11.34:414][653]LogModuleManager: Shutting down and abandoning module OnlineSubsystem (88)
[2023.02.02-05.11.34:414][653]LogModuleManager: Shutting down and abandoning module XMPP (83)
[2023.02.02-05.11.34:415][653]LogModuleManager: Shutting down and abandoning module WebSockets (82)
[2023.02.02-05.11.34:432][653]LogModuleManager: Shutting down and abandoning module HTTP (79)
[2023.02.02-05.11.34:432][653]LogHttp: Display: cleaning up 0 outstanding Http requests.
[2023.02.02-05.11.34:467][653]LogModuleManager: Shutting down and abandoning module SSL (78)
[2023.02.02-05.11.34:467][653]LogModuleManager: Shutting down and abandoning module WmfMedia (74)
[2023.02.02-05.11.34:467][653]LogModuleManager: Shutting down and abandoning module Media (73)
[2023.02.02-05.11.34:468][653]LogModuleManager: Shutting down and abandoning module MediaInfo (72)
[2023.02.02-05.11.34:468][653]LogModuleManager: Shutting down and abandoning module ExrReaderGpu (68)
[2023.02.02-05.11.34:468][653]LogModuleManager: Shutting down and abandoning module NiagaraVertexFactories (66)
[2023.02.02-05.11.34:468][653]LogModuleManager: Shutting down and abandoning module NiagaraShader (64)
[2023.02.02-05.11.34:468][653]LogModuleManager: Shutting down and abandoning module VariantManagerContent (62)
[2023.02.02-05.11.34:468][653]LogModuleManager: Shutting down and abandoning module MLSDK (60)
[2023.02.02-05.11.34:468][653]LogModuleManager: Shutting down and abandoning module DatasmithContent (58)
[2023.02.02-05.11.34:468][653]LogModuleManager: Shutting down and abandoning module MagicLeap (56)
[2023.02.02-05.11.34:468][653]LogModuleManager: Shutting down and abandoning module ChaosCloth (54)
[2023.02.02-05.11.34:468][653]LogModuleManager: Shutting down and abandoning module PixWinPlugin (52)
[2023.02.02-05.11.34:468][653]LogModuleManager: Shutting down and abandoning module AISupportModule (50)
[2023.02.02-05.11.34:468][653]LogModuleManager: Shutting down and abandoning module DesktopPlatform (48)
[2023.02.02-05.11.34:468][653]LogModuleManager: Shutting down and abandoning module OodleDataCompressionFormat (46)
[2023.02.02-05.11.34:468][653]LogModuleManager: Shutting down and abandoning module PlatformCryptoOpenSSL (44)
[2023.02.02-05.11.34:468][653]LogModuleManager: Shutting down and abandoning module PlatformCryptoTypes (42)
[2023.02.02-05.11.34:468][653]LogModuleManager: Shutting down and abandoning module PlatformCrypto (40)
[2023.02.02-05.11.34:468][653]LogModuleManager: Shutting down and abandoning module PythonScriptPluginPreload (38)
[2023.02.02-05.11.34:468][653]LogModuleManager: Shutting down and abandoning module XGEController (36)
[2023.02.02-05.11.34:468][653]LogModuleManager: Shutting down and abandoning module AnimationModifiers (34)
[2023.02.02-05.11.34:468][653]LogModuleManager: Shutting down and abandoning module AudioEditor (32)
[2023.02.02-05.11.34:468][653]LogModuleManager: Shutting down and abandoning module PropertyEditor (31)
[2023.02.02-05.11.34:468][653]LogModuleManager: Shutting down and abandoning module TextureCompressor (28)
[2023.02.02-05.11.34:468][653]LogModuleManager: Shutting down and abandoning module RenderCore (26)
[2023.02.02-05.11.34:468][653]LogModuleManager: Shutting down and abandoning module Landscape (24)
[2023.02.02-05.11.34:468][653]LogModuleManager: Shutting down and abandoning module SlateRHIRenderer (22)
[2023.02.02-05.11.34:468][653]LogModuleManager: Shutting down and abandoning module AnimGraphRuntime (20)
[2023.02.02-05.11.34:468][653]LogModuleManager: Shutting down and abandoning module Renderer (18)
[2023.02.02-05.11.34:468][653]LogModuleManager: Shutting down and abandoning module Engine (16)
[2023.02.02-05.11.34:468][653]LogModuleManager: Shutting down and abandoning module CoreUObject (14)
[2023.02.02-05.11.34:468][653]LogModuleManager: Shutting down and abandoning module NetworkFile (12)
[2023.02.02-05.11.34:468][653]LogModuleManager: Shutting down and abandoning module CookedIterativeFile (10)
[2023.02.02-05.11.34:468][653]LogModuleManager: Shutting down and abandoning module StreamingFile (8)
[2023.02.02-05.11.34:468][653]LogModuleManager: Shutting down and abandoning module SandboxFile (6)
[2023.02.02-05.11.34:468][653]LogModuleManager: Shutting down and abandoning module PakFile (4)
[2023.02.02-05.11.34:468][653]LogModuleManager: Shutting down and abandoning module RSA (3)
[2023.02.02-05.11.34:619][653]LogContentStreaming: Display: There are 1 unreleased StreamingManagers
[2023.02.02-05.11.34:631][653]LogD3D11RHI: Shutdown
[2023.02.02-05.11.34:631][653]LogD3D11RHI: CleanupD3DDevice
[2023.02.02-05.11.34:631][653]LogExit: Exiting.
[2023.02.02-05.11.34:637][653]Log file closed, 02/02/23 00:11:34
